218
MAX PATTERN LENGTH : 6
MEAN PATTERN LENGTH : 3.77981651376
0.0
0.35
0.2333333333333333
0.175
0.22999999999999998
0.2916666666666667
0.2857142857142857
0.25625
0.3333333333333333
0.35
0.3181818181818182
0.3333333333333333
0.33076923076923076
0.3071428571428571
0.35333333333333333
0.3375
0.3764705882352941
0.3888888888888889
0.3868421052631579
0.38416666666666666
0.36587301587301585
0.3946969696969697
0.41557971014492756
0.43993055555555555
0.43433333333333335
0.4368589743589744
0.433641975308642
0.42708333333333337
0.4209770114942529
0.4169444444444445
0.40349462365591404
0.41901041666666666
0.4366161616161616
0.42377450980392156
0.42595238095238097
0.42106481481481484
0.4272522522522523
0.4317982456140351
0.4297008547008548
0.43145833333333333
0.4306910569105691
0.42400793650793644
0.43740310077519373
0.43200757575757565
0.42240740740740734
0.4262681159420289
0.4182624113475177
0.40954861111111107
0.4215986394557823
0.4131666666666666
0.4246732026143791
0.434775641025641
0.4322327044025157
0.42608024691358026
0.41833333333333333
0.4108630952380952
0.40979532163742693
0.41479885057471266
0.4077683615819209
0.40097222222222223
0.39439890710382514
0.39126344086021503
0.38858024691358023
0.39032118055555554
0.3958547008547008
0.3959175084175084
0.3952321724709784
0.3894199346405229
0.38377616747181964
0.3854365079365079
0.3847026604068857
0.38213734567901236
0.3769025875190259
0.37180930930930933
0.3741851851851852
0.36926169590643276
0.3644660894660895
0.3610754985754986
0.35840365682137837
0.3657986111111111
0.37054183813443076
0.3660230352303523
0.3676372155287818
0.3644510582010582
0.3613398692810458
0.3583010335917313
0.3541826309067689
0.35527146464646464
0.35352684144818974
0.35182098765432096
0.34795482295482294
0.35395531400966185
0.3555256869772999
0.3517434988179669
0.34804093567251465
0.3444155092592592
0.340864833906071
0.3373866213151927
0.33650392817059477
0.3351388888888889
0.33231573157315725
0.3388616557734204
0.3428532901833872
0.34436431623931624
0.3410846560846561
0.33786687631027257
0.3347092419522326
0.340869341563786
0.342329255861366
0.3405808080808081
0.3465215215215215
0.34342757936507934
0.3403883972468043
0.3374025341130604
0.3344685990338164
0.3315852490421456
0.33729819563152896
0.33820621468926554
0.3437675070028011
0.3409027777777778
0.34015151515151515
0.3373633879781421
0.34275067750677507
0.3413306451612903
0.34059999999999996
0.33789682539682536
0.33759842519685035
