993
MAX PATTERN LENGTH : 9
MEAN PATTERN LENGTH : 5.05035246727
0.35
0.6499999999999999
0.4333333333333333
0.42499999999999993
0.33999999999999997
0.28333333333333327
0.2785714285714285
0.24374999999999997
0.3
0.26999999999999996
0.24545454545454543
0.2625
0.2423076923076923
0.2357142857142857
0.23333333333333334
0.28125
0.2647058823529412
0.2638888888888889
0.26842105263157895
0.255
0.24285714285714283
0.2318181818181818
0.2260869565217391
0.22083333333333333
0.242
0.2326923076923077
0.23333333333333334
0.225
0.22586206896551725
0.21833333333333332
0.2161290322580645
0.240625
0.23333333333333334
0.22647058823529412
0.22
0.2138888888888889
0.20810810810810812
0.2026315789473684
0.2153846153846154
0.21000000000000002
0.20487804878048782
0.2
0.19534883720930232
0.20340909090909093
0.20000000000000004
0.19565217391304351
0.1914893617021277
0.1875
0.20408163265306123
0.2
0.20098039215686275
0.1980769230769231
0.2028301886792453
0.19907407407407407
0.19772727272727272
0.20580357142857145
0.2048245614035088
0.2185344827586207
0.22415254237288137
0.22041666666666668
0.21680327868852461
0.21330645161290324
0.22182539682539684
0.21835937500000002
0.22576923076923078
0.22234848484848485
0.22350746268656718
0.22022058823529414
0.2170289855072464
0.21392857142857144
0.21795774647887325
0.21493055555555557
0.21198630136986304
0.20912162162162165
0.20700000000000002
0.20493421052631583
0.21266233766233772
0.2182692307692308
0.21993670886075953
0.2190625
0.216358024691358
0.21554878048780485
0.21656626506024093
0.2139880952380952
0.21323529411764702
0.21075581395348833
0.21465517241379306
0.21619318181818184
0.21750936329588016
0.2150925925925926
0.21602564102564104
0.21367753623188407
0.2113799283154122
0.2091312056737589
0.20692982456140352
0.2068576388888889
0.20472508591065294
0.21079931972789118
0.21372053872053873
0.21158333333333335
0.20948844884488452
0.21111111111111114
0.20954692556634308
0.2075320512820513
0.20555555555555557
0.21022012578616353
0.21713395638629285
0.21512345679012346
0.21865443425076456
0.2184848484848485
0.21921921921921925
0.21726190476190474
0.221976401179941
0.22090643274853802
0.2189855072463768
0.21709770114942528
0.21524216524216525
0.2134180790960452
0.21162464985994398
0.21069444444444446
0.20987144168962352
0.21061020036429873
0.21052393857271906
0.21043906810035842
0.21675555555555556
0.2154320987654321
0.2157042869641295
0.21401909722222223
0.21332902670111972
0.21649572649572651
0.2224766751484309
0.2207912457912458
0.2191311612364244
0.21749585406301825
0.21588477366255146
0.21429738562091505
0.21273317112733173
0.21119162640901773
0.21039168665067948
0.21353174603174604
0.21343577620173365
0.21193270735524258
0.21324786324786324
0.21280864197530866
0.21409961685823756
0.2129756468797565
0.2125472411186697
0.21111111111111114
0.21137211036539896
0.209962962962963
0.20857247976453278
0.20818713450292398
0.20682643427741468
0.21002886002886006
0.21286738351254478
0.21566951566951567
0.21684359518754417
0.22085091420534458
0.22009084556254366
0.22027777777777774
0.22046238785369218
0.21971879286694104
0.2211315610088616
0.2222222222222222
0.22208754208754208
0.2207496653279786
0.22002661343978708
0.22288359788359788
0.22570677186061802
0.23026143790849674
0.23066926575698504
0.23310723514211884
0.23175979447655745
0.23042784163473817
0.23125396825396824
0.22994002525252527
0.2286409290646579
0.22791822721598
0.2271104903786468
0.22890432098765434
0.22763965623081647
0.23188339438339442
0.23061627200971466
0.23343900966183578
0.2321771771771772
0.23119772998805257
0.22996137849079026
0.23059988179669033
0.23149617871840095
0.23027777777777778
0.22907213496218734
0.22996238425925927
0.22877086931491078
0.228364833906071
0.22911680911680912
0.22794784580498867
0.22848279751833048
0.22732884399551065
0.22744276940256838
0.23130555555555557
0.23114980652294084
0.23025302530253025
0.23133552271483304
0.23020152505446623
0.2302981029810298
0.2291801510248112
0.2289787976382179
0.23124332264957265
0.23181153641679958
0.23070767195767197
0.23008820431806215
0.22900288259958074
0.22792775169535734
0.22709631360332294
0.22604005167958657
0.22499356995884773
0.22626088069636457
0.22522298674821611
0.2241945712836124
0.22317550505050504
0.22239190548014076
0.2247685185185185
0.22376058794220227
0.222984871031746
0.2219938271604938
0.2210115535889872
0.22003793441018107
0.2190728557504873
0.21964459000485204
0.21868961352657007
0.21774290524290527
0.21809746168582375
0.2171614210777301
0.2173017568850902
0.21664302600472812
0.21685499058380414
0.21593999062353492
0.2169234360410831
0.21601580660158068
0.21678240740740745
0.2158828953434763
0.2182966023875115
0.22007315957933243
0.21937613843351553
0.22092970521541952
0.22130194218608853
0.22182298695456595
0.22092853942652332
0.2240573404730031
0.2241611111111111
0.22545927401505092
0.22456459435626103
0.22367698726394378
0.22417432195975504
0.22329520697167757
0.22242296006944445
0.2215575010808474
0.22457472006890614
0.22756864006864008
0.22957799145299146
0.23042252022137077
0.2295430449533503
0.22867025771018165
0.22780408249158252
0.22920859538784066
0.2321063074352548
0.23123699542238868
0.2316801409618574
0.2308188764973152
0.22996399176954735
0.23003792537925383
0.2291921977124183
0.22835266585266586
0.22824918896999188
0.2274191919191919
0.22659520933977453
0.22577717609306056
0.2249650279776179
0.22415870171246513
0.22407242063492064
0.22523230525899562
0.22482762017336486
0.22403317628582647
0.22324432707355243
0.22351364522417153
0.22430555555555556
0.22352400309717382
0.22274787808641974
0.22353421760861208
0.22397030651340996
0.22457521954944637
0.2241485920852359
0.223724876753887
0.22449452003023435
0.22390301318267422
0.2231465840840841
0.2223952487841377
0.22164895600298287
0.2209076551467856
0.22067129629629628
0.2201042820228867
0.2225211552612215
0.22228181151448478
0.22187956871345027
0.2232832422586521
0.2233705519244735
0.22280582699963808
0.22516684704184706
0.22515731751168647
0.22443100358422943
0.22370936048588785
0.22315259971509974
0.2224396521121761
0.221731245576787
0.22166225749559085
0.2214354781997187
0.22113126533473537
0.22043588399720476
0.22068530128874955
0.2220789930555555
0.22138715818622356
0.22069962042788127
0.22017113863089094
0.2214977709190672
0.22112393162393162
0.22044563735514655
0.22023020727149165
0.22032096883468832
0.22269081391421813
0.22201599326599325
0.22179842228935884
0.2212976907630522
0.22063313313313312
0.21997255489021955
0.21931592039800996
0.21866319444444443
0.21801434223541047
0.21736932938856016
0.21849803343166177
0.21829656862745098
0.22058895405669598
0.21994395711500975
0.22105199222546162
0.22113614341085272
0.2223792270531401
0.22347061657032757
0.2231147934678194
0.22534722222222223
0.2275668576886342
0.22691666666666668
0.22669753086419756
0.22686519209956713
0.22622251450155137
0.2269958972289481
0.22691985244802146
0.22796783039058321
0.227796118447379
0.22855646448523548
0.22791981695185043
0.22728670634920636
0.2287346656113969
0.22902361220731385
0.22949462154007608
0.22955095499738357
0.229264514024788
0.2289113322924798
0.22828759569222784
0.22889007505175982
0.2282697767453865
0.2279231016731017
0.22906077525349763
0.22889304915514594
0.2309603600153198
0.23301661573720397
0.23506190476190478
0.23443674012158056
0.23394751799924218
0.2333286092214664
0.23271296645307205
0.2321005639097745
0.23241001124859395
0.2318016080777861
0.2311963819470347
0.23215680803571428
0.23415120593692024
0.23354459659511473
0.23358711701734958
0.232985088365243
0.23238615497612927
0.2335851648351648
0.2333713920350749
0.23532707725947521
0.2349827335514358
0.2362898839738941
0.2380967450271248
0.23749549062049063
0.23740104354084202
0.2368045585068198
0.23721356963838167
0.23724553571428572
0.23790078375489848
0.2384283937455579
0.23796082949308756
0.23737181753889675
0.2367857142857143
0.23804978888106967
0.2383862758862759
0.23780199579831934
0.2373428222144604
0.23676393728223
0.2361878693083073
0.23561459778085994
0.23504410238671744
0.23447636300897173
0.23403184165232357
0.2334692651098901
0.23386861939020212
0.23330912508544088
0.23275230139788614
0.2321981292517007
0.23164658975229047
0.2310976641841571
0.23066953731847348
0.23047927897574122
0.23072128851540616
0.23017968924659066
0.23116287498605997
0.2306227748108589
0.23008519258519256
0.22955011074197118
0.2299842558833278
0.22945188492063492
0.23019218079841638
0.22966178406846613
0.22970853858784895
0.22918168414154655
0.22877165740438052
0.22870596868884543
0.2284127888057273
0.2292573051948052
0.22873744735989635
0.228219941822883
0.22984924217994196
0.2293315637065637
0.2303892455858748
0.23065743113388854
0.2308125599232982
0.23048336522108842
0.23019275638986106
0.2302367724867725
0.22994799915531622
0.2302136009270965
0.2313610322716283
0.23222807845605203
0.23204735740450025
0.2324156746031746
0.2321259247681567
0.23234690164275318
0.2340193484801328
0.23351061076604554
0.2338717591157938
0.23417723149866004
0.23410341458397613
0.2344609503284072
0.23417178699436764
0.23506412221540973
0.23456077291730393
0.23405957468457467
0.2347332216468677
0.23434017223910839
0.23384263471843086
0.23334720540758674
0.23496803584012885
0.2352107193088206
0.2347155388471178
0.23422243897559025
0.23540855545572528
0.2370081191472405
0.2386010040759519
0.24018725198412702
0.2416629541629542
0.2411615787393796
0.2412833974169378
0.24171463006690283
0.2430719194894453
0.24308617479913777
0.24443507382419088
0.24393418227946917
0.2434353393709222
0.24306608357628767
0.24277470662399378
0.24248451413085564
0.24300685791558008
0.24261615577405052
0.2428835978835979
0.2423939132104455
0.24311344256012266
0.24312727098871678
0.2430408435919458
0.24295476190476187
0.242569622659443
0.24228561942705368
0.24180393827511124
0.2422170256991686
0.24203441772748707
0.24155608883869756
0.24107964684887764
0.2412940569928759
0.24192510992609226
0.24145074696545288
0.24097824061131304
0.24075172061011904
0.24184187320152234
0.2413713637205855
0.24274734165510864
0.24392418789221115
0.24345238095238098
0.2429823956609671
0.2428032388292504
0.24243246336996338
0.24379055844986747
0.2438982393723773
0.24410111080761177
0.24392152853507817
0.24440929705215425
0.24565566720984972
0.24537928074455592
0.24510394119769122
0.24568030425780898
0.24521675651392633
0.24531992646399428
0.24485879878267097
0.24439940141159655
