225
MAX PATTERN LENGTH : 8
MEAN PATTERN LENGTH : 4.01777777778
1.0
0.975
0.65
0.6
0.5133333333333333
0.43611111111111106
0.40238095238095234
0.3520833333333333
0.4074074074074074
0.36666666666666664
0.3515151515151515
0.35555555555555557
0.33589743589743587
0.31904761904761897
0.3177777777777777
0.36041666666666666
0.3392156862745098
0.33425925925925926
0.33245614035087717
0.3158333333333333
0.3007936507936508
0.2871212121212121
0.30072463768115937
0.30694444444444446
0.3266666666666667
0.3217948717948718
0.3191358024691358
0.30773809523809526
0.3040229885057471
0.29388888888888887
0.2924731182795699
0.3145833333333333
0.305050505050505
0.296078431372549
0.28904761904761905
0.28240740740740744
0.2747747747747748
0.26754385964912286
0.2747863247863248
0.2779166666666667
0.27113821138211386
0.2646825396825397
0.25852713178294573
0.2662878787878788
0.2614814814814815
0.25579710144927537
0.25035460992907804
0.2451388888888889
0.2435374149659864
0.2396666666666667
0.23986928104575164
0.23621794871794874
0.2345911949685535
0.2311728395061729
0.23037878787878793
0.24233630952380955
0.23808479532163745
0.2454741379310345
0.250635593220339
0.24645833333333336
0.24241803278688526
0.24092741935483875
0.24345238095238098
0.23964843750000003
0.2436538461538462
0.23996212121212124
0.24309701492537317
0.23952205882352942
0.23605072463768118
0.23267857142857146
0.234330985915493
0.23107638888888893
0.22791095890410962
0.22989864864864867
0.22883333333333336
0.22582236842105266
0.23003246753246756
0.2328525641025641
0.2343354430379747
0.23515625
0.2322530864197531
0.23124999999999998
0.2314759036144578
0.2382440476190476
0.24014705882352938
0.24084302325581394
0.2461206896551724
0.24559659090909092
0.24751872659176033
0.24810185185185188
0.24812271062271066
0.24923007246376816
0.2476254480286739
0.24499113475177312
0.25293859649122813
0.25238715277777773
0.24978522336769757
0.25642006802721085
0.2588804713804713
0.25629166666666664
0.2537541254125412
0.2543300653594771
0.25428802588996763
0.2518429487179487
0.2503968253968254
0.25275157232704404
0.2588006230529595
0.2564043209876543
0.25909785932721713
0.2608333333333333
0.2598348348348348
0.25900297619047624
0.26445427728613574
0.2634502923976608
0.26159420289855073
0.2604166666666667
0.25861823361823366
0.2564265536723164
0.2551120448179272
0.2538194444444445
0.2544765840220386
0.25443989071038253
0.2576558265582656
0.26364247311827954
0.2615333333333333
0.26025132275132273
0.261745406824147
0.26165364583333334
0.25962532299741603
0.26243589743589746
0.2604325699745547
0.25845959595959594
0.25651629072681703
0.25460199004975126
0.2527160493827161
0.2508578431372549
0.24902676399026763
0.24722222222222223
0.24544364508393285
0.2479761904761905
0.2483451536643026
0.24765258215962443
0.24941724941724944
0.2501157407407407
0.25114942528735634
0.24977168949771691
0.2507936507936508
0.24943693693693697
0.24944071588366892
0.24777777777777782
0.2467991169977925
0.2455043859649123
0.24389978213507627
0.24426406926406932
0.24720430107526883
0.2465811965811966
0.24692144373673036
0.249789029535865
0.2516771488469602
0.25166666666666665
0.25165631469979294
0.2501028806584362
0.25163599182004087
0.2510162601626016
0.25070707070707066
0.24919678714859433
0.24770459081836324
0.2515873015873016
0.2542406311637081
0.2586274509803922
0.25916179337231965
0.25939922480620153
0.25789980732177264
0.2564176245210728
0.2563809523809524
0.25492424242424244
0.25348399246704334
0.25346441947565546
0.25251396648044694
0.25277777777777777
0.2513812154696133
0.2554945054945055
0.2540983606557377
0.25461956521739126
0.25459459459459455
0.25322580645161286
0.2545454545454545
0.25398936170212766
0.25396825396825395
0.2528947368421052
0.25157068062827226
0.25338541666666664
0.2520725388601036
0.25257731958762886
0.2519230769230769
0.25063775510204084
0.25105752961082906
0.24978956228956226
0.2497906197654941
0.25104166666666666
0.2497927031509121
0.24855610561056105
0.24954844006568144
0.2483251633986928
0.24760162601626012
0.2463996763754045
0.24520933977455714
0.2469150641025641
0.24812599681020733
0.24694444444444444
0.24695892575039494
0.24697327044025158
0.24581377151799688
0.2474688473520249
0.24631782945736433
0.24517746913580243
0.24635176651305682
0.24545107033639144
0.24433028919330288
0.24350378787878788
0.24421191553544494
0.24558933933933932
0.2444880418535127
0.2436197916666667
0.24253703703703708
0.24146386430678468
0.24040014684287814
0.23934576023391815
0.24070232896652113
0.24074275362318842
0.23970057720057722
0.23974497126436783
0.2397889842632332
0.2398326210826211
0.24067375886524825
0.24106638418079096
0.2442686357243319
0.24387254901960786
0.2449442119944212
0.24663194444444445
0.2458160442600277
0.24831267217630854
0.24975994513031555
0.249146174863388
0.2511904761904762
0.2522018970189702
0.2528002699055331
0.2517809139784946
0.25478580990629185
0.2553666666666667
0.2573373173970784
0.2563161375661376
0.2553030303030303
0.25685695538057746
0.2558496732026144
0.2548502604166667
0.25385862516212715
0.2536498708010336
0.2565315315315315
0.25842948717948716
0.25954661558109837
0.2585559796437659
0.2575728770595691
0.2569760101010101
0.2582704402515723
0.26030701754385965
0.2612047440699126
0.2617226368159204
0.2609355638166047
0.2603395061728395
0.2601168511685117
0.2591605392156863
0.2585775335775336
0.25799878345498783
0.2576060606060606
0.25667270531400965
0.2568291215403129
0.25590527577937655
0.2549880525686978
0.2542559523809524
0.2553084223013049
0.25479708431836096
0.25389674126423245
0.25300273865414713
0.25351851851851853
0.25472999222999226
0.2538424312814557
0.2534818672839506
0.2548539023452518
0.2550095785440613
0.2541332569683085
0.2539478691019787
0.2530811528251801
0.25409108087679516
0.2532297551789077
0.2523742492492493
0.25152450430228207
0.2506804623415362
0.25084541062801935
0.2508425925925926
0.2500092284976006
0.24951250919793969
0.2488540520718739
0.24935124269005848
0.2485336976320583
0.24968228031953524
0.249194715888527
0.2500090187590188
0.24955951096727802
0.2487544802867384
0.24795462665237591
0.24764066951566951
0.24684948526801562
0.24606334041047415
0.2462345679012346
0.24656293952180028
0.24736242551699966
0.24721348707197766
0.24659526297457332
0.24686631944444443
0.24609726548978886
0.24533298826777086
0.24596663226694188
0.24721364883401922
0.24737606837606838
0.24661724608043628
0.24586306489976215
0.24587567750677508
0.24664809186085782
0.2459006734006734
0.24697045988586774
0.24656124497991969
0.24582082082082082
0.24553393213572852
0.2448009950248756
0.24541170634920634
0.24542532146389712
0.24469921104536488
0.24648475909537856
0.24575980392156863
0.24797165200391008
0.24724658869395713
0.24725461613216718
0.24798934108527132
0.24857487922705312
0.25045761078998074
0.24973583093179635
0.24930555555555553
0.24916427889207257
0.24845238095238095
0.2485992402659069
0.2478929924242424
0.24719074598677995
0.24748116760828628
0.2467840375586855
0.2481975655430712
0.24890289449112982
0.2505353817504655
0.24983751160631382
0.24914351851851851
0.2484533702677747
0.24868784530386742
0.249931129476584
0.25089285714285714
0.25054794520547946
0.2520491803278688
0.2513623978201635
0.2521739130434782
0.251490514905149
0.25135135135135134
0.2525606469002695
0.2527777777777777
0.25478105451295796
0.2542335115864527
0.2535555555555555
0.2532801418439716
0.25327144120247563
0.2532627865961199
0.25281442392260334
0.2521491228070175
0.2524059492563429
0.25174520069808026
0.2510879025239338
0.25043402777777773
0.25122655122655124
0.25316637881404724
0.2540625897215045
0.2534077892325315
0.2540417023707512
0.25531339031339034
0.25491616936629724
0.25596655328798185
0.25544246536612947
0.25606316976875354
0.25756680731364273
0.25691638608305273
0.25677301987125667
0.2561278615298716
0.25673906989696466
0.2565972222222222
0.2574535882515932
0.25805693753454945
0.25741659773917835
0.25677942794279424
0.25614540466392316
0.25699233716475095
0.25758940758940757
0.2569580610021786
0.2563298016843249
0.2557046070460704
0.2550824547174912
0.2544633225458468
0.25384718859295125
0.2532340311325818
0.25274431057563584
0.25213675213675213
0.25285105249134027
0.25224614566719833
0.25164412622646515
0.25104497354497357
0.2504486671945104
0.24985518694049502
0.24961912266876807
0.24938417190775683
0.24879738562091505
0.2482133541992697
0.24833463440020817
0.24775441329179648
0.24717689717689717
0.24671834625322997
0.24730600670275843
0.2467335390946502
0.24697202976648702
0.24640296979006654
0.2464112388250319
0.2458460754332314
0.24654207983727433
0.24826230339928967
0.24792457605669452
0.24917929292929292
0.24872763920382968
0.24816490698843638
0.24963631803360922
0.2493243243243243
0.2504494382022472
0.2506726457399103
0.25089485458612976
0.25089285714285714
0.25066815144766147
0.2501111111111111
0.24977827050997783
0.24966814159292036
0.24966887417218545
0.2504955947136564
0.2508241758241758
0.25104166666666666
0.250492341356674
0.25067321688500727
0.2523057371096587
0.2517572463768116
0.25240419378163415
0.25266955266955266
0.2526637868970482
0.25276580459770115
0.25243727598566307
0.2529685264663805
0.2524268379728765
0.25188746438746434
0.25167022032693676
0.2511347517730496
0.25060155697098374
0.25007062146892656
0.24954193093727978
0.24912095639943743
0.2485964912280702
0.24807422969187676
0.24881201956673654
0.250278940027894
0.2506263048016702
0.2511458333333333
0.25124740124740125
0.25103734439834025
0.2505175983436853
0.25123966942148757
0.2522680412371134
0.2521604938271605
0.2519507186858316
0.2514344262295082
0.250920245398773
0.2507908163265306
0.25048370672097764
0.24997459349593498
0.25048174442190674
0.2500759109311741
0.25032828282828284
0.2498235887096774
0.25093058350100605
0.250828313253012
0.2504258517034068
0.25082499999999996
0.2504241516966068
0.25171812749003986
0.25131709741550695
0.25190972222222224
0.25170792079207915
0.25121047430830035
0.2510437212360289
0.25104166666666666
0.2517763588736084
0.2512826797385621
0.25079093281148074
0.25054524739583334
0.25112897985705007
0.25064040207522703
0.25161003236245955
0.2528666020671835
0.25334461637653133
0.25285553410553413
0.25256101477199744
0.2534214743589744
0.25466250799744083
0.2544620051085568
0.25502708731676227
0.2556854325699746
0.2560555555555556
0.2572797845373891
0.2570762175838077
0.2568734217171717
0.25676591052299935
0.25722484276729557
0.2571170747018205
0.25663377192982456
0.25615228267667295
