3708
MAX PATTERN LENGTH : 10
MEAN PATTERN LENGTH : 5.84061488673
0.0
0.275
0.18333333333333335
0.1375
0.13
0.27499999999999997
0.2357142857142857
0.25625
0.3277777777777777
0.295
0.26818181818181813
0.24583333333333332
0.2961538461538461
0.2785714285714285
0.3266666666666666
0.328125
0.3088235294117647
0.2916666666666667
0.28157894736842104
0.2925
0.3261904761904762
0.3568181818181818
0.3684782608695652
0.37604166666666666
0.397
0.4009615384615385
0.39537037037037037
0.38125000000000003
0.38103448275862073
0.36833333333333335
0.35645161290322586
0.365625
0.3545454545454545
0.34738562091503267
0.366031746031746
0.3558641975308642
0.3503003003003003
0.3542397660818713
0.3707977207977208
0.3615277777777778
0.35880758807588076
0.3585978835978836
0.3735142118863049
0.3650252525252525
0.37913580246913575
0.3871980676328502
0.3800236406619385
0.37210648148148145
0.3849206349206349
0.3872222222222222
0.39923747276688454
0.4098290598290598
0.4077568134171908
0.4020576131687243
0.40686868686868694
0.39960317460317457
0.3961013645224171
0.4065134099616858
0.4109227871939736
0.4040740740740741
0.39744990892531873
0.3910394265232975
0.38835978835978835
0.3861979166666667
0.38948717948717954
0.3904040404040404
0.38457711442786074
0.378921568627451
0.37342995169082127
0.3723809523809524
0.38122065727699533
0.3787037037037037
0.3735159817351598
0.3684684684684685
0.3668888888888889
0.3620614035087719
0.3638528138528138
0.3655982905982906
0.36223628691983123
0.37020833333333336
0.3779835390946502
0.3733739837398374
0.3748995983935743
0.3763888888888889
0.3719607843137255
0.3676356589147287
0.36398467432950193
0.365530303030303
0.36816479400749064
0.36518518518518517
0.3666666666666667
0.363768115942029
0.3706093189964158
0.37730496453900714
0.37333333333333335
0.3694444444444444
0.3661512027491408
0.3624149659863945
0.35875420875420866
0.3651666666666666
0.36303630363036293
0.3692810457516339
0.3754045307443365
0.376602564102564
0.37682539682539673
0.3827044025157232
0.37912772585669774
0.38487654320987646
0.3813455657492354
0.3846969696969696
0.3902402402402401
0.38731398809523804
0.38388643067846606
0.3805190058479532
0.3772101449275362
0.37482040229885055
0.3801638176638176
0.38541666666666663
0.3905812324929972
0.3873263888888889
0.38536501377410465
0.38220628415300545
0.38722899728997284
0.39217069892473116
0.3890333333333333
0.3859457671957672
0.3860564304461942
