625
MAX PATTERN LENGTH : 7
MEAN PATTERN LENGTH : 4.3408
1.0
0.85
0.5666666666666667
0.6625
0.73
0.775
0.8071428571428572
0.825
0.8444444444444444
0.76
0.6909090909090909
0.7166666666666667
0.6871794871794872
0.7095238095238096
0.7088888888888889
0.7270833333333333
0.734313725490196
0.749074074074074
0.7622807017543859
0.7408333333333333
0.7531746031746032
0.7643939393939394
0.7746376811594203
0.7569444444444443
0.7406666666666666
0.7506410256410256
0.7598765432098765
0.7327380952380952
0.7419540229885058
0.7505555555555555
0.7505376344086021
0.7270833333333333
0.7353535353535353
0.7431372549019608
0.7504761904761904
0.7574074074074074
0.7639639639639639
0.7609649122807017
0.767094017094017
0.7479166666666667
0.7296747967479675
0.7361111111111112
0.7422480620155039
0.725378787878788
0.7314814814814816
0.7373188405797102
0.7216312056737589
0.7076388888888889
0.7136054421768708
0.6993333333333334
0.7052287581699347
0.6916666666666667
0.6937106918238993
0.6993827160493827
0.703939393939394
0.7092261904761905
0.714327485380117
0.7192528735632184
0.7240112994350283
0.7286111111111111
0.7330601092896175
0.7373655913978495
0.7415343915343916
0.7440104166666667
0.7325641025641025
0.7366161616161616
0.7405472636815921
0.7443627450980392
0.7480676328502416
0.7495238095238096
0.7389671361502348
0.7391203703703704
0.7426940639269407
0.7454954954954955
0.7368888888888889
0.7403508771929825
0.7437229437229438
0.7405982905982906
0.7438818565400844
0.7470833333333333
0.7502057613168724
0.7532520325203252
0.7562248995983936
0.7573412698412698
0.7601960784313726
0.7560077519379846
0.7588122605363986
0.7615530303030303
0.7642322097378277
0.7657407407407408
0.7646520146520147
0.7672101449275364
0.7697132616487457
0.772163120567376
0.774561403508772
0.7769097222222222
0.779209621993127
0.7746598639455782
0.7703703703703703
0.7706666666666665
0.7630363036303629
0.7653594771241828
0.7676375404530743
0.7698717948717948
0.7657142857142857
0.765566037735849
0.7677570093457943
0.7699074074074074
0.7720183486238531
0.774090909090909
0.773123123123123
0.7662202380952381
0.7682890855457227
0.7703216374269005
0.7723188405797101
0.7742816091954022
0.7676638176638176
0.7696327683615819
0.7631652661064425
0.7618055555555555
0.7637741046831955
0.7657103825136611
0.7676151761517614
0.7694892473118279
0.7713333333333332
0.773148148148148
0.7670603674540681
0.7610677083333333
0.7551679586563307
0.7501282051282051
0.7520356234096692
0.7539141414141414
0.7557644110275689
0.757587064676617
0.7593827160493827
0.7560049019607843
0.7557003823427182
0.7554002760524501
0.7539225762247345
0.7556802721088435
0.7574130361364404
0.7571093226022804
0.7588078588078588
0.7604828042328042
0.7621346469622332
0.7637638617090672
0.7653709102688695
0.7652670527670528
0.7601310322786833
0.7550634920634921
0.7566855881425418
0.7582863408521303
0.7598661686896981
0.7614254792826222
0.7629646697388633
0.764484126984127
0.765984228086139
0.7674653405666064
0.7689278227014076
0.7703720238095239
0.7717982845312038
0.773206937095826
0.7745983055799007
0.775972706155633
0.7773304473304473
0.7765633964429146
0.7779013401767894
0.7792233560090703
0.7775711468019161
0.7788795518207283
0.7801726538568644
0.7779623477297896
0.7792458023671895
0.7805145046524357
0.7760544217687074
0.7773268398268397
0.7785848802797954
0.7798287854467629
0.7810587922319765
0.7822751322751322
0.782373059721126
0.7835688121402407
0.7847514962269061
0.7840191511387162
0.785186615186615
0.7863415258576547
0.787484084542908
0.7838272543059777
0.7849710254472159
0.7861027568922305
0.7830341560708052
0.7815600198412698
0.7809647174932149
0.7784855179185077
0.7784818884818885
0.7796120829284096
0.7804769962130368
0.7815856982523649
0.7776581319294887
0.7787698412698413
0.7798704888257127
0.7809602388810309
0.7792243334115256
0.780306567071273
0.7813782423538522
0.7824395130220374
0.7786596119929454
0.7753968253968253
0.7764714817346395
0.7770597127739985
0.7781163018129843
0.7791629230308477
0.7801997168194352
0.7779557929090639
0.7789885566629753
0.7788543503821281
0.7798734547582474
0.7808832095529343
0.781883742842647
0.7828751803751803
0.7823493499964088
0.7817531817531819
0.7818350060502527
0.7824369331065759
0.7834038800705467
0.784362269981739
0.785312215928956
0.7846090921748816
0.785549663824773
0.7845255348516218
0.7854583247440391
0.7830305829228243
0.7839617821377478
0.7848850223850224
0.7858004052684905
0.7867080306698951
0.787607996785212
0.7885004001600641
0.7860380553895199
0.7869295634920636
0.7878136731871171
0.7886904761904762
0.7868851655888692
0.7873487509758001
0.7867881438289602
0.7876548586914441
0.7885145556198188
0.7853350614439323
0.7859461656148402
0.7868023809523809
0.7874525706697021
0.7882960128495843
0.7883422736683605
0.7852385639295087
0.7860807656395891
0.7865257626488095
0.7834653511209931
0.7817852528608342
0.7806972789115646
0.7794253663003663
0.7796957671957672
0.780536623046165
0.7784137546019675
0.7766015812890813
0.7770672356993111
0.7779053287981859
0.7762402651447595
0.7770751895285477
0.7779039062960996
0.7765042621987066
0.7773289697182686
0.7761051295518208
0.7754600558171987
0.7753671359054571
0.7761839826839827
0.7733717218771566
0.774189874505759
0.7750021411442275
0.7758085850827786
0.7730378401360544
0.7738455346551432
0.7746475008443093
0.7754437994278983
0.7762344902749831
0.7770196324143692
0.7754682817182816
0.775089182014269
0.7758701223544974
0.7743388531883342
0.7740825123152709
0.7748588610702013
0.7756298923679061
0.7746891760117016
0.7720541788143829
0.7713014527845037
0.7686957046332046
0.7671176046176046
0.7645433844678811
0.7653308647873865
0.7651130952380952
0.7625711912672045
0.7617017502365184
0.7608380480905234
0.7583352913533835
0.756996487119438
0.7577906162464987
0.7582538389948814
0.759038729128015
0.759818539066112
0.7596255760368664
0.7603984841525034
0.7611664377289378
0.7619294842537654
0.7616260994843799
0.7617479213907785
0.761710744424352
0.7624624455460418
0.7600647648996706
0.7608169129720854
0.7608699156746032
0.7616148692083271
0.762355195701469
0.7599949628974397
0.7607357191847932
0.7583949938949939
0.7591361135456227
0.7589552691616912
0.7581657713898567
0.757229097312684
0.7579647667147668
0.7576385891718218
0.7583685934213044
0.75909421326088
0.7590669850774642
0.7597861881070836
0.7594594434996221
0.7601732136969527
0.7579241805203344
0.7567208643536079
0.7568481559290383
0.7575612111902434
0.7582700965376404
0.7566424869267436
0.7569138750461425
0.7576184725097769
0.7554288237452977
0.7541163487489136
0.7541045201605547
0.7538539818983945
0.7534143990929706
0.7541169221724777
0.7535528273809523
0.7542509780116012
0.7531090260963142
0.7533819584171696
0.7537938068485822
0.754483460050687
0.7551692604416068
0.7558512402175355
0.7537516534391535
0.7544337818229785
0.7551121415416996
0.7545470943198215
0.7552214154892726
0.7531523157208088
0.752460642727036
0.7515002595043467
0.7499110377846792
0.7505887856497613
0.7497763835263835
0.750450840713644
0.7511216717869944
0.7517889059108899
0.7524525719378661
0.7520756613756613
0.7518485097939885
0.7511804766115111
0.7491932266733854
0.7498549859697617
0.750250104427736
0.7505119151772696
0.7507723551898944
0.7514230801110696
0.751289165839947
0.7518052978767265
0.7514408051648984
0.7494990976580124
0.750144718540337
0.750787020035092
0.7505285917785918
0.7489927130272399
0.7487401805960479
0.7493795185589078
0.7491695874627347
0.7472729555957404
0.7453859026775693
0.7460272480108752
0.7441528076892399
0.7447940287226001
0.7454320436507936
0.7456928116217393
0.745330391692332
0.7458382567253534
0.7464673699512807
0.7470933764452282
0.7464847720697474
0.7471076596076596
0.7477274937752879
0.7483442969689914
0.7465190669763841
0.7463247788977717
0.7457269032208353
0.7439212690726009
0.7445398167318458
0.7427457448842992
0.7433641445360195
0.7439795782421681
0.7438743639401534
0.744485642307838
0.7427130574452002
0.7433241903253779
0.7433400097795831
0.7417009081016173
0.7423101040730757
0.7429164332399626
0.7435199157910425
0.7441205717259581
0.7447184208574396
0.7429824804824804
0.7435801956441491
0.7441751371855779
0.744767324368019
0.7445484621870303
0.7428329127349865
0.7434241014413429
0.7440125782728995
0.7423100323271948
0.7414143473218816
0.7420033806992805
0.7403170093795094
0.7409058596983766
0.7414920455361631
0.7420755849367587
0.7422060453310453
0.7427853575887283
0.741119919567229
0.7410279286957139
0.7402667056405896
0.7397315904832609
0.7394210758377424
0.7398879914123816
0.7404634604579294
0.739049633834402
0.739624414376617
0.739097767312053
0.7396699213311055
0.7396925254419784
0.7402608823733278
0.7399553031088979
0.7383467046238785
0.7389142822711153
0.7394794028722601
0.7395021255442422
0.7389859571702244
0.739547277692439
0.7401061891136999
0.7406627069100303
0.7398279575362909
0.7395831218059364
0.740137200270179
0.7404766117345736
0.7410264494215766
0.7401645189435887
0.7407126950639609
0.7412585630743526
0.7418021375216753
0.7423434328308542
0.742673258285183
0.7431060907313517
0.7436412863756614
0.7441742566742567
0.7447050154778371
0.7451300568536594
0.745656647645284
0.7456656030109639
0.745160118231106
0.7456834034092761
0.7462045439760604
0.7467235530885837
0.7472404437965663
0.7477552290434164
0.7482679216673119
0.7487785344022667
0.7482749341301973
0.7474366682700015
0.7471394169226829
0.7476481907316916
0.748154921272391
0.7486596208289594
0.7480623015873016
0.7485651712448119
0.7477380161892113
0.748140127489034
0.7478461986646511
0.7483455131227408
0.7488428540058975
0.7493382329920791
0.7498316616672915
0.7503231515264914
0.7508127139744787
0.751300360326779
0.7517861018105159
0.7515876883566941
0.7520709807917979
0.7525523963630759
0.752385951150486
0.7528648951521292
0.7526984893056322
0.752982307245313
0.7532650335775335
0.7530668281388051
0.7522627409840054
0.7508243801025828
0.7512999060947534
0.7517736205593348
0.7522455338282334
0.7509129996084455
0.7513847552910052
0.7504369580220241
0.7503417939502846
0.7508119600633726
0.751280358634682
0.7509027219393073
0.7513691962427917
0.7511797211096277
0.7514573708836768
0.7519202063196476
0.7514519531480498
0.7519130812498159
0.7523725014697237
0.751628744535399
0.7516257394716804
0.7516227454763367
0.7520793213118582
0.7525342216397263
0.7525295802081516
0.7518851019993616
0.7521553846599467
0.7526068320467227
0.751238455988456
0.7516899288451012
0.7521397659305269
0.7515029851603089
0.7519515357286115
0.7523984698984699
0.7528437963914583
0.7532875238665185
0.7531322893554077
0.7522322315926968
0.7526746740362812
0.7526699063463769
0.7531099954809919
0.753548521243903
0.7539854919509175
0.7526510043545441
0.751321232262045
0.751759819153999
0.751140523697742
0.7515778865734929
0.7502593288777499
0.750112931921163
0.7505497974247973
0.7509851380924679
0.7514189618937005
0.7506918564527261
0.7503434330908288
0.7507761134494236
0.7512072966441478
