66
MAX PATTERN LENGTH : 5
MEAN PATTERN LENGTH : 2.83333333333
1.0
0.75
0.5666666666666667
0.675
0.74
0.7833333333333333
0.7964285714285715
0.746875
0.6916666666666667
0.6625
0.6522727272727272
0.6354166666666666
0.5903846153846154
0.5482142857142857
0.52
0.5499999999999999
0.5176470588235293
0.49444444444444435
0.4921052631578946
0.5075
0.4833333333333333
0.5068181818181817
0.5217391304347825
0.5104166666666666
0.496
0.49615384615384617
0.5148148148148148
0.5017857142857143
0.5086206896551724
0.5116666666666666
0.49516129032258066
0.48906249999999996
0.4848484848484848
0.4742647058823529
0.47071428571428575
0.46458333333333335
0.4560810810810811
0.46381578947368424
0.46217948717948715
0.469375
0.47378048780487797
0.481547619047619
0.48779069767441857
0.48693181818181813
0.4916666666666666
0.48097826086956513
0.4920212765957446
0.4852430555555555
0.49574829931972786
0.4898333333333333
0.4998366013071895
0.49407051282051273
0.4847484276729559
0.47577160493827153
0.47348484848484845
0.47663690476190484
0.4761695906432749
0.4696839080459771
0.46680790960451984
0.47569444444444453
0.48019125683060115
0.48293010752688176
0.4792328042328043
0.4811197916666667
0.48012820512820514
0.4728535353535354
0.4807213930348259
0.48835784313725494
0.48345410628019325
0.48797619047619045
0.48251173708920186
0.4792824074074075
0.47271689497716907
0.46835585585585593
0.4621111111111112
0.45603070175438604
0.4501082251082252
0.4513888888888889
0.4456751054852321
0.4419791666666667
0.436522633744856
0.4336382113821139
0.43022088353413657
0.4304563492063493
0.4332352941176471
0.4340116279069768
0.43074712643678165
0.42869318181818183
0.423876404494382
0.4302777777777778
0.43104395604395607
0.43300120772946865
0.4390979689366787
0.44506501182033104
0.45090643274853803
0.4488136574074075
0.4488258877434136
0.4518990929705216
0.45339506172839517
0.45186111111111116
0.45184268426842694
0.4474128540305012
0.44306903991370017
0.4484241452991453
0.4505026455026455
0.44625262054507336
0.4420820353063344
0.437988683127572
0.43764016309887865
0.4382070707070707
0.4365115115115115
0.4330605158730159
0.4380776794493609
0.43423489278752436
0.43045893719806766
0.42674808429118777
0.42310066476733144
0.4279896421845575
0.43069561157796454
0.4337731481481482
0.4329430670339762
0.4363615664845174
0.4405374887082205
0.4373879928315413
0.43508888888888897
0.4329585537918872
0.4374234470691164
0.4398654513888889
0.4426571920757967
0.44040598290598293
0.4446776929601357
0.44888468013468014
0.45302840434419384
0.4571102819237148
0.4555761316872428
0.45296160130718954
0.45111516626115167
0.4489331723027375
0.44570343725019984
0.44751984126984123
0.44682821118991334
0.44685054773082944
0.44442501942501944
0.44793595679012355
0.4448467432950193
0.4417998477929986
0.44389644746787615
0.4408971471471473
0.43793810589112614
0.4416851851851853
0.4387601177336278
0.44113669590643273
0.44043209876543216
0.4440656565656566
0.4412007168458782
0.4415776353276354
0.44035739561217274
0.44231715893108303
0.44267994409503847
0.4430381944444445
0.44649758454106286
0.44374142661179705
0.4431663258350375
0.44198848238482386
0.44284511784511793
0.4462014725568943
0.4447272122421823
0.4480324074074074
0.4483399079552926
0.4480555555555556
0.44543534762833015
0.4477874677002584
0.4478002569043032
0.44810025542784165
0.446968253968254
0.45011047979797975
0.45095731324544885
0.4515137328339575
0.44992240844196146
0.44881172839506167
0.4515807243707796
0.45431929181929176
0.45730115361262896
0.4560235507246377
0.45896396396396394
0.4575716845878136
0.4595811051693404
0.4576684397163121
0.4559082892416226
0.45701754385964916
0.45636998254799305
0.45399305555555564
0.4547495682210709
0.45498281786941586
0.45264957264957273
0.45034013605442186
0.4518612521150593
0.44957912457912463
0.447319932998325
0.4453333333333333
0.44560530679933663
0.44422442244224425
0.4444991789819376
0.44305555555555554
0.4433333333333333
0.44385113268608417
0.44170692431562
0.4412660256410256
0.44035087719298244
0.43825396825396823
0.4409162717219589
0.4407232704402516
0.43865414710485134
0.4401090342679128
0.4392248062015504
0.4371913580246914
0.43517665130568356
0.4331804281345566
0.43120243531202435
0.43075757575757584
0.42880844645550537
0.4298798798798799
0.42952167414050824
0.42961309523809527
0.43214814814814817
0.43156342182890856
0.43010279001468427
0.4304093567251462
0.4304949053857351
0.4297101449275363
0.42784992784992787
0.4260057471264368
0.42417739628040063
0.4223646723646724
0.42482269503546105
0.42302259887005655
0.4254571026722926
0.4278711484593838
0.42691771269177126
0.4272222222222222
0.42544951590594743
0.4236914600550964
0.42286236854138093
0.4252276867030966
0.4251927437641723
0.4244805781391147
0.42681061628430045
0.42912186379928313
0.4273984828201696
0.4283555555555556
0.4284417884019478
0.4287257495590829
0.4270311813790075
0.42534995625546806
0.4268191721132898
0.4251519097222222
0.4267401642888024
0.426442721791559
0.4247962247962248
0.42444444444444446
0.42366964665815243
0.4258693808312129
0.42488381918039714
0.42516835016835014
0.4243186582809224
0.42507309941520466
0.42722638368705784
0.42600538971807633
0.424607600165221
0.42396090534979425
0.42516400164001644
0.4248876633986928
0.4260785510785511
0.4263483373884834
0.4247979797979798
0.42325885668276975
0.42173084636983554
0.4236310951239009
0.4239048187972919
0.422390873015873
0.42391261368129696
0.42240937746256896
0.4209167648213584
0.4201388888888889
0.41866471734892785
0.41836635586635584
0.4192315137437089
0.4188175154320988
0.41736831987697043
0.4176532567049809
0.4185089728904162
0.4179318873668189
0.41735874099355336
0.41763983371126234
0.41961393596986823
0.4181963213213214
0.41678825289936405
0.4175708426547353
0.4195187662578967
0.41812037037037036
0.41783868586194167
0.4189385577630611
0.4175559222588926
0.41651133040935673
0.41514571948998175
0.4137890341321714
0.4124411871154542
0.4135371572871573
0.41327759798633584
0.4131541218637993
0.41391568417291885
0.4141915954415954
0.41357827476038334
0.41321656050955413
0.41412698412698407
0.4155063291139241
0.4146687697160883
0.41378406708595383
0.41436781609195406
0.41541666666666666
0.4156801661474559
0.4164596273291926
0.41723426212590303
0.4167181069958848
0.4154358974358975
0.4152351738241309
0.4139653414882773
0.41438008130081305
0.4147922998986829
0.41505050505050506
0.41398539778449145
0.41273845381526103
0.4130005005005005
0.4117639720558882
0.4118781094527364
0.41065228174603174
0.4097304648862512
0.40851824457593683
0.4073131760078662
0.40611519607843133
0.40492424242424235
0.4041788499025341
0.4030004859086491
0.401828972868217
0.4006642512077294
0.40167389210019266
0.40051633045148893
0.3993654214559387
0.3982211079274116
0.39736904761904757
0.3962369420702754
0.3951112689393939
0.39441690273843244
0.39330273069679844
0.39501173708920184
0.39530664794007486
0.39419934640522875
0.3930982309124767
0.3920032497678737
0.3909143518518518
0.389831486611265
0.38875460405156537
0.38768365472910926
0.3866185897435897
0.3855593607305936
0.3845059198542805
0.38345821980018163
0.3824162137681159
0.382057362240289
0.3818355855855856
0.3821540880503145
0.38112679211469536
0.3818923145665773
0.3808712121212121
0.37985555555555556
0.3788453014184397
0.377840406719717
0.37684082892416226
0.37716578715919086
0.37705043859649123
0.3760608048993876
0.375076352530541
0.3740970409051349
0.37312282986111117
0.37215367965367974
0.37118955094991374
0.37023040482342817
0.36953393470790385
0.37115467009425884
0.3711004273504274
0.3707907075873828
0.37239583333333337
0.37144826123833763
0.3707593062605754
0.3723523206751056
0.37225378787878793
0.3738350125944585
0.37528266331658294
0.374718045112782
0.37465625
0.3740960099750623
0.37440920398009947
0.37571339950372207
0.3772586633663366
0.37657407407407406
0.37638546798029554
0.37718058968058965
0.3765012254901961
0.37570293398533006
0.3753963414634146
0.37529399837794
0.37681027508090614
0.3758979015334948
0.37511070853462164
0.3766164658634539
0.376552483974359
0.3758493205435652
0.3768640350877193
0.37608392999204454
0.37530753968253966
0.3744160728424386
0.3758984992101106
0.3756008668242711
0.3770735062893082
0.3767745098039216
0.37729851330203446
0.3775858704137393
0.3776382398753894
0.37675796425796426
0.37762596899224804
0.37698182521268375
0.3784239969135803
0.3775500384911471
0.37783218125960066
0.3778831417624521
0.3781632262996942
0.3795861937452326
0.3791000761035007
0.37857820804859527
0.37942234848484846
0.3799225245653817
0.37974170437405735
0.3800131677953349
0.38039602102102105
0.38038389513108617
0.3809884155455905
0.38125466070096947
0.38096168154761906
0.3801132145508538
0.3794907407407407
0.3786492978566149
0.3793602507374631
0.3787435614422369
0.3792859765051395
0.379551282051282
0.3809119152046783
0.38062545587162655
0.3797943959243086
0.38038307915758895
0.38145833333333334
0.3828000723065799
0.3839195526695527
0.3852501799856012
0.3854974856321839
0.3866039426523298
0.385988912732475
0.38730371163454674
0.3875445156695157
0.38714463397299215
0.3863209219858156
0.3876238499646143
0.3889212570621469
0.38968463706835804
0.3899173699015472
0.3890964912280702
0.38897934173669474
0.39015548567435365
0.39143131101813117
0.39270180932498266
0.3932378472222222
0.3924203049203049
0.3916061549100968
0.3907953761214631
0.3915375344352617
0.3914175257731959
0.39071502057613167
0.3905971937029432
0.3918459699453552
0.3916581458759373
0.39289965986394554
0.3920994568906992
0.39257283197831977
0.3938049357674104
0.39432354925775975
0.39524410774410773
0.3957913306451613
0.39499496981891347
0.3962098393574297
0.396751837007348
0.397625
0.39882734530938124
0.4000249003984064
0.39985089463220674
0.3999393738977072
0.4011276127612761
0.4003348704435661
0.4009259259259259
0.4001367016622922
0.39964527395765115
0.39925381263616555
0.3984724940204392
0.39915907118055555
0.3988683127572017
0.3991623432771293
0.3984843581445523
0.3981965977605512
0.3983935095637223
0.3982035607035607
0.3976289873688718
0.3975854700854701
0.39730219663041166
0.3965410813111963
0.39673889951136604
0.395981764206955
0.3952275132275132
0.3963772708069286
0.39638414505587183
0.3962647306397306
0.3974060071413568
0.39665618448637313
0.39656831973216156
0.39657477025898075
0.39611215342922657
0.3972430295464003
0.39650051921079954
0.3960406301824212
0.3963273329195117
0.39559066501445683
0.3948567305710163
0.39597736625514407
0.3957999589238037
0.39599220992209927
0.3952629425005116
0.39563929738562087
0.39491335372069314
0.39538054538054535
0.3954803981312208
0.3947587185725872
0.3947682655332928
0.39556565656565656
0.39484775156281504
0.39512882447665054
0.39441430580671083
0.39550742077817885
0.3954254254254254
0.39534372501998405
0.39642928386195897
0.39715252887295893
0.3982309679984098
0.3975198412698413
0.3977025153495742
0.39743969948596286
0.39673376751529504
0.3969168636721828
0.397984267453294
0.3987828818217511
0.3988732118361748
0.3987578247261346
0.3981448935754735
0.39832358674463936
0.39762599727573456
0.3986790986790986
0.3991177040915261
0.40016453735965934
0.40120772946859906
0.400511188271605
0.40130257764573185
0.401905860383369
0.40181621295610936
0.40284756431308155
0.40215419501133787
0.40318142148039054
0.40334749108334017
0.4034059714068276
0.4044257902591236
0.40544212850100225
0.40645500392093237
0.4070392641183458
0.40685753361899374
0.40729788808178635
0.40660872075846693
0.4064286384598885
0.40574326132926475
0.40522854203409764
0.40622815792983863
0.40638549323532547
0.4059560367977454
0.4052771805489197
0.4046005909319766
0.4052804232804233
0.40626997332488185
0.40663331223962457
0.40761733659743615
0.40777028802691057
0.4072615768070314
0.40658952800041914
0.4075671399806491
0.4083770624477861
0.409348528683504
0.40936052563101744
0.4093042890915231
0.4088805892727461
0.40821357362956057
0.4091773951708805
0.4085120660730417
0.4085794166151309
0.4095379588896607
0.40995402475985
0.40969561761161116
0.4103251408090117
0.41030851417324843
0.4112565712244169
0.41196081428826203
0.41186151811151805
0.41280253968253966
0.4125424717277752
0.41204399888610416
0.41146749570316443
0.41081333434274603
0.4103199798437893
0.40966971046210343
0.40973352421137227
0.41003410316206523
0.41096464874067395
0.4118922634670666
0.4112446341219926
0.4121688968627744
0.41152286410907096
0.4124437985940333
0.41336185515873014
0.4142770472723671
0.41518938832022945
0.4146214421486583
0.41553041506457655
0.41643656945982527
0.41682392255147666
0.4169524790854002
0.4171577993337253
0.4180558612762003
0.41895115995116
0.41984370809255606
0.4207335183562178
0.4212377549284135
0.42204625989029654
0.42254695262328845
0.42243636275648466
0.42179338503539415
0.4226721184927872
0.42332056747838237
0.4235882635882636
0.42294743414259306
0.4238191147556707
0.4246881658646365
0.4255545993497801
0.4252906074710586
0.4261535344868679
0.4257020299374123
0.4261875059405
0.42599888485538706
0.426109334280976
0.4269646109810044
0.42759412792894935
0.42703306681761355
0.4263994865997833
0.427249265138154
0.4270610265802573
0.42790731753065575
0.42845612679683476
0.42907695724337847
0.42862978524743234
0.4290282730811365
0.42986547502676536
0.4307002254293616
0.43153253504130695
0.4323624145521956
0.4321694664260262
0.4329960028649985
0.4338201365817645
0.43464187803810445
0.43415688980906375
0.4336733053086164
0.4344916964859161
0.4348748253510158
0.4343202506747175
0.43513417837158846
0.43551473271300856
0.4350333629386714
0.4358427707281576
0.4352192474510071
0.43531179138321996
0.4352614179290356
0.4346413874191652
0.43473435841856894
0.4342056164321789
0.4342989417989418
0.43453364584738524
0.4344848005208684
0.4342242287687203
0.43445804508921576
0.43455035770176614
0.4342907932042953
0.4336808342250758
0.43335309111957077
0.4330262660619803
0.4331199356199356
0.43321334353108093
0.43316702087622583
0.4325637241897687
0.4319621056582113
0.43136215828924157
0.4307638751293397
0.431090610297674
0.43049435772464817
0.4312809677277909
0.4310309250136836
0.4307127005990642
0.4308080063754066
0.43158986350950634
0.43182087878589936
0.43170879539030227
0.4316654181052266
0.43116109376355277
0.4314596461595097
0.43134866571515074
0.43076179678220494
0.4311955443409248
0.43196732786285025
0.43273701983051577
0.43303101574414155
0.4325809738309738
0.43334672150461623
0.4327626962734779
0.43251671687068727
0.4328314345451442
0.4330558218813252
0.43301151112813313
0.4337705318629014
0.43385907393260337
0.43327982283255984
0.4334354497354498
0.4336572400820071
0.4338784405606214
0.4335678450220283
0.4334901688349964
0.4342405129822348
0.4336661207692954
0.43315929630328576
0.43265380910499646
0.4320837777359517
0.4328310359231412
0.4322622697786956
0.43241678123567884
0.4327019492812415
0.4326264231696168
0.43232233634194417
0.43219310787848647
0.4328030255996358
0.43289052166005293
0.43362798522096313
0.4333895073180788
0.4341244106808309
0.43420974175507854
0.43384207067906944
0.43328155120790784
0.4331095750128009
0.43351793896252666
0.4336035014606444
0.4336888440037541
0.43415907655317154
0.43443579568579577
0.4338795398654554
0.433324706694272
0.43360143120679523
0.43432387836086817
0.43504448488524927
0.43563603134213824
0.4352730884814748
0.43472071146563535
0.43543716176796027
0.43520243118344387
0.435600405353882
0.4363130311046978
0.4363933425408836
0.43584372875934596
0.43592442847159835
0.43550241285794056
0.4362106908844676
0.4356640609460159
0.43586973796610845
0.4356374007936508
0.43534322176644275
0.4354238411906741
0.4348815948131017
0.4350869659638317
0.4354160504781623
0.4348758320532514
0.43536958360378436
0.4353876905547698
0.43484951046755743
0.4346213011953753
0.4345786115514846
0.43404341621706155
0.43432954567640913
0.434471646971647
0.43516554679131364
0.4349386282290694
0.434406267607002
0.43448645554391274
0.4350141481093862
0.4353982771970577
0.43547696382653756
0.4357987680067972
0.4362412968427549
0.4360152758514409
0.43591101491101486
0.4358675391060379
0.43552187098136314
0.43578090253814894
0.4352552319681391
0.43593564735131
0.436373751265448
0.4366505456349206
0.4361263553040264
0.4362628944463477
0.43613962551088303
0.43681409964304707
0.4372878382735013
0.43706434443307945
0.43713935713339763
0.43711498488284206
0.4366546816903535
0.4361360894318139
0.43591528742774294
0.43610970059429777
0.4355935944397483
0.43507870839431123
0.4347421337681078
0.43511390011979634
0.43536700506665166
0.43503127917833795
0.43469634230503795
0.434714304344586
0.43420467444500266
0.43469155421731537
0.43430010210711967
0.43379274217475156
0.43445342742308907
0.43511257261257263
0.43577018312175475
0.4355541712809155
0.43562902125619896
0.43535566972341916
0.4351988265371811
0.43565963036449157
0.4351559776126251
0.4346534880310863
0.43438283810256134
0.4346312449711068
0.4352818419274116
0.4359309432585295
0.4365785541158676
0.4372246796272026
0.43672384952453686
0.43679624786604193
0.4366970521541951
0.4369833568891789
0.436485086242783
0.43598795060924905
0.4363451884356322
0.43584934163059164
0.4359789110498531
0.43605149731850407
0.4366335454529112
0.4368749102204984
0.4372852210564075
0.43735600523128737
0.43691930173046295
0.43704664485914485
0.4366956362597533
0.4365420456572142
0.4367535585128178
0.4362639244786106
0.43599935121491673
0.4366302244238486
0.43651480890307703
0.4363624486252835
0.4360989453380758
0.4357803496305724
0.43640795769549945
0.4359786155202822
0.4366046103976182
0.4369520553971774
0.4374648438186644
0.4380871172215199
0.43793453477155136
0.437671913872245
0.43760281584151484
0.4371759404936718
0.4368172333106327
0.4369553462410606
0.43647570261181684
0.43599711083263715
0.43606721257323666
0.4355901149664826
0.4351140601960274
0.4347603451861094
0.4353767461182947
0.43514455164781957
0.43467105376789816
0.43492322291235336
0.43457163538596766
0.43426298936060326
0.4343342103905484
0.4339723768295197
0.4335032175032175
0.43389900236552503
0.4334309344018082
0.43404146141215105
0.43465067404787533
0.43454173067076296
0.4340749833768094
0.4342053273383746
0.43481175249663995
0.43498861357533736
0.435592903828198
0.4351275267941935
0.43573037895343125
0.4354257623447389
0.4351217945467147
0.4346588990206011
0.4341969873319501
0.43373605634752127
0.43370028110218994
0.4343001748722088
0.43436969849668267
0.43422765864626334
0.43482509512076567
0.4344719040921573
0.434804388913978
0.43434670008354226
0.4338899737953366
0.4334342070161398
0.4329793967254618
0.4327875944228146
0.43233441369567027
0.43224828983197183
0.43200560614353717
0.4318156211684395
0.4313653441912045
0.431957671957672
0.4322886213104736
0.4328787578787579
0.4334676688259243
0.43405535796614636
0.43365737313923836
0.4337260508067961
0.43327752334991215
0.43282992260264985
0.43238324569593917
0.43210931107838324
0.4318359406927893
0.43139166503364035
0.43161633958139606
0.43117320165574785
0.4312437932437932
0.4308019450949779
0.43041217851862684
0.43002320901093904
0.4306054120660862
0.4311864269517331
0.4313585101046875
0.43107199431028353
0.4311929790566616
0.43090721383404307
0.43148497300781563
0.4311994912907692
0.43081327093485144
0.43138937086305507
0.43100373954772336
0.4312754529421196
0.4318493424951548
0.4324220750128008
0.43232228776035425
0.43188735588131966
0.4321568158251575
0.4317229234397909
0.4317914059639235
0.43169275058052614
0.4312606257050701
0.43082936507936503
0.43064871636300206
0.4302189272249152
0.42978999509408283
0.4293619174097262
0.42992971649688067
0.4295023509735239
0.42907583423968726
0.4286501637692114
0.4282253370459515
0.427999371365708
0.42856514844645405
0.4281416650981868
0.428706184678544
0.4282833975141667
0.4284033153491281
0.4285229971253593
0.42908492141530485
0.4296457417282564
0.4292241070455005
0.42880329909741666
0.42843228705128805
0.42801307737706956
0.42759468727210664
0.4274700830853174
0.4275896244676733
0.4271728704477243
0.4269029844979212
0.42692545241183366
0.42689928579141406
0.4266789952226845
0.4262651455667944
0.4258520979451212
0.42543985002842694
0.4252701789935832
0.4251008358254735
0.42469050683336396
0.4248113453031486
0.4244020858182708
0.42447484608216085
0.4247077228327229
0.42526035710473753
0.4248522377601073
0.4254036737737601
0.4259061606762756
0.4258335232019443
0.4260956326443899
0.4261662194326951
0.42604583181873257
0.42563968707915323
0.42532955404383976
0.4256860435261958
0.42528139899812906
0.4248775230256712
0.4246641667419656
0.42426164146543294
0.42433336339586336
0.42478337913531855
0.4248544723497464
0.42445328776773533
0.4241000299490866
0.42370031267298
0.42330134816010523
0.42337350117218414
0.4229755937462705
0.42257843356434904
0.42218201852348197
0.4217863465286146
0.4213914154925391
0.4209972233358576
0.42060376798694554
0.4203044180635217
0.42075189528547735
0.42129173508483847
0.4216559885903461
0.42126375046142484
0.42110458340709267
0.42117783820430055
0.4217147789851871
0.42137027965341217
0.4209801219870664
0.42151575554674536
0.421703818619253
0.422237794779346
0.42230953113102554
0.42192030575671124
0.4215317971878745
0.4213484397132051
0.4215126415149393
0.42204385121051785
0.4225740862094073
0.42292003113497156
0.42276167945810805
0.4223748892664721
0.42212591770407126
0.4217404145828803
0.42135561493453827
0.42188309386349493
0.42195423858675224
0.42157029478458047
0.42209613997114
0.42171276473047586
0.4213754573214646
0.4213107470247089
0.4209291249712445
0.42145317101199453
0.42197626941071786
0.422227420025523
0.4219366010543808
0.4219619061931956
0.42162680537680536
0.42169734830625916
0.42131812407217084
0.4211641994323935
0.4207861346214129
0.420408747953591
0.4201216433407294
0.4206407824245783
0.4211589928159696
0.4216315942522377
0.42214799461451247
0.42177141299576626
0.42152919248507487
0.4212874033555245
0.4213574323560979
0.42142733686067024
0.4210974724407229
0.4212562147012014
0.4210157393335585
0.42148428163707174
0.42173075572411856
0.4222420459489425
0.42195737983061304
0.4215849549587414
0.4214336454746508
0.42106233829802114
0.4206916848312095
0.42032168334938785
0.4207431932937205
0.420373796284683
0.42000504734057365
0.41963694475745306
0.4192694868373502
0.4196025843991723
0.41923579892329893
0.41886965412074584
0.4185041483143577
0.4181392798328282
0.4177750470106742
0.4174114481882106
0.4170484817115252
0.41720743177085484
0.4168452725418871
0.4164837415162653
0.41642612995515943
0.4160655878513021
0.4159940201570825
0.41563447476368826
0.41527555034679386
0.41491724529903995
0.415421626984127
0.4153652776068797
0.4158684055951698
0.4155538153925944
0.41605591692576227
