993
MAX PATTERN LENGTH : 9
MEAN PATTERN LENGTH : 5.05035246727
1.0
0.5
0.3666666666666667
0.275
0.42000000000000004
0.43333333333333335
0.425
0.371875
0.3361111111111111
0.3025
0.325
0.33958333333333335
0.32500000000000007
0.3017857142857143
0.29000000000000004
0.28576388888888893
0.2689542483660131
0.2595679012345679
0.24853801169590645
0.2361111111111111
0.22486772486772488
0.23737373737373738
0.22705314009661837
0.21759259259259264
0.2208888888888889
0.22970085470085475
0.22119341563786013
0.21329365079365084
0.2059386973180077
0.20407407407407413
0.19749103942652335
0.19756944444444446
0.1930976430976431
0.18741830065359477
0.18206349206349207
0.1853395061728395
0.18033033033033033
0.17558479532163743
0.17492877492877495
0.17888888888888888
0.17452574525745257
0.18346560846560844
0.1791989664082687
0.17626262626262623
0.18901234567901232
0.18490338164251205
0.20224586288416074
0.19803240740740743
0.19399092970521545
0.19411111111111112
0.20501089324618738
0.20106837606837608
0.19727463312368973
0.19362139917695473
0.1901010101010101
0.1867063492063492
0.18869395711500977
0.18544061302681994
0.18229755178907722
0.18092592592592593
0.1894353369763206
0.19686379928315412
0.19373897707231041
0.19071180555555556
0.1877777777777778
0.18493265993265995
0.19709784411276948
0.19419934640522876
0.19138486312399355
0.18865079365079365
0.18599374021909235
0.1834104938271605
0.18089802130898022
0.1798048048048048
0.1774074074074074
0.17507309941520469
0.17279942279942279
0.17058404558404558
0.16842475386779185
0.16819444444444445
0.16611796982167354
0.16409214092140922
0.16211512717536813
0.16137566137566137
0.165359477124183
0.16343669250645995
0.16328224776500638
0.16426767676767676
0.16242197253433208
0.16061728395061728
0.15885225885225884
0.15712560386473431
0.15543608124253286
0.16442080378250593
0.16479532163742688
0.1630787037037037
0.16139747995418097
0.1623015873015873
0.17076318742985408
0.17105555555555554
0.16936193619361936
0.16770152505446623
0.16607335490830635
0.17409188034188033
0.1724338624338624
0.17080712788259958
0.16921079958463134
0.16764403292181068
0.16656472986748216
0.16959595959595958
0.16806806806806807
0.1665674603174603
0.16509341199606686
0.16364522417153995
0.1622222222222222
0.16082375478927202
0.15944919278252612
0.15809792843691148
0.15676937441643324
0.15546296296296297
0.1569329660238751
0.1589253187613843
0.15763324299909665
0.15636200716845874
0.15791111111111109
0.1593033509700176
0.1643482064741907
0.16697048611111112
0.16838931955211026
0.16709401709401708
0.16581849024597115
0.17213804713804715
0.1746031746031746
0.17330016583747926
0.17247942386831275
0.17121119281045752
0.17069140308191402
0.16945450885668278
0.16823541167066347
0.16703373015873016
0.1658490937746257
0.16573748043818465
0.1645784770784771
0.16551890432098765
0.16437739463601533
0.16325152207001523
0.16214096749811036
0.16104542042042042
0.15996457867263236
0.15889814814814815
0.15784584253127298
0.15680738304093567
0.15578249818445897
0.15477092352092353
0.15377240143369175
0.15759437321937322
0.1581829440905874
0.16129571026722928
0.16028127183787563
0.16240451388888888
0.16139579020013803
0.16039951989026063
0.15941547375596454
0.15844342818428184
0.15748316498316497
0.1580404953145917
0.15709414504324684
0.15615906084656084
0.15523504273504274
0.1543218954248366
0.15341942820012994
0.15776001291989664
0.15973827874116892
0.15882024265644956
0.16276984126984126
0.16279198232323233
0.16187225360954174
0.1640527465667915
0.1631362507759156
0.16222993827160495
0.16492480049109884
0.16786477411477413
0.17241196114146934
0.17147493961352656
0.17054804804804805
0.16963112305854242
0.1687240047534165
0.167826536643026
0.16693856554967665
0.1678143274853801
0.1704261198371146
0.16953848379629632
0.16866004605641916
0.17036798396334482
0.16949430199430202
0.16862953514739232
0.1705654258319233
0.17020903479236815
0.16935371300949192
0.16850694444444442
0.16766860143725815
0.16683855885588558
0.1660166940339354
0.16544798474945535
0.1646409214092141
0.16432713052858686
0.16353327965646808
0.16298744658119657
0.16244683678894203
0.1616732804232804
0.16564639283833596
0.16510089098532496
0.16432576943140323
0.16752985462097614
0.16675064599483205
0.16597865226337447
0.1652137736815156
0.1644559123343527
0.16370497209538304
0.1644760101010101
0.16373177476118653
0.16299424424424425
0.16226332835077228
0.1642175099206349
0.16496913580246914
0.1655666175024582
0.1654980420949584
0.16586866471734893
0.16710941290635611
0.16725241545893718
0.166528379028379
0.16581058429118772
0.16509895088221266
0.16439339981006645
0.16794917257683215
0.16723752354048962
0.1670593061415846
0.17055905695611576
0.16984542073454206
0.17156828703703703
0.17085638543107423
0.1701503673094582
0.16945016003657978
0.16916552823315117
0.16915532879818596
0.1694839656729901
0.17284637876743142
0.17618167562724016
0.17547411869701024
0.17499444444444442
0.1742972554227534
0.17492835097001763
0.17423693456302153
0.17355096237970255
0.1765958605664488
0.17590603298611113
0.1784641158668396
0.17777239448751075
0.1790165165165165
0.17832799145299144
0.17764474244359302
0.1769667090754877
0.17756125897760883
0.17941393097643096
0.17873689727463313
0.1790048036758563
0.18207969205160215
0.18140029021558873
0.18072593969434117
0.18036522633744856
0.17969967199671996
0.17922283496732025
0.18076414326414328
0.1801044201135442
0.17944949494949494
0.17879931561996779
0.17815383072603289
0.1798511191047162
0.18153624054161688
0.18088789682539683
0.18237939897192565
0.1817326635145784
0.18109049862583432
0.1809810250391236
0.18034600389863548
0.18321192696192695
0.18373499806426632
0.1837914737654321
0.1831555171088043
0.18252394636015323
0.18390129820542192
0.18327149923896502
0.1834992415623815
0.1832152305366591
0.1859839924670433
0.18535566816816818
0.18473157500935278
0.1861250932140194
0.18661742846525456
0.1859953703703704
0.18537744555186417
0.18724705665930833
0.18662907957462413
0.18601516812865498
0.18540528233151185
0.18588870733478577
0.187237604053565
0.18662968975468977
0.18602571017619562
0.1854256272401434
0.18563326187924262
0.18503828347578347
0.18657703230386935
0.18598283793347486
0.18729717813051147
0.18765383263009847
0.18706186470382055
0.18647361984626137
0.18839690003483106
0.1905425347222222
0.18994894427137418
0.19039423740510697
0.1898047815617475
0.18921896433470506
0.18863675213675213
0.188364860259032
0.18778882093102273
0.18935044037940377
0.18892688280986156
0.18986952861952863
0.18948472641826117
0.18891398929049533
0.1883466800133467
0.18778276779773787
0.18811774461028194
0.18755787037037033
0.1870013188262446
0.186448060486522
0.1858980662078007
0.18535130718954246
0.18480775496904525
0.18441358024691357
0.18387593132491092
0.18334140826873385
0.18280998389694042
0.1833654463712267
0.18283701569004163
0.18231162196679437
0.18178923909582934
0.18169841269841266
0.1811807534029756
0.18066603535353534
0.18043751967264715
0.1799278091650973
0.18223787167449138
0.18172596754057427
0.18163709928415808
0.18112973308504032
0.1806251934385639
0.18012345679012348
0.1796244998461065
0.17912829957028853
0.17918579736761556
0.17869352869352872
0.1782039573820396
0.17771706132361872
0.1772328186497124
0.17675120772946862
0.17627220716651612
0.17620120120120117
0.17673704702006585
0.17626194743130222
0.1757893952934167
0.1753193701723113
0.17485185185185181
0.17438682033096925
0.17392425582080753
0.17346413874191652
0.1743257109352096
0.17386695906432748
0.1734106153397492
0.172956660849331
0.17250507687844502
0.1720558449074074
0.1716089466089466
0.171164363845711
0.1707220786678151
0.17157073310423826
0.17370037132247929
0.17325498575498574
0.1728118783745382
0.17237103174603174
0.17193242861181793
0.17162295544275238
0.17245428973277074
0.1720187991021324
0.17410439406661068
0.17492322724734785
0.17486076301865777
0.17442361111111113
0.1748614574674425
0.17442647871752348
0.17461400606561897
0.17480060506050604
0.1748628257887517
0.17443212917350848
0.174003549003549
0.17357706971677558
0.17315267590328715
0.17303523035230353
0.17403352257366855
0.17603829557713052
0.17561205273069677
0.1751878690284487
0.17627175368139222
0.17692975427350427
0.1765054622968292
0.17608320042530567
0.17566295412357463
0.17524470899470898
0.17482845077856954
0.17559899947340704
0.17518387181507747
0.17653957023060796
0.17624183006535946
0.1768844548774126
0.1764702055685662
0.17652518172377984
0.1762302512302512
0.17593669250645994
0.1755284867233823
0.175122170781893
0.1762188863228124
0.17696492575524833
0.1765581098339719
0.1772999490316004
0.17918255784388507
0.178773465246068
0.17836623639584914
0.1785290404040404
0.17846434870244396
0.17975741578682755
0.18014171055931777
0.18041166166166164
0.18000624219725342
0.18072371699053313
0.18143798160576682
0.18159102182539685
0.18118658747834696
0.18078395061728397
0.18038309928553833
0.17998402163225174
0.17991783173902376
0.17952153695545764
0.1791269841269841
0.1787341617933723
0.1783430585946997
0.17795366327025713
0.17821955942870976
0.1783756038647343
0.1801578693661123
0.1818241943241943
0.18287137029037678
0.1824772509578544
0.1842353643966547
0.1838400095374344
0.18558767546990243
0.18625949667616332
0.18639540393271736
0.18599881796690307
0.18645317291814104
0.1860581450094162
0.18698614047451256
0.18764650726676044
0.18725146198830409
0.18895891690009337
0.1895061728395062
0.19120176662017666
0.19149849222918117
0.1921412037037037
0.19174174174174174
0.19134393729829413
0.19094778007821486
0.19055325987144167
0.19016036655211913
0.18976909007773204
0.18937942048825004
0.19001593806921674
0.18962735741876846
0.18924036281179138
0.18885494455759222
0.18847109304426377
0.19011719630380888
0.19084570400359874
0.1915712682379349
0.1930331541218638
0.19304717192041135
0.19265952699687638
0.19294143843242037
0.1938888888888889
0.1954978931026835
0.1961044710048694
0.1957146012812017
0.19620811287477954
0.1977997799779978
0.1974088713219148
0.19770984001753233
0.19732064741907263
0.19693298406461474
0.19654684095860567
0.19632528810611002
0.19789496527777778
0.19809400043318173
0.19770860354517944
0.19732470334412083
0.19742678725236867
0.19752847625188052
0.19762977262977266
0.197634339541854
0.19797542735042736
0.197595436127106
0.19721690080885484
0.19779583598895262
0.19741836301950805
0.19704232804232805
0.19793514997887623
0.19831857474172465
0.19952125420875422
0.20103444654484354
0.20065513626834383
0.20112471228290438
0.20074665831244778
0.20065144882218053
0.20027569704535997
0.19990134994807893
0.1996216832504146
0.20036726670804883
0.19999483684427924
0.19962378890950322
0.20008744855967078
0.19971760115013348
0.20027162771627716
0.199902803355842
0.20063827614379082
0.20027013251783893
0.20017806267806268
0.1998121064391631
0.19944748580697486
0.19908419348310058
0.19963131313131313
0.19981347045775358
0.20044786634460549
0.2000853928069118
0.2005365022061773
0.2001751751751752
0.19981514788169466
0.20080291242768802
0.20151831939466347
0.20205227588948518
0.20169146825396825
0.20222321251733016
0.20248616053776194
0.20257055456877837
0.20221138691883372
0.20185349065880037
0.20238025127601098
0.20255242014501276
0.20278266823161187
0.20242628392892012
0.20294834307992202
0.20259291690990464
0.20398698523698522
0.20485262749660654
0.2062379016647309
0.20761835748792268
0.20725790895061727
0.20838422601854142
0.2080236996759488
0.20766441867478136
0.20730637657361795
0.20694956697538452
0.20831219658539246
0.20881251871817907
0.20866900413133285
0.20916700583367245
0.20881006555067985
0.21015791893134309
0.2098005075045891
0.2094443096989786
0.2090893193435566
0.20873553030913433
0.20855185542685542
0.2082001659573329
0.2078496606274384
0.20848072562358277
0.20896985192287204
0.20878732285767462
0.2084381801773106
0.20809020324880093
0.2081600529100529
0.2094775902596202
0.2100640062226441
0.21137401616257337
0.21102405918217176
0.21108848222484586
0.21074015139609198
0.21204041473810828
0.2122673219507101
0.21356080746474834
0.21321070778037993
0.21286175408515834
0.21251394076148977
0.2121672622284368
0.21345037743653378
0.21310330365208413
0.21340670737992168
0.21468157495304985
0.2152780988339241
0.21493031515244765
0.2149868791602663
0.2146406845078343
0.21456355586178738
0.21470069301128689
0.21459700600325596
0.21585365079365074
0.21550883665500273
0.21516512240196445
0.21482250278030526
0.2144809725692078
0.21414052658100272
0.21380115966090604
0.2138584363070122
0.21415249880889692
0.2153131415552551
0.21544650668666418
0.21510775431765997
0.2163399242480875
0.21600083345773002
0.2172277492113173
0.2184508308531746
0.21947508852735062
0.21913322701874105
0.21887018934064037
0.22008312382924186
0.2212922972806694
0.22120773748095726
0.22086583989597897
0.22052499755046048
0.2217260376158681
0.22161568986568989
0.2228113646892449
0.2240033717986172
0.22457917061668972
0.22446513518761227
0.22412244032473042
0.22378079026325978
0.22344018023241768
0.22310060549042313
0.22367253173398846
0.2240912097162097
0.22375219124462692
0.2234141969980338
0.22398219971749384
0.22515090122394338
0.22481232844014798
0.2250753729920396
0.22473792865472023
0.22492544672559642
0.22473871212660454
0.22440328121298272
0.224441428334871
0.2241074381141345
0.22377444043491587
0.22344243087937443
0.22459288653733092
0.22455650652766035
0.22570191789172583
0.2258852483963103
0.22569985038689014
0.22536793884220355
0.2265054308556511
0.22763958711539356
0.22877042227335054
0.2298979508957579
0.2310221874637933
0.23112273821093066
0.23224191908689726
0.2319043581579919
0.2330191558965144
0.23268144697492524
0.2323447155031815
0.23345404394898617
0.2336222199317437
0.23328558849091988
0.23438877469453007
0.2340520092136471
0.23371621006126023
0.2348140378405421
0.23447810931716506
0.23414314058956912
0.2338091275502117
0.23347606611495497
0.23349957099957097
0.233167895472583
0.23326269278396936
0.23342804307747653
0.23309787611414204
0.23276864182584522
0.23279294557503302
0.23267633579253297
0.23234908356216372
0.2320227505796326
0.2316973329771366
0.23137282690854116
0.23146880896880898
0.23114552850935532
0.23082314980850546
0.23050166909846576
0.23018108263240392
0.22986138668430334
0.22961192567641944
0.22929390361869587
0.2289767612900393
0.2288676773656055
0.22855199781061847
0.22823718789627878
0.22792324403397304
0.22898378902843186
0.22866968232194568
0.22835643618177862
0.2280440470761948
0.22773251149275736
0.2274900387622079
0.22718010682928938
0.22687101824856926
0.22683450871290542
0.22788357993581873
0.22825230137222005
0.22794343492922653
0.22763540326040324
0.22793549043549044
0.22762829974757198
0.22745652545450662
0.2280468616658133
0.22794210077767124
0.2287089344227414
0.228402764497142
0.22809741320770732
0.2277928772755208
0.2280224867724868
0.22778543951979371
0.22828040569064506
0.22844205189822717
0.22847064334133296
0.22949253652896034
0.2291889749727051
0.22888621542848753
0.2285842547221175
0.22828308969613315
0.22896955931495402
0.22866867947354147
0.22836858934299878
0.22846247061515737
0.22816343596775532
0.22786518311028114
0.22756770898089435
0.2272710105337224
0.2269750847387566
0.22798031869878424
0.2280089156874871
0.22901020114055132
0.22871355580228636
0.22841767798106735
0.22812256470202205
0.22782821300563236
0.22843668180330548
0.22878618414332696
0.22865278287836127
0.2283592619760784
0.22813059625559626
0.22783849562018577
0.2275471420452239
0.22853367187658374
0.22951768505021056
0.23049919118390455
0.230905680762551
0.23061228091405983
0.23031962573523487
0.231295139517573
0.2310023608599558
0.23197454498023398
0.23294427409010743
0.23265052342921197
0.23235751269441446
0.232065239093541
0.2317736998484486
0.23223571528151205
0.23194469308191115
0.23165439934839188
0.23136483134920635
0.23107598636624854
0.23078786169496893
0.23050045464429025
0.23021376253652373
0.2299277827072858
0.22964251250541573
0.22977100175055568
0.22973415645135942
0.2297592069378225
0.22947555359592398
0.2295008611747206
0.2292182246461803
0.22893628341045316
0.22890073515073517
0.22984686921803488
0.22956519413320883
0.22928420858347417
0.22961515698373888
0.22933479659670133
0.22942097367402245
0.22920243412021732
0.22916690804464526
0.22913146830218517
0.22885339613191552
0.22857599807599807
0.22866246781198354
0.2283859714784745
0.22829130243079518
0.22801592088383404
0.22774120290686556
0.22746714610433022
0.22799503014346764
0.22832156672192686
0.22864732023904685
0.22877269270981845
0.22889776524644947
0.22862429121389696
0.22841113573512142
0.22873484117524642
0.22846253779289497
0.2281908819810128
0.22791987143234177
0.2276495038505715
0.2280314357180471
0.2277615760308068
0.2274923543097302
0.2272237682951969
0.22725062705899968
0.22715963692112104
0.22689239028944913
0.2266257717344674
0.22635977904463822
0.22615302666592232
0.22623949853165307
0.22597489093103126
0.22571090157246695
0.22564200514900631
0.22537901912901911
0.22511664541641258
0.2248548818752307
0.22478729974374576
0.22504856737745368
0.22513541724144276
0.22487484384185774
0.2246148729241215
0.22435550240111443
0.2241544003222204
0.2238961579255358
0.2247892578588781
0.2256803046889254
0.2261674685182148
0.22705489114606087
0.22679480536009747
0.22710739711597835
0.22684784580498868
0.22680292817279119
0.226544315939983
0.2262862928010992
0.2261236614478935
0.22586670274170273
0.22583734212565085
0.22614818414138138
0.2259486958241205
0.22569309775192126
0.22543807730248405
0.2251836325199756
0.22492976145738264
0.2251832189332189
0.22521113432249537
0.22540752630640273
0.22522468957654143
0.22497219552993097
0.22477625802093887
0.2252518997904904
0.22537266116875054
0.22534434346655333
0.2250931234626887
0.22500950083077031
0.22587155922806645
0.22562059082892416
0.22611009812730126
0.22669090733115124
0.2264398653518255
0.22674247612024162
0.22649193194773307
0.22624194085286803
0.22640595194343818
0.22615660618138594
0.2262745123718721
0.226163221698936
0.22591496349729062
0.22566724972152605
0.2254200785827292
0.22517344829981592
0.22492735709948825
0.2250457042351147
0.22480028907237193
0.22455540858318634
0.22431106102216003
0.22442956349206344
0.22418588318425448
0.2239427314671349
0.22424181843195923
0.2239991324812753
0.22375697125697122
0.2244332596249443
0.2241911525487577
0.22394956725506293
0.2237085020588788
0.2235575610172384
0.22331743474332086
0.22319704169221335
0.22402962792834175
0.22395036708473537
0.22371084797555382
0.22347184065934064
0.22376696142704677
0.22358170880292413
0.22355659516202644
0.22331876899696046
0.22308144830727186
0.2228446314831665
0.2226083169216785
0.2230787177158999
0.2228426555807508
0.2226070925198832
0.22279441343591289
0.22292859654410288
0.22374742837071604
0.22386278195488718
0.2236273847078263
0.22339248199279713
0.2238576175485934
0.22362296595787162
0.2244359262029419
0.22524718569436142
0.2253775439120267
0.22540324584948804
0.2251682059685188
0.22493365575396826
0.22521988504038454
0.2258693446193446
0.22563479701330166
0.22540073602054927
0.22516716012830001
0.225106600611259
0.22487381198601467
0.22464150432900434
0.22440967615116222
0.22417832596956308
0.22411909666029134
0.22388852145796592
0.22376119512553222
0.2235314608389557
0.2233021978021978
0.2230734045667447
0.22284507969001316
0.2226172217353199
0.22315591711659127
0.22394861516034983
0.22402613950779088
0.22379800698283386
0.22372293271326843
0.2234955720092915
0.22326867295141403
0.2230422341350333
0.22281625416123893
0.2236028773857721
0.22337678751986131
0.2236562049062049
0.22388460429580512
0.22416294642857146
0.2242728863952429
0.22404725974897002
0.22422409667384544
0.22399897207879135
0.2237742990877394
0.2235500763431625
0.22332630249296917
0.22310297619047617
0.2228800960943818
0.22265766086873873
0.22243566918292743
0.2222141197116297
0.2219930111348022
0.22182204392691468
0.22259481250295549
0.2223739843159486
0.22215359384586342
0.2228742338519566
0.22364290424379443
0.22342191323169583
0.22320135852959147
0.22298123884662344
0.22320490265071544
0.22308363798275216
0.2238475675422578
0.22460999625783515
0.2245122435627833
0.22429213352007468
0.22407245464297373
0.22385320566582798
0.2236343853279337
0.2235624767485119
0.22388095238095237
0.22366274482502554
0.22359101868595538
0.22337351769501573
0.22315643944652688
0.22293978270920017
0.22272354625652394
0.22250772886674047
0.22229232932282303
0.22227077001013168
0.22229756153669195
0.22208298860084572
0.2222545575607292
0.22204043948986146
0.22230796553462578
0.22273523351648356
0.22324173185124196
0.22302748834658626
0.2232930420490344
0.22389333607006023
0.2239183185235817
0.22413445779841573
0.2239203847728203
0.22389755997818975
0.2236841209314994
0.22347108843537414
0.22359147750441755
0.223378938077132
0.223166802333469
0.22295506912442395
0.22274373730534866
0.2230062905844156
0.2231264360048655
0.22291554145287604
0.22270504519088088
0.22273079514824798
0.22252086979938063
0.22245258272800644
0.22271368095686064
0.2225043635875403
0.22229543930248158
0.2220869069954436
0.2218787655643326
0.22167101391118246
0.22177546884048288
0.221568202047174
0.22136132230670047
0.22124811211798148
0.22166322726667553
0.22168961159882947
0.2214833887043189
0.2212775491237387
0.22107209178936196
0.22179465942221044
0.22177446047927973
0.22156911375661373
0.22136414695387865
0.22115955901769208
0.22132469331222795
0.22135114654717977
0.2211471362738644
0.22094350171007632
0.22094467808589247
0.22074160393323994
0.22108986692320023
0.22157510557739915
0.22137201198841894
0.221260865457294
0.22105843099667435
0.220993478134703
0.2207916576067261
0.22059020536438417
0.22107280317170927
0.2210080738427733
0.2208069745945087
0.22060624098124096
0.22040587200668943
0.22020586667818973
0.2200062240066773
0.21980694300667128
0.219608022696258
0.2199519575762795
0.21984359989102537
0.21964518508967967
0.22003324173071698
0.21983501358501362
0.21963714228565717
0.21943962686993265
0.21924246637858502
0.21904565985580352
0.21884920634920638
0.21865310490982537
0.21845735459209054
0.21826195445381497
0.21806690355617972
0.21787220096371884
0.21767784574430427
0.2175729635288459
0.21737922090771603
0.2175565229057222
0.217363139329806
0.21717009924159125
0.217066132871368
0.21687369835641113
0.21716876151109987
0.217065072341621
0.2177573224987018
0.217609126984127
0.2174170624413343
0.21731352005822904
0.21712205440179008
0.21697493991728145
0.21678410883556
0.21668148659580996
0.21649124824058974
0.21630134363686992
0.21611177190712683
0.21592253217691043
0.21573362357483092
0.21554504523254522
0.21535679628474386
0.21516887586913763
0.2149812831264444
0.21479401720037605
0.2146070772376255
0.21442046238785367
0.21432105277674346
0.21413501019620812
0.21394929032613336
0.21402385766553877
0.21383855562426993
0.21365357417476796
0.21346891248576644
0.21328456972887025
0.21310054507854337
0.2137789066776136
0.213594773252396
0.2138412493511461
0.21391533254172976
0.21459066301205473
