NUMBER OF PATTERNS : 355
MAX PATTERN LENGTH : 7
MEAN PATTERN LENGTH : 4.41690140845
NUMBER OF PATTERNS : 993
MAX PATTERN LENGTH : 9
MEAN PATTERN LENGTH : 5.05035246727
0.0
0.275
0.18333333333333335
0.1375
0.13
0.10833333333333334
0.09285714285714286
0.08125
0.15555555555555556
0.15499999999999997
0.1409090909090909
0.12916666666666665
0.15384615384615383
0.14285714285714285
0.13333333333333333
0.1375
0.15882352941176472
0.15000000000000002
0.14210526315789473
0.14333333333333334
0.13650793650793652
0.1303030303030303
0.1355072463768116
0.12986111111111112
0.14066666666666666
0.16025641025641027
0.15987654320987657
0.1541666666666667
0.16609195402298854
0.1605555555555556
0.15537634408602152
0.18020833333333333
0.17474747474747473
0.1696078431372549
0.1719047619047619
0.1685185185185185
0.1653153153153153
0.1701754385964912
0.17094017094017092
0.16666666666666666
0.17723577235772356
0.17301587301587298
0.19224806201550385
0.18787878787878787
0.18370370370370367
0.19384057971014493
0.18971631205673758
0.18576388888888892
0.19217687074829934
0.19433333333333336
0.19705882352941181
0.1990384615384616
0.19811320754716988
0.19537037037037044
0.1918181818181819
0.18839285714285717
0.18859649122807018
0.2025862068965517
0.19915254237288135
0.19583333333333333
0.19444444444444445
0.19130824372759855
0.1882716049382716
0.1853298611111111
0.19094017094017093
0.19031986531986533
0.18822553897180766
0.1854575163398693
0.18276972624798712
0.18444444444444447
0.18184663536776216
0.18348765432098768
0.18097412480974126
0.17852852852852855
0.17814814814814817
0.1758040935672515
0.17352092352092355
0.17257834757834759
0.17039381153305205
0.1726388888888889
0.17153635116598082
0.16944444444444445
0.17643908969210176
0.17493386243386247
0.17287581699346408
0.17086563307493544
0.16890166028097064
0.1732323232323232
0.17578027465667914
0.17382716049382715
0.17191697191697192
0.17222222222222222
0.17037037037037037
0.1685579196217494
0.16678362573099415
0.16504629629629627
0.1633447880870561
0.16167800453514738
0.1600448933782267
0.15844444444444444
0.15687568756875686
0.1651416122004357
0.1635382955771305
0.16356837606837604
0.162010582010582
0.16048218029350103
0.1589823468328141
0.16213991769547323
0.16523955147808359
0.1637373737373737
0.17127127127127126
0.1697420634920635
0.16823992133726648
0.16676413255360625
0.16531400966183576
0.16388888888888892
0.1667616334283001
0.16534839924670436
0.1681605975723623
0.16675925925925927
0.16538108356290177
0.16402550091074683
0.16269196025293586
0.16944444444444445
0.1680888888888889
0.16675485008818344
0.16701662292213473
