625
MAX PATTERN LENGTH : 7
MEAN PATTERN LENGTH : 4.3408
0.0
0.4
0.26666666666666666
0.2
0.25
0.375
0.32142857142857145
0.28125
0.33888888888888885
0.375
0.3939393939393939
0.40277777777777773
0.4333333333333333
0.40238095238095234
0.4422222222222222
0.4614583333333333
0.4637254901960784
0.449074074074074
0.425438596491228
0.42499999999999993
0.40476190476190466
0.4318181818181817
0.4510869565217391
0.4739583333333333
0.491
0.4932692307692308
0.4824074074074074
0.4741071428571429
0.4663793103448276
0.45749999999999996
0.442741935483871
0.45546875000000003
0.4416666666666667
0.43194444444444446
0.43388888888888894
0.42322530864197533
0.41989489489489495
0.4233187134502924
0.4124643874643875
0.4146527777777777
0.42527100271002705
0.41633597883597884
0.4299095607235142
0.4201388888888889
0.4330246913580247
0.4388285024154589
0.4305555555555555
0.4226273148148148
0.43441043083900227
0.4257222222222222
0.4369825708061002
0.4478098290598291
0.445020964360587
0.4386316872427984
0.4367171717171717
0.4289186507936508
0.42665692007797273
0.4365421455938698
0.44044256120527314
0.4331018518518519
0.42964480874316946
0.4291666666666667
0.42588183421516757
0.42625868055555555
0.4304700854700855
0.42925084175084177
0.4228441127694859
0.41662581699346407
0.4105877616747182
0.40615079365079365
0.40512519561815336
0.4015817901234568
0.3960806697108067
0.3907282282282282
0.39685185185185184
0.39163011695906436
0.3865440115440115
0.3828703703703704
0.3856188466947961
0.3932986111111111
0.3935871056241427
0.3887872628726287
0.3901271753681393
0.3866732804232805
0.382124183006536
0.3800064599483205
0.3756385696040869
0.375915404040404
0.37281523096129837
0.36867283950617286
0.36462148962148966
0.3671799516908213
0.3739844683393071
0.3806442080378251
0.3766374269005848
0.3727141203703703
0.3693871706758304
0.3656179138321995
0.3644500561167227
0.3623055555555555
0.3602035203520351
0.3664760348583877
0.37262675296655867
0.37545405982905994
0.37521164021164033
0.37214360587002104
0.36866562824506754
0.37451131687242806
0.3802497451580021
0.37679292929292935
0.3824074074074075
0.38010912698412697
0.37674532940019667
0.37344054580896685
0.37019323671497584
0.36700191570881224
0.3724121557454891
0.3720809792843691
0.37735760971055093
0.37421296296296297
0.3723599632690542
0.3693078324225865
0.3744354110207769
0.37948028673835127
0.3768444444444444
0.3738536155202822
0.3732720909886264
