3708
MAX PATTERN LENGTH : 10
MEAN PATTERN LENGTH : 5.84061488673
1.0
0.5
0.35000000000000003
0.4291666666666667
0.5433333333333333
0.5638888888888889
0.5190476190476191
0.4666666666666667
0.4148148148148148
0.37333333333333335
0.3893939393939394
0.36944444444444446
0.3487179487179487
0.3238095238095238
0.31055555555555553
0.3050347222222222
0.28709150326797384
0.271141975308642
0.2595029239766082
0.24652777777777776
0.23478835978835977
0.2241161616161616
0.21437198067632848
0.2054398148148148
0.19722222222222222
0.20694444444444443
0.1992798353909465
0.19216269841269842
0.18553639846743294
0.18101851851851852
0.17517921146953405
0.17751736111111113
0.17516835016835017
0.17001633986928105
0.16515873015873017
0.17584876543209876
0.17379879879879878
0.16922514619883042
0.16873219373219372
0.16868055555555556
0.16578590785907857
0.17374338624338623
0.16970284237726097
0.1669823232323232
0.1854938271604938
0.1814613526570048
0.19887706855791962
0.19473379629629628
0.1907596371882086
0.19094444444444442
0.20517429193899778
0.20122863247863243
0.1974318658280922
0.193775720164609
0.1902525252525252
0.18685515873015873
0.18971734892787523
0.1864463601532567
0.18328625235404894
0.18439814814814814
0.19612932604735883
0.19457885304659497
0.19149029982363314
0.18849826388888888
0.18559829059829058
0.18278619528619527
0.19498341625207297
0.2068218954248366
0.20599838969404186
0.20305555555555554
0.20089984350547732
0.19810956790123457
0.1960806697108067
0.19478228228228228
0.1921851851851852
0.18965643274853802
0.1871933621933622
0.18607549857549857
0.18372011251758089
0.18142361111111113
0.17918381344307274
0.1769986449864499
0.17486613119143243
0.17397486772486775
0.1758496732026144
0.17380490956072353
0.1746807151979566
0.17496843434343434
0.17300249687890137
0.17108024691358026
0.1692002442002442
0.1673611111111111
0.16556152927120668
0.1744385342789598
0.17576023391812867
0.17392939814814815
0.17213631156930126
0.17293083900226758
0.18128507295173962
0.18147222222222223
0.17967546754675467
0.1779139433551198
0.1761866235167206
0.18410790598290602
0.18235449735449738
0.18063417190775685
0.17894600207684322
0.1772890946502058
0.17703873598369013
0.17997474747474748
0.1794794794794795
0.1787698412698413
0.17718780727630287
0.17563352826510725
0.17410628019323673
0.17260536398467435
0.17113010446343782
0.16967984934086633
0.1682539682539683
0.1668518518518519
0.16547291092745642
0.1665755919854281
0.1652213188798555
0.16550179211469537
0.16657777777777782
0.16790123456790126
0.1724846894138233
0.1750434027777778
0.17833763996554694
0.17696581196581196
0.17561492790500424
0.18186026936026936
0.18425229741019217
0.18287728026533998
0.18198559670781894
0.1806474673202614
0.1793288726682887
0.17911634460547504
0.1778277378097522
0.17655753968253968
0.1753053585500394
0.17512715179968702
0.1739024864024864
0.17512538580246914
0.1739176245210728
0.17272640791476407
0.1715513983371126
0.17039226726726725
0.16924869500372855
0.16812037037037036
0.16700699043414274
0.16590826023391814
0.16482389251997095
0.1637536075036075
0.16269713261648744
0.1648593304843305
0.16540162774239206
0.16530414908579466
0.164264500349406
0.16323784722222223
0.16222394755003453
0.16122256515775035
0.160233469665985
0.15925643631436315
0.1582912457912458
0.1573376840696118
0.15639554224883567
0.15546461640211642
0.15454470742932283
0.1536356209150327
0.15273716699155296
0.15504683462532304
0.15704078355812462
0.15613825031928483
0.16010317460317464
0.15919349747474748
0.1582940991839297
0.1596519975031211
0.158760086902545
0.15787808641975307
0.16059699201964395
0.1635607448107448
0.1681314511232544
0.16751962560386474
0.16661411411411411
0.165718339307049
0.16483214497920382
0.16395537825059103
0.16308788947677838
0.16398391812865498
0.16312536358347876
0.16227575231481484
0.16221214738054118
0.1639533218785796
0.16311253561253564
0.16228032879818596
0.16348702763677384
0.16291386083052753
0.1620951982132887
0.1612847222222222
0.16048231066887783
0.15968784378437842
0.15890120415982484
0.15836737472766885
0.1575948509485095
0.15731526429341966
0.1565552871712292
0.15580261752136754
0.15529638490164807
0.1545568783068783
0.15856371774618222
0.15781577568134172
0.15707485654668754
0.15774273104880585
0.1570090439276486
0.16091177983539093
0.16017025089605735
0.1594355249745158
0.15870750887874174
0.15950126262626263
0.15877953745600804
0.1580643143143143
0.15780393622321875
0.15866195436507938
0.1594382716049383
0.15961774827925274
0.1593551150269212
0.15975268031189085
0.16102013585638042
0.16118961352657007
0.16049182299182302
0.15980004789272034
0.15911421077730095
0.15843423551756888
0.16201536643026007
0.16132886064030136
0.16064814814814818
0.16417483660130722
0.1634879125987913
0.16419560185185186
0.16351429230059938
0.16283861340679523
0.16216849565615
0.16273337887067396
0.162749433106576
0.16310411020776877
0.16649235267656323
0.169853270609319
0.1691711289602856
0.16849444444444447
0.1678231518370961
0.16847993827160496
0.16781400966183577
0.16715332458442694
0.16963507625272334
0.1689724392361111
0.172206009511457
0.1715385443583118
0.17280673530673532
0.17214209401709404
0.17148254576415498
0.170828032230704
0.1701784959864808
0.17079650673400673
0.17015199161425576
0.17045217209690894
0.1698137744486059
0.16918014096185738
0.16873709211069807
0.1681121399176955
0.16804530545305454
0.16742749183006533
0.1680962555962556
0.16748276561232764
0.16687373737373737
0.1662691223832528
0.1656688728439631
0.16633193445243805
0.16663181999203505
0.16603670634920634
0.16615757216291022
0.16556836091410557
0.16498331370239497
0.16457844287949921
0.1640009746588694
0.16692404817404818
0.16750387146728607
0.16761670524691358
0.16934352172241446
0.16875957854406132
0.16875238640702556
0.16817446727549465
0.1684537353052711
0.16822089947089947
0.17104048964218457
0.17046265015015016
0.16988870183314628
0.1701575316927666
0.16958844295800818
0.16902314814814814
0.16846160944998154
0.1695594186902134
0.1689998166483315
0.1684438961988304
0.16789162112932604
0.16843228031953522
0.16951230546507418
0.16896194083694083
0.16841513843941028
0.16787186379928315
0.16813594140764557
0.16759704415954416
0.16830404685835995
0.1677680467091295
0.16802910052910053
0.16955432489451477
0.16901945320715037
0.16890723270440253
0.17135579937304074
0.1731640625
0.17262461059190032
0.175194099378882
0.1746517027863777
0.17411265432098766
0.17357692307692307
0.1736579754601227
0.17312691131498473
0.17458079268292684
0.1740501519756839
0.17655303030303032
0.1762084592145015
0.1756777108433735
0.17515015015015015
0.17462574850299403
0.17455223880597015
0.1740327380952381
0.17351632047477744
0.17300295857988163
0.17249262536873156
0.17198529411764704
0.17148093841642226
0.1712719298245614
0.1707725947521866
0.17027616279069768
0.16978260869565218
0.1707369942196532
0.1702449567723343
0.1697557471264368
0.17022445081184337
0.17002380952380955
0.16953941120607788
0.16905776515151516
0.168862134088763
0.16838512241054615
0.17072769953051645
0.17024812734082398
0.1700513538748833
0.16957635009310987
0.16910399257195916
0.16863425925925926
0.16816712834718375
0.1677025782688766
0.16724058769513317
0.16678113553113555
0.16632420091324202
0.16586976320582877
0.1655540417801998
0.16510416666666666
0.16465672990063235
0.16434684684684686
0.16525157232704404
0.1648073476702509
0.16436550491510277
0.16392602495543673
0.1634888888888889
0.1630540780141844
0.1626215738284704
0.16219135802469137
0.16176341248900616
0.1613377192982456
0.16091426071741033
0.16049301919720768
0.1600739773716275
0.15965711805555557
0.15924242424242424
0.15882987910189983
0.15841946597760553
0.1596864261168385
0.16184661525278493
0.16143162393162394
0.16101875532821824
0.16060799319727895
0.16019932145886348
0.159919627749577
0.16078059071729958
0.16037457912457914
0.1624895046179681
0.16333752093802348
0.16292815371762742
0.1625208333333333
0.16248960931005818
0.16208540630182422
0.16230355665839535
0.16239686468646866
0.1624897119341564
0.16208949096880132
0.1616912366912367
0.16141748366013073
0.1610228198859006
0.16063008130081302
0.16105028386050282
0.16308656957928802
0.16269168684422922
0.1622987117552335
0.16281124497991967
0.16326121794871795
0.16286970423661074
0.16248006379585328
0.1620922832140016
0.16170634920634921
0.16132224861441014
0.16212480252764613
0.16174152876280537
0.16283411949685536
0.16245098039215689
0.16312597809076684
0.16274395003903203
0.16248052959501558
0.1621017871017871
0.16218992248062017
0.16181361175560713
0.16143904320987654
0.16245188606620478
0.16322964669738863
0.1628544061302682
0.1636276758409786
0.16554157131960337
0.16516362252663622
0.16478739559605163
0.16554924242424243
0.16562736205593345
0.1664969834087481
0.16758841234010532
0.167774024024024
0.16739700374531832
0.16926382660687592
0.17000372856077553
0.17018229166666668
0.16980326651818858
0.16953703703703704
0.16960458240946047
0.16978244837758114
0.169738778513613
0.16936490455212924
0.168992673992674
0.16862207602339185
0.16825309992706056
0.16788573508005825
0.16828249818445898
0.16846014492753625
0.17026391901663052
0.17184343434343438
0.17363210943124552
0.17433548850574715
0.17611111111111113
0.1757331902718169
0.1774982155603141
0.17818732193732195
0.17823383084577116
0.177854609929078
0.17832625619249826
0.17900776836158194
0.1796863988724454
0.18067862165963436
0.18029824561403512
0.18202030812324932
0.18279175401816913
0.18240934449093446
0.18272442588726515
0.18348958333333334
0.18310810810810813
0.18303941908713692
0.18266045548654244
0.18228305785123966
0.18190721649484534
0.18153292181069958
0.18116016427104722
0.1807889344262295
0.18072597137014315
0.18035714285714285
0.179989816700611
0.18064024390243902
0.1823022312373225
0.18304655870445347
0.183989898989899
0.18563508064516132
0.1853621730382294
0.1869979919678715
0.1884602538410154
0.18941666666666668
0.19103459747172324
0.19165006640106244
0.19126905235255137
0.19133046737213405
0.19293179317931794
0.19255050505050506
0.192367959675652
0.19198928258967632
0.19161209342938226
0.19123638344226582
0.19086214394433573
0.19244249131944446
0.1921648256443578
0.1918882403804583
0.1915156418554477
0.19259797588285962
0.19270900494304752
0.19262655512655513
0.19273710126311283
0.192366452991453
0.19199722755384943
0.19162941677309492
0.1922190354790737
0.19185220525869381
0.19148677248677248
0.19112272919307138
0.19132932742989667
0.19191393097643097
0.19344150388573828
0.19317085953878407
0.19337204436074495
0.19300856307435257
0.19283406295601419
0.19247295047856847
0.19211318795430946
0.19184805140961855
0.1926081109042003
0.19225010326311442
0.19189342403628118
0.19218621399176958
0.19183097145204356
0.19147703977039773
0.1911244117045222
0.19160028594771242
0.1912487257900102
0.19117317867317865
0.1910065001015641
0.1906579480940795
0.19031066585711395
0.19178282828282828
0.19170699737850372
0.19235607890499196
0.19200823789431384
0.19247392699558763
0.19212712712712712
0.19178157474020782
0.19278376221823257
0.1933343289526085
0.19388292585967004
0.19353670634920636
0.19408298673004556
0.19427145116646896
0.19437043615551608
0.19476457840819544
0.19441986234021633
0.19434138201806048
0.1946159122085048
0.19515356025039124
0.19481058387033784
0.1953460038986355
0.19500389180774472
0.19641122766122768
0.19720283110335468
0.19860143244289588
0.1999951690821256
0.1996479552469136
0.20078746114274712
0.2004400779919811
0.20009389478301395
0.19974890530925013
0.19940510340682457
0.20078069601265477
0.20129393667129516
0.20116329636877583
0.201674128340795
0.20132997453816567
0.20212271166274576
0.20177896555447578
0.20143638666558872
0.20109496906107077
0.2007547068460774
0.20066897254397256
0.2003305763002222
0.1999933194377639
0.19979725223422704
0.20030094811974009
0.2001329398314323
0.19979826936348677
0.19946471632615206
0.1994447751322751
0.2007768137759818
0.20137768285608815
0.2027020979757298
0.20236649847576998
0.20219729765184313
0.20186363874482688
0.20317852566616984
0.20383119256474522
0.20513853050798864
0.20480223783502471
0.20446704595640766
0.20413294947608673
0.203799943033222
0.20509668579701154
0.20476319525100015
0.20516130694702125
0.20644953821615086
0.20732906970771048
0.2069941277534169
0.20706349206349206
0.2067300564885106
0.20693359873424183
0.20700272618410662
0.20707163207163207
0.20834031746031748
0.2080075054515949
0.2076757550441761
0.20734506116671722
0.20701541878012467
0.20668682287729906
0.2063592684828818
0.20619097850110507
0.2064971538905188
0.2077487356667167
0.2075790526184227
0.20725267046021761
0.20849717176247787
0.20817037368761507
0.20940954368184414
0.21064484126984126
0.21187628457519253
0.2115462592098106
0.2112172603618949
0.2124420782805876
0.2136630983142611
0.21333235048405327
0.21338902382179042
0.21305971977268273
0.21427226257734733
0.21401953601953602
0.21369078097188698
0.21489677670659266
0.21502710323537275
0.2146983156157468
0.21437053192778383
0.21404374758033298
0.2137179580101955
0.2140010614174748
0.21405568803140881
0.21464045214045216
0.21431573133539852
0.21399199155996743
0.21434796140678494
0.21553117230828076
0.21558300513187734
0.21570975737642406
0.21538635444182674
0.21543817127649467
0.21519087954065538
0.2148696991234305
0.2149220542663166
0.2146022297808012
0.21428335573952217
0.21396542791201545
0.21512992357436803
0.21510754203061894
0.21626691050620148
0.21661164957625137
0.21673446010706687
0.2164157329598506
0.21727268489383028
0.21842037890424987
0.21956471217086151
0.2207056994337696
0.22184335534700497
0.22195728631588688
0.22308980846098747
0.22276555001845696
0.22389361162946067
0.2235691281343455
0.22324558380998322
0.2243680612900266
0.2246936485031723
0.2243698824390467
0.22548589699668836
0.22516192300675056
0.22483887864088722
0.22594942466002635
0.22562617798669296
0.2253038548752834
0.2249824513733215
0.2246619635508524
0.2246980062769536
0.224378832972583
0.22406056512439493
0.22409730653356716
0.2237803372173952
0.2234642632947718
0.22371325587122484
0.22382070198971607
0.2235059049405041
0.2231919921526663
0.22287895990560785
0.2225668044995776
0.22225552225552225
0.22264343353728827
0.22233291270948174
0.22202325684219834
0.22171446232642336
0.22140652557319226
0.22109944301345136
0.22079321109792027
0.22048782629695496
0.22101201438218016
0.22070717022441164
0.22040316585771133
0.22009999781664158
0.22117128902843192
0.2208678990571995
0.2205653402913677
0.22026360931969688
0.219962702749588
0.21973083003096644
0.21943146922710954
0.21913292301047402
0.21883518806073154
0.21989511317869526
0.21959715232072954
0.21929999785209528
0.2190036465036465
0.2193153824732772
0.21901980918153424
0.21879232626204362
0.2189462792285373
0.2188537338872909
0.21990084684454655
0.2196064682008457
0.2193128766658178
0.21902006908682473
0.219194708994709
0.2189028385433179
0.2192766379601486
0.21945024136259197
0.21949075828386172
0.22052454535898244
0.2202328462249097
0.2199419177622612
0.2196517569208862
0.2193623606667085
0.22006056808688387
0.21977139519846484
0.21948298129400493
0.22017828538143086
0.21989009390841852
0.21960265587716568
0.21931596833685607
0.21903002835206226
0.2187448330026455
0.21976076950069148
0.21980004122861266
0.22081197373026168
0.22052594785755408
0.2202406620259143
0.21995611336696608
0.21967229902713775
0.22022684503354606
0.22058691344405632
0.2204640510874444
0.22018104203598426
0.21989875864875866
0.21961719813832492
0.2193363577314984
0.21956709035253097
0.21928703028830582
0.2190076837529067
0.21949240680156712
0.219213509207156
0.21893531947465958
0.21865783491258778
0.21838105284307816
0.21892671522886442
0.2188607303190637
0.21858473948637888
0.21830944384470838
0.21803484077068985
0.21776092765414376
0.2183032602417797
0.21802969725902058
0.21775681903967262
0.217484623015873
0.2172131066325823
0.21694226734750427
0.21667210263100675
0.21640260996604282
0.21613378684807258
0.21586563078498563
0.21580466552585512
0.2157851052962439
0.21582739812035237
0.21580785812267295
0.2160349754369483
0.21576892251153332
0.21550352408285986
0.2153002028002028
0.21626302463725774
0.21599799642079054
0.21573361698820695
0.2160811309038693
0.21581729557920035
0.21591995741385986
0.2156569611198113
0.2159420499748967
0.2159226793187911
0.2156606372322392
0.21539923039923042
0.21532005457550255
0.21505969175255754
0.21486034429875012
0.21460116414881195
0.21434260852935555
0.21420501212919985
0.21474883623321125
0.21509127460508015
0.2148933234364889
0.21503516775971868
0.21504376471481737
0.21478684265422618
0.21459019964389892
0.21493037819021132
0.21467450869236587
0.21441924768321918
0.2141645929947593
0.21391054246926136
0.2141902693146769
0.21393678970602048
0.21368390933993772
0.21343162609396377
0.21317993785564543
0.21310552096771176
0.21297245564892625
0.21272219424393338
0.21247252030702737
0.21245789836059473
0.21256040667633175
0.2123117980135524
0.2120637702121347
0.212010798095979
0.2117636992636993
0.21151717574884052
0.21127122554448138
0.21121942001732946
0.21114839980849265
0.21107754418878405
0.2108332414756026
0.21058950362418571
0.21034632867773745
0.21021905494223833
0.2099768670909224
0.21088598462016184
0.2117930122240467
0.2123535254132269
0.2132567897189457
0.21301250931835125
0.21362691148160257
0.2133827664399093
0.21335321990287745
0.21310994371142605
0.21286722167986408
0.21281466132148727
0.21257282647907647
0.2126720627713817
0.21299783140769535
0.21281323590213738
0.2130815467212526
0.21284077661196305
0.2126005500017915
0.2123608650525223
0.21279739560989563
0.2128392433088721
0.21299335651863743
0.2128945985427467
0.2126559274681472
0.21247378197266217
0.21296318490110439
0.21309767668706217
0.21313886231575965
0.2129012493142928
0.21294256195425462
0.21381804297544008
0.21358046737213404
0.21389835808537253
0.2144927058036814
0.21431054333878255
0.2144422057170951
0.21420525300359555
0.21396882336451872
0.2141463660068952
0.21391052199146912
0.214164134667435
0.21406615210186639
0.21383117279110694
0.21359670878585355
0.21336275839287888
0.21312931992636588
0.21289639170786712
0.21314917342482848
0.21291673157812746
0.2126847961406785
0.21245336545935026
0.21222243788819878
0.21199201178842875
0.21176208552835454
0.21207436929267917
0.21184485157699445
0.21161583011583013
0.21225123418697936
0.21202226845430733
0.21179379618226604
0.21156581577733358
0.21151753712237586
0.2112903432049512
0.21130207268887527
0.21214740808792257
0.21197380272594407
0.21174709277650455
0.21152086725003394
0.21182874252511394
0.21176282702135582
0.2117503000490221
0.21187964370145224
0.21165447936170573
0.21142979307788226
0.21120558332912523
0.2116880632902879
0.21156987486352566
0.21134622806134434
0.21112305358609476
0.21116406302324023
0.2119952916185793
0.21212301587301588
0.21189996328008948
0.21167737928504737
0.21215480770832293
0.21193242321386976
0.2127576248649547
0.21358110015275286
0.21393263505332472
0.21381370745932335
0.2135907526027443
0.21336826223544975
0.21366652627058455
0.21422404547404547
0.21400159059816382
0.21377959724692092
0.21355806398552513
0.21350952216635447
0.21328872638334892
0.2130683867899777
0.21284850197388896
0.21262907052855506
0.21258173540614325
0.21236302991704228
0.212144773976737
0.21192696620058019
0.21170960520960522
0.211492689630497
0.21127621809556302
0.21106018924270456
0.21145747199117984
0.2122621072238419
0.2123005760238176
0.21208438399120677
0.2122755494194965
0.21205982223512712
0.21184453307549753
0.21162968060787532
0.21141526350492915
0.21187604427736004
0.2116618116744507
0.21175104216770882
0.211991454839588
0.21182815700204816
0.21195051871033746
0.21173728881223855
0.21162499002951266
0.2114125151399248
0.2112004664788015
0.21098884276489488
0.21077764272208718
0.2105668650793651
0.2103565085707943
0.2101465719354941
0.20993705391761228
0.2097279532662999
0.20951926873568666
0.20931099908485595
0.2099306836273073
0.2097224190602167
0.20951456730693602
0.21029722615118657
0.21107833670890053
0.21086976127737
0.21066159764333509
0.21045384458846
0.21073911173664872
0.2106793291463567
0.21145545566637014
0.21223005737986092
0.2121444537906756
0.21193646903205726
0.21172889168726583
0.21152172056037027
0.21131495446011575
0.2111574203249008
0.2114879984514131
0.2112818697979517
0.21127088453037823
0.21106536810573778
0.21086025112993045
0.21065553243951304
0.21045121087555618
0.21024728528362252
0.21004375451374485
0.21003404101808357
0.2100726554712062
0.20986988263773979
0.20981214890327718
0.20961001773863047
0.2097932612249263
0.20991204975579975
0.21047889697025146
0.21027690186759285
0.21031498729245615
0.21087981968010702
0.2107258676995519
0.2109546192600686
0.21075313442791951
0.21074287380346543
0.2105419749723849
0.21038907785336355
0.21052191412562488
0.21032179823767275
0.21012206243687725
0.20992270564139634
0.2097237267734898
0.2099986096079846
0.21027297232358727
0.21007422660305458
0.20987585622854743
0.20991370919436955
0.2097158640396152
0.20956547245389054
0.20999548298466453
0.20979811880892707
0.20960112527013935
0.20940450132523303
0.20920824593505005
0.20901235806432436
0.20912865458001098
0.208933207239282
0.20873812487958146
0.2087299736436863
0.20884609979437566
0.20888441813721143
0.20869010705057217
0.2084961571369564
0.2083025673903111
0.20903698059310305
0.20907494446651073
0.20888135655496767
0.2096131961881268
0.20941946865006014
0.20922609887291327
0.209263713172846
0.2090708433911199
0.20887832880236196
0.20889060469327259
0.20906625671101775
0.20924158613552551
0.20973769477209844
0.20968293978147323
0.2096740726205012
0.2094822390682409
0.209382163895418
0.20919094730738563
0.20900007965473294
0.2094932427544096
0.20943905947321248
0.2092484870806072
0.2090582611832612
0.2088683808370457
0.2086788451012589
0.20848965303861045
0.2083008037152059
0.2081122962005315
0.20882828869944603
0.20877514661389998
0.20858672139132428
0.20898474959566032
0.20879647504647503
0.2086085394253711
0.2084209418179742
0.20823368131319614
0.2080467570032202
0.20786016798348636
0.2076739133526768
0.20748799221270126
0.20730240366868274
0.20711714682894308
0.20693222080498866
0.20674762471149624
0.2066079209461562
0.20642394238787826
0.2064627111224086
0.20627918871252202
0.2060959922749443
0.2060462176589062
0.2058635525723292
0.20634551576757068
0.2062514046916702
0.20695321600494015
0.20681456475405238
0.20663202762717325
0.20653799585677893
0.20635602405426196
0.20617437262463673
0.2059930407225922
0.2058999009680029
0.20571912844739887
0.2055386730715678
0.2053585340066497
0.20517871042170518
0.2049992014887028
0.2048200063825064
0.20464112428086229
0.20446255436438682
0.20428429581655388
0.2041063478236823
0.20392870957492368
0.20375138026224984
0.2037046805400411
0.20352785356040565
0.20335133330579994
0.20343508431680007
0.20325895004466432
0.2030831205031032
0.2029075949019769
0.20273237245387504
0.20255745237410466
0.20324490284619595
0.2030698426370261
0.20354052263475672
0.20383842416301573
0.20452241177112312
