993
MAX PATTERN LENGTH : 9
MEAN PATTERN LENGTH : 5.05035246727
1.0
0.95
0.6333333333333333
0.675
0.54
0.6166666666666667
0.6714285714285715
0.6875
0.7222222222222222
0.7166666666666667
0.6515151515151515
0.6805555555555557
0.6794871794871795
0.7023809523809524
0.6788888888888889
0.6989583333333333
0.6784313725490196
0.6962962962962963
0.712280701754386
0.71
0.7238095238095238
0.7363636363636363
0.7478260869565218
0.7520833333333332
0.7419999999999999
0.7519230769230768
0.761111111111111
0.7696428571428571
0.7775862068965517
0.7849999999999999
0.7919354838709677
0.7671874999999999
0.7742424242424242
0.7808823529411764
0.7585714285714285
0.7513888888888888
0.758108108108108
0.7552631578947367
0.7444444444444444
0.7508333333333332
0.756910569105691
0.7472222222222222
0.7472868217054264
0.7473484848484848
0.752962962962963
0.7583333333333333
0.7634751773049645
0.7684027777777778
0.7629251700680272
0.7576666666666667
0.7584967320261438
0.7439102564102563
0.7298742138364779
0.7339506172839506
0.7387878787878788
0.7372023809523809
0.741812865497076
0.746264367816092
0.7477401129943503
0.7352777777777778
0.7396174863387979
0.7438172043010752
0.732010582010582
0.7346354166666667
0.724102564102564
0.7131313131313131
0.717412935323383
0.7120098039215685
0.716183574879227
0.7145238095238096
0.7044600938967136
0.7030092592592593
0.7070776255707762
0.7015765765765766
0.6975555555555555
0.6883771929824561
0.6924242424242424
0.6835470085470085
0.6791139240506329
0.683125
0.687037037037037
0.6908536585365853
0.6939759036144578
0.6976190476190476
0.7011764705882353
0.6930232558139535
0.6965517241379311
0.7000000000000001
0.7033707865168539
0.7038888888888889
0.7034798534798534
0.7067028985507247
0.7098566308243728
0.7129432624113475
0.7159649122807017
0.7154513888888889
0.7080756013745705
0.7008503401360544
0.6962962962962963
0.6993333333333334
0.6924092409240924
0.6954248366013073
0.6929881337648328
0.6959401709401708
0.6924867724867724
0.6953878406708593
0.6944963655244027
0.6973251028806582
0.6909276248725787
0.6937373737373735
0.6874874874874873
0.6813492063492063
0.6837266470009833
0.6865009746588694
0.6892270531400966
0.6832854406130268
0.6859924026590692
0.6865348399246703
0.684547152194211
0.6788425925925926
0.6814967860422406
0.6841074681238616
0.6866757000903342
0.6892025089605734
0.6916888888888889
0.6861992945326278
0.6807961504811898
0.6770399305555556
0.6717915590008613
0.6723931623931624
0.674893977947413
0.6773569023569024
0.6797827903091062
0.6806799336650082
0.683045267489712
0.684640522875817
0.6827714053991426
0.6809293765815505
0.6796277263903163
0.6819160997732426
0.6841720139592481
0.6823720098367986
0.6845931845931845
0.683807319223986
0.6825396825396826
0.6847140682757121
0.68685887053234
0.6852584727584727
0.6813305635453287
0.6767883597883598
0.6789288342268475
0.6810411445279866
0.6831258429297644
0.6851834673263244
0.6872145417306706
0.6892195767195767
0.6851481144474775
0.6871408479003416
0.6891085155236099
0.6910515873015873
0.6929705215419502
0.6948657652361356
0.6946927646314149
0.6965543941153697
0.6983934583934583
0.6981019315356665
0.6999097044007223
0.7016959561602418
0.7034610688456843
0.7052054154995331
0.7069293604381324
0.7054355850867478
0.7056931828608128
0.7073846013501185
0.7033424036281178
0.7012400793650794
0.6972782710070845
0.6989789548778312
0.7006606366941562
0.7023236331569664
0.7028632815925634
0.7044959009244723
0.7050177812472894
0.7030883367839889
0.7034920634920634
0.7050861921829663
0.7066632713691536
0.7029044241810198
0.7044763584446123
0.7060317460317459
0.7031205850577578
0.7020626653439154
0.7036063821037915
0.7002372770414009
0.6986406186406185
0.6999230644638809
0.7001772621061961
0.7016915183581851
0.6981654303262343
0.6996746031746032
0.7011687593777146
0.7026481219550527
0.700594260692783
0.7020619358854654
0.7035152922957802
0.7049545384496843
0.701548960969251
0.6981761294261294
0.6996202627781575
0.7010506424792139
0.7024674640788385
0.7038709194369572
0.7052611968104926
0.7019655837412847
0.6987006275378368
0.6975492357436801
0.6968948869870529
0.6982852774137178
0.6996629702109154
0.696482683982684
0.6978560655031244
0.6947125697125698
0.695857356395473
0.6953550170068026
0.6947089947089946
0.6960598398651495
0.6929934969582546
0.689954051796157
0.6913079642337283
0.6904761904761905
0.6918161203875489
0.6926655719759167
0.6939846038558484
0.6946513363180029
0.695950692333671
0.6955441216034435
0.6940861295291674
0.6953714819261037
0.6924619778176262
0.6937433862433863
0.6950141605743265
0.696274432638069
0.6956724802403814
0.6967148061410356
0.6975445416261743
0.6987740353594012
0.6999935736777843
0.6971710189452125
0.6973831835277619
0.6985936507936508
0.6997944729020427
0.6972159234063996
0.6984126984126985
0.6956630421197351
0.6950918145035792
0.6962828621031747
0.6974646408498549
0.6965054755752431
0.69724826867684
0.6953357753357754
0.6942042206410023
0.6953713801042045
0.6935723338765164
0.6920815295815297
0.6904132973944296
0.691577157178661
0.6891950538017954
0.6903547737502962
0.6915058712456482
0.6919077013521459
0.6930445733028759
0.6925390989729225
0.6927495784638642
0.6936884486154559
0.6948023088023088
0.6922849091327352
0.6933957939373102
0.6932996459974877
0.6943989304204359
0.693109410430839
0.6942015477602667
0.6952859394348756
0.6945958831117841
0.6956712497205455
0.6955694792536897
0.6966339216339216
0.6971102262043029
0.6981619268077601
0.6984374141813589
0.6967186644772851
0.6977608683794251
0.6987959338986737
0.6981174494826372
0.6957429003347371
0.6952488566047889
0.6929000429000429
0.6905670461226018
0.688585277511452
0.6896267983224506
0.688494708994709
0.6862073511575173
0.6850388941448544
0.6837681387186338
0.6815189014202171
0.682071298464741
0.6831102811494968
0.6834910294193681
0.6838693052978767
0.6843530076539786
0.6847260624679978
0.6857398050324095
0.6867470492470492
0.6877478573964196
0.6876807198463248
0.6886722096245905
0.687284006429576
0.6882704922137098
0.6861061195966855
0.6847390157734984
0.6857242063492064
0.6867032586658754
0.6862787143843044
0.6849280062902353
0.6859004507152655
0.6868669108669108
0.6878274418151719
0.6881704771613029
0.6875967866821525
0.6858107782119941
0.6867628667628668
0.687709202512828
0.6886498374450182
0.6895848229181563
0.6905142096758863
0.6914380478559583
0.6898266250944822
0.6907470208657152
0.6916619705081243
0.6896216697101653
0.6905345471521942
0.6905623050784341
0.6914670936600761
0.6897426998010089
0.6906446105574012
0.6915412928456407
0.6895426185888613
0.6904373084488359
0.690177431125707
0.6910651748760631
0.6919478458049887
0.6928254872699318
0.6936981421356422
0.6945658527811502
0.6954286611066272
0.693751397272524
0.6944711967183876
0.6949068516295407
0.6957590671277822
0.6966065349073706
0.69592151675485
0.6967638394231191
0.6955296851705691
0.6937513664786392
0.6932190825047968
0.6913198521417699
0.6896017651140602
0.6897663379611608
0.6883448714630779
0.6891894653073514
0.6900294937794937
0.6908649937962605
0.6914271846731525
0.6922544576364952
0.6928099270011034
0.6924439153439153
0.6932618836541707
0.6936776346259105
0.6944880112538843
0.6942387025170665
0.6950433375104427
0.6942689455484731
0.6945457284135294
0.6953432591487421
0.6961366360780423
0.6969258915687487
0.695120384077638
0.693324207374595
0.6941146089019801
0.6931014608071163
0.6931191493691493
0.6926252385011976
0.6920062965662455
0.6919418191364757
0.6927236926919669
0.6909699618243922
0.6899826639409973
0.690763564031826
0.689027977187525
0.6898073556908144
0.6905828373015873
0.6913544511736532
0.6902565545289426
0.6905288707708062
0.6909236012887003
0.6916867528904566
0.6905988544843225
0.6913590538590538
0.6921155267662621
0.6928683005394497
0.6911783778552071
0.6919297686633453
0.6914639197102789
0.6897896729313194
0.6883650601947704
0.6880316504111684
0.6887815743284492
0.6895279014883331
0.6899118060302271
0.6906518733189377
0.6893646069538926
0.6901024582437884
0.6896519784849168
0.6888490187249052
0.6880105383348308
0.6887446311858078
0.6894752775914749
0.6902025017657337
0.6898749258270286
0.6882668257668257
0.6889917866371355
0.6897133834198799
0.6904316394767783
0.6888371091315664
0.6884020005851803
0.6891183178252144
0.6875377712246978
0.6859644582470669
0.6849691056026672
0.6849274143978016
0.6856434884559884
0.6851091494798978
0.685821572218631
0.6865307786018847
0.6872367903617903
0.6879396290351346
0.6865092711224998
0.6859801676076843
0.6855650333049886
0.6853744653020821
0.6852958553791887
0.6854393235490797
0.6861352542491923
0.6849517327166333
0.6834430284595482
0.6835893075178789
0.6842831906154274
0.6844269910735993
0.6851160151105565
0.6848216447072656
0.6844198585231194
0.6849959542746961
0.6856777812134954
0.6851687579279372
0.6853084804324028
0.6859852363884621
0.6866590878125212
0.6873300533632438
0.687784476326143
0.6872508207263005
0.6879162445119892
0.688366528493917
0.6890267688996502
0.6875700526863316
0.6882291875962762
0.6867802840434419
0.6860377484327065
0.6866959502179628
0.6856777578534899
0.6862295788183053
0.6847999338624339
0.6847275847275847
0.6853816768754527
0.6852049032173255
0.6858553063098517
0.6865030273277696
0.6861192762427331
0.6867637951826864
0.6874056726515743
0.6880449248547408
0.6886815678652413
0.6893156176251899
0.6895405858820491
0.6901703210019638
0.6895829316881948
0.6902100368767035
0.6908346134152586
0.6914566765673406
0.6901686109517434
0.6905891147374112
0.6893079365079364
0.689928080347242
0.6892177322456207
0.6893385717441383
0.6888636936255984
0.6888857457174289
0.6895005960223352
0.6901130208822517
0.6894106986626671
0.6896279664452553
0.6902365390600684
0.6908427297859783
0.6914465525793652
0.6917556236269687
0.6904097955654377
0.691010941593466
0.6909637627660884
0.6915615117742778
0.6908699515842375
0.6909838823133622
0.6915781440781441
0.691210431709472
0.6898862737943198
0.6885671795805639
0.6891615170241124
0.6897535903250189
0.6899631842597622
0.6905514894129695
0.6903799903799904
0.6909652834038468
0.6915483677747829
0.692129255971064
0.6927079603771333
0.6926278328717353
0.6932034361809642
0.6937768877021214
0.6937884979862592
0.6943587242469924
0.6947409571015519
0.6953073004093413
0.695871546149324
0.6945852771176247
0.6944107655362268
0.6942368967230846
0.6947989612511671
0.6953589631571283
0.6959169137740567
0.6946446707872668
0.6951106476653922
0.6956660016769307
0.6944011544011545
0.6949557802552359
0.6948743386243386
0.6938890324062115
0.6937195576184746
0.6942714142714143
0.6943716455407103
0.6931250178108347
0.6934758491210105
0.6922352840957493
0.6913562925170068
0.6910151939563705
0.6906753092696153
0.6912247314556373
0.6917722053360351
0.6905478297513696
0.6893277805821976
0.6898757033677668
0.6891893024815561
0.6888568081010964
0.6876482873851295
0.687027770828121
0.6875749250749251
0.6881201695337821
0.6883150821304131
0.6876977225672878
0.6871114417989417
0.6876537096641082
0.6881941011698797
