218
MAX PATTERN LENGTH : 6
MEAN PATTERN LENGTH : 3.77981651376
0.5
0.525
0.35000000000000003
0.28750000000000003
0.23000000000000004
0.19166666666666668
0.19285714285714287
0.16875
0.18333333333333335
0.165
0.15000000000000002
0.19583333333333333
0.18076923076923077
0.16785714285714287
0.15666666666666668
0.20937499999999998
0.19705882352941173
0.1861111111111111
0.1763157894736842
0.16749999999999998
0.1595238095238095
0.15227272727272725
0.14782608695652172
0.15
0.17799999999999996
0.17115384615384613
0.16481481481481478
0.1589285714285714
0.16034482758620688
0.15499999999999997
0.15
0.15052083333333333
0.14595959595959596
0.14166666666666666
0.1376190476190476
0.1337962962962963
0.13018018018018018
0.1267543859649123
0.13504273504273503
0.13166666666666665
0.12845528455284552
0.1253968253968254
0.12248062015503876
0.11969696969696969
0.11703703703703704
0.1144927536231884
0.11205673758865248
0.10972222222222222
0.1108843537414966
0.10866666666666668
0.10653594771241831
0.10448717948717949
0.10251572327044026
0.1006172839506173
0.09878787878787879
0.11488095238095239
0.11286549707602339
0.11379310344827587
0.11186440677966103
0.11000000000000001
0.10819672131147542
0.10645161290322581
0.10476190476190476
0.103125
0.10153846153846154
0.09999999999999999
0.09925373134328358
0.09779411764705881
0.09637681159420289
0.09499999999999999
0.0936619718309859
0.09236111111111112
0.0910958904109589
0.09155405405405406
0.09033333333333333
0.08980263157894737
0.09642857142857143
0.09647435897435896
0.09715189873417722
0.09593750000000001
0.0947530864197531
0.09359756097560977
0.0924698795180723
0.09136904761904763
0.09029411764705883
0.08924418604651163
0.09109195402298852
0.09289772727272728
0.09185393258426967
0.09083333333333334
0.08983516483516485
0.08885869565217393
0.08790322580645162
0.08696808510638299
0.08605263157894738
0.08671875
0.08582474226804122
0.08647959183673469
0.0856060606060606
0.08474999999999999
0.0839108910891089
0.08308823529411764
0.08228155339805825
0.08149038461538462
0.08071428571428571
0.07995283018867924
0.08574766355140186
0.0849537037037037
0.08417431192660549
0.08386363636363636
0.0831081081081081
0.08236607142857143
0.08163716814159291
0.08092105263157895
0.08021739130434782
0.07952586206896552
0.07884615384615384
0.07817796610169492
0.07752100840336135
0.076875
0.07715794306703397
0.07652550091074681
0.0767163504968383
0.07609767025089605
0.07548888888888888
0.07488977072310404
0.07666229221347332
0.07606336805555555
0.07692721791559
0.0811431623931624
0.08243214588634436
0.08433291245791244
0.08369883040935672
0.08307421227197345
0.0824588477366255
0.08332312091503268
0.08271492295214923
0.08211553945249597
0.0815247801758593
0.08094246031746032
0.08426910953506697
0.08367566510172143
0.08413947163947165
0.08355516975308643
0.0860823754789272
0.0854927701674277
0.09001322751322752
0.08974286786786786
0.08914056674123788
0.0885462962962963
0.0879598969830758
0.0886970029239766
0.08811728395061728
0.0875450937950938
0.09246415770609319
0.09187143874643874
0.09383404104741684
0.0951388888888889
0.09454053109713488
0.09434027777777779
0.09375431331953071
0.09317558299039781
0.09260395364689844
0.0926490514905149
0.09208754208754209
0.09153279785809906
0.09098469727212243
0.09371693121693123
0.09641683103221567
0.09732026143790852
0.09879792072774529
0.10200258397932818
0.10141297366730895
0.10083014048531291
0.10239682539682542
0.10181502525252525
0.10123979912115505
0.10067103620474407
0.10010862818125388
0.09955246913580247
0.0990024554941682
0.09845848595848596
0.09792046144505161
0.0987469806763285
0.09821321321321322
0.09768518518518518
0.09716280451574569
0.097975768321513
0.10063198118753675
0.10010233918128655
0.09957824316463061
0.09905960648148149
0.09854634427173288
0.09803837342497138
0.09753561253561255
0.09703798185941044
0.09739142695995487
0.09689955106621773
0.09641261864879955
0.09718055555555555
0.09669707020453289
0.09621837183718371
0.09623700054734538
0.09576525054466231
0.09529810298102981
0.09483549083063646
0.0943773483628556
0.0968082264957265
0.0963450292397661
0.0958862433862434
0.09543180621379674
0.09557127882599581
0.09512258737610851
0.0949117341640706
0.09447028423772609
0.09403292181069958
0.09359959037378392
0.09317023445463812
0.09274479959411466
0.09232323232323232
0.09190548014077425
0.09171671671671673
0.09130543099152966
0.09156746031746033
0.0911604938271605
0.09075712881022616
0.090357317670093
0.08996101364522419
0.09109655507035419
0.09106280193236714
0.09066859066859066
0.09113984674329502
0.09074868860276586
0.09036087369420703
0.08997635933806147
0.0910075329566855
0.0906235349273324
0.09108309990662931
0.0907019990701999
0.09032407407407407
0.08994928538497003
0.08957759412304866
0.08920896204846822
0.08884335154826958
0.08970521541950115
0.0893405600722674
0.08897885739991004
0.08862007168458781
0.08826416778224007
0.0879111111111111
0.08975210270030988
0.08939594356261023
0.08904259991216514
0.0886920384951881
0.08834422657952071
0.08799913194444445
0.08765672287073066
0.08867355727820846
0.08833118833118835
0.08991452991452992
0.08957002979991487
0.0892281594571671
0.08888888888888889
0.08855218855218856
0.08821802935010482
0.09014202172096909
0.09111527257594675
0.09096185737976784
0.09062370921106981
0.09028806584362141
0.09050840508405085
0.09017565359477124
0.08984533984533985
0.08951743714517438
0.08955555555555554
0.08977455716586151
0.08945046129161653
0.0891286970423661
0.08880923934687376
0.0884920634920635
0.09013444049031237
0.0898148148148148
0.08949744797801334
0.08918231611893583
0.08922027290448342
0.09100621600621601
0.09068912117692605
0.09037422839506173
0.09109957708573627
0.09078544061302682
0.09047346315387553
0.0911910197869102
0.09105043610163063
0.09108087679516251
0.09094161958568737
0.09063438438438438
0.09032921810699589
0.09002609992542879
0.08972500929022668
0.08975925925925926
0.0894610557401255
0.08916482707873437
0.08887055372203886
0.088578216374269
0.08943533697632057
0.08946986201888162
0.08917842924357582
0.0909992784992785
0.09232290542970154
0.09202508960573476
0.09172918899607002
0.09143518518518519
0.09114305999290025
0.09085279547062987
0.09056437389770723
0.09027777777777778
0.08999298983526113
0.0897099930118798
0.08958551027516545
0.09034722222222222
0.09006576670128072
0.08978605935127675
0.08997248022015823
0.09154663923182442
0.09126495726495727
0.09098500340831629
0.09131838260278627
0.091039972899729
0.09167510976021614
0.0913973063973064
0.09187646861362873
0.09159973226238287
0.09132465799132466
0.09105123087159016
0.09107794361525705
0.09080687830687832
0.09053742169469174
0.09026955950032875
0.09147820386758442
0.0912091503267974
0.09240795047246661
0.09213775178687461
0.09216067379332686
0.09232881136950905
0.09206119162640902
0.0917951188182402
0.09153057957092539
0.09184227330779056
0.09186564788283988
0.09160317460317462
0.09233934789490345
0.09248286435786436
0.09222087324070327
0.09337279167787643
0.09381399508160072
0.09425271981451758
0.09398870659374862
0.09372616830717391
0.09346509262943804
0.09320546737213405
0.09294728048190654
0.09315092519512409
0.09482268573177666
0.09456218384789815
0.09430310937160254
0.09404545060282767
0.09378919596903249
0.09462129054520357
0.09436486428356346
0.0941098241098241
0.09479955504214263
0.09454471752858849
0.09429124643601855
0.09403913080383668
0.09378835978835978
0.09353892266126308
0.09329080880805019
0.0934408331233728
0.09319428738953804
0.09294903926482873
0.09427988168145647
0.09403307570846837
0.09436777321894814
0.09516369047619049
0.09491651205936921
0.09467061435973353
0.09662236987818382
0.09637334315169366
0.09612559676827027
0.09818681318681319
0.09793569601753746
0.09853620019436345
0.09828547194959408
0.09930505197002658
0.10082579867389994
0.10057118807118808
0.10031786014153772
0.10006580521655899
0.1000656402912042
0.09981547619047618
0.09956655979099868
0.10006515043828476
0.1000649887746662
0.09981730315888732
0.0995708406819518
0.1001876612714051
0.10009506259506258
0.09984973155929038
0.09960560018628477
0.09936265969802553
0.09912090140192328
0.0988803166897827
0.0986408970367808
0.09840263400046008
0.09828600114744693
0.09804973672161174
0.09853402991892202
0.09925524037366144
0.09913768610069328
0.09890164399092972
0.09866672322135506
0.0984329158203566
0.09902763705955198
0.0996195530098832
0.09938515406162465
0.09915185557791192
0.09997351399576225
0.09973993101913664
0.09950743700743701
0.09927602436323367
0.10059247596950613
0.10035962301587302
0.10093615968327284
0.1007035878867676
0.10277093596059113
0.1025352228047182
0.10367358613926121
0.10343688845401175
0.10320126911812562
0.10296672077922077
0.1027332361516035
0.1025008080155139
0.10430103192518542
0.10481687044187044
0.10480604601391118
0.10535580824257955
0.10623868115478854
0.10618755314625851
0.10661920670272564
0.10638227513227513
0.10614639425615036
0.10668589338390223
0.10645038368548303
0.10731723306062514
0.1075209314495029
0.10728513993316625
0.10705038032718558
0.10827224994801414
0.11021501193069821
0.11051889233954452
0.11071299452535896
0.11128504432075861
0.11104468785354316
0.11134416050903119
0.1111047107014849
0.11086628857551604
0.1106288875293158
0.11039250101750102
0.11015712255051274
0.10992274569402229
0.10968936406834495
0.10945697134786118
0.11094332024564584
0.1108147478400643
0.11121303258145365
0.1109793917567027
0.11158530498153141
0.11333931061964535
0.11449448255293768
0.11448743386243386
0.11622446622446622
0.11598333662649014
0.11574320549475829
0.116330512921422
0.11660612011127475
0.11688059311516101
0.1166405918972654
0.11670895134009888
0.11647028272795144
0.1162325882734046
0.11599586202437527
0.1161666021422119
0.11694516887214657
0.11670843776106934
0.11748276414943083
0.11724590373783923
0.1178148254607007
0.11757824950596034
0.117442822152241
0.11730793650793651
0.11707378893007636
0.11843419970910012
0.11819874404367446
0.11806342907533383
0.11782964010686783
0.11759677520547085
0.11736482890329045
0.11713379577552806
0.11690367044001622
0.1170666044195456
0.11732674805081851
0.11709759424603175
0.11833132213249173
0.11810110555246743
0.11884265680382186
0.12016272917435708
0.11993030610051887
0.11969878041306613
0.11946814692479432
0.12077686202686203
0.12246443042988148
0.12347503496928781
0.12505538863091445
0.12510299285108445
0.12486470143613
0.12624328565393206
0.12609861148760576
0.12585978835978837
0.12562186815494944
0.12538484576220427
0.12514871610916808
0.12491347416159447
0.12467911492301736
