NUMBER OF PATTERNS : 355
MAX PATTERN LENGTH : 7
MEAN PATTERN LENGTH : 4.41690140845
0.0
0.275
0.18333333333333335
0.1375
0.13
0.10833333333333334
0.09285714285714286
0.08125
0.12777777777777777
0.12
0.10909090909090909
0.09999999999999999
0.12307692307692308
0.1142857142857143
0.10666666666666667
0.109375
0.1323529411764706
0.125
0.11842105263157894
0.12083333333333332
0.11507936507936507
0.10984848484848485
0.11594202898550723
0.11111111111111112
0.11866666666666667
0.13141025641025642
0.12654320987654322
0.12202380952380953
0.13505747126436782
0.13055555555555556
0.12634408602150538
0.15208333333333332
0.14747474747474745
0.14313725490196078
0.14261904761904762
0.14004629629629628
0.13626126126126126
0.14057017543859648
0.1420940170940171
0.13854166666666665
0.14491869918699185
0.14146825396825397
0.16143410852713178
0.1577651515151515
0.15425925925925926
0.1628623188405797
0.15939716312056737
0.1560763888888889
0.1630952380952381
0.16783333333333336
0.16781045751633988
0.16842948717948716
0.1680817610062893
0.16496913580246914
0.16196969696969696
0.15907738095238097
0.15804093567251465
0.17255747126436785
0.16963276836158195
0.16680555555555557
0.16407103825136615
0.1614247311827957
0.15886243386243387
0.15638020833333333
0.16166666666666665
0.1592171717171717
0.1568407960199005
0.1545343137254902
0.15229468599033816
0.15083333333333335
0.14870892018779344
0.14872685185185186
0.146689497716895
0.14470720720720723
0.14344444444444446
0.14155701754385966
0.13971861471861474
0.13792735042735044
0.13618143459915613
0.13447916666666665
0.1338477366255144
0.13221544715447153
0.1396586345381526
0.13859126984126985
0.1369607843137255
0.13536821705426358
0.13381226053639847
0.13456439393939393
0.13417602996254682
0.13268518518518518
0.13122710622710623
0.13143115942028985
0.1300179211469534
0.12863475177304964
0.12728070175438597
0.12595486111111112
0.12465635738831615
0.1233843537414966
0.12213804713804714
0.12091666666666667
0.11971947194719472
0.12834967320261437
0.12710355987055016
0.12588141025641025
0.12468253968253969
0.1235062893081761
0.12235202492211839
0.12584876543209877
0.12928134556574924
0.1281060606060606
0.13596096096096097
0.1347470238095238
0.13355457227138642
0.13238304093567252
0.131231884057971
0.1301005747126437
0.1304131054131054
0.12930790960451977
0.13032212885154063
0.1292361111111111
0.12816804407713497
0.1271174863387978
0.1260840108401084
0.13313172043010751
0.13206666666666667
0.1310185185185185
0.13116797900262467
