625
MAX PATTERN LENGTH : 7
MEAN PATTERN LENGTH : 4.3408
0.3
0.35
0.2333333333333333
0.175
0.13999999999999999
0.11666666666666665
0.12142857142857143
0.10625
0.1
0.09
0.08181818181818182
0.09166666666666667
0.08461538461538462
0.07857142857142858
0.07333333333333333
0.13124999999999998
0.12352941176470586
0.11666666666666664
0.11052631578947367
0.10499999999999998
0.09999999999999998
0.09545454545454544
0.09782608695652172
0.10208333333333335
0.11
0.10576923076923077
0.10185185185185185
0.09821428571428571
0.09827586206896552
0.095
0.09193548387096774
0.10468749999999999
0.1015151515151515
0.09852941176470587
0.09571428571428571
0.09305555555555554
0.09054054054054053
0.0881578947368421
0.10128205128205127
0.09874999999999998
0.09634146341463413
0.09404761904761903
0.09186046511627906
0.09204545454545453
0.08999999999999998
0.08804347826086954
0.08617021276595742
0.08437499999999999
0.09285714285714286
0.091
0.0892156862745098
0.0875
0.08584905660377358
0.08425925925925926
0.08272727272727272
0.09285714285714286
0.0912280701754386
0.0954022988505747
0.09632768361581921
0.09472222222222222
0.09316939890710382
0.09166666666666667
0.09021164021164021
0.08880208333333334
0.0882051282051282
0.08686868686868687
0.08557213930348259
0.08431372549019608
0.08309178743961353
0.08190476190476191
0.08075117370892018
0.07962962962962963
0.07853881278538813
0.07747747747747748
0.07644444444444444
0.07543859649122807
0.07445887445887446
0.0735042735042735
0.07257383966244726
0.07166666666666667
0.07078189300411522
0.06991869918699187
0.06907630522088354
0.06825396825396826
0.06745098039215687
0.06666666666666667
0.0681992337164751
0.06742424242424243
0.06853932584269663
0.06777777777777778
0.06703296703296704
0.06630434782608696
0.06881720430107527
0.06808510638297872
0.07789473684210527
0.07916666666666668
0.07835051546391754
0.07755102040816328
0.07803030303030305
0.07725000000000001
0.0764851485148515
0.07573529411764707
0.07500000000000001
0.07427884615384617
0.07357142857142858
0.07429245283018869
0.08154205607476638
0.08078703703703705
0.08004587155963304
0.07931818181818183
0.07860360360360362
0.07790178571428573
0.08163716814159293
0.08135964912280703
0.0806521739130435
0.07995689655172415
0.0792735042735043
0.07860169491525426
0.07794117647058825
0.07729166666666669
0.07803030303030305
0.07739071038251367
0.08042005420054202
0.07977150537634409
0.07913333333333333
0.07850529100529101
0.08064304461942258
0.08001302083333334
0.07987726098191215
0.08118589743589744
0.08056615776081426
0.07995580808080809
0.0793546365914787
0.07876243781094527
0.07817901234567902
0.07760416666666667
0.07703771289537713
0.07647946859903382
0.07592925659472423
0.07538690476190477
0.07768912529550828
0.07714201877934272
0.07695221445221445
0.07641782407407408
0.07589080459770114
0.07537100456621004
0.07893990929705215
0.07840653153153153
0.07788031319910514
0.0773611111111111
0.07684878587196467
0.07634320175438597
0.07584422657952071
0.07535173160173161
0.07615591397849462
0.0782318376068376
0.08123673036093418
0.08293776371308018
0.082416142557652
0.08190104166666667
0.08170289855072464
0.08119855967078189
0.08162065439672801
0.0811229674796748
0.08063131313131314
0.08014558232931727
0.07966566866267466
0.08216765873015873
0.08582347140039448
0.08973039215686274
0.09008284600389863
0.08955910852713177
0.08904142581888246
0.08852969348659002
0.08873809523809523
0.08823390151515152
0.08773540489642184
0.08724250936329588
0.08675512104283054
0.08766203703703704
0.08717771639042357
0.08944597069597071
0.08895719489981786
0.08874547101449275
0.08826576576576577
0.08779121863799283
0.0873217468805704
0.08738918439716312
0.08930776014109346
0.08883771929824559
0.08837260034904013
0.08791232638888889
0.08745682210708117
0.08700601374570446
0.08655982905982906
0.08611819727891157
0.08737309644670051
0.08693181818181818
0.08649497487437185
0.08606249999999999
0.08563432835820894
0.08521039603960395
0.0852832512315271
0.08486519607843138
0.08445121951219513
0.08404126213592233
0.08363526570048309
0.08635817307692309
0.08594497607655503
0.0855357142857143
0.08513033175355451
0.08472877358490567
0.08433098591549297
0.08393691588785047
0.08401162790697675
0.08362268518518519
0.08323732718894009
0.08285550458715596
0.0824771689497717
0.08210227272727273
0.08173076923076923
0.0838400900900901
0.08346412556053812
0.08309151785714287
0.08272222222222224
0.0823561946902655
0.0819933920704846
0.08163377192982459
0.08324235807860263
0.08288043478260869
0.08252164502164502
0.08216594827586207
0.08181330472103004
0.08146367521367522
0.08111702127659574
0.08218573446327684
0.08183895921237694
0.08275560224089637
0.08240934449093446
0.08206597222222224
0.08172544951590596
0.08200757575757578
0.0816700960219479
0.08133538251366122
0.08100340136054424
0.08067411924119243
0.08034750337381918
0.08002352150537635
0.0837182061579652
0.08338333333333334
0.08524236387782205
0.08490410052910054
0.084568511198946
0.08423556430446195
0.08390522875816994
0.08357747395833334
0.08325226977950714
0.08447997416020672
0.08801480051480051
0.08959935897435897
0.08925606641123883
0.08891539440203562
0.08857731305449937
0.08824179292929293
0.08790880503144655
0.08983395989974936
0.09024656679151061
0.08990982587064676
0.08957558859975216
0.09072530864197531
0.09039052890528905
0.09005821078431372
0.08972832722832723
0.08940085158150851
0.08907575757575757
0.08893417874396135
0.08861311672683514
0.08829436450839329
0.0879778972520908
0.08766369047619048
0.08930901542111506
0.08899231678486998
0.08867785630153122
0.0883656103286385
0.08805555555555557
0.087747668997669
0.08744192799070849
0.0871383101851852
0.08787485582468282
0.08757183908045978
0.08727090492554411
0.08697203196347032
0.08667519908987487
0.08638038548752835
0.08608757062146893
0.08579673423423423
0.08550785634118967
0.08522091722595078
0.08493589743589743
0.08581944444444445
0.0855343300110742
0.08525110375275938
0.08496974697469747
0.08469024122807017
0.08457650273224045
0.08642429193899782
0.08614277958740499
0.08716179653679654
0.08687971952535059
0.08659946236559139
0.08632100750267953
0.0860443376068376
0.08576943556975507
0.08549628450106157
0.08522486772486773
0.08495516877637131
0.08468717139852787
0.08457809224318659
0.08462643678160921
0.08436197916666667
0.08409916926272067
0.0838379917184265
0.08388802889576884
0.0854809670781893
0.08567948717948717
0.08541666666666665
0.0865316004077472
0.08626778455284553
0.08813323201621075
0.08816919191919191
0.08850704934541792
0.08890980589022757
0.0886428094761428
0.08837741184298069
0.08811359867330015
0.08785135582010582
0.08759066930431916
0.08733152531229454
0.08751638806948542
0.0875531045751634
0.08876262626262627
0.08850308641975309
0.0882450599287334
0.08798853359173127
0.08773349436392915
0.08747992935131664
0.08722782580851746
0.0869771711366539
0.08715775230818211
0.08690873015873017
0.08666112693890472
0.08641493055555555
0.08617012905256531
0.08677416823603265
0.08709311424100157
0.08684847066167291
0.08707205104263929
0.08682883302296711
0.08658696997833489
0.08634645061728397
0.08610726377346876
0.0877110190300798
0.08843357820630549
0.08819062881562882
0.08794901065449011
0.08784532483302974
0.08760596427490161
0.08845486111111113
0.0882151460403493
0.088246996996997
0.08827867625037436
0.08804136798088412
0.09048629728924636
0.0906454248366013
0.09307037037037037
0.09282284278959811
0.09257662835249042
0.09233171663727219
0.09208809733216065
0.09184576023391813
0.09186716243802859
0.09162667248400233
0.091677545691906
0.09287109374999998
0.09262987012987012
0.09238989637305697
0.09266795865633075
0.0924291237113402
0.09219151670951156
0.09221153846153846
0.09210358056265985
0.09271896258503401
0.0929919423240034
0.09465947546531303
0.09682489451476795
0.09658038720538721
0.09633711167086483
0.09609505862646567
0.09648078529657478
0.09623958333333334
0.09599958437240233
0.09576077943615258
0.09552315963606287
0.09528671617161717
0.09505144032921811
0.09604885057471266
0.09611998361998363
0.0958843954248366
0.09564995925020374
0.09541666666666666
0.09518450932684508
0.09495347896440129
0.09472356739305891
0.09449476650563607
0.09426706827309236
0.09404046474358975
0.0945343725019984
0.09430821371610845
0.09408313444709626
0.09385912698412699
0.09363618368962787
0.09341429699842023
0.09366627265563436
0.09379913522012581
0.09357843137254904
0.09335876369327076
0.09337431693989072
0.09315615264797508
0.09293900543900545
0.09272286821705428
0.0936678267594741
0.09345100308641976
0.09358160123171672
0.09336597542242704
0.09372605363984675
0.09351108562691132
0.09364035087719298
0.0934265601217656
0.09321374335611238
0.09300189393939394
0.0927910052910053
0.09258107088989442
0.09406508653122649
0.09385322822822822
0.09386704119850188
0.09444133034379672
0.09434190902311708
0.09413132440476192
0.09392167780252414
0.09371296296296298
0.09350517368810053
0.09351954277286138
0.09496872700515087
0.09641152716593247
0.09674908424908427
0.09653691520467839
0.09632567469000732
0.09684315866084427
0.09870188816267249
0.09848731884057972
0.0996836587129429
0.099738455988456
0.09952303815694746
0.10017061781609196
0.0999551971326165
0.09974070100143062
0.09952712348322627
0.09931445868945869
0.09910270078180528
0.09889184397163121
0.09868188251946215
0.09847281073446328
0.09918957011980267
0.09898030942334739
0.09950877192982456
0.09929971988795518
0.09993011879804332
0.10118549511854952
0.10236604036186499
0.10238425925925926
0.10352275352275352
0.10330797602581834
0.10309408787669658
0.10339761248852158
0.10400916380297823
0.10379515317786922
0.10460871549167236
0.1043943533697632
0.10418086798454897
0.10396825396825396
0.10375650599683187
0.10354561878952123
0.10434978589136804
0.10413855150697256
0.10493827160493827
0.10502912186379929
0.105320813771518
0.10711735832217761
0.10690269427744378
0.1066888888888889
0.10647593701485918
0.1068614431164232
0.10664899491937266
0.10762786596119929
0.10741474147414741
0.1072024593763724
0.10699101468332237
0.10678040244969378
0.10693898712071599
0.106729302832244
0.10700967601652532
0.10704481336805556
0.10820067143166558
0.10799016428880241
0.10826591154261057
0.10902508613264426
0.10881420588867396
0.10860413985413984
0.10849122243630914
0.1087633547008547
0.11018607378972062
0.11074127288207748
0.11167675801997025
0.11232241306191688
0.112489417989418
0.11351130122517954
0.11433955302551127
0.11412300084175085
0.11390726738080237
0.11369234800838575
0.11347823812513079
0.11326493316624897
0.11305242860120909
