3708
MAX PATTERN LENGTH : 10
MEAN PATTERN LENGTH : 5.84061488673
1.0
0.95
0.9666666666666667
0.9624999999999999
0.97
0.975
0.9785714285714285
0.9249999999999999
0.9333333333333331
0.9399999999999998
0.8545454545454544
0.8666666666666666
0.8769230769230768
0.8857142857142856
0.8766666666666666
0.8843749999999999
0.8588235294117645
0.8638888888888887
0.8710526315789472
0.8608333333333332
0.8674603174603174
0.8734848484848484
0.8789855072463767
0.8819444444444445
0.8586666666666667
0.8641025641025641
0.8691358024691359
0.8738095238095239
0.8781609195402299
0.8822222222222222
0.8827956989247312
0.8552083333333333
0.8595959595959596
0.8637254901960785
0.8676190476190476
0.8712962962962963
0.8747747747747748
0.868859649122807
0.8551282051282052
0.85875
0.8378048780487806
0.8416666666666667
0.844186046511628
0.8477272727272728
0.8511111111111112
0.8543478260869566
0.8574468085106384
0.8604166666666666
0.8632653061224489
0.866
0.8686274509803921
0.8519230769230769
0.8443396226415094
0.8472222222222222
0.8472727272727273
0.8482142857142857
0.8508771929824561
0.853448275862069
0.8559322033898306
0.8416666666666667
0.8442622950819673
0.8467741935483871
0.8492063492063492
0.8515625
0.8384615384615385
0.8257575757575758
0.8283582089552238
0.8308823529411765
0.8333333333333334
0.8357142857142857
0.823943661971831
0.8263888888888888
0.8287671232876712
0.825
0.8193333333333332
0.8164473684210526
0.8188311688311688
0.8083333333333333
0.8107594936708861
0.8131250000000001
0.8154320987654322
0.8054878048780489
0.8060240963855423
0.8083333333333333
0.8105882352941177
0.8075581395348838
0.8097701149425288
0.811931818181818
0.8140449438202246
0.815
0.8152014652014651
0.8172101449275361
0.8137992831541218
0.8157801418439715
0.817719298245614
0.8196180555555556
0.8214776632302406
0.8232993197278912
0.8185185185185185
0.8203333333333334
0.8122112211221122
0.8140522875816993
0.8142394822006472
0.8160256410256411
0.8082539682539683
0.8095911949685536
0.8052959501557633
0.8070987654320988
0.7996941896024465
0.8006060606060607
0.7933933933933935
0.7907738095238095
0.7926253687315634
0.7944444444444444
0.796231884057971
0.7893678160919539
0.7911680911680912
0.7925141242937853
0.7858543417366947
0.7793055555555556
0.781129476584022
0.7829234972677596
0.7846883468834688
0.7864247311827957
0.7881333333333334
0.7818783068783068
0.7835958005249344
0.7852864583333333
0.7791989664082687
0.7732051282051282
0.77264631043257
0.7743686868686869
0.7760651629072682
0.7777363184079602
0.7793827160493827
0.7810049019607843
0.7784323948557526
0.7758971704623879
0.775351147653306
0.7769557823129253
0.7785376561972307
0.7760731052984575
0.7776390276390277
0.7791832010582012
0.7807060755336618
0.7822080887149381
0.7836896663427276
0.7804214929214929
0.7785394694790667
0.7733492063492063
0.7748502049826552
0.7763314536340852
0.7777933395580454
0.7792362399505256
0.7806605222734254
0.7820665445665446
0.7834546557476494
0.7848251959011452
0.786178496555855
0.7875148809523811
0.788834664300503
0.790138154027043
0.789380660239556
0.790664924506388
0.791933621933622
0.7922834193918532
0.7923296264613631
0.7935657596371883
0.7947872640180333
0.7959943977591037
0.7971874129768868
0.794296788482835
0.7954858243875585
0.7966611932129174
0.7978231292517007
0.7989718614718613
0.8001076136669355
0.801230604601391
0.8023410481511039
0.8034391534391533
0.8023151802157327
0.8034013605442176
0.8044756700494405
0.801462215320911
0.8007335907335908
0.801804915514593
0.802864782276547
0.7985942249240122
0.7996598639455783
0.8007142857142858
0.799139865370232
0.7975818452380953
0.7986306439674316
0.7958026509572902
0.7968498168498169
0.7978862973760934
0.798658448150834
0.7996753246753247
0.795656855707107
0.7966785714285715
0.7976901208244492
0.7986916548797737
0.7961646727656579
0.7971638655462184
0.7981533101045296
0.799133148404993
0.796882907752473
0.7930517399267399
0.7940419229892914
0.7950226757369615
0.793624464003611
0.7945979335130279
0.7955622624636709
0.7965175789942145
0.7951384274640089
0.7956238977072311
0.7955416575232244
0.7964795398281637
0.7974088569978981
0.7983297258297258
0.7962256697550815
0.7955669955669956
0.7964837354971885
0.797392290249433
0.7982927689594356
0.7991852788312965
0.7989686035941542
0.7954643553327764
0.7963575240867817
0.7950690131124913
0.7959561602418744
0.7968356595511767
0.7977076095101846
0.7975037308370642
0.7983654170888212
0.7992198009147161
0.800066974750519
0.800907029478458
0.7975559540413096
0.7983994708994709
0.7992359876177304
0.800065590974682
0.7988307531517409
0.7984257090814468
0.7992484612892776
0.8000645244547684
0.8008739798213482
0.8016769073220686
0.8014693695416587
0.8022634920634921
0.8030512869158288
0.8038328294280676
0.8046081937386286
0.8014404449443819
0.8022191098661687
0.8026010664682539
0.7994781051201284
0.7967669496739265
0.797551633265919
0.7954456654456655
0.7950799732408927
0.7958621107476069
0.7966383004405818
0.7958934583934585
0.7964749925127284
0.7972401241198234
0.794670352535521
0.7941305377872543
0.7948958517731752
0.7949147560258671
0.7956715281438529
0.7939717553688143
0.7939938368509798
0.7947456841617426
0.7954920634920636
0.7926098458707155
0.7933585467881498
0.7941018613680485
0.7943022131194175
0.79265589569161
0.7933937750663729
0.7932398964313858
0.7939704975040663
0.794343840822714
0.793895850737956
0.794033744033744
0.7930092362148111
0.7919918430335097
0.7927115944416983
0.7913574165298304
0.7920744013527519
0.7927864753207219
0.7917872040738935
0.7924954108627579
0.7928598331988163
0.7935596310596311
0.7924028646250868
0.7905827207840631
0.7912831130222434
0.7899788359788361
0.7886832252280758
0.7877273205087775
0.7866127088899367
0.7840251670843776
0.7847332812906583
0.7851099699138914
0.7849956051910448
0.7847196454339311
0.7854163456105203
0.7861085509472606
0.7867963048027357
0.7874796499796499
0.7881586287337086
0.7888332827823273
0.7895036533131771
0.7892204139039581
0.7898853337339141
0.7874014175900967
0.7880678708264914
0.7887301587301587
0.7893883202294417
0.7881790397318348
0.7872868445623864
0.7879433666470704
0.7885958485958487
0.789244327587886
0.7898888403475561
0.789005032907472
0.7869107926858687
0.7875565175565176
0.7881983407663167
0.7888362975712374
0.7894704228037561
0.7901007508791941
0.7907273158019427
0.7891180083144369
0.789743770901041
0.7903658307504462
0.7880343681228638
0.7865989729225024
0.7864916445561607
0.7871159379931311
0.7859873200981072
0.786609449981543
0.7872279733149299
0.7849527479585283
0.7845638351402041
0.7851829045794564
0.785798426342839
0.7864104308390024
0.7870189481300593
0.7847830988455988
0.7853927784522685
0.7859990135413863
0.7856159177285936
0.7862181202068841
0.7868169490018229
0.7874124323844993
0.7880045983110049
0.78706569664903
0.7876555423646836
0.7875515215294221
0.7864838864838865
0.7870704692133264
0.7849141117634267
0.7827695376875704
0.7832252065222092
0.7810968771566599
0.7816901105518992
0.7822801372801373
0.7827322123818081
0.7831818569721796
0.7837631388569727
0.7843413122824887
0.784768253968254
0.7853406788247214
0.7859100669445498
0.7864764424288234
0.7870398291242618
0.7876002506265665
0.7876327959005124
0.7866180503615059
0.7871751833892826
0.7877294146825397
0.7882807668521954
0.7888292622748582
0.7874369385997293
0.7879847815414825
0.7885298078100135
0.7883028083028083
0.7879490926805506
0.7878522837706512
0.7875439234217861
0.7863911046652164
0.7869318866787222
0.7860810485810487
0.7866198872496102
0.787156018186169
0.7876894617496122
0.7882202380952381
0.7887483671772949
0.7871594408907842
0.7871913033203356
0.7877180575200378
0.7878718400940624
0.7861365235749472
0.7866619866619867
0.7871848739495798
0.787297706368611
0.7870847851335656
0.7876028270188854
0.7869047619047619
0.7849994234982128
0.7846733379342076
0.7850717154331612
0.78558836996337
0.7861025465342012
0.7863750284802916
0.7868848732810546
0.7850113378684807
0.7855219997737812
0.7853193410065449
0.7835809974107846
0.7840914195867026
0.7845994397759103
0.7851050748938072
0.7856083416973346
0.7861092567868269
0.7848595848595848
0.785359911406423
0.7852778698486355
0.7857749118165785
0.786269657978665
0.7867621242045206
0.7872523262178436
0.7877402795980778
0.7859376702626131
0.78528484453142
0.785773945113353
0.785465367965368
0.7849314328906166
0.7854180133591899
0.785902397076212
0.7863845988845989
0.786864633493847
0.7861093316250267
0.7856929796527111
0.7852784863945578
0.7843090465584898
0.7843439153439153
0.7841569000105586
0.7829751369574379
0.7814674655734257
0.7819488147681979
0.7816038723181579
0.7820828111946533
0.7820126081067
0.7803051569972967
0.7798034028426185
0.7791951345755693
0.7775049065179217
0.7758219954648526
0.7749022935308033
0.7752796592775041
0.775762928827445
0.7762441242591458
0.7760808606097686
0.7751704314204315
0.7756498121636715
0.7761271529888552
0.7757532099888789
0.7762283091202582
0.776701399375818
0.7771724934699618
0.777641604010025
0.7765331132452981
0.7765823100728761
0.7760036859932258
0.7761581668157869
0.7745411706349207
0.7749059499059501
0.7753729500098796
0.7753204180222815
0.7739767807949628
0.7744428080510556
0.7738781109151481
0.7733157328639876
0.7737802498048401
0.7742428668809038
0.7744995140913509
0.7749587818834256
0.7747048006194348
0.7751617888534724
0.7737950645845384
0.7742520442520443
0.7747071812596006
0.7751604867299032
0.775611971696309
0.7758612463021282
0.7759095238095237
0.7763568101891455
0.7754742933029786
0.7757218593202688
0.7753732048374906
0.7750259311645451
0.7754705439488049
0.7759134028364798
0.7756983502062242
0.774862007671438
0.7753034547152194
0.7743733109682228
0.774813988095238
0.7752529471827717
0.7756901982582916
0.7761257512713823
0.7759136212624583
0.7763470571981209
0.7754918183489612
0.7756353793926049
0.7760668498168498
0.7760168174755506
0.7745301952198503
0.7730492579440954
0.7734823700472555
0.7737233560090703
0.7737733116060111
0.7742025842595102
0.7741567460317461
0.7745836708974706
0.7750089847259659
0.7754326966191374
0.7754788757608306
0.7755248816224426
0.7746343855894419
0.7737472185135736
0.7735163468372424
0.7732863350181787
0.7734289254735351
0.7738492799717289
0.773805114638448
0.7732065839274712
0.7736250219645053
0.7740419187933
0.7744572829131653
0.774871122761031
0.7752834467120181
0.773866109515104
0.7742787625999304
0.7746899123948304
0.7732813852813852
0.7736928528217094
0.7739216701173224
0.7729742529923362
0.7733840467594981
0.7728914628914629
0.7732999314833848
0.7719116012652818
0.7717229902713775
0.7703424482494251
0.7689668367346939
0.7684873949579832
0.7688993390950686
0.7693098198426795
0.7697188449848025
0.7683565107458913
0.7687657748611813
0.7691735953640716
0.7685236418511067
0.7689304544313332
0.7675814536340853
0.7672101298195869
0.7676171051171051
0.7680226599074766
0.7681654775731431
0.76711939268461
0.7673500881834214
0.7677532942697587
0.7681551051793266
