225
MAX PATTERN LENGTH : 8
MEAN PATTERN LENGTH : 4.01777777778
1.0
1.0
0.7037037037037037
0.7777777777777778
0.8222222222222222
0.8518518518518517
0.8730158730158729
0.8451388888888889
0.8623456790123457
0.7761111111111111
0.7055555555555556
0.7300925925925926
0.7508547008547009
0.7686507936507937
0.7407407407407407
0.7569444444444444
0.7624183006535947
0.7728395061728395
0.7847953216374268
0.7622222222222221
0.7735449735449735
0.7838383838383838
0.7932367149758454
0.8018518518518518
0.7817777777777778
0.7901709401709401
0.7979423868312757
0.8051587301587302
0.8118773946360153
0.8181481481481482
0.8240143369175628
0.7982638888888889
0.8043771043771044
0.8101307189542484
0.8060317460317461
0.7975308641975309
0.803003003003003
0.7871345029239766
0.7925925925925926
0.7727777777777778
0.778319783197832
0.7835978835978836
0.7886304909560724
0.7707070707070707
0.7758024691358025
0.7806763285024154
0.7853427895981088
0.7856481481481481
0.7849206349206349
0.7692222222222221
0.7737472766884531
0.7588675213675213
0.7634171907756813
0.7650205761316872
0.7692929292929293
0.7564484126984128
0.7607212475633529
0.7648467432950192
0.7688323917137477
0.7560185185185185
0.7545537340619308
0.7504480286738351
0.7544091710758377
0.7473090277777779
0.7358119658119658
0.7398148148148149
0.7436981757877281
0.747467320261438
0.7511272141706925
0.7539682539682541
0.7433489827856026
0.7462191358024691
0.7496955859969558
0.7503753753753752
0.7423703703703702
0.7404970760233918
0.7438672438672438
0.7471509971509971
0.7503516174402249
0.7534722222222222
0.7565157750342936
0.7594850948509485
0.7623828647925034
0.7622354497354497
0.765032679738562
0.7578811369509044
0.7606641123882503
0.7633838383838384
0.7609862671660425
0.763641975308642
0.7644078144078144
0.7669685990338163
0.7694743130227001
0.7648345153664301
0.7673099415204677
0.7697337962962963
0.7617983963344788
0.7642290249433107
0.7565095398428732
0.7554444444444445
0.7479647964796481
0.7504357298474946
0.7469255663430421
0.7493589743589744
0.7453968253968254
0.7477987421383647
0.7408099688473521
0.7432098765432099
0.7386850152905199
0.7410606060606061
0.7408908908908909
0.7365079365079366
0.7383972468043265
0.7406920077972711
0.7429468599033817
0.7365421455938698
0.730246913580247
0.7325329566854991
0.7263772175536882
0.7236574074074075
0.7259412304866851
0.7199908925318762
0.7222673893405602
0.7245071684587815
0.7267111111111112
0.7237213403880072
0.725896762904637
0.7280381944444445
0.7249784668389321
0.7270940170940172
0.7291772688719255
0.7312289562289563
0.7332497911445282
0.7352404643449421
0.7372016460905351
0.7383986928104576
0.7382226856679411
0.7380492293535773
0.7363366449697386
0.7382199546485262
0.7400765507148487
0.7398949251061928
0.7417138417138418
0.7435074955908288
0.7452764094143404
0.7470210915416394
0.7487420364971384
0.7497640497640498
0.749094492383083
0.7441005291005292
0.7457952275833071
0.7474676274018379
0.7491181657848325
0.7507472686044114
0.7523553507424475
0.7539428164428165
0.755510059650187
0.7570574643359453
0.7585854048118199
0.760094246031746
0.7615843438824805
0.7630560454634528
0.7645096893563151
0.7659456058846303
0.7673641173641174
0.7675607190667433
0.7689525710483796
0.7700302343159486
0.7713910021602329
0.7727357609710551
0.7740647916086513
0.7753783684016242
0.7757133681989175
0.7767150155081189
0.7779909297052154
0.7792523448773448
0.7804995067706932
0.7817326556090601
0.7829520262481157
0.784157848324515
0.7825879154608436
0.783782487353916
0.7794995229421459
0.780697895100069
0.7809824109824108
0.7821599249018603
0.7833248450895509
0.7796901384667342
0.7808557991097674
0.7820091896407686
0.7802709216321781
0.7788111772486772
0.7793815280861912
0.780003272786778
0.7774277574277574
0.7785633300939423
0.7796873741036177
0.7808000641333974
0.7768764457206667
0.7779920634920634
0.7790965805891178
0.7777149143485776
0.77529126593166
0.7763927793339557
0.7774835462640339
0.7785637232239173
0.7796334636914346
0.777087148962149
0.7781537176274019
0.778495842781557
0.7795456255171895
0.7805855046421084
0.7816156196437887
0.7826361074024626
0.7836471022517534
0.7839542915931804
0.7844378611659717
0.7854266783165865
0.7848843951583678
0.7843470418470418
0.7823062558356677
0.7832868582868584
0.7840344508505943
0.78499858276644
0.7859541446208113
0.7869012501755864
0.7878400111880288
0.7843845725424673
0.7853261246274347
0.7847377501725329
0.7856696213839073
0.7832409688013137
0.7841712650725526
0.7850936100936101
0.7860081053698076
0.7860673930589185
0.7848603576451677
0.785764305722289
0.7824765889619446
0.7831746031746032
0.7840742936178622
0.7849665486029123
0.7835880854399374
0.7834504293520689
0.7837220602526724
0.7846012388695316
0.7854732986311933
0.7849270353302613
0.7850377701281317
0.7848976190476191
0.785754600645039
0.7866047808012095
0.7874482401656316
0.7882850581177354
0.7891153127917835
0.7891578311011905
0.7899782286455439
0.7907922665190108
0.7916000183857327
0.791632326007326
0.792430669585842
0.7932229189385678
0.7914742893355061
0.7915065836940838
0.7922933513027853
0.7930742033655568
0.7913523274478331
0.7910114605543711
0.7917883696229422
0.7918187830687832
0.7925869794412231
0.7904900501867415
0.7894259840688413
0.7887346483605607
0.789502886002886
0.786642368299977
0.7874126124577389
0.7881773152906246
0.788936536382773
0.7861189058956916
0.7868800485793368
0.7876357930879208
0.7883861966459139
0.7891313156718086
0.7887016151489836
0.7894404206904208
0.7901740777611859
0.7874304177689594
0.7850902125556105
0.7829002463054188
0.7833026509572901
0.7840447651663405
0.7847818137493906
0.7855138483965015
0.7862409200968523
0.7835847007722008
0.7821248196248196
0.7795002396931927
0.7802376970855232
0.7809702380952381
0.7816979117228287
0.782420766319773
0.7801685525695427
0.7792469454887218
0.7789871194379392
0.7797093837535014
0.7804269427640763
0.7811398423005567
0.7818481276005548
0.7825518433179723
0.783251033532384
0.7839457417582418
0.7846360109539023
0.7835525983217067
0.7836048122952886
0.7838149236487844
0.7844968954984728
0.7836022511730059
0.7842806140219933
0.7849547371031746
0.7856246600405479
0.7842717884255153
0.7833916900093372
0.783134308250049
0.7807246642246642
0.7813972879540364
0.7817599873792535
0.7809009630274875
0.7788313552371302
0.7795015632515632
0.7794124346616793
0.7800768550392044
0.7807372849039516
0.7798967541108259
0.7795587538497988
0.7800660194633409
0.7807186425509868
0.7787046820700667
0.7769975886126329
0.7767711251167133
0.7765459898524416
0.7771993641511187
0.7752250219815817
0.7758784376153564
0.7765280653324134
0.7771739379759612
0.776519258039431
0.7761556969531107
0.7767970846409241
0.7774348072562358
0.7780688961244516
0.7786993822150072
0.7793262961464095
0.7795259393776344
0.7788793874357254
0.7772533217406813
0.7775971499710995
0.7782183869823535
0.7788361630631825
0.7772282848324514
0.7778453809963505
0.7770778523195649
0.776176811404084
0.7767917102738531
0.776033376821048
0.7739130670483129
0.7745291077375546
0.7744624525534851
0.7750736654191938
0.7756815744315744
0.7762862063064219
0.7766187702679638
0.7772176475594706
0.7778133222986164
0.7767761904761904
0.7773698708206687
0.7779604016672982
0.7764901948433696
0.7770799304770282
0.7776665622389307
0.7768065450152065
0.7760819205518159
0.7766665630569025
0.7756856605489418
0.7760085549371265
0.7760131384159881
0.7746539313399777
0.7752347201767305
0.7758125229526257
0.7742078754578755
0.7746574716843259
0.7752323250728863
0.7758042529989094
0.7755272540488277
0.7735638939119952
0.7741357022607023
0.7747046299628164
0.7740144173247189
0.7745807972311732
0.7751443452380953
0.773211316945731
0.7726560649135277
0.77322019378471
0.7737815299387082
0.7743400940623163
0.7726381069669247
0.7731967356967357
0.7737526260504202
0.7722683083013157
0.7728237514518003
0.7717544316996872
0.7710948335644938
0.7692277758561051
0.7689397860593512
0.7676893287435456
0.7678471268315019
0.7684038483498916
0.7684794372294373
0.7678386748494148
0.7660104875283448
0.7641909851826717
0.7627355563078312
0.7622326353709333
0.7612210804132974
0.7611946778711485
0.7617552537446903
0.7623132039701126
0.7622844348019582
0.7628385503385503
0.7633900885935769
0.7630109932604132
0.7635595789241623
0.7636437369405036
0.7641883366249725
0.7647304324028461
0.7652700415028396
0.7635188514765173
0.7640587627745161
0.7645962143399501
0.7651312229437229
0.7644166396717418
0.7649496336996338
0.7654802214339461
0.7651075182325182
0.765635366506153
0.7650397715139867
0.7650061254927026
0.764414593962585
0.764939283062891
0.7654616402116402
0.7659816809207053
0.766499420564686
0.7661318721749184
0.7666470002097755
0.766060962846677
0.7663546888053466
0.7664283109304991
0.7668291224786857
0.7664656603382093
0.7669733436853001
0.767478824501601
0.7679821170892599
0.7671873392985704
0.7675813321018062
0.7680811571940603
0.7685788371142448
0.7690743856429081
0.7680720899470901
0.7664344095847295
0.7669313576494429
0.7668954099686585
0.7673892756255045
0.7678810530554717
0.768370755475186
0.7688583959899751
0.7681184973989597
0.768604622142358
0.7681472902968719
0.7686313251814296
0.7680716765873015
0.7679301554301554
0.7684116281367319
0.7688911071675048
0.7673024891774892
0.7677822778595975
0.7672312855183225
0.7677092500244451
0.7681852556596409
0.7674323205764924
0.7673967444120505
0.7678704781301522
0.768139034068912
0.7686093402878392
0.7687740987083093
0.7692412217412217
0.7697064612135177
0.7701698284947783
0.7706313348632626
0.7709907911060216
0.7714488095238096
0.7699089915407281
0.770367340163157
0.7706250591687968
0.7699888983371127
0.7704443658651581
0.7708980331262941
0.7713499107729878
0.7718000093738284
0.7722483394143513
0.7726949112978526
0.7729440406299507
0.7733875093005953
0.7738292490485473
0.7742692699647953
0.774707582061951
0.7744982004429679
0.7749343741365018
0.7740818624747197
0.7744208184237086
0.7748546245421245
0.7747109496389727
0.7751425378580551
0.7736604297550761
0.7740923754998182
0.7744274376417234
0.7747612257830889
0.7733859672901419
0.7738151605339106
0.7742427311189127
0.7746686882300091
0.7750930409828716
0.7754218134622269
0.7751865004913786
0.7746711699661138
0.7750923453493548
0.7752320984363894
0.7756506606366941
0.7754171092228713
0.7757410106899904
0.7759711199294532
0.7748140568611919
0.7746760235459498
0.7747226607033237
0.7751367734593838
0.7746319353429445
0.7743120966335253
0.7728965352137199
0.7732197167188044
0.7736327955590251
0.7723777056277058
0.7724883329012187
0.7729004917184266
0.7723165848617929
0.7727275657555441
0.7731370656370657
0.7735450924974306
0.7739516542703258
0.7743567588325654
0.7747604140046002
0.7751626275510204
0.7746721415839063
0.7750730808337569
0.7754725957878711
0.7758706940222897
0.7753824273072061
0.7751167339727411
0.775513353489544
0.7748522384305835
0.7752479286969621
0.7738878446115288
0.7727271147805298
0.773124444999445
0.7735203883764094
0.7735665201039765
0.7730907522429261
0.7734846919091711
0.7738772660999698
0.7742684819025649
