3708
MAX PATTERN LENGTH : 10
MEAN PATTERN LENGTH : 5.84061488673
0.25
0.6
0.39999999999999997
0.375
0.3
0.3333333333333333
0.35000000000000003
0.30625
0.3277777777777778
0.29500000000000004
0.29090909090909095
0.3125
0.28846153846153844
0.275
0.26333333333333336
0.30937499999999996
0.29117647058823526
0.31666666666666665
0.31052631578947365
0.295
0.28095238095238095
0.26818181818181813
0.26086956521739124
0.25625000000000003
0.272
0.26153846153846155
0.2587962962962963
0.24955357142857146
0.2633620689655173
0.2545833333333334
0.24798387096774197
0.271484375
0.26325757575757575
0.2555147058823529
0.24821428571428572
0.24270833333333336
0.23614864864864868
0.2299342105263158
0.23814102564102568
0.2321875
0.24969512195121948
0.24374999999999997
0.23808139534883718
0.2440340909090909
0.23861111111111108
0.23342391304347823
0.22845744680851063
0.2236979166666667
0.23103741496598643
0.22641666666666668
0.2268790849673203
0.22251602564102566
0.23341194968553464
0.2300154320987655
0.23151515151515156
0.24523809523809523
0.24093567251461986
0.25114942528735634
0.25621468926553675
0.25194444444444447
0.24781420765027323
0.24623655913978496
0.25343915343915346
0.24947916666666667
0.25256410256410255
0.24873737373737376
0.25323383084577117
0.24950980392156866
0.2458937198067633
0.24238095238095242
0.24600938967136152
0.2425925925925926
0.2392694063926941
0.2427927927927928
0.24022222222222225
0.23771929824561408
0.24502164502164508
0.24764957264957269
0.24831223628691987
0.25145833333333334
0.24958847736625517
0.2483739837398374
0.2508032128514056
0.2507936507936508
0.2507843137254902
0.25368217054263564
0.257088122605364
0.2564393939393939
0.2573033707865168
0.2544444444444444
0.25164835164835164
0.24891304347826085
0.24731182795698925
0.24468085106382978
0.25263157894736843
0.2520833333333333
0.24948453608247423
0.2530612244897959
0.25555555555555554
0.253
0.2504950495049505
0.257843137254902
0.25533980582524274
0.2528846153846154
0.25047619047619046
0.2537735849056604
0.26074766355140183
0.2583333333333333
0.26376146788990823
0.2640909090909091
0.26441441441441443
0.2620535714285714
0.2652654867256637
0.26337719298245615
0.26108695652173913
0.25883620689655173
0.2566239316239316
0.2544491525423729
0.25357142857142856
0.255625
0.25488980716253445
0.25525956284153006
0.25318428184281844
0.25920698924731184
0.2571333333333333
0.2550925925925926
0.2546587926509187
0.25266927083333335
0.2507105943152455
0.25262820512820516
0.25833333333333336
0.2563762626262626
0.2544486215538847
0.2525497512437811
0.250679012345679
0.2488357843137255
0.24701946472019465
0.24522946859903383
0.24418465227817748
0.24636904761904763
0.24568557919621747
0.24395539906103286
0.24504662004662003
0.24403935185185185
0.24270114942528737
0.24138127853881283
0.24041950113378685
0.23913288288288292
0.2375279642058166
0.23594444444444448
0.2343818984547462
0.23283991228070175
0.23131808278867103
0.2359848484848485
0.2405913978494624
0.24129273504273505
0.2416666666666667
0.2452004219409283
0.24397274633123692
0.2436197916666667
0.2436594202898551
0.24215534979423872
0.24281697341513298
0.24560467479674797
0.24502525252525256
0.24354919678714865
0.24268962075848305
0.24541170634920637
0.24839743589743593
0.25281862745098044
0.25397173489278757
0.25627422480620154
0.25479287090558767
0.2533285440613027
0.2547380952380952
0.2532907196969697
0.25298964218455744
0.2518492509363296
0.25277001862197396
0.25525462962962964
0.25384438305709023
0.25794413919413917
0.25653460837887065
0.25975996376811594
0.25835585585585585
0.25696684587813623
0.25826648841354727
0.25742464539007087
0.258179012345679
0.2568201754385965
0.2554755671902269
0.2570095486111111
0.25567789291882553
0.2543599656357388
0.2556196581196581
0.2543154761904762
0.2564086294416244
0.2551136363636364
0.25571608040201005
0.25443750000000004
0.2531716417910448
0.2519183168316832
0.2516625615763547
0.25042892156862745
0.2504268292682927
0.24921116504854368
0.24981884057971013
0.2522235576923077
0.2558014354066986
0.25458333333333333
0.254324644549763
0.2537146226415094
0.2525234741784037
0.2515771028037383
0.25040697674418605
0.24924768518518517
0.24925115207373272
0.24810779816513762
0.24697488584474886
0.24585227272727272
0.24541855203619908
0.24769144144144142
0.24770179372197307
0.24659598214285713
0.2455
0.24441371681415927
0.24333700440528633
0.24226973684210526
0.24405021834061133
0.2429891304347826
0.24193722943722942
0.2424030172413793
0.2435085836909871
0.24300213675213675
0.24196808510638296
0.24094279661016949
0.24414556962025316
0.245640756302521
0.24461297071129706
0.24359375000000003
0.2427904564315353
0.24488636363636365
0.24717078189300412
0.2461577868852459
0.2461734693877551
0.24542682926829268
0.24605263157894738
0.24506048387096777
0.24809236947791166
0.24869999999999998
0.2495019920318725
0.24851190476190477
0.2475296442687747
0.24655511811023623
0.24558823529411763
0.24580078125
0.2448443579766537
0.24777131782945735
0.25067567567567567
0.24971153846153846
0.25047892720306514
0.24952290076335878
0.24857414448669202
0.24763257575757575
0.24915094339622643
0.25046992481203006
0.25065543071161045
0.2510261194029851
0.25195167286245357
0.25212962962962965
0.2523062730627306
0.25137867647058826
0.25045787545787546
0.2506386861313869
0.24972727272727277
0.24882246376811598
0.24882671480144408
0.24793165467625902
0.24704301075268822
0.24651785714285715
0.2474199288256228
0.2471335697399527
0.2462603062426384
0.24539319248826288
0.24576023391812868
0.24734848484848487
0.24648664343786297
0.24563078703703706
0.24668396770472897
0.24652298850574716
0.24567583046964492
0.24534817351598173
0.24672923777019337
0.24725056689342403
0.24658192090395478
0.24574887387387384
0.24492143658810323
0.2440995525727069
0.24378483835005574
0.24313888888888888
0.2424972314507198
0.24467439293598234
0.24535203520352036
0.24651864035087717
0.2457103825136612
0.2449074074074074
0.24427252985884906
0.2465638528138528
0.2470244516361021
0.24622759856630821
0.24543586995355482
0.24545049857549855
0.2449858004969826
0.24420559094125974
0.24406525573192242
0.24376758087201125
0.24457588503329827
0.24537910552061495
0.24602055033089515
0.24525173611111112
0.24464347525095193
0.24388371290545208
0.24312865497076028
0.24453875171467765
0.24532478632478633
0.24457225630538515
0.24504757050628612
0.24506266937669377
0.2470533603512327
0.24630471380471383
0.24661799261497147
0.2478831994645248
0.24713880547213884
0.24669827012641385
0.24596185737976783
0.2456762566137566
0.24509561490273657
0.24437047994740305
0.24586201245493283
0.24572712418300652
0.2450065167807103
0.2442901234567901
0.2463475866537091
0.24635820413436693
0.24752818035426732
0.24912491971740527
0.2489833493435799
0.25114144316730524
0.25328716969118115
0.2525634920634921
0.25212883823994936
0.2518184072871573
0.25110504069427586
0.2511019191103937
0.2532114911692377
0.2539047173176387
0.25436063314214574
0.2555123259732198
0.25480059247468717
0.254960868606702
0.25702468891527064
0.25769589143207927
0.25753694958240414
0.25888987005058434
0.2588655142422266
0.26048063578801284
0.2597708792872281
0.2600160671152519
0.2593114165268637
0.25861057486057487
0.25885690754289137
0.2586090843147295
0.26059672752032004
0.2625737416178593
0.2645402116402117
0.2638366472475515
0.2635346932760726
0.26283751154782903
0.2621440088788374
0.26145415622389306
0.26194902720493274
0.2612632967672235
0.26058114716730907
0.26250671709656087
0.26442228406514123
0.2663279258162678
0.2679653213567942
0.2672746890852561
0.266587607622312
0.26769892144892143
0.26778153290301626
0.2687990970197603
0.26862403570418836
0.26921128434453306
0.26916264818163554
0.2684829445246112
0.26831044340490184
0.26763629656217597
0.2683439750169074
0.2680481150793651
0.2691253018248031
0.26920210455658217
0.2685341092599157
0.2678694208706585
0.2672080148932001
0.26778139416686214
0.2675841425841426
0.2669282990974167
0.2662756626693057
0.2656262098335269
0.2649799173521801
0.2643367622129758
0.2636967216265037
0.2630597730235411
0.26254637598011094
0.2619152548840049
0.262006585208024
0.26137977519556466
0.2607559571163389
0.2601351095993953
0.2595172114768314
0.25890224178138865
0.25852658636346576
0.2580347783767595
0.25821195144724557
0.2576058201058201
0.25852477603063084
0.257920746180092
0.25731953231953236
0.2567211148025102
0.25689886936986706
0.2563041960611405
0.2562896367168885
0.25582711579255357
0.25581372012406495
0.2554563492063492
0.2549861973775017
0.2544040371095166
0.2540523194851213
0.2538158369408369
0.25324029082532484
0.2526673489908784
0.2540157296929306
0.2554456241956242
0.2564446227929374
0.25665438821268416
0.25608021732182806
0.2568106930272109
0.2562387315728073
0.25666931216931216
0.2565436595924401
0.2566398019384745
0.25772889729843373
0.2593638556744284
0.2592333856619571
0.25954208437761067
0.2590835677815984
0.2607012892493242
0.2616583670505239
0.26108954451345756
0.2612824088420617
0.26152855081426507
0.2613956597757894
0.26083230706075533
0.2615616999487967
0.26153688943388514
0.2609768532680738
0.26127391127391125
0.2619961417402782
0.26228976697061807
0.26173288848448084
0.2611783696529459
0.262740360414779
0.2623970263210769
0.26194987468671677
0.26139955982392954
0.2608515523609863
0.2614564654313608
0.2629983099711701
0.2629133597883598
0.26392601392601395
0.2633784495817691
0.2629366722534424
0.2634264725173816
0.26473899525445915
0.2646057874452936
0.2650891431178905
0.26454592766068175
0.2640049339435842
0.26346614836410753
0.2631332234183558
0.2630049038585624
0.26297852474323063
0.2628510378510378
0.26333012666345995
0.2630008320532514
0.26357829516783243
0.2650570536112705
0.2659286827623501
0.2662968253968254
0.2658650952064126
0.266630304180105
0.2661002240525104
0.266564310909549
0.26682853999685685
0.2667952820126734
0.2662690585767509
0.2661386076740408
0.2663524807434434
0.2659282601929661
0.2654078526387724
0.2648894779265873
0.2659325783594789
0.2663879624482737
0.26771536446293726
0.26826242771010206
0.2677435448712044
0.26722666544095114
0.26680811695262563
0.2677373321123321
0.2691428266764159
0.2694892963571124
0.2701212479893168
0.2715141463710166
0.2711874527588814
0.27238291387530933
0.2727199481943315
0.272487524050024
0.2721614606775287
0.2716479484875711
0.27141885630586193
0.27090867048573813
0.27040039905893565
