66
MAX PATTERN LENGTH : 5
MEAN PATTERN LENGTH : 2.83333333333
0.8
0.875
0.5833333333333334
0.5
0.4333333333333333
0.3611111111111111
0.3380952380952381
0.29583333333333334
0.2796296296296296
0.25666666666666665
0.24696969696969695
0.2638888888888889
0.24358974358974358
0.2511904761904762
0.23444444444444443
0.28229166666666666
0.2656862745098039
0.2537037037037037
0.2692982456140351
0.2558333333333333
0.24365079365079362
0.23257575757575755
0.2289855072463768
0.24444444444444446
0.2506666666666667
0.24294871794871797
0.2432098765432099
0.23452380952380955
0.2402298850574713
0.23722222222222228
0.22956989247311832
0.25364583333333335
0.24595959595959596
0.23872549019607844
0.23190476190476192
0.22546296296296298
0.23738738738738738
0.23114035087719298
0.22649572649572652
0.2208333333333333
0.2154471544715447
0.2103174603174603
0.20542635658914726
0.2121212121212121
0.20740740740740737
0.20289855072463767
0.19858156028368792
0.1954861111111111
0.2034013605442177
0.19933333333333333
0.1954248366013072
0.19166666666666668
0.18993710691823898
0.18641975308641975
0.18303030303030302
0.19404761904761905
0.19064327485380117
0.18735632183908046
0.19180790960451977
0.18861111111111112
0.18551912568306012
0.1825268817204301
0.18994708994708995
0.1869791666666667
0.18871794871794875
0.1858585858585859
0.18383084577114434
0.1811274509803922
0.18140096618357493
0.17880952380952383
0.1762910798122066
0.17453703703703705
0.17214611872146118
0.171509009009009
0.16922222222222222
0.17160087719298245
0.17846320346320343
0.1768162393162393
0.17584388185654007
0.17489583333333333
0.1727366255144033
0.17367886178861788
0.17339357429718877
0.17490079365079367
0.17401960784313728
0.17199612403100775
0.17691570881226054
0.17774621212121214
0.18511235955056182
0.18305555555555558
0.18104395604395607
0.17907608695652175
0.18575268817204305
0.1837765957446809
0.18184210526315792
0.18203125
0.18015463917525776
0.18698979591836737
0.1863636363636364
0.18450000000000003
0.18432343234323437
0.1831290849673203
0.1813511326860842
0.1796073717948718
0.17789682539682541
0.17669025157232707
0.18345015576323986
0.18175154320987655
0.18008409785932722
0.1784469696969697
0.1799924924924925
0.17838541666666666
0.17680678466076694
0.17964181286549705
0.17807971014492752
0.17654454022988503
0.18059116809116807
0.1790607344632768
0.17755602240896357
0.17649305555555556
0.17687098255280073
0.1754212204007286
0.17887308039747066
0.17743055555555556
0.17601111111111112
0.18215388007054675
0.18505030621172355
0.18360460069444445
0.18315030146425496
0.18654914529914532
0.19085029686174726
0.18940446127946128
0.18798036758563075
0.18657752902155889
0.1851954732510288
0.18383374183006537
0.18249188969991892
0.1811694847020934
0.17986610711430856
0.18215277777777777
0.18653467297084322
0.18522104851330207
0.18497474747474751
0.18438464506172839
0.1882854406130268
0.18699581430745812
0.19116591080876794
0.18987424924924926
0.19027777777777777
0.18900925925925927
0.18775754231052244
0.18915387426900584
0.18791757443718227
0.1873466810966811
0.18871863799283153
0.19231659544159543
0.19746107572540691
0.19779360056258788
0.19654961565338921
0.20000868055555557
0.19969806763285025
0.2012431412894376
0.20154226312201773
0.20122798102981027
0.201523569023569
0.20030957161981255
0.20210412508316697
0.20566302910052908
0.20858809993425376
0.2088316993464052
0.2079028589993502
0.21047319121447028
0.20954560051380858
0.21085568326947635
0.21322222222222217
0.21201073232323234
0.21081293157564346
0.2104712858926342
0.21022656734947237
0.2096141975308642
0.2084561080417434
0.2073107448107448
0.20617789921068608
0.209405193236715
0.20935435435435434
0.20822879330943847
0.20711527035056446
0.20840721040189125
0.2125955320399765
0.2114766081871345
0.210369400814427
0.21239872685185188
0.21129821531375936
0.21175544100801835
0.2106695156695157
0.2095946712018141
0.21022278623801469
0.20916105499438833
0.20810999441652708
0.20706944444444444
0.20902432283029299
0.20798954895489552
0.20795019157088124
0.20693082788671024
0.20592140921409213
0.2049217907227616
0.20483762748255502
0.2081797542735043
0.20718367889420525
0.20619708994708996
0.2052198525539758
0.20661032494758913
0.20564032342201358
0.2049130321910696
0.20582041343669252
0.20486754115226338
0.20507552483358935
0.20413481141692152
0.20320268899036023
0.2022790404040404
0.20136375062845652
0.20225850850850852
0.2013515196811161
0.20223834325396825
0.2013395061728395
0.2004486234021632
0.19956558981889377
0.19869030214424951
0.20153444929645803
0.20391908212560386
0.20433501683501681
0.20539391762452108
0.20451239866475918
0.2063093542260209
0.2064952718676123
0.20703272128060263
0.20721401781528362
0.21054505135387486
0.20966410971641095
0.20899884259259263
0.20813162747810054
0.2076848025711662
0.20724165523548244
0.20639230418943538
0.20779478458049888
0.20872854561878953
0.2082883490778228
0.20744847670250896
0.2066153502900491
0.2069888888888889
0.20974988933156266
0.20891754850088184
0.20809178743961354
0.20746937882764654
0.2066557734204793
0.20584852430555556
0.20504755728491136
0.2073535745047373
0.20655298155298155
0.20672008547008547
0.20765219242230737
0.20791984732824428
0.20712927756653993
0.20634469696969698
0.20575471698113207
0.20535714285714285
0.20608614232209738
0.20662313432835822
0.2058550185873606
0.2050925925925926
0.20784132841328412
0.20830269607843135
0.20790598290598292
0.20714720194647201
0.20675757575757575
0.20618961352657003
0.20725030084235863
0.20650479616306958
0.2057646356033453
0.20502976190476194
0.20625741399762754
0.2055260047281324
0.2047997644287397
0.20583920187793428
0.20652046783625733
0.206497668997669
0.2057781649245064
0.2050636574074074
0.20677623990772778
0.20830459770114942
0.20758877434135165
0.20978881278538813
0.20975540386803188
0.2090419501133787
0.20867231638418077
0.20796734234234235
0.20726711560044894
0.2079697986577181
0.20760869565217394
0.20808333333333334
0.2073920265780731
0.20802980132450336
0.20734323432343238
0.20814144736842102
0.20795081967213114
0.20890522875816991
0.2083876221498371
0.21030844155844153
0.2112459546925566
0.21056451612903224
0.20988745980707393
0.20921474358974357
0.20854632587859423
0.2078821656050955
0.2072222222222222
0.2065664556962025
0.2059148264984227
0.20621069182389937
0.2068181818181818
0.20617187499999998
0.2055295950155763
0.20489130434782607
0.20565015479876164
0.2068672839506173
0.20623076923076925
0.20559815950920246
0.20695718654434253
0.20708841463414634
0.2075227963525836
0.20734848484848484
0.20672205438066465
0.20844210174029454
0.20781614948281615
0.20794244843646043
0.20732172470978444
0.20670469576719577
0.20609132871744149
0.20548159105851416
0.20708784005244182
0.20662581699346405
0.20748615184099056
0.20687946718648473
0.20715095562034339
0.20829295865633074
0.2079790660225443
0.20766698779704562
0.2075008005123279
0.20762292464878673
0.20745781598217128
0.20686507936507934
0.20827002215891108
0.207678345959596
0.20709002203336485
0.20819993722536098
0.2076134585289515
0.20927746566791516
0.20915810768751947
0.20857386716325266
0.20799288146084804
0.20810956790123458
0.2078793474915359
0.20776550030693677
0.2091215182124273
0.2090964590964591
0.20852359208523594
0.2079538554948391
0.20765970330003028
0.20845410628019323
0.20856669677807887
0.2082732732732733
0.20932914046121598
0.2114545997610514
0.2108876973488234
0.21192810457516342
0.21402962962962965
0.21439125295508274
0.2138225758915414
0.21325690770135217
0.2126942245675755
0.21213450292397662
0.21393992417614466
0.2133798720186155
0.21311285175514944
0.21399016203703702
0.2151659451659452
0.214608520437536
0.21637955785242607
0.21582187857961055
0.21578120536989434
0.217022792022792
0.21672350099460075
0.21702097505668935
0.21685043822448405
0.21883812746756912
0.21967651195499302
0.21912177328843999
0.2193254967814162
0.21890005583472924
0.21910331384015597
0.2190555555555556
0.22000554170130232
0.22107517965726925
0.22102288392610975
0.22047579757975796
0.2201783264746228
0.22086754241926657
0.22155337155337157
0.22101034858387802
0.22059223037218148
0.22005420054200545
0.21951878886185458
0.2189859762675297
0.2184557438794727
0.2179280730005368
0.21836680053547528
0.21784188034188037
0.21791899813482551
0.21835459861775652
0.21843012463537523
0.21791005291005291
0.21739245183425707
0.2168773038441285
0.21742842132913057
0.21774109014675053
0.21840522875816992
0.2178925404277517
0.2184361176164455
0.21921079958463136
0.2186998186998187
0.21819121447028425
0.2188450631606084
0.21833847736625514
0.2186425455478573
0.21865079365079365
0.2204469987228608
0.21994138634046892
0.2209255021612001
0.2208777270421106
0.2218552265249304
0.2213510101010101
0.2208490803728899
0.22034942182001005
0.2219964885879107
0.2224974974974975
0.22255930087390763
0.22430244145490782
0.22480735769326377
0.2252356150793651
0.22607027963375403
0.22612345679012347
0.22584380389258438
0.22633972468043265
0.22749570762815796
0.2287842633382281
0.22927045177045177
0.2287676656920078
0.22826707999027473
0.2292242843279961
0.23090353425320745
0.23094504830917872
0.23066100265124123
0.23124398749398747
0.23074454043676504
0.23143259099616859
0.23104241338112308
0.2310830948974726
0.2305882702831311
0.23009556030389366
0.22960495143330967
0.22986111111111113
0.22937308327435718
0.22888712335216574
0.22972457129433874
0.22997831692451945
0.230546783625731
0.23006244164332398
0.22999941765665036
0.2315056950255695
0.23189225237763864
0.23198784722222224
0.23337664587664586
0.23392980636237898
0.23417011732229123
0.23482265840220387
0.23629725085910655
0.23642832647462278
0.2377908966461328
0.23761099726775958
0.23712508520790732
0.23664115646258507
0.23626103190767145
0.23628895663956642
0.23682386747802572
0.2363444669365722
0.23712962962962966
0.23695396505376345
0.23768443997317237
0.2379099732262383
0.23773380093520374
0.23795833333333336
0.23768296739853625
0.2381059096945551
0.2379307488402916
0.23934358465608466
0.239463696369637
0.23899044795783927
0.23884779750164364
0.238377624671916
0.23864603798297315
0.23915849673202613
0.23966894977168948
0.23920084635416666
0.24029402209226772
0.23982652399481194
0.24062297734627833
0.24199773901808785
0.24201321727917474
0.2415460102960103
0.24156229929351317
0.241963141025641
0.24332213691618684
0.24467592592592594
0.24573773103887828
0.24689090330788804
0.24803968253968253
0.24880386565272497
0.2495651486401012
0.2490924873737374
0.2499448645242596
0.2504166666666667
0.2499450721908349
0.24947525062656642
0.24900719199499688
