993
MAX PATTERN LENGTH : 9
MEAN PATTERN LENGTH : 5.05035246727
0.2
0.6
0.39999999999999997
0.375
0.3
0.25
0.21428571428571427
0.1875
0.24444444444444446
0.22000000000000003
0.2
0.21666666666666667
0.2
0.19285714285714287
0.18666666666666668
0.2375
0.22352941176470587
0.2222222222222222
0.23157894736842108
0.22000000000000003
0.20952380952380953
0.2
0.1956521739130435
0.19166666666666665
0.212
0.20384615384615384
0.2074074074074074
0.19999999999999998
0.20689655172413793
0.2
0.1935483870967742
0.21875
0.21212121212121213
0.20588235294117646
0.2
0.19444444444444445
0.1891891891891892
0.18421052631578946
0.19743589743589743
0.19249999999999998
0.18780487804878046
0.18333333333333332
0.17906976744186046
0.18409090909090908
0.1822222222222222
0.1782608695652174
0.17446808510638295
0.1708333333333333
0.1877551020408163
0.184
0.1852941176470588
0.18365384615384614
0.18773584905660376
0.18425925925925923
0.1827272727272727
0.19375000000000003
0.19385964912280704
0.20775862068965517
0.21440677966101696
0.21083333333333334
0.20737704918032787
0.20403225806451614
0.2134920634920635
0.21015625
0.22076923076923077
0.2174242424242424
0.22014925373134328
0.21691176470588236
0.213768115942029
0.21071428571428572
0.21619718309859154
0.21319444444444446
0.21027397260273975
0.20743243243243245
0.20600000000000002
0.20460526315789473
0.21233766233766235
0.2198717948717949
0.22215189873417723
0.22312500000000002
0.22037037037037038
0.21890243902439027
0.2198795180722892
0.2172619047619048
0.2170588235294118
0.21453488372093027
0.21781609195402302
0.22102272727272732
0.2219101123595506
0.2194444444444445
0.22252747252747257
0.22010869565217395
0.217741935483871
0.21542553191489366
0.21315789473684213
0.2119791666666667
0.2097938144329897
0.21581632653061228
0.2176767676767677
0.2155
0.21336633663366336
0.21421568627450982
0.21310679611650488
0.2110576923076923
0.20904761904761904
0.21367924528301885
0.22102803738317756
0.21898148148148147
0.22247706422018348
0.2240909090909091
0.22477477477477475
0.22276785714285716
0.2274336283185841
0.22719298245614036
0.22521739130434784
0.22327586206896555
0.22136752136752139
0.21949152542372882
0.21764705882352944
0.21666666666666667
0.2165289256198347
0.21721311475409835
0.21788617886178863
0.21774193548387097
0.224
0.22301587301587303
0.22283464566929134
0.22109375
0.22093023255813954
0.22403846153846155
0.2299618320610687
0.22821969696969696
0.22650375939849623
0.2248134328358209
0.22314814814814815
0.22150735294117646
0.2198905109489051
0.21829710144927536
0.21672661870503598
0.21875
0.2200354609929078
0.21848591549295773
0.22115384615384615
0.22031250000000002
0.22086206896551727
0.2193493150684932
0.2185374149659864
0.2170608108108108
0.21728187919463088
0.21583333333333332
0.2144039735099338
0.2136513157894737
0.21225490196078434
0.2154220779220779
0.21790322580645166
0.21971153846153849
0.22022292993630574
0.2245253164556962
0.22374213836477988
0.22359374999999998
0.22406832298136647
0.22330246913580246
0.22377300613496934
0.22484756097560976
0.2259090909090909
0.22454819277108432
0.22380239520958084
0.22782738095238095
0.2306213017751479
0.23514705882352938
0.23552631578947367
0.23822674418604647
0.23684971098265892
0.2354885057471264
0.23628571428571427
0.23494318181818186
0.2336158192090396
0.2323033707865169
0.23156424581005589
0.23361111111111119
0.23232044198895033
0.23653846153846161
0.23524590163934433
0.2383152173913044
0.23702702702702708
0.23575268817204306
0.2344919786096257
0.23484042553191492
0.23571428571428574
0.23447368421052633
0.23324607329842934
0.23359375000000002
0.23238341968911919
0.23273195876288663
0.2334615384615385
0.23227040816326533
0.2327834179357022
0.23160774410774412
0.23170016750418762
0.23554166666666668
0.2353648424543947
0.23469471947194717
0.23550903119868638
0.23435457516339872
0.23467479674796748
0.2335355987055016
0.23289049919484703
0.23417467948717946
0.2344896331738437
0.23337301587301587
0.23321484992101105
0.2321147798742138
0.23102503912363065
0.2304127725856698
0.22934108527131786
0.22827932098765433
0.229531490015361
0.22847859327217127
0.22743531202435313
0.22640151515151516
0.22582956259426848
0.22841591591591592
0.2273916292974589
0.22682291666666668
0.22581481481481483
0.2248156342182891
0.22382525697503672
0.222843567251462
0.22318049490538575
0.22221014492753624
0.22124819624819625
0.2211566091954023
0.22020743919885552
0.22033475783475784
0.219822695035461
0.22016242937853112
0.21923347398030946
0.2204131652661065
0.21949093444909348
0.2198263888888889
0.21891424619640387
0.22048898071625345
0.2220507544581619
0.22155054644808744
0.22309523809523812
0.22381436314363146
0.22412280701754386
0.2232190860215054
0.22633868808567603
0.22663333333333333
0.22812084993359893
0.22721560846560845
0.22631752305665348
0.227001312335958
0.2261111111111111
0.22522786458333333
0.22435149156939038
0.2273578811369509
0.23034105534105534
0.23233974358974357
0.2329821200510856
0.23209287531806616
0.23121039290240814
0.23033459595959596
0.23210691823899368
0.23499373433583956
0.23411360799001246
0.23435945273631842
0.23348822800495664
0.23262345679012347
0.23250307503075027
0.2316482843137255
0.23079975579975578
0.23068734793187348
0.22984848484848486
0.2290157004830918
0.22818892900120338
0.22736810551558753
0.2265531660692951
0.22681547619047618
0.22707591933570584
0.22697990543735222
0.2261778563015312
0.22538145539906101
0.2259941520467836
0.2266025641025641
0.22581300813008132
0.22502893518518519
0.22598039215686275
0.22658045977011498
0.22717640320733098
0.22674086757990872
0.22630830489192266
0.22689909297052158
0.2261299435028249
0.22536599099099103
0.2246071829405163
0.22385346756152127
0.2231047937569677
0.22269444444444444
0.2219545957918051
0.2245309050772627
0.2241199119911991
0.22371162280701756
0.2252732240437159
0.2255174291938998
0.22478284473398483
0.22697510822510822
0.22753505933117585
0.2268010752688172
0.22607181136120044
0.22534722222222223
0.22462726304579342
0.223911889596603
0.2238359788359788
0.22312763713080166
0.22281808622502627
0.22211740041928718
0.22204806687565312
0.2234375
0.22274143302180685
0.2220496894409938
0.22167182662538698
0.22314814814814818
0.22276923076923077
0.22208588957055217
0.2217125382262997
0.22179878048780488
0.22416413373860183
0.22348484848484848
0.2237160120845922
0.22304216867469884
0.2223723723723724
0.22170658682634733
0.221044776119403
0.22038690476190478
0.21973293768545998
0.21908284023668642
0.2205014749262537
0.2201470588235294
0.2224340175953079
0.22178362573099414
0.2231778425655977
0.22340116279069766
0.22420289855072462
0.22528901734104048
0.22521613832853027
0.2274425287356322
0.22965616045845275
0.229
0.22834757834757835
0.22851055194805198
0.22786321327397818
0.2280669895076675
0.22742454728370223
0.22875200642054577
0.228671468587435
0.22942936951316845
0.22879029048945487
0.22815476190476194
0.22946181242580135
0.22974875032886086
0.2304932441296078
0.2301347462061748
0.22984670580560992
0.22976515742909187
0.22913909432983004
0.22987512939958596
0.22925216156923478
0.2289028314028314
0.23017263509177258
0.2300019201228879
0.23206625813864423
0.2341195569136746
0.2361619047619048
0.23553381458966569
0.23490905646078064
0.2342876039304611
0.23366943083301925
0.23305451127819551
0.23323022122234724
0.23261967090501123
0.2320123088399851
0.23297061011904763
0.23496289424860856
0.2343541820873427
0.23452380952380955
0.2339193667157585
0.2333180315828131
0.23477106227106226
0.23442637924735113
0.23637937317784255
0.23577789894583787
0.23708303118201593
0.23876130198915008
0.2381583694083694
0.2385660309463836
0.23796661880832737
0.23862334407447192
0.2387767857142857
0.23917883861774134
0.2398276474769012
0.23948068060971286
0.23888790664780765
0.23829805996472664
0.23968156228008444
0.2400754650754651
0.23948704481792718
0.23890150192106183
0.23831881533101046
0.2377389641988182
0.2371619278779473
0.23658768592182636
0.23601621808143547
0.23568846815834768
0.23512190934065932
0.23503768413840354
0.2344753930280246
0.23391578588475959
0.23335884353741493
0.23280454699694603
0.23225287745429923
0.23170381627828432
0.23139319407008085
0.2316330532212885
0.23108931365973617
0.23242165718746513
0.23187861593235423
0.2313381063381063
0.23080011074197118
0.23142470445254665
0.2308889991181658
0.2312795557021885
0.23074665350010973
0.23079091406677615
0.2302615771079074
0.22973466274381607
0.2298950858882366
0.22937140687710164
0.23021374458874458
0.2296917179570241
0.2291720534367593
0.23091207137482533
0.23039199914199915
0.23189673622257892
0.23249786461669872
0.23264887610525195
0.2321295705782313
0.23183529536536218
0.23176455026455026
0.2314723893992187
0.2318452380952381
0.2329890675917166
0.23401772603314455
0.23394296180010465
0.23430712197159564
0.23401323330207358
0.23423008941567894
0.23589843344745307
0.23538561076604556
0.23552577213097822
0.235827664399093
0.2357502828345161
0.23631978653530378
0.23602662570404503
0.23702227672184756
0.23651473437340678
0.23600936100936104
0.23635902122042848
0.23585612968591693
0.2353553735719341
0.23485673930589185
0.23647437833484344
0.23660839863371508
0.23611027568922305
0.23561424569827932
0.23679744434461417
0.23839410241083883
0.2399840938463068
0.24156746031746035
0.24314424314424316
0.24263979450701445
0.242965592033915
0.24308343171979535
0.24443789887088857
0.2445522241818538
0.24610345164759947
0.24559914129586263
0.24509689356315126
0.24459669582118565
0.2443022015323441
0.24400890437475806
0.24452815609002224
0.24423558897243108
0.24434824434824437
0.24385560675883255
0.2445721950752132
0.24468349588831517
0.24439354900276747
0.2443047619047619
0.24401672844786618
0.24353063934737243
0.2430464830067216
0.2435563114134543
0.24327204148986328
0.2427912667043102
0.24231238846623462
0.242819647544057
0.24332491346243804
0.24284780578898227
0.24237256546454197
0.24214332217261905
0.24323076209041122
0.24275755049101352
0.2442279241793805
0.24549880029531193
0.24502394768352218
0.2445509284794999
0.24407973208551245
0.243610347985348
0.24487021296042408
0.24516739646049993
0.24508103432577616
0.2448041621228644
0.24529024943310657
0.2463448307079486
0.24587738321134908
0.24579049422799423
0.24664911333153297
0.24618373764600177
0.24609676262218635
0.2456341747225206
0.245173322612347
