225
MAX PATTERN LENGTH : 8
MEAN PATTERN LENGTH : 4.01777777778
1.0
0.625
0.43333333333333335
0.4916666666666667
0.5933333333333334
0.6611111111111111
0.6023809523809524
0.5395833333333333
0.5462962962962963
0.4916666666666666
0.4969696969696969
0.5138888888888888
0.4897435897435897
0.45476190476190476
0.43277777777777776
0.4404513888888889
0.41454248366013075
0.3915123456790124
0.37353801169590645
0.3598611111111111
0.3427248677248677
0.32714646464646463
0.3216183574879227
0.3082175925925926
0.30388888888888893
0.3056623931623932
0.29434156378600823
0.2838293650793651
0.27404214559386975
0.26990740740740743
0.26120071684587814
0.25928819444444445
0.252946127946128
0.24550653594771243
0.23849206349206353
0.24158950617283953
0.23641141141141145
0.23183479532163745
0.23999287749287754
0.24649305555555556
0.24048102981029812
0.24904100529100529
0.24324935400516795
0.2377209595959596
0.2535493827160494
0.24803743961352656
0.2640366430260047
0.2585358796296296
0.2532596371882086
0.2521944444444444
0.2668572984749455
0.2674946581196581
0.2624475890985325
0.25758744855967075
0.2529040404040404
0.2483878968253968
0.2492933723196881
0.2458572796934866
0.24169020715630887
0.24016203703703706
0.24770036429872497
0.2549955197132616
0.2509479717813051
0.25015190972222223
0.24886752136752138
0.24509680134680137
0.25636401326699837
0.26729983660130724
0.2641505636070854
0.2603769841269842
0.25670970266040694
0.2531442901234568
0.2496765601217656
0.24900525525525524
0.24568518518518517
0.24245248538011693
0.23930375180375177
0.24136396011396008
0.23830872011251755
0.2409548611111111
0.237980109739369
0.23812669376693765
0.23525769745649264
0.23364748677248678
0.2348202614379085
0.23208979328165374
0.2294220945083014
0.2290877525252525
0.22651373283395754
0.2239969135802469
0.22153540903540903
0.21912741545893719
0.21677120669056152
0.2251034278959811
0.2258918128654971
0.22353877314814816
0.22123424971363115
0.22407879818594104
0.23191638608305276
0.22959722222222223
0.2273239823982398
0.22509531590413942
0.2229099244875944
0.23038194444444443
0.2281878306878307
0.22603511530398324
0.2239226375908619
0.22184927983539093
0.22164882772680938
0.22417929292929292
0.22666416416416416
0.22508680555555557
0.22309488692232057
0.22113791423001952
0.21921497584541066
0.21732519157088126
0.21546771130104467
0.22211629001883243
0.220249766573296
0.21841435185185187
0.22349632690541785
0.2216643897996357
0.2198622402890696
0.21808915770609322
0.21834444444444445
0.21793430335097005
0.22330489938757656
0.22156032986111113
0.22178079242032733
0.22007478632478633
0.21839482612383376
0.22431607744107745
0.2245091896407686
0.22283374792703153
0.22303497942386832
0.2213950163398693
0.2205089213300892
0.2189110305958132
0.2173361310951239
0.21578373015873015
0.21425334909377464
0.2138008607198748
0.21230574980574982
0.2132619598765432
0.2117911877394636
0.21034056316590563
0.20890967498110355
0.20749812312312313
0.2061055182699478
0.21139814814814814
0.2099981604120677
0.20861659356725146
0.2072530864197531
0.20590728715728715
0.20457885304659498
0.20967770655270657
0.2095364472753008
0.21327355836849507
0.21193221523410202
0.2106076388888889
0.20929951690821255
0.2141803840877915
0.21286639400136334
0.21156842818428184
0.2102861952861953
0.21052543507362784
0.20926480372588158
0.2080191798941799
0.20974687705456938
0.20851307189542484
0.2072936972059779
0.21073966408268732
0.21212267180475272
0.21090357598978288
0.21341269841269842
0.21314709595959594
0.2119428750784683
0.21131398252184772
0.21013345747982623
0.20896604938271607
0.21167894413750768
0.21491147741147745
0.21920157862780817
0.21831219806763286
0.2207357357357357
0.2195489844683393
0.2219399881164587
0.22075945626477542
0.22091416813639037
0.21975146198830411
0.2238365328679465
0.2226707175925926
0.2222941853770869
0.22372565864833902
0.22257834757834755
0.2214427437641723
0.22209531866892274
0.2209736251402918
0.22488833054159688
0.2237638888888889
0.2233969043670536
0.22229097909790976
0.22193486590038314
0.22133714596949888
0.22025745257452573
0.21967367853290184
0.2186124530327429
0.21828258547008544
0.21771664008506114
0.2166798941798942
0.22039231174302265
0.2202961215932914
0.2192618675013041
0.2208073727933541
0.21978036175710594
0.21876286008230453
0.21775473630312342
0.21904943934760449
0.21804921359715881
0.2185732323232323
0.21758421317244844
0.2166041041041041
0.21563278525161933
0.21690228174603177
0.21741975308641978
0.21844886922320553
0.21814733235438083
0.21828703703703703
0.2192988840368753
0.2198671497584541
0.2189153439153439
0.21797174329501917
0.21703624225083454
0.21824548907882244
0.22157210401891256
0.22063323917137478
0.21970229723394283
0.2229808590102708
0.2220478847047885
0.22320601851851854
0.22227985246657447
0.2213613406795225
0.22090763603109284
0.22061703096539165
0.2197165532879819
0.21963640469738033
0.22279577147998203
0.2259296594982079
0.22502231146809462
0.22545555555555558
0.22455732625055336
0.22498897707231041
0.22409969257795345
0.22321741032370954
0.2258714596949891
0.22694227430555558
0.22930177258971035
0.2286068044788975
0.22965465465465465
0.2287713675213675
0.22789484887186037
0.2270250212044105
0.22679552175749895
0.22846170033670035
0.22759958071278827
0.22768379281537177
0.23057636287973368
0.2297160033167496
0.22886204047914085
0.22801440329218106
0.2271730217302173
0.22670547385620915
0.2277065527065527
0.22687550689375507
0.22605050505050506
0.22541264090177135
0.22495988768551947
0.22504996003197442
0.2276483472720032
0.2268353174603175
0.22958679319889283
0.23054570527974783
0.2297310561444837
0.2292742566510172
0.2284697855750487
0.23116744366744363
0.23036198219125045
0.23077739197530864
0.23228565936178394
0.23191570881226056
0.23398243604429173
0.23318112633181126
0.2332385286310201
0.23397581254724112
0.23657250470809793
0.23661786786786787
0.2358211747100636
0.23687546607009694
0.23831289483463397
0.2391851851851852
0.23839055001845702
0.24008462104488595
0.239498533186652
0.24084886695906432
0.24333788706739526
0.2447213144517066
0.24620430691277598
0.24594606782106784
0.2451501258540094
0.2443593189964158
0.24357359771346912
0.24279291310541312
0.24325967341143062
0.24248496107572542
0.24314373897707234
0.24379834739803097
0.24302926743778483
0.2422650244584207
0.24354319052594917
0.24551649305555556
0.24475164416753203
0.24606193926846104
0.2473641210870313
0.2466006515775034
0.2461837606837607
0.24650221540558967
0.2457483860006796
0.24743817750677508
0.24729398851739276
0.24805976430976429
0.24787680429674386
0.24713018741633197
0.24638805472138803
0.24565036593479705
0.24640961857379767
0.2456762566137566
0.2449472469502143
0.24422255095332016
0.2435021304490331
0.2427859477124183
0.24207396546106222
0.2416585445094217
0.2409540006478782
0.24025355297157625
0.2395571658615137
0.23886480411046887
0.23817643291706694
0.23749201787994892
0.23776663482967209
0.23751587301587304
0.2368391896169674
0.23616635101010103
0.2356389675794775
0.23497332077840552
0.2371283255086072
0.2378667290886392
0.23790071584189232
0.23723618870266916
0.23657536366450016
0.23591820987654322
0.23526469682979378
0.2346147943523634
0.23424395469850015
0.23360042735042733
0.2337823439878234
0.2331435944140862
0.23264456554647292
0.23201237922705314
0.23165462210177656
0.23129879879879878
0.2320230607966457
0.23139934289127836
0.23100238308013107
0.23038472964943554
0.22977037037037037
0.2291592789598109
0.22855142941349837
0.22794679600235157
0.22866461448255646
0.22806286549707602
0.22746427529892096
0.22686881908086098
0.22627647229474906
0.22568721064814815
0.2251010101010101
0.22451784686240644
0.2239376973873098
0.22516466208476515
0.22715652670665523
0.22657407407407404
0.22663398692810455
0.22605583900226756
0.22548063330506077
0.22516215454032712
0.2258579465541491
0.22528759820426486
0.22723901483347328
0.2272962032384143
0.22685185185185183
0.2262847222222222
0.22634386256580769
0.2257808181315644
0.22584091535704437
0.2255294279427943
0.2253429355281207
0.22491105637657363
0.22435844935844937
0.2238085511982571
0.22326134202662323
0.2227168021680217
0.2237969721546364
0.2256809600862999
0.22513451708366963
0.22459071390230811
0.22555555555555556
0.22609508547008544
0.2255528910205169
0.22501329080276444
0.224476266242376
0.22406084656084657
0.22352863552388494
0.2247761979989468
0.2242448121880746
0.22548480083857442
0.2250718954248366
0.2254825247782994
0.22495446265938066
0.22442886812045687
0.22390572390572389
0.22489664082687336
0.22437483887599896
0.2238554526748971
0.2254169874262253
0.22604966717869943
0.2255300127713921
0.22673292558613659
0.2285024154589372
0.22798072044647386
0.22746140217666413
0.22751262626262625
0.2276769967246158
0.22863247863247863
0.22890644594933537
0.22906656656656657
0.2285518102372035
0.2291604384653712
0.2297663435247328
0.22981150793650795
0.22929967829745115
0.22879012345679015
0.2285045577728505
0.22833087512291053
0.2281579592837871
0.22765540871267742
0.22715506715506714
0.2266569200779727
0.2261609530756139
0.22566715186802522
0.22626482691842167
0.2268599033816425
0.22853699686671486
0.23009860509860514
0.23176145908327336
0.23126197318007666
0.23280764635603346
0.2323080591320935
0.23395193909112538
0.2345204178537512
0.23455342335939353
0.23405437352245864
0.23440669969332392
0.23391007532956687
0.23447263330984264
0.2351383028598219
0.2346432748538012
0.23625116713352012
0.23743303051479153
0.2369363086936309
0.2371375550916261
0.23778935185185185
0.2372949872949873
0.237010142923006
0.23651943869335174
0.23603076216712582
0.23577319587628864
0.23528806584362139
0.23480492813141682
0.2363729508196721
0.2360940695296524
0.2356122448979592
0.23533604887983708
0.23561991869918703
0.23717038539553756
0.23739878542510123
0.23752525252525256
0.23889448924731185
0.23881623071763916
0.24034471218206158
0.24103206412825653
0.24155000000000001
0.24306387225548903
0.24357569721115538
0.24309145129224652
0.2433807319223986
0.2448789878987899
0.24439503732981993
0.24420885382423846
0.24372812773403327
0.24324929054791533
0.2427723311546841
0.24229723853011526
0.24231228298611113
0.24242473467619668
0.24389861651534805
0.2434250269687163
0.24392226528854438
0.24441758005587794
0.24442835692835693
0.24453543138514236
0.24406517094017094
0.24359671571763702
0.24313005534269902
0.2436212024644147
0.24363337574215438
0.24316931216931217
0.24270701309674694
0.242910605102256
0.24276620370370372
0.2441976475530351
0.24411425576519916
0.24459614982213854
0.24413638262322473
0.24395976652074214
0.24443924261339994
0.24398234683281414
0.24371372305140962
0.2442840885578316
0.24383002891367206
0.24523294166151313
0.2454269547325103
0.24497330047237628
0.24636633866338664
0.24591262533251484
0.24656352124183006
0.24733435270132517
0.24715608465608466
0.24670424537883404
0.24625405515004056
0.24580550495851042
0.24626767676767677
0.24654668279895142
0.24709641706924318
0.24664958810528434
0.24782892097874046
0.24783283283283283
0.2473870903277378
0.24828944743666467
0.24891975308641978
0.24847445835817933
0.24803075396825394
0.2493711626064567
0.24981712139185447
0.24981744622064336
0.24967001576044132
0.24922812192723698
0.2494061641146447
0.2497599451303155
0.24932022691705788
0.2488820542862722
0.24844541910331383
0.24809787896477914
0.24941239316239316
0.25002423889858444
0.25133081687959735
0.2526328502415459
0.2525414737654321
0.2535893097851503
0.25315057395507223
0.2529724209776023
0.2542603995621237
0.2538227740895555
0.2551048655430099
0.25552492580794467
0.2556224858664927
0.2568949260615927
0.2564565388157538
0.25772322273599957
0.2581352580714826
0.2577818875144851
0.25734496906107074
0.25690952918110277
0.2566444793007293
0.2562116892850451
0.2557803564748009
0.2566109777244231
0.25701934856716735
0.2567563345829678
0.25632697616393274
0.2558990513289345
0.25557671957671957
0.2568153606423157
0.25732314243526866
0.25855477901497803
0.2581267081887943
0.2581959202413748
0.25776985436638905
0.2589926387908266
0.2597179798454469
0.26093354966507676
0.26050578974759303
0.2600794300262385
0.25965446363730676
0.25923088376187886
0.26043734812057284
0.2605558781778294
0.2607822485054628
0.261494108718582
0.2618800405814969
0.2614569710490551
0.26151913722478237
0.26109801139994376
0.26094619251773593
0.261329906494433
0.26115149318274317
0.2623336507936508
0.26191458745372487
0.2614968608389661
0.26108046456374484
0.26066539228303937
0.2602516376921139
0.2598391945261993
0.2596653983323287
0.2601240627899396
0.2612121951830154
0.2609583177102862
0.26054800588998706
0.2609239116892178
0.2605149400408021
0.2601072484288447
0.2612633308531746
0.26241580615605575
0.26278587499381895
0.26245494828309757
0.26204740954352757
0.2631915220868709
0.2627841048700182
0.2635371433478079
0.26313045022535764
0.2641888008413433
0.2640131257631258
0.26514367395703803
0.26627075421170515
0.26678182503220793
0.26683261734867236
0.2664252393069187
0.26601910327138983
0.26561420357082455
0.2662237057943745
0.26657844979165163
0.2669321188071188
0.2665282880676224
0.26612567736057163
0.2660259402906462
0.26713132291069036
0.26672962167323067
0.26707987749654416
0.26667945789010256
0.2665796383423629
0.2664053787932712
0.26600775882492306
0.2659839022543941
0.2655880928760393
0.26519345975140923
0.2647999976449531
0.2644077013521458
0.2643124236874237
0.26392200651801834
0.26397521889778525
0.26373372373004184
0.2633458800186741
0.2644276041302473
0.2640398803705255
0.2651174208092217
0.2647298222407871
0.2658032093616035
0.2658530589106391
0.26692168619024514
0.26653371862310815
0.2661468772317829
0.26576115711985276
0.26537655341924515
0.2649930612900266
0.26526002656955033
0.2648778075110928
0.2644966883635948
0.26433218162744027
0.2639529388991369
0.26500744758266254
0.2646283239094398
0.26425028344671203
0.26401597491112466
0.2636398837787726
0.26362048138363925
0.26324602047258294
0.26294354384779917
0.26313767480552186
0.2627654857322467
0.26239434804053446
0.2627999977612107
0.2627115470601386
0.26234205121335924
0.2619735932762618
0.26160616888176497
0.2612397736872527
0.26136391386391383
0.26169720448700895
0.2616808903942795
0.2613164323296635
0.2610225290858114
0.2606599977954145
0.26029847213966495
0.26063046871564877
0.2602699839733035
0.2601867381390862
0.259827859879584
0.2594699702654248
0.2591130652169167
0.2601307670504099
0.2597739347224944
0.2594180800173951
0.25906319892298
0.25870928744904154
0.2584245544511575
0.25807247740149647
0.25778938559550807
0.257846736973775
0.2588537291895501
0.2591804856540629
0.2588297678114999
0.25847999785499787
0.25880593577961997
0.2584571407179224
0.25844575829434513
0.25899444231097457
0.2589823692340471
0.259975690454913
0.25962766409553556
0.25928056828792123
0.2589343993048933
0.2590558201058201
0.2587108722761186
0.258965246116177
0.2590197411412551
0.25892488737316327
0.2599064438137286
0.25962878978751996
0.25935186932544924
0.2590097164635423
0.2586684651902043
0.25931495405179616
0.258974198527418
0.25863433737449487
0.25914726746967903
0.25880806947560875
0.25846975827367985
0.2590026524099631
0.25912129301959813
0.2587838955026455
0.2597477655995211
0.2596701710987425
0.26063039136969096
0.2602927872357924
0.25995605659253784
0.2596201960543046
0.25947875064004094
0.25998199967272134
0.260290903148046
0.26027767576610766
0.26000774293457224
0.25973850223850226
0.25940593053269106
0.25907420939390247
0.2594457621277545
0.2603903466148364
0.2613325245172379
0.2621450785572923
0.2619390492325689
0.26160663927161387
0.26254249904440013
0.26221016676712877
0.2631428972769048
0.2640732724066058
0.26374026701895553
0.26340810043580826
0.2630767694918638
0.26274627103772835
0.26304395451195955
0.2627143254962804
0.26238552158452033
0.26205753968253964
0.2617303767116501
0.2614040296085184
0.26107849532507066
0.26081595988312406
0.2604919649019028
0.2601687738784513
0.2602594362817411
0.2600610953952538
0.2603576824219593
0.2600362531844013
0.2599622257452097
0.25964207522089294
0.2593227122747418
0.25912698412698415
0.2600360307722271
0.25971735916588856
0.2593994676614016
0.2596936003415221
0.2593765141384189
0.2594260549748355
0.25923186976780155
0.2594031205345074
0.25927018843179234
0.25895554014486055
0.2586416546416546
0.2585101272147277
0.25819753939463735
0.25818763898474045
0.25787619430562736
0.25756550009562057
0.257375890588887
0.25746718559218557
0.2573981973741878
0.2578089909025161
0.25789943921680447
0.2583883952305005
0.2582788113254063
0.25803026859112776
0.2583186711315436
0.258011148904006
0.25770435800162317
0.25739829581872337
0.2570929597619989
0.2573215226058828
0.2570170000939232
0.2567131974933393
0.25641011225426813
0.2566973644803833
0.25657169031727334
0.25685807656395887
0.25655624568668045
0.2563138087785975
0.25665810677534007
0.25676740641611834
0.25652557319223984
0.256225893784305
0.2565103443166454
0.2562113812113812
0.2561459430493191
0.25613879660391287
0.25584130671238686
0.2560665488159688
0.2563492063492064
0.2560525058788948
0.2557564914212313
0.25546116059972873
0.2554548616832354
0.2551605588471948
0.256017681334137
0.25658547710271845
0.25703715852969583
0.25750691713994467
0.2572119493081692
0.2574897388398532
0.2571954648526077
0.2574012919475248
0.2571077899042551
0.25681495643056007
0.2568072033515719
0.256515376984127
0.2570755184404447
0.2573509430227117
0.25717274263423756
0.25710806758600874
0.2568175499955161
0.2570920222867175
0.2568585476279952
0.2569071303446303
0.25675875337011445
0.25658261993936154
0.256575232038195
0.2562875916435334
0.25611257754314865
0.25644131067788783
0.25652722355236324
0.25651993870464856
0.25628970465926987
0.25628270053381413
0.25710997227960525
0.2568242945326279
0.2570941898772088
0.2575020677154824
0.2576598727346236
0.25811231387835376
0.2578271069016926
0.25754252952100637
0.25767203059099425
0.2573882508216209
0.25747179876717835
0.257394906680621
0.2571123656195006
0.2568304441659705
0.25654914028408005
0.25626845194678893
0.25598837713591815
0.25607281486102446
0.2557935642450364
0.25551492201819
0.2552368861944488
0.2549594547964113
0.2546826258552643
0.2544063974107358
0.25467247932036663
0.2543968597540026
0.25412183612183614
0.2546573416983784
0.25438263043441034
0.2541085112205802
0.25383498214499295
0.25374125277351084
0.2534687057780506
0.25331596157776415
0.2541162660133721
0.25400479249515656
0.2537331296154826
0.25346204721204724
0.2537251613558978
0.2534546654482689
0.2533977382220194
0.2538373860182371
0.2535676332169425
0.25329845313921745
0.2530298439630359
0.25346801856335754
0.2531997984378937
0.2529849994966274
0.2527178558857545
0.25266224633313245
0.25344974660043157
0.2536215538847118
0.25335486455360273
0.2530887354941977
0.2535227102383451
0.2532569631626236
0.2540388930441287
0.2548191870890616
0.2551798775936707
0.2552266626901283
0.2549605243557277
0.25469494047619046
0.25442990932064813
0.2551009801009801
0.254836077733274
0.25457172495554237
0.2543079200592154
0.2542171941240264
0.25395430147239867
0.2536919519874065
0.25343014398741953
0.2531688757977418
0.25307979010347703
0.25281941994904955
0.25281652229237017
0.2525569570744109
0.2522979242979243
0.25203942232630755
0.2517814495296583
0.2515240042847405
0.25182888272775916
0.2525923226433431
0.25264064851220813
0.25243429347299
0.2524826817807489
0.2522260936895083
0.25197002658931594
0.2517144788950063
0.2514594490278381
0.25213273568536726
0.2519283547594973
0.25202741702741704
0.2520758252847052
0.2528297811059908
0.2529108521555652
0.2526564146785475
0.25340751375927256
0.25315308854465485
0.2528991737116111
0.25264576772592806
0.25239286905953573
0.2521404761904762
0.2518885876028733
0.25230253778157974
0.2520509898874804
0.2517999430848037
0.25189765458422175
0.2516969610905993
0.25244006242020145
0.25218962585034016
0.25193968568596914
0.25218528995756717
0.25292496820686733
0.2526750423489554
0.25242560992807783
0.2521766694843618
0.2522237860661506
0.2521723847019123
0.2529077117572693
0.25364159416222287
0.25339268190102343
0.25314425770308124
0.2528963201343221
0.2526488677662846
0.25240189917609274
0.25235072544642856
0.2526411149825784
0.2523948760790866
0.2525386006398665
0.25229294052251255
0.25219353047341386
0.25199722607489594
0.2517528058750173
0.2515088593576965
0.25126538514728247
0.25121580547112465
0.2512146307798482
0.25097214561500275
0.251115856178537
0.25087393338838426
0.25111370823594115
0.2511927655677656
0.2518160193952701
0.25157435334978523
0.25145299730630505
0.25202631819011134
0.2522157666894509
0.25240485295456616
0.2522115340883249
0.2522571337695384
0.25201665985746063
0.25177664399092975
0.2519176747768565
0.2516782093065363
0.2514391986614209
0.25139039486762443
0.2511521101331528
0.2513877615440116
0.25143375230887055
0.25129062021784143
0.2510533297360493
0.2510051662174304
0.2507685920739644
0.25072078737332976
0.2511120817094476
0.25087607411385604
0.2506405097250167
0.25040538729563117
0.2501707055830767
0.24993646334938466
0.2500144772595661
0.24978081886960393
0.24954759681650437
0.24968794420753374
0.2503872098699685
0.2503868493393633
0.2501539313399778
0.24992144627367674
0.24968939293451825
0.25038541390582203
0.2503387175073922
0.2501069223985891
0.2508006255231047
0.25103093917788927
0.2509838191971156
0.25098291161483044
0.25075159095896427
0.2505206963079891
0.25029022648617866
0.25006018032212884
0.2505651755651756
0.2507940148536479
0.25056413949631184
0.25047204779347637
0.25024288763995994
0.25019696178288503
0.24996847140682762
0.24974039798401115
0.2501964231453749
0.25015070691300195
0.24992309025521034
0.24969588744588742
0.2494690973573807
0.24924271886613084
0.24901675085265293
0.24879119220151832
0.24901853048911876
0.2493358735899423
0.24920097216845186
0.24906631425133235
0.249427841470222
0.2492481767481768
0.2494738759590245
0.24924952894827
0.24902558507679803
0.24880204325895533
0.24857890241298317
0.2483561614610002
0.24813381932898498
0.24880632932958519
0.24858398229711906
0.24836203231292514
0.24814047831443012
0.24800844580256345
0.24778760123818006
0.247937849517031
0.24771746031746028
0.247497462572951
0.2474109519584231
0.24719161600810532
0.24781412121978993
0.2478603034134007
0.24845164414129933
0.24823216389029112
0.2480130710713235
0.24801482321323592
0.24779630795049298
0.24762219148222667
0.2474483812874314
0.24731881328981506
0.24710167649149212
0.24688492063492065
0.24666854471850092
0.24645254774414144
0.24623692871724367
0.2460216866466866
0.24580682054481176
0.2455923294274079
0.24537821231369614
0.24516446822631488
0.24495109619130503
0.2447380952380952
0.24469922634562077
0.2444868138227513
0.24427476975178622
0.24436638606915906
0.24415481344052775
0.24394360685450653
0.24373276536197885
0.24352228801710668
0.24331217387731627
0.24396449096880132
0.24375435790164474
0.24419002540775347
0.24445297465503826
0.24510207003763704
