218
MAX PATTERN LENGTH : 6
MEAN PATTERN LENGTH : 3.77981651376
1.0
1.0
0.6666666666666666
0.7
0.76
0.7999999999999999
0.8285714285714285
0.84375
0.8611111111111112
0.8083333333333333
0.8257575757575758
0.8152777777777778
0.8294871794871794
0.805952380952381
0.8188888888888889
0.7677083333333333
0.7813725490196078
0.7935185185185185
0.8043859649122806
0.7975
0.8071428571428572
0.8159090909090909
0.8239130434782609
0.8208333333333333
0.816
0.823076923076923
0.8296296296296296
0.8035714285714286
0.8103448275862069
0.8166666666666667
0.8080645161290323
0.7828125
0.7893939393939394
0.7955882352941177
0.8014285714285715
0.7930555555555556
0.7986486486486487
0.7947368421052632
0.7999999999999999
0.78
0.7609756097560977
0.7666666666666667
0.772093023255814
0.7545454545454546
0.76
0.7652173913043478
0.7702127659574469
0.759375
0.7642857142857143
0.769
0.7735294117647059
0.7586538461538462
0.7632075471698114
0.764814814814815
0.7654545454545455
0.7616071428571428
0.7657894736842105
0.7698275862068965
0.773728813559322
0.7663888888888889
0.7702185792349727
0.7739247311827957
0.7775132275132275
0.7809895833333333
0.768974358974359
0.7724747474747475
0.7758706467661691
0.7791666666666667
0.7823671497584541
0.7854761904761904
0.7744131455399061
0.7775462962962963
0.7805936073059361
0.7808558558558558
0.7711111111111111
0.7635964912280702
0.7666666666666666
0.7568376068376068
0.7514767932489451
0.7545833333333334
0.7576131687242799
0.7544715447154472
0.7568273092369479
0.7531746031746033
0.7560784313725492
0.7513565891472869
0.7542145593869732
0.7570075757575757
0.7597378277153557
0.7624074074074073
0.763186813186813
0.7657608695652173
0.768279569892473
0.7636524822695033
0.7661403508771928
0.7685763888888889
0.7709621993127147
0.763095238095238
0.7604377104377105
0.7578333333333334
0.7503300330033003
0.7527777777777778
0.755177993527508
0.7575320512820513
0.7534920634920634
0.755817610062893
0.7580996884735202
0.7603395061728394
0.7625382262996941
0.7646969696969697
0.7608108108108107
0.7540178571428572
0.7557522123893806
0.7578947368421053
0.76
0.7563218390804598
0.7498575498575498
0.7519774011299435
0.7456582633053221
0.7461111111111111
0.7482093663911845
0.7453551912568306
0.7474254742547426
0.7494623655913979
0.7514666666666667
0.7455026455026456
0.7396325459317585
0.7361979166666666
0.7304909560723515
0.7298717948717948
0.7319338422391857
0.7339646464646464
0.7359649122807017
0.7379353233830845
0.7398765432098765
0.7392156862745098
0.7411192214111922
0.7429951690821256
0.7434052757793764
0.7452380952380953
0.7470449172576832
0.7488262910798121
0.7505827505827506
0.7523148148148149
0.7540229885057472
0.7557077625570777
0.7573696145124718
0.756981981981982
0.7552572706935123
0.7524444444444445
0.754083885209713
0.7557017543859649
0.7572984749455337
0.7588744588744588
0.7604301075268817
0.7619658119658119
0.7634819532908704
0.7649789029535865
0.7664570230607965
0.7679166666666667
0.7693581780538302
0.7707818930041153
0.7721881390593047
0.7735772357723578
0.7749494949494949
0.7751004016064257
0.7764471057884231
0.7777777777777779
0.7790927021696253
0.7803921568627452
0.7816764132553607
0.7829457364341086
0.7842003853564549
0.78544061302682
0.7823809523809525
0.7836174242424242
0.7848399246704331
0.7860486891385767
0.787243947858473
0.7884259259259259
0.788489871086556
0.7896520146520145
0.7897085610200364
0.7908514492753622
0.7901801801801802
0.7913082437275986
0.7924242424242425
0.7890070921985816
0.7901234567901235
0.7912280701754386
0.7923211169284469
0.7934027777777777
0.7921704087507196
0.7929839633447882
0.7929059829059829
0.7934523809523809
0.7945008460236885
0.7955387205387204
0.791541038525963
0.7925833333333333
0.7936152570480928
0.7896864686468646
0.7872038470560637
0.7882469654528477
0.789279907084785
0.790302820157189
0.786887508626639
0.7850274725274725
0.7860560492139439
0.7870748299319728
0.7880839539607312
0.7890835579514824
0.7900737759892689
0.7901201602136182
0.7910963455149502
0.7913690476190476
0.7913064150391339
0.7922637250618901
0.7916902225121403
0.7926370851370851
0.7905587876176111
0.7903760903760904
0.7901950316748523
0.7911316609977325
0.7920599647266314
0.7915051271245962
0.7880183203971751
0.7845620996936787
0.7855028765509116
0.7844789510006901
0.7854119425547996
0.7829844006568144
0.7839157980788882
0.7848392348392348
0.7857548125633232
0.7860270379338177
0.7867189069720716
0.7876150460184074
0.7849472006375773
0.7858432539682539
0.7867318711717052
0.7834809130263676
0.7814912796394278
0.7791081186572989
0.7791933916423712
0.7800909794812234
0.7809812994023521
0.7778321812596006
0.7787244214955058
0.7796095238095238
0.780288370328211
0.7811602418745276
0.7816299642386598
0.7785526809148856
0.7794211017740429
0.7802827380952381
0.7772466184917547
0.7779162052417866
0.7781301709873139
0.7774450549450549
0.7782977558839628
0.779143947655398
0.7770263745548917
0.7754088504088503
0.7762563641808924
0.7770975056689342
0.7743951013613936
0.7715055674010898
0.7723549890836137
0.7694944150499706
0.7703449891641774
0.7711893090569562
0.7705622419908134
0.7710346425674893
0.7682308802308803
0.7690706234184496
0.7699043034783107
0.7707319858398995
0.7697616202992548
0.7670124716553288
0.7678416087668757
0.7686648654733761
0.7694823041112794
0.7702939861390565
0.7705151768309664
0.7684038184038184
0.7692107737403905
0.7700121252204586
0.7681166584280772
0.7682266009852217
0.7690230731467844
0.7689579256360078
0.7680399804973184
0.767128279883382
0.7679176755447942
0.765323359073359
0.7661135161135161
0.763542665388303
0.7643334925943621
0.7639523809523809
0.7614143331751305
0.7594449700409965
0.7575986170045577
0.7551065162907268
0.7537782982045277
0.7534391534391534
0.7542422832325112
0.7550401978973407
0.7558329480659577
0.7566205837173579
0.7574031541877201
0.7581807081807082
0.7589532937775748
0.7590132443635628
0.7597782816830435
0.7591144263612617
0.759874317760753
0.7574847758810023
0.7582450116932875
0.7569171626984128
0.7576744301043367
0.7584269939860002
0.7560789227971891
0.7549799137762101
0.7526568986568988
0.7534156198266628
0.7538638901024223
0.754461866047232
0.7535364500410093
0.7533742183742185
0.751098163333813
0.7503418435647352
0.7509414176080844
0.7509385989924914
0.7491945036721157
0.7469647581254725
0.7477156045405303
0.7455034281957359
0.7449267219178725
0.7447945845004669
0.745396359912489
0.7461408150004641
0.744257022536906
0.7438376707272057
0.7436139866574649
0.7414648132856225
0.7409130414894104
0.7407954752782339
0.7415381816527948
0.7412766439909299
0.7420137475693033
0.7414840367965367
0.74221637663564
0.741532149582997
0.7416968477531857
0.7424224184055644
0.7431439242363611
0.7438613993083267
0.7445748773046824
0.7425066137566139
0.742942883524601
0.743652986056301
0.7428440246622063
0.7435504971219256
0.7415133724722764
0.7415365599791828
0.7422408200337354
0.7402238612836439
0.7399793521744742
0.7394658944658944
0.7401681427287896
0.7408666154633896
0.7415613430358738
0.7422523554876496
0.7426433862433863
0.7411115332657885
0.7417982400741021
0.7398358108675568
0.7405222599153997
0.7406787802840434
0.7410969462150565
0.7409893625862213
0.7416656305690249
0.7423383763227512
0.7426180169037311
0.7427091043671353
0.7425126122800542
0.7431762395679922
0.7438364548904395
0.7437240537240537
0.7441237364511022
0.7440111758989308
0.7446625469526231
0.744464587865603
0.7425798673899938
0.7408309283309282
0.7414837471512534
0.7408770040679588
0.7415264351354576
0.741297619047619
0.7396983731148319
0.7394752428334518
0.7401217062507385
0.740517444601603
0.7411581422692534
0.7401536476659628
0.7407920907920907
0.7414274042950513
0.7416521131680056
0.7413066202090591
0.741936044490789
0.740135228848821
0.7383431338637149
0.7389751552795031
0.7377969018932874
0.7384271978021979
0.739054470709147
0.73931989063568
0.7399420388680532
0.7385374149659865
0.7391584662368511
0.7397765741367638
0.7401553529213104
0.739588948787062
0.7402016806722689
0.7408115358819585
0.7414185346269655
0.7396862483311082
0.7397102897102897
0.7403156146179402
0.7405701027510772
0.741170634920635
0.7408446057406797
0.739521615097652
0.740120415982485
0.7407164700742682
0.7390214667102539
0.7396173081104588
0.740210434971255
0.7408008658008658
0.7403682107763739
0.7409556130144365
0.7415403633236589
0.7421224796224796
0.7427019796682717
0.7410367285927824
0.7411686374773623
0.7401838860544219
0.7393148796266836
0.7391164021164022
0.739694857987541
0.740270754319427
0.7397403553032693
0.7403136144325573
0.7397854526425957
0.7403560985797829
0.7404866103990831
0.7410532335204826
0.7405280630770829
0.7389182194616979
0.7388337981613471
0.7393990929705216
0.7394219890980152
0.7392292692939245
0.7397900665642602
0.7403484569793584
0.7409044560008158
0.7407102157102158
0.7401969743121131
0.7407497467071936
0.7407693863107877
0.7413186037126716
0.7418654988422431
0.7418826602370906
0.7424260651629072
0.7408663465386155
0.7414096036737546
0.7413229727037258
0.7417586241177057
0.7422966269841269
0.7427284427284426
0.7432622011460185
0.7437937493838114
0.7443231011412829
0.7448502700049091
0.7443464628649813
0.74487141879339
0.7441647150663543
0.7434609017431103
0.7438824101068998
0.744404034526234
0.7436024003097174
0.7441224765768376
0.743324657798342
0.7418229918229918
0.7416378648233487
0.742157708153684
0.7424746605469497
0.7427903425899418
0.742604761904762
0.7411225168710199
0.740974198444318
0.7413897566979077
0.7419028722600151
0.7423149457802922
0.7428242047807264
0.7433314548699164
0.743836707911511
0.7429647300963608
0.743468720821662
0.7429922653993105
0.7434942336309525
0.743994244871438
0.7444923105428943
0.7449884419787334
0.7448366555924696
0.7453302017131804
0.7458218422504137
0.7463115882191027
0.7458379120879121
0.7461338086098163
0.7447044334975369
0.7442365473914231
0.7447246455834242
0.7444489795918368
0.7448397609994569
0.7434264028191923
0.742870670995671
0.7428841479881177
0.7430862533692723
0.7435700834005918
0.7440520945220194
0.7438756365585634
0.7432316746923489
0.7437116154873165
0.7436300639658848
0.7441074753923916
0.7439325544344131
0.7442221044261861
0.7446957671957672
0.7451676789015051
0.7439773326304692
0.7428834517232308
0.7433560924369748
0.743826998689384
0.7432888540031397
0.7437581613998433
0.744225755995829
0.7446916471506636
0.7434891774891775
0.7439547143721373
0.7444185645272603
0.7448807371049686
0.7453412411896168
0.7458000858000858
0.7462572798903735
0.7467128323501754
0.746768504295386
0.7472215123377913
0.747672902494331
0.748122683416801
0.7485708636954188
0.7490174518593701
0.74946245637735
0.7481359741536733
0.7472558752594088
0.7477016320931664
0.7481458193606081
0.7485884453371272
0.7472751322751322
0.7472312567759153
0.7476731601731602
0.7480262611152663
0.7484652397544383
0.7474534161490684
0.7478918650793651
0.748328794256004
0.7487642115669797
