625
MAX PATTERN LENGTH : 7
MEAN PATTERN LENGTH : 4.3408
1.0
0.875
0.6833333333333332
0.5958333333333333
0.6766666666666666
0.6472222222222223
0.6797619047619047
0.6260416666666666
0.562037037037037
0.5058333333333332
0.5098484848484848
0.5090277777777777
0.47371794871794864
0.4398809523809523
0.44388888888888883
0.4161458333333333
0.4504901960784314
0.42546296296296293
0.41096491228070176
0.3904166666666667
0.37182539682539684
0.4003787878787879
0.38731884057971017
0.38576388888888885
0.3703333333333333
0.37339743589743585
0.35956790123456783
0.3520833333333333
0.3416666666666667
0.35694444444444445
0.34543010752688175
0.3455729166666667
0.3351010101010101
0.3252450980392157
0.315952380952381
0.32662037037037034
0.32184684684684683
0.3150219298245614
0.3159188034188034
0.3101041666666667
0.32693089430894307
0.33938492063492065
0.3314922480620155
0.3353219696969697
0.3478703703703704
0.3403079710144928
0.35434397163120573
0.3469618055555556
0.355187074829932
0.35108333333333336
0.3605392156862745
0.35552884615384617
0.34882075471698115
0.3479166666666667
0.34340909090909094
0.3399553571428572
0.34100877192982454
0.33512931034482757
0.34470338983050847
0.340625
0.3448770491803279
0.3393145161290323
0.33948412698412705
0.3357421875
0.33314102564102566
0.32809343434343435
0.3381218905472637
0.3478553921568628
0.34426328502415465
0.34148809523809526
0.33667840375586855
0.33269675925925923
0.3281392694063927
0.32505630630630633
0.32072222222222224
0.32242324561403507
0.3182359307359307
0.319284188034188
0.31524261603375525
0.3238020833333334
0.3198045267489712
0.3171239837398374
0.31330321285140567
0.31076388888888895
0.3149509803921569
0.31710271317829464
0.3151819923371648
0.3144412878787879
0.31090823970037457
0.3185648148148148
0.31506410256410255
0.3146588164251208
0.32202807646356035
0.3292405437352246
0.33419590643274855
0.33175636574074074
0.32833619702176403
0.32753684807256234
0.332814253647587
0.33148611111111115
0.32820407040704075
0.3254765795206972
0.3223166127292341
0.32883279914529917
0.3257010582010582
0.3226284067085954
0.3196131879543095
0.31665380658436215
0.3160423037716616
0.3177146464646465
0.3238613613613614
0.3214161706349206
0.32742133726647
0.32893518518518516
0.32607487922705314
0.3232638888888889
0.3277659069325736
0.32922551789077215
0.33024042950513544
0.3308217592592593
0.32808769513314967
0.3299066484517304
0.33332204155374884
0.33547267025089605
0.3339888888888889
0.3339836860670194
0.3341097987751531
0.3334526909722222
0.3366817398794143
0.33409188034188037
0.3315415606446141
0.3366056397306397
0.341593567251462
0.3435219734660033
0.3428292181069959
0.3403084150326798
0.33782441200324415
0.3364633655394525
0.33404276578737013
0.3323710317460318
0.3317868400315209
0.3294503129890454
0.32749611499611503
0.3259162808641975
0.3257375478927203
0.3235064687975647
0.32130574452003025
0.31913475975975975
0.3169929157345265
0.3215462962962963
0.3194168506254599
0.3199470029239766
0.32112381989832967
0.31903860028860026
0.31698028673835127
0.31494836182336183
0.3161270346779901
0.3141262306610408
0.3121505939902166
0.31176215277777775
0.3098257418909593
0.3140860768175583
0.31338616223585547
0.31147527100271005
0.3156481481481482
0.319770749665328
0.3178559547571524
0.321916335978836
0.32001150558842867
0.3198937908496732
0.31802306692657567
0.31937177002583983
0.31781470777135523
0.3162755427841635
0.3167539682539683
0.3177951388888889
0.31769460138104205
0.32040418227215983
0.3204764121663563
0.318695987654321
0.3172114794352363
0.31711691086691085
0.3208485124468731
0.32001056763285024
0.31828078078078076
0.31737604540023895
0.31924390968508615
0.3175458037825059
0.31586566725455617
0.3177119883040936
0.3160485747527632
0.31440248842592594
0.3153641335636154
0.31631586483390606
0.3146937321937322
0.31308815192743766
0.31429075014100394
0.31270342312008975
0.31113204913456166
0.3100763888888889
0.31027501381978995
0.30956408140814085
0.31050218938149976
0.30898011982570806
0.30899728997289977
0.3082254584681769
0.30673644659151905
0.3057425213675214
0.30475810738968634
0.30354497354497356
0.3068457082675092
0.30610587002096434
0.30466875326030257
0.3058151609553479
0.30602067183462534
0.3046039094650206
0.30320020481310805
0.301809378185525
0.30043125317097924
0.3005808080808081
0.29922071392659627
0.3001251251251251
0.30034877927254616
0.2996775793650793
0.3027901234567901
0.30277777777777776
0.3016642192853646
0.30253411306042877
0.3031780688985929
0.30185990338164254
0.30055315055315057
0.299257662835249
0.2979732951835956
0.29669990503323834
0.29969267139479905
0.29842278719397364
0.29716361931551805
0.30011671335200746
0.3009530450953045
0.3024768518518518
0.3012217611802674
0.2999770431588613
0.29919981710105165
0.30145719489981787
0.30158730158730157
0.30117434507678414
0.3040035987404409
0.3068100358422939
0.3055778670236502
0.3063555555555556
0.3079238601150952
0.30802469135802474
0.3068072024593764
0.3055993000874891
0.304400871459695
0.30321180555555555
0.30592304366623424
0.3049310938845822
0.30375375375375374
0.30258547008547004
0.30185185185185187
0.3006997455470738
0.29955640050697085
0.30094696969696966
0.3009433962264151
0.30216165413533835
0.30102996254681647
0.3004664179104477
0.29953531598513006
0.2984259259259259
0.29953874538745384
0.29880514705882355
0.2999084249084249
0.2988138686131387
0.29772727272727273
0.2966485507246377
0.29557761732851984
0.29577338129496406
0.29471326164874556
0.2936607142857143
0.29279359430604984
0.2917553191489362
0.29072438162544173
0.2898767605633803
0.28885964912280704
0.2901806526806527
0.29033101045296167
0.2896701388888889
0.2898212226066897
0.2888218390804597
0.28782932416953033
0.28684360730593605
0.28705915813424343
0.28642290249433106
0.2888418079096045
0.28786599099099097
0.2868967452300785
0.2867729306487696
0.2858138238573021
0.2848611111111111
0.2861295681063123
0.28766556291390727
0.28671617161716173
0.2857730263157895
0.2848360655737705
0.2839052287581699
0.28298045602605865
0.28260281385281383
0.2816882416396979
0.2811827956989247
0.2810825294748124
0.2801816239316239
0.28052893148739794
0.2796355272469922
0.2787477954144621
0.27913150492264416
0.2782509638976516
0.278424178895877
0.279745733194009
0.28043402777777776
0.2795604015230183
0.27972739820565906
0.27989336085311317
0.2794924554183813
0.27897435897435896
0.2788854805725971
0.278032619775739
0.2784044715447154
0.27907801418439715
0.28126262626262627
0.2806017119838872
0.27975652610441765
0.2789164164164164
0.2780813373253493
0.2772512437810945
0.27642609126984125
0.2760509396636993
0.2752342209072978
0.27442232055063914
0.2736151960784314
0.2728128054740958
0.27230750487329436
0.27151360544217684
0.2707243217054263
0.26993961352657003
0.26952071290944124
0.2687439961575408
0.26797174329501916
0.26720391595033427
0.26644047619047617
0.26568138651471984
0.2649266098484848
0.2641761095372993
0.2634298493408663
0.26550469483568073
0.2661633895131086
0.26541783380018674
0.2646764432029795
0.263939182915506
0.2632060185185185
0.2624769159741459
0.26175184162062615
0.2610307621671258
0.26031364468864465
0.25960045662100456
0.25889116575591986
0.25818574023614893
0.2574841485507246
0.25678635953026197
0.2566328828828829
0.257625786163522
0.25693324372759857
0.25892537980339586
0.2582330659536542
0.25754444444444446
0.25685948581560286
0.2561781609195402
0.2555004409171076
0.2561455584872471
0.25547149122807017
0.2548009623797025
0.25413394415357765
0.253470409051349
0.2528103298611111
0.25215367965367963
0.25150043177892917
0.2508505598621878
0.2502040378006873
0.25213153384747217
0.2526388888888889
0.25391091219096334
0.25326318027210887
0.2526187446988974
0.2523582910321489
0.25425105485232063
0.2536090067340067
0.2554890848026868
0.2569828308207705
0.25809314954051793
0.25744791666666667
0.2580527847049044
0.2574108623548922
0.25739247311827956
0.2573741749174917
0.2569855967078189
0.25881568144499173
0.25842547092547097
0.2580371732026144
0.25777302363488186
0.2580589430894309
0.2584448499594485
0.26024474110032364
0.2597356739305892
0.2594706119162641
0.26035140562249
0.26032652243589743
0.25970223820943245
0.2590809409888357
0.2584626093874304
0.2578472222222222
0.2572347585114806
0.25899486571879937
0.2585795902285264
0.26032822327044025
0.2607745098039216
0.26145344287949923
0.26084113973458234
0.2612830996884735
0.26114024864024865
0.2620445736434109
0.2615525908739366
0.2632619598765432
0.2626539645881447
0.26435291858678955
0.263860153256705
0.2644017584097859
0.2660850495804729
0.2654775494672755
0.26510060744115416
0.26563446969696974
0.26537226001511716
0.2651112368024133
0.2653028592927013
0.26583145645645645
0.26523408239700375
0.26609678624813154
0.2677386278896346
0.2676990327380952
0.2671028210838901
0.26673148148148146
0.266140059127864
0.26588311209439525
0.26562729948491537
0.26641886930983844
0.26748168498168495
0.26689510233918123
0.2663110867979577
0.2657296215429403
0.26602214960058096
0.2676177536231884
0.26920643528561095
0.2706800144300144
0.27225521958243337
0.27382363505747126
0.2751702508960573
0.27576001430615166
0.2773108493932905
0.27885505698005697
0.27890014214641073
0.27830673758865243
0.27856510969568293
0.2790342514124293
0.2797656800563777
0.2810741912798875
0.28048245614035083
0.2819940476190476
0.2832896575821104
0.28478905160390516
0.2855862908837856
0.2867621527777777
0.2861659736659736
0.2856760027662517
0.2850845410628019
0.28501205234159777
0.28488258877434136
0.2845021719250114
0.2852869039470682
0.2867514799635701
0.28616507611906383
0.2876218820861678
0.28703609413894543
0.2874689476061427
0.28891424385846287
0.28913911381016644
0.2887570145903479
0.2896869399641577
0.28910406885758994
0.2905315707273538
0.29161934981073256
0.29270277777777776
0.294114548680417
0.29552069499778666
0.2964242323834769
0.29693838183421517
0.2983305830583058
0.2977409969257795
0.29843578785886477
0.29784831583552057
0.2973613839772975
0.2967783224400871
0.2965237008045227
0.2964328342013889
0.29682965128871563
0.2981976869865975
0.2978128371089537
0.2977201765719208
0.29811143348377395
0.2980185542685543
0.2976370156283451
0.29754540598290596
0.2974541480059714
0.2968843124733929
0.29727267898874016
0.2967053647158609
0.2961402116402116
0.2968446345585129
0.2974198819312671
0.29717224326599323
0.2985008401596303
0.2984093291404612
0.2978473530027202
0.2986972639933166
0.2990749426725036
0.2985148772367873
0.29795690550363446
0.29749429933665006
0.2980576246637699
0.2975036142090045
0.29695165945165947
0.2977906378600823
0.2973326144998973
0.2977065395653956
0.2971582770615919
0.29771497140522873
0.29716870540265033
0.2970823158323158
0.29736187284176313
0.2968192416869424
0.29664288605545436
0.29731565656565656
0.2967760637225247
0.2972348027375201
0.29669730761502916
0.29697402727637384
0.29652902902902906
0.29644534372502
0.29591312587273094
0.2967269016328156
0.2979849930431326
0.297452876984127
0.2978139235492177
0.29772884539343614
0.2972000197355437
0.29696857762017337
0.29821288102261556
0.2989227522575579
0.29857191847932585
0.2992199726134585
0.29983645772310097
0.29931042884990255
0.2987862424596225
0.30001214063714066
0.3003611595889083
0.3015800425861402
0.30279468599033815
0.3022690007716049
0.30323065390223103
0.30443613719997803
0.3041694081201853
0.30364497810618496
0.3031223533590143
0.30431973763159326
0.3046553813063247
0.3044547727766906
0.30478903812237146
0.30597540495151415
0.3065898704740272
0.30691879926573806
0.3063977147168998
0.3067258541834813
0.30677087529879404
0.306759438009438
0.30624213710217085
0.3058107530329753
0.3061371215152728
0.306462394801321
0.30620031373800216
0.3056882730795774
0.3051779420727668
0.3061276455026455
0.3072821752106278
0.30770612508569317
0.30885420779699385
0.3091706743403763
0.30899022694477235
0.3084803420818272
0.309619583692895
0.3106728409565581
0.3118047410535096
0.3127963179807442
0.31392103759125034
0.31373489210499017
0.31338622180791836
0.3145044852903159
0.314535101303394
0.314836180684395
0.3159466568907412
0.3161096342528381
0.3155989563299741
0.31549315156169994
0.3153071722516167
0.3156041060582861
0.3161408570919005
0.3163553749491249
0.3174492063492063
0.3173414600131852
0.3176327814485709
0.3172066145991305
0.3167023115552527
0.31627897455278403
0.31617393655824716
0.31725593982318673
0.3170707013716493
0.3179901482149116
0.3190641794775653
0.31856250623939303
0.3196322668261444
0.31913127581231027
0.32019679807238494
0.3212589905753968
0.3223178689052324
0.32228310586955444
0.3217818879755116
0.3228350216898353
0.3238848898732619
0.3233835200746965
0.3244292951595888
0.32392863266705857
0.3249703450974637
0.3253165445665446
0.3263529246824178
0.32738612571818093
0.32757389581662166
0.32821980729090816
0.32886374651641825
0.3284386493418505
0.32793874272184775
0.32774430694263523
0.3286885492689742
0.32917538480038483
0.32867738875681385
0.3284326595693665
0.329445581651464
0.3304554527634347
0.32995852727055736
0.33043907002240336
0.33013106541967113
0.3304602105313183
0.3304146795738724
0.33029465766406063
0.33082700541716936
0.33152517951625093
0.33103257152291327
0.330541425274363
0.331533215755438
0.3312646754954447
0.33225246770298467
0.332942360818467
0.3334093087406784
0.33310282446311856
0.33312763676199797
0.33410545547642323
0.33508041088568175
0.3360525155481296
0.33702178194878923
0.336967814336619
0.3379329266883852
0.33849148671096346
0.3394515861496994
0.3390320910973085
0.33868616911308663
0.3396418249380677
0.34001752216037934
0.339527583367641
0.34047790339157247
0.3404915845648604
0.3400030744004919
0.34094862873516163
0.3404608624565706
0.34068877551020404
0.34077338496026083
0.34028795278795276
0.3405151391993497
0.3413631290584416
0.34123353596757855
0.3416708822339134
0.3411876136593251
0.34088226392251814
0.34110668950231715
0.34133048289738427
0.3410262206148282
0.3405472512038523
0.34006962532558604
0.3397333933573429
0.3398876123876124
0.34080955706304866
0.3411710500099621
0.34083515718265023
0.34036111663024043
0.3398883928571429
0.3394169803843868
0.339408554280438
0.33893910953039585
0.3398521770586688
0.3393834154351396
0.3392602977830251
0.33948139778607456
0.3403887035583464
0.3403333006728068
0.34068900848010436
0.34090694417301803
0.3404412243039292
0.3401814136295719
0.33971795121318277
0.3392557499190152
0.34008556547619045
0.34098097176455383
0.34119644470254223
0.34093772150267415
0.3406796975546975
0.3410971338602918
0.34104174688743416
0.34085191950265975
0.34106582821300563
0.3410107062959412
0.34082168390144263
0.34170411805953976
0.3425841927680163
0.34212680399262513
0.3430039682539683
0.3435459070445755
0.3437539577001013
0.34356304938974264
0.34343896046482253
0.34430857773573004
0.3438531431090955
0.3433989117443543
0.3429458788792562
0.3424940397766485
0.3427012844611529
0.3422509542581816
0.341801806024247
0.341747019908881
0.34162693218648715
0.34124572051042634
0.34080023001367643
0.3410729806916247
0.3409543960813492
0.34181141247136043
0.3413675015460729
0.3422217590019146
0.3424261349617567
0.3425006160290766
0.34205810877322507
0.3426490015360983
0.34317393838978894
0.3433757737329166
0.3434164218386584
0.34323231860138154
0.3434333028083028
0.34331366989817697
0.342874649859944
0.34371389040929273
0.34455099003887263
0.34538595693054286
0.34577350660365924
0.3453341501784958
0.34489590887116267
0.3457262055646086
0.3456050331525015
0.3451681114923846
0.3459949194324195
0.34637828018975564
0.34594203550437813
0.34550688828990717
0.34519846255084957
0.3457691043795184
0.3453358097625015
0.3454042255199952
0.3450349702380952
0.3446042149693835
0.34438234770217313
0.3439534780288205
0.3442097547974413
0.3446517302573203
0.344224122651542
0.3448302059361539
0.3452078913248468
0.3447811819412561
0.3446641681363904
0.3445474428982444
0.34412312338728596
0.34451985591284484
0.34507941382941376
0.34588299737072736
0.34576549369747894
0.34534228011890183
0.34553134823611587
0.3459234548520263
0.3459894018583043
0.34605518821414066
0.34605998725524273
0.3457002545854307
0.34558411349976886
0.3451652236652237
0.3448684134670817
0.3446327805608338
0.3453035139176444
0.3448869837440405
0.3452746701090075
0.3448591771245201
0.3452459649725275
0.34483150403018353
0.3444779890373416
0.3444646421442829
0.3444513271815904
0.3450354155999318
0.3452800034094784
0.34546441341733364
0.3450531462585035
0.3447023101749618
0.3442929250084832
0.3441810710049144
0.3441879654705484
0.3440173288250211
0.34361068895643365
0.3432050092764379
0.343979531671159
0.34475222951371365
0.34452310924369745
0.3441770186335404
0.344594651240778
0.3444251381678111
0.3446658581465373
0.3443212197159566
0.34391897530040055
0.34468453075512584
0.3448008010508011
0.3455635474989375
0.34545242709486895
0.34524477812805343
0.34588834567082827
0.3459510474719049
0.3463865465167549
0.3459860996421691
0.345586577587155
0.34564933816663923
0.3453087283300417
0.3460621129924928
0.34681376573617956
0.34756369252637914
0.34831189930100487
0.34791291659848367
0.34837297046965243
0.34831768707482996
0.34884757555990437
0.3484498018135419
0.3480529341577178
0.34851021182079206
0.3483982683982684
0.34851359385979136
0.34868534715473487
0.3488567114274928
0.3490276879982762
0.34925477535647026
0.349283833172095
0.34889005207494495
0.34911652724152725
0.3490050350849001
0.3489499732477261
0.3487687723798835
0.3483777759982917
0.3480996373913507
0.34843733354639395
0.34842045756850226
0.34819900616496596
0.3478665658013484
0.3475905451267366
0.3477600773346045
0.3473736772486772
0.3480980127900216
0.3486821613346003
0.34857287876390863
0.3485560208596713
0.34850236779794785
0.34828327026174705
0.34831272641360844
0.34792912208936433
0.348157534007369
0.3485304378161521
0.34842228146289617
0.3480402394876079
0.347795945687512
0.34741542495918865
0.34703573597016224
0.34732402786442085
0.34749052292672794
0.34777769132344294
0.3473992607561704
0.3475651311249137
0.3473083949468314
0.34741977412801706
0.3475850831484634
0.34720890881605165
0.3468335478335478
0.34743091981212926
0.34705612917587025
0.3472209393814997
0.3479236079074615
0.3477287079706434
0.3473552077472593
0.3471017269568772
0.34780151074363297
0.34742913225247274
0.34711102622867324
0.34716753154253155
0.3478642577628704
0.3475467052492639
0.34733632537146913
0.34732142857142856
0.34695233034765444
0.34658401577191383
0.34621648235115887
0.34690904963680386
0.3465419501133787
0.34617562669888247
0.3464964549705838
0.34644740807715485
0.346082342315219
0.3457180451127819
0.34535451404536577
0.34499174669867944
0.3446297406685654
0.3443733153638814
0.34401271503365743
0.3437051703526599
0.34334602179429763
0.34356173575902177
0.3432034857738716
0.3434709821428571
0.34363386353500813
0.3443161568161568
0.3447374276813529
0.34437981624184943
0.3440229459659511
0.344184412895593
0.343828482789186
0.34347328807556077
0.3431188264779596
0.3427650957290132
0.3427553822764945
0.34240275328238284
0.34266749865413787
0.34231568397379486
0.34247741147741145
0.34212651249024195
0.34182750889506264
0.34152911675917813
0.3421506396225497
0.34246477162293487
0.34252342119314594
0.34217461933857046
0.34238603885094215
0.342038085559427
0.341690838772057
0.3413442963392253
0.3409984561200366
0.3416654617312512
0.3416233328518465
0.3420358345358345
0.34234659555043007
0.342555923579109
0.3426305567544238
0.34228585800517386
0.3423941134242641
0.34205034423407915
0.3418744328222763
0.3420328752743582
0.34169050002383333
0.3413488095238095
0.34100780172208744
0.3406674745746602
0.34032782604567247
0.33998885410738
0.3400983179341388
0.3397602480355959
0.3395883576866695
0.33925146447467874
0.33891523903912407
0.33917373880245166
0.3398273750647638
0.3394915772633164
0.3391564424387722
0.33882196862966096
0.3387344593009618
0.33845027184101983
0.33910076321580745
0.3397499766114697
0.3395392308051778
0.3392063492063492
0.33887411967725384
0.3385425403037927
0.33821160917935106
0.3380766369047619
0.33828339140534264
0.33795368049754015
0.33767329716696803
0.33768528812303134
0.33735711971863575
0.33746648173832644
0.3371391621634105
0.3368609265411591
0.3365348269026875
0.3367896288109054
0.3371888658845181
0.33686339400625115
0.336538549846168
0.33621433159005415
0.3358907374306797
0.3362087912087912
0.33679840812405654
0.33647518508363033
0.336631968223531
0.33702791461412146
0.33723171565276827
0.3371483201311117
0.33701732842133986
0.33688658669574695
0.33656543647010756
0.33634013605442176
0.33644828054913684
0.33612846279196085
0.33580925247591914
0.3356804011927351
0.3353622207176709
0.33551812770562767
0.3356737396945533
0.3355927626248987
0.33527586672062587
0.3349595687331536
0.3346438669718594
0.33432875975248855
0.33448461228329524
0.33417024704618686
0.3338564721663313
0.3335432859823103
0.33323068683893425
0.3329186730872124
0.33260724308432443
0.33229639519359144
0.3321728691476591
0.33251599147121536
0.33313806417254693
0.33364259111465816
0.33333222591362127
0.33302243759957517
0.3330382013529646
0.33319308242777634
0.33311598040513707
0.3328075396825397
0.333424738998282
0.33392527066279376
0.3338016092863738
0.33395492883500266
0.3336471362738644
0.3333399105498553
0.3332376863655613
0.3331152252567694
0.3337276079700322
0.3338801514489588
0.3339407562597297
0.3339554625268911
0.33364992230500007
0.33343634833579994
0.33313184025512793
0.33282788784613604
0.33316259350899274
0.3333145401451412
0.33301125120961333
0.3336176046176046
0.33331459135273844
0.3330121280212024
0.33307286045273354
0.332771164021164
0.332922502334267
0.3334352306323373
0.3331791915802756
0.33292361469256776
0.33329969799762404
0.33313456313456313
0.3332847570471333
0.3329850405389974
0.33291048075414653
0.3326116383118179
0.3323133319097445
0.332015560106958
0.33171832146765007
0.3314216145611495
0.33188504475367747
0.33203514739229023
0.3317389518995228
0.33175522734346263
0.3315043322167098
0.3315800994181777
0.3321742504409171
0.3318792466661028
0.3321615188518472
0.33191137566137563
0.3318388235128713
0.3315451608371962
0.33184146632422495
0.3316366593751753
0.331343952703176
0.33127222082248536
0.33098035102440393
0.3306889950816007
0.3303981516382572
0.33045931319217786
0.33016918210070095
0.32987956001113894
0.329590445585187
0.32930183748922803
0.3293636906497799
0.3290757853257853
0.3288320510154571
0.32854511205296544
0.32825867341996373
0.32797273380897074
0.3276872919170569
0.3274023464458247
0.3279432653455242
0.327658592372134
0.3273744131940142
0.3272640367527716
0.32698069126640555
0.32669783599714397
0.3264154696738967
0.3261335910299641
0.32585219880301847
0.3264333607006021
0.32623832765951627
0.32681815698166816
0.3266661207331887
0.32724458626520486
