66
MAX PATTERN LENGTH : 5
MEAN PATTERN LENGTH : 2.83333333333
0.5
0.675
0.45
0.5375000000000001
0.43000000000000005
0.3916666666666668
0.47857142857142865
0.4375
0.4722222222222222
0.525
0.4772727272727273
0.4375
0.4551282051282052
0.42976190476190473
0.4444444444444445
0.4166666666666667
0.4068627450980392
0.39537037037037037
0.41842105263157897
0.41
0.4071428571428571
0.425
0.45
0.43124999999999997
0.424
0.4461538461538461
0.4666666666666667
0.45
0.4689655172413793
0.48666666666666664
0.47096774193548385
0.45625000000000004
0.4515151515151516
0.44705882352941184
0.4342857142857144
0.43611111111111117
0.4243243243243244
0.41315789473684217
0.40256410256410263
0.39250000000000007
0.38292682926829275
0.37380952380952387
0.38023255813953494
0.37159090909090914
0.36333333333333334
0.36086956521739133
0.35319148936170214
0.3458333333333334
0.3489795918367347
0.36200000000000004
0.35588235294117654
0.3490384615384616
0.3424528301886793
0.35000000000000003
0.3472727272727273
0.34553571428571433
0.3570175438596491
0.35086206896551725
0.3477401129943503
0.34750000000000003
0.35819672131147545
0.3524193548387097
0.36269841269841274
0.35703125
0.3638461538461539
0.37348484848484853
0.3679104477611941
0.36250000000000004
0.36449275362318845
0.3728571428571429
0.3676056338028169
0.36319444444444443
0.3582191780821918
0.3554054054054054
0.3506666666666666
0.34605263157894733
0.3422077922077922
0.3378205128205128
0.3335443037974683
0.340625
0.3487654320987654
0.3445121951219512
0.35180722891566263
0.3476190476190476
0.3552941176470588
0.3511627906976744
0.3528735632183908
0.3590909090909091
0.3606741573033708
0.3655555555555555
0.37252747252747254
0.3793478260869565
0.38602150537634405
0.38191489361702124
0.38842105263157894
0.39479166666666665
0.4010309278350515
0.4037414965986394
0.3996632996632996
0.3956666666666666
0.3917491749174917
0.39771241830065357
0.3970873786407767
0.3980769230769231
0.39428571428571435
0.39056603773584914
0.3869158878504673
0.38641975308641985
0.38287461773700315
0.37939393939393945
0.37597597597597604
0.3726190476190476
0.37109144542772865
0.37660818713450295
0.37333333333333335
0.3729885057471265
0.36980056980056986
0.368361581920904
0.3652661064425771
0.3622222222222222
0.3592286501377411
0.3562841530054645
0.3533875338753388
0.35860215053763445
0.35573333333333335
0.35291005291005295
0.35013123359580056
0.34739583333333335
0.344702842377261
0.34205128205128205
0.339440203562341
0.33939393939393936
0.3413533834586467
0.34626865671641793
0.3496296296296296
0.3470588235294118
0.3518248175182482
0.3565217391304348
0.3571942446043166
0.3546428571428572
0.3521276595744681
0.35669014084507045
0.36118881118881124
0.365625
0.37
0.37431506849315066
0.37857142857142856
0.37601351351351353
0.37348993288590604
0.371
0.36854304635761587
0.3661184210526316
0.3697167755991285
0.37272727272727274
0.37032258064516127
0.37435897435897436
0.3722929936305732
0.3762658227848101
0.37798742138364777
0.381875
0.3795031055900621
0.38271604938271603
0.38445807770961143
0.38211382113821135
0.38585858585858585
0.38353413654618473
0.38602794411177643
0.38373015873015875
0.3873767258382643
0.39098039215686275
0.394541910331384
0.398062015503876
0.40154142581888247
0.4049808429118774
0.4026666666666667
0.40606060606060607
0.40376647834274954
0.40149812734082396
0.40111731843575427
0.4044444444444445
0.4049723756906078
0.403021978021978
0.4008196721311475
0.40163043478260874
0.4024624624624624
0.40029868578255673
0.39815805109922753
0.3960401891252955
0.3939447383891828
0.39713450292397656
0.40029086678301334
0.4034143518518518
0.40362694300518137
0.40283505154639176
0.4044729344729345
0.40317460317460313
0.4059503666102651
0.40491021324354654
0.4028754885538805
0.4053611111111111
0.4050027639579879
0.40794829482948297
0.40664242708577686
0.40955104263927794
0.40755323267518395
0.4063838804130066
0.406030979219385
0.40744429181929187
0.40693020429862536
0.4076114890400605
0.4104190175280223
0.4132000598981731
0.41243386243386243
0.410740246254265
0.4088298265042451
0.4069370958259847
0.408390022675737
0.40881025192951803
0.4069435384503878
0.4096392496392497
0.410802269625799
0.41345631345631345
0.41160224927041067
0.41422902494331065
0.4123880070546737
0.41498806012080347
0.4131599188867911
0.4113478139793929
0.40955153531572747
0.40777087646652865
0.4103346389060675
0.4095238095238095
0.4120580421009606
0.4102971102971103
0.412806484295846
0.4152945924132365
0.4135422945549528
0.4118047218887555
0.4105000996214385
0.4087896825396825
0.4112428373839162
0.40954348681621405
0.4078581226729375
0.40618657298985167
0.40616132167152574
0.4085753000387147
0.40874301137459035
0.40709485407066054
0.40746796710652133
0.4068380952380953
0.4052172263327642
0.40440287226001514
0.40458309806135895
0.40299025121859766
0.40140989729225024
0.4019903273809524
0.40042616268297204
0.398874123292728
0.3986210700496415
0.3970879120879121
0.39614121510673234
0.3984460196292257
0.39777596716760216
0.39778439153439155
0.3996795447738844
0.4000566893424036
0.3985583496819452
0.3970711916607439
0.39931256269546234
0.3978336272780717
0.396365606513208
0.3949083800186741
0.3934618291761149
0.3920258370988298
0.3906002886002886
0.39280825856912815
0.395000286516532
0.39357942217654446
0.3921687432440121
0.3907681405895692
0.3929362254985031
0.39420240909602616
0.39575410847495657
0.39788173485356587
0.39999443052074635
0.4015096015096015
0.40359493390852275
0.4056657848324515
0.404262096995661
0.4037301587301587
0.40337369770359466
0.40199228093063716
0.40062029362370666
0.3992576395637621
0.39790422383642726
0.3965599528099529
0.3952247341136231
0.3938984766165975
0.3959255720125286
0.3946058201058202
0.39329483731477094
0.39199253652896043
0.3921839803027922
0.39089390142021724
0.3896122820712985
0.3883390393194315
0.38707409130861903
0.3867913832199547
0.3860790054964812
0.38773681515617003
0.38970550706885115
0.3916615791615792
0.39088949743901824
0.3907061975533313
0.39264046359284455
0.39155615832831026
0.3934755395323219
0.39223819506838375
0.3941434044882321
0.39291170634920636
0.39417989417989413
0.39575076407374543
0.39452552951004966
0.39330785812267294
0.3920976800976801
0.3936556626740676
0.3924518227270521
0.3912553232675184
0.3900660973609302
0.3907022607022607
0.38997506354001826
0.3895534519028495
0.39138662471995805
0.39021480847828155
0.3890499881544658
0.38789210128495843
0.38707079270877487
0.3859256128486897
0.38758954909397386
0.3877731092436975
0.3876623376623376
0.389452798663325
0.3884631403581841
0.38733388704318933
0.3881435472739821
0.3870217451142307
0.38878825305338277
0.38853311439518334
0.3902851685086642
0.3891700680272109
0.39076787410120745
0.39186733405483404
0.3935900894824408
0.39247825307147344
0.3913726805276101
0.3902733190654539
0.3896002845582678
0.39088631728296536
0.3918866339479153
0.39079805996472666
0.3897155168623313
0.3889842585284574
0.38805041759587217
0.38698434502005935
0.3859241139378126
0.385211206522682
0.3841615847065439
0.38447636300897176
0.3850604379059664
0.3848305448305448
0.38648868352372395
0.3880034988905957
0.38964424018043325
0.3903403785756727
0.39092910052910057
0.3898893954745019
0.38898783209128035
0.38795876375241456
0.38917786991665626
0.3881537176274019
0.3883160438278549
0.3872995096817087
0.3881739815160181
0.3872933201058201
0.3878458049886621
0.38684102311045315
0.38627209712481025
0.38695180821469477
0.38595707348920716
0.38637769637769637
0.38551739536394264
0.3850441367023
0.38660890989135266
0.38562766900330353
0.38465139642354834
0.3840588423921757
0.38359521810403424
0.383887692430406
0.3854318335521343
0.38446825396825396
0.383509480267585
0.3841723920082129
0.38383945803300645
0.3832606474933207
0.38478346070938657
0.3838357181953241
0.3841211341211341
0.38563064114534706
0.3863177707920984
0.3853755323267518
0.38484339396748163
0.38390930805979356
0.38297974557054465
0.38422858676481864
0.3833027347485179
0.38238133394383395
0.38346275360663856
0.3837415508468141
0.3852123347350078
0.3842951625094483
0.38338234739659927
0.3824738584217258
0.3815696649029983
0.38145589997005097
0.3805583566760038
0.3820124450406141
0.383459722686889
0.38256378875537755
0.38225478225478227
0.3836913990402363
0.3828011637756418
0.3837669018224574
0.38415081197991124
0.3832656718601419
0.38238460135011854
0.38150757244793937
0.3806345574080127
0.3811353917518301
0.3814061539574068
0.3805393217893218
0.3809235863657633
0.38006176829706245
0.3792038410548569
0.37891284141284143
0.3803085428928126
0.3794558331553848
0.3801729341997798
0.37932433390022674
0.3788135892812953
0.37797178130511466
0.37857494808714326
0.37994978227279114
0.3804355443428291
0.37959758058877
0.38068637711494857
0.38061908242829295
0.38044267305755275
0.3796120121993485
0.38052789016841304
0.3797006556245687
0.3788770099507627
0.3802214320071463
0.37940021941101854
0.3790135810071155
0.3803490356716163
0.37953283602425236
0.37872013187859016
0.3796203025369692
0.37987697566588824
0.3811963863559608
0.38219172311529
0.3827944242668819
0.3833945769992282
0.3825857276806644
0.38178028404344194
0.3809782246231826
0.3822759641942032
0.38252224878793917
0.3838113463896345
0.38509507275132276
0.38585371085371084
0.3850531844826451
0.3842559729205692
0.3855281713236259
0.3862796596301751
0.3865136521000719
0.38571998957009224
0.3865689240176945
0.38659639043074623
0.3874400712666019
0.3886876474962015
0.38789763195251
0.388327859879584
0.3875417710944027
0.3867588584255251
0.386382328469022
0.3874492989684137
0.38667128832791486
0.3878002035817667
0.38702460317460313
0.3882481069606818
0.3878067096692595
0.3886261794313485
0.38914477828168303
0.38916627377023416
0.3903734550473681
0.39157587426818197
0.39178930758655167
0.3910195839960084
0.3909064737005914
0.3901414903861088
0.39133262028769844
0.3925191064079953
0.39370097585078134
0.3948782555093235
0.3941129875722899
0.39489806883423906
0.396066219280505
0.3962664770468239
0.39675442612942613
0.397912287115742
0.39715000304080766
0.3963906340101369
0.3975425602811099
0.39773771730914587
0.3972667330557065
0.3965129062377639
0.39614072270322276
0.3953918744561467
0.3946458520515125
0.39578587869548326
0.39654567967537896
0.3968335864677328
0.3963713512870816
0.39749962913514314
0.3969445925136224
0.3962054033283084
0.39658420369386915
0.3977037135200401
0.3988190770135215
0.39808188833142627
0.3973474199027705
0.39661565669852966
0.39634614262371615
0.39745376438036983
0.39745842781557067
0.3972802588433301
0.3968290174950759
0.3979276895943562
0.39720418470418467
0.3973907469823985
0.39757663331032894
0.3981235110077786
0.3974048765113746
0.39849063349063346
0.39822356400593806
0.39930395258043366
0.39858835409910676
0.39876977028139815
0.39984339569161004
0.4000219279631045
0.39931014517313457
0.4003770898531112
0.4005537262186199
0.4007297373226577
0.40002173425318305
0.4001980627642004
0.4012540520903197
0.4014275950567691
0.4016005291005291
0.4022593333889306
0.40330433455433456
0.4042584282113078
0.4035541452353299
0.4045914423740511
0.40536472111992944
0.40466218260845643
0.40569217883231723
