993
MAX PATTERN LENGTH : 9
MEAN PATTERN LENGTH : 5.05035246727
0.0
0.3
0.19999999999999998
0.15
0.13999999999999999
0.2833333333333333
0.24285714285714285
0.25
0.3277777777777778
0.35500000000000004
0.3681818181818182
0.3375000000000001
0.35384615384615387
0.33571428571428574
0.38
0.38125
0.388235294117647
0.39999999999999997
0.3842105263157894
0.3941666666666666
0.423015873015873
0.4492424242424242
0.4405797101449275
0.43263888888888885
0.4353333333333333
0.43974358974358974
0.4419753086419753
0.4261904761904762
0.43735632183908046
0.4261111111111111
0.4252688172043011
0.42604166666666665
0.4434343434343434
0.44019607843137254
0.4561904761904762
0.44351851851851853
0.43828828828828836
0.4385964912280702
0.45299145299145305
0.4666666666666667
0.4711382113821138
0.47420634920634924
0.4864341085271318
0.47651515151515156
0.48814814814814816
0.4971014492753623
0.4886524822695036
0.47847222222222224
0.48911564625850346
0.4853333333333334
0.49542483660130726
0.5022435897435898
0.4946540880503146
0.4873456790123458
0.48454545454545467
0.4758928571428571
0.48508771929824557
0.49396551724137927
0.49689265536723165
0.5052777777777778
0.5006375227686702
0.49256272401433693
0.4882716049382716
0.48454861111111114
0.4855555555555556
0.48501683501683507
0.47927031509121065
0.47222222222222227
0.4668276972624799
0.4665873015873017
0.46001564945226925
0.46404320987654324
0.45768645357686455
0.4515015015015015
0.45414814814814813
0.45343567251461986
0.4605339105339105
0.461039886039886
0.4672292545710267
0.4738888888888889
0.4752400548696845
0.4694444444444445
0.47583668005354757
0.4731481481481482
0.46758169934640526
0.4621447028423773
0.45740740740740743
0.4607323232323232
0.4617353308364544
0.4593827160493827
0.4543345543345543
0.46026570048309173
0.46606929510155315
0.4717494089834515
0.47204678362573094
0.4671296296296297
0.4623138602520046
0.4575963718820862
0.4630751964085298
0.46644444444444444
0.4623212321232123
0.46759259259259256
0.4727615965480043
0.47302350427350426
0.4685185185185185
0.465041928721174
0.4606957424714434
0.4656893004115226
0.46600407747196737
0.4626767676767677
0.4675175175175175
0.4678075396825397
0.4636676499508358
0.4596003898635478
0.45560386473429954
0.4602969348659004
0.46490978157644824
0.4619114877589454
0.4664332399626518
0.4625462962962963
0.4607897153351699
0.4570127504553734
0.46142728093947605
0.4657706093189964
0.46284444444444445
0.45917107583774247
0.45791776027996495
