NUMBER OF PATTERNS : 3708
MAX PATTERN LENGTH : 10
MEAN PATTERN LENGTH : 5.84061488673
1.0
0.5625
0.39166666666666666
0.4604166666666667
0.5683333333333334
0.5847222222222223
0.5369047619047619
0.48854166666666665
0.45092592592592595
0.4058333333333334
0.41893939393939394
0.3965277777777778
0.3737179487179487
0.3470238095238095
0.33222222222222225
0.34618055555555555
0.3258169934640523
0.307716049382716
0.2941520467836257
0.27944444444444444
0.2661375661375661
0.254040404040404
0.24516908212560384
0.23703703703703702
0.23355555555555554
0.2438034188034188
0.2347736625514403
0.2263888888888889
0.2185823754789272
0.2112962962962963
0.20448028673835125
0.20902777777777778
0.20723905723905725
0.2011437908496732
0.1953968253968254
0.2080246913580247
0.2064564564564565
0.20102339181286552
0.20099715099715104
0.20013888888888892
0.19891598915989162
0.2096560846560847
0.20478036175710598
0.20012626262626265
0.21790123456790128
0.2131642512077295
0.2299054373522459
0.22511574074074073
0.22052154195011336
0.22111111111111112
0.23311546840958605
0.22863247863247865
0.22431865828092243
0.22016460905349794
0.21797979797979797
0.21408730158730158
0.2155945419103314
0.21187739463601535
0.208286252354049
0.20814814814814814
0.2186703096539162
0.2175627240143369
0.2141093474426808
0.21076388888888892
0.20752136752136754
0.2043771043771044
0.20132669983416254
0.21307189542483662
0.21143317230273753
0.20841269841269844
0.2061815336463224
0.20540123456790121
0.2039573820395738
0.20322822822822822
0.2005185185185185
0.19788011695906432
0.1953102453102453
0.19408831908831908
0.19163150492264414
0.1892361111111111
0.18689986282578874
0.18462059620596205
0.1823962516733601
0.18022486772486773
0.1820261437908497
0.17990956072351422
0.1818646232439336
0.18604797979797982
0.18395755305867667
0.1819135802469136
0.17991452991452994
0.17795893719806766
0.17604540023894863
0.18481087470449173
0.18497076023391815
0.1830439814814815
0.18115693012600229
0.18313492063492065
0.19138608305274973
0.19047222222222224
0.1885863586358636
0.18673747276688454
0.18492448759439054
0.19276175213675215
0.19092592592592594
0.18912473794549267
0.18735721703011424
0.18562242798353912
0.18483690112130483
0.18770202020202023
0.18601101101101103
0.18702876984126984
0.18537364798426745
0.18374756335282652
0.18214975845410628
0.18057950191570882
0.1790360873694207
0.17751883239171376
0.17602707749766575
0.17456018518518518
0.17311753902662994
0.17251821493624775
0.1711156278229449
0.17134856630824374
0.17197777777777778
0.1732583774250441
0.1766185476815398
0.1791449652777778
0.1827950043066322
0.18138888888888888
0.18000424088210348
0.18621632996632997
0.18857560568086884
0.18716832504145936
0.18624485596707818
0.18487540849673204
0.18425587996755882
0.18364533011272144
0.18232414068745006
0.18102182539682543
0.1797379826635146
0.17847222222222225
0.17722416472416475
0.17877121913580246
0.1775383141762452
0.17632229832572296
0.17512282690854117
0.17393956456456455
0.17277218493661445
0.17162037037037037
0.17048381162619572
0.16936220760233917
0.16825526506899055
0.1671626984126984
0.166084229390681
0.1682247150997151
0.16874557678697805
0.16957630098452883
0.16850978336827394
0.16745659722222223
0.16641649413388543
0.165389231824417
0.1643745739604635
0.1633722899728997
0.16238215488215488
0.16140394912985273
0.1604374584165003
0.15948247354497352
0.1585387902695595
0.1576062091503268
0.15668453541260557
0.15897125322997419
0.16152055234425178
0.16059227330779055
0.16310317460317458
0.16217645202020203
0.16126020087884496
0.1631632334581773
0.16225170701427685
0.16135030864197533
0.16432627378759976
0.16699481074481073
0.17154675166970249
0.17091636473429953
0.16999249249249251
0.16907855436081243
0.1681743909685086
0.1672798463356974
0.1663947677836567
0.16727339181286552
0.16988801628853986
0.1690031828703704
0.16864565342544618
0.1703536655211913
0.169480056980057
0.1686153628117914
0.17029751833051326
0.16943742985409654
0.16858598548297044
0.16774305555555558
0.16690851299060255
0.16608223322332236
0.1652640941434045
0.16543436819172117
0.16462737127371277
0.16528451995685006
0.16448604401502953
0.16441639957264959
0.1636297182349814
0.1628505291005291
0.16681806213796735
0.16650288259958074
0.1657211789254043
0.16658229491173415
0.16580749354005167
0.16503986625514405
0.1642793138760881
0.1635257390417941
0.16277904616945715
0.16355429292929297
0.16281422825540476
0.16208083083083086
0.1620266567015446
0.16375868055555556
0.16451234567901238
0.16444813176007864
0.16394395496818404
0.16432139376218324
0.16556889859291604
0.1655012077294686
0.16478475228475228
0.16407447318007665
0.16337029089175012
0.1626721272554606
0.16623522458628842
0.16553083804143126
0.1648323956868261
0.16834150326797387
0.16763714551371456
0.1683275462962963
0.167629091747349
0.1669364095500459
0.16624942844078647
0.16720742258652094
0.16754535147392288
0.16788053297199637
0.1672008547008547
0.17055891577060933
0.16987394020526553
0.16919444444444445
0.16852036299247455
0.16917438271604937
0.16850570926657882
0.1678423009623797
0.17032135076252725
0.16965603298611112
0.17288694336359708
0.17221683893195522
0.173482410982411
0.17281517094017096
0.17215304384844615
0.17149597116200171
0.17116075200675962
0.17145938552188555
0.17081236897274635
0.17111006683375107
0.1704692051602164
0.16983312603648426
0.16920177612556797
0.16857510288065847
0.1686910619106191
0.16807087418300654
0.1691035816035816
0.16848641524736413
0.16787373737373737
0.167265499194847
0.16666165262735658
0.16732114308553156
0.16815511748307446
0.1675545634920635
0.16962732305258996
0.16902580772261622
0.16842854338437377
0.16783548513302032
0.16724658869395712
0.1701583139083139
0.17072686798296555
0.17065489969135803
0.17237120338331413
0.17177681992337165
0.17147289041618938
0.17088565449010654
0.1708143723928707
0.1717639833711262
0.1745715630885122
0.17398179429429428
0.17339599700710812
0.17432419835943325
0.17374117428465252
0.17316203703703703
0.17258674787744555
0.17367089771891095
0.17309772643931057
0.1725283260233918
0.17196265938069216
0.17249001452432822
0.1733939558450959
0.17283098845598843
0.17227166486875223
0.1717159498207885
0.1719676670239371
0.1714164886039886
0.17228878239261622
0.17174009200283083
0.17230599647266315
0.17429236990154712
0.17374255169996494
0.17361547868623342
0.17604928596307903
0.17745225694444444
0.1768994461751471
0.1794556590752243
0.17993206054351565
0.1793767146776406
0.17882478632478632
0.17858299250170415
0.1780368671423717
0.17886602303523036
0.178322357311719
0.17929713804713804
0.17894427660288686
0.1784052878179384
0.17786953620286952
0.17733699268130407
0.17725538971807628
0.1767278439153439
0.17620342894823607
0.17568211702827086
0.17516388069485414
0.1746486928104575
0.17413652655588138
0.17377355425601038
0.1732669258179462
0.17276324289405684
0.17226247987117552
0.1735709698137444
0.17307076528978546
0.17257343550447
0.17303406558420883
0.17325396825396824
0.17276036720481164
0.1722695707070707
0.17206484104501102
0.17157878217200254
0.17391236306729266
0.17342384519350812
0.17335823218176158
0.17287399130974548
0.17239244815846486
0.17191358024691358
0.17143736534318252
0.170963781461019
0.17049280685644322
0.17002442002442
0.16955859969558598
0.16909532483302975
0.16877081441114136
0.16831219806763284
0.16785606744956338
0.1674024024024024
0.16829889188379754
0.16784647550776582
0.16739648495680667
0.1669489007724302
0.1665037037037037
0.16606087470449174
0.16562039493073977
0.1651822457378013
0.1647464086778071
0.16431286549707602
0.16388159813356665
0.16345258871436882
0.1630258195532347
0.16260127314814815
0.16217893217893217
0.1617587795048935
0.1613407981625036
0.1629868270332188
0.16342473578977434
0.16313390313390314
0.16271668087524865
0.1623015873015873
0.16188860616341533
0.16160462492949804
0.16246132208157524
0.16205106621773288
0.161642877134061
0.1624930206588498
0.1620857699805068
0.16168055555555558
0.16140205042948186
0.16100055279159758
0.16122139509236286
0.1611936193619362
0.161042524005487
0.16089217296113847
0.1604968604968605
0.1604711328976035
0.1602010323281717
0.15981029810298103
0.16043525277101922
0.1624730312837109
0.16207963411353243
0.1616881374127751
0.1622021419009371
0.16265357905982908
0.16226352251532108
0.16187533227006912
0.16148899496154867
0.16110449735449736
0.16072182633940355
0.16152580305423908
0.16114394536380353
0.1622379454926625
0.16197385620915034
0.16264997391757957
0.16226906062971638
0.16235721703011421
0.16197876197876196
0.16195090439276486
0.16157514823408095
0.1612011316872428
0.162214523992815
0.16299283154121866
0.16261813537675607
0.16339194699286444
0.16530638189677094
0.16530948756976158
0.16493292837256393
0.16569444444444448
0.16577223481985387
0.16618903971845148
0.16694256333082516
0.16667917917917918
0.16630461922596754
0.16716492277030398
0.16790952025851358
0.16753472222222227
0.16716159366493447
0.16690123456790124
0.16708548903670856
0.16726892822025566
0.1672308069659063
0.16686245717082723
0.1664957264957265
0.16613060428849905
0.16576707999027473
0.16540514313440077
0.16548051319293147
0.16566425120772946
0.16638949144372137
0.16819384319384317
0.1689104871610271
0.1685464559386973
0.17033452807646354
0.16996900333810203
0.1696050440161789
0.17031101614434946
0.17037431888178156
0.17001182033096926
0.17081858928992685
0.1704566854990584
0.1714176650223162
0.17274378809188937
0.17238011695906433
0.17254318394024276
0.17375378523177265
0.17339028358902836
0.17372419392252378
0.1746122685185185
0.17424924924924923
0.1741989396035039
0.1738382792730619
0.1734791092745638
0.17312142038946163
0.17276520347508
0.17241044946383755
0.17205714936247724
0.1719097932288116
0.17155895691609976
0.17120954967187146
0.1716237579042457
0.17127563669145818
0.1722447143499775
0.17250280583613917
0.17400313620071686
0.1737536329085625
0.1754127621597501
0.1765642395902917
0.17754444444444445
0.17918607229984476
0.17982514386896858
0.17946763861276785
0.17955246913580247
0.18117711771177117
0.18081906016688626
0.18095551172474247
0.18059930008748906
0.18024448810303426
0.17989106753812636
0.17953903022396173
0.18114149305555555
0.1810807883907299
0.1808257674016429
0.18047464940668825
0.1815783807062877
0.18171072426391577
0.18184255684255687
0.18235923785056735
0.18200854700854702
0.181659202388569
0.181311196253725
0.18192054387083068
0.18157336726039017
0.18122751322751324
0.18088297422898184
0.18110900274088132
0.18250210437710437
0.1834173492963663
0.18316561844863732
0.18291483573969453
0.18257101086048458
0.18241609339170317
0.18263628797336665
0.1822949117341641
0.18195480928689886
0.18245396234223052
0.18211482858323008
0.18177695320552464
0.18171810699588478
0.18138221400698296
0.18104756047560475
0.18071413955391857
0.18102532679738564
0.18069317023445466
0.1809116809116809
0.18076376193378021
0.180433901054339
0.18010524185387575
0.1815959595959596
0.18144787255495062
0.18184380032206118
0.181514968856741
0.1822703569995989
0.18203203203203203
0.18170463629096723
0.1827249152204269
0.1830246913580247
0.1835917312661499
0.18326388888888887
0.18382848088730439
0.18376828786081453
0.18388592855733174
0.1841509062253743
0.18382497541789578
0.1839418924224578
0.1841465804428767
0.18470266040688574
0.1843780511618824
0.18493177387914228
0.18460790036972172
0.186033411033411
0.18693038588326547
0.18660472319008906
0.1880193236714976
0.18769290123456792
0.18885312646144534
0.18861289613884769
0.18828713984154397
0.18796250684181717
0.18763899133950768
0.18817569410352913
0.18871055569168774
0.18860146227440747
0.18913376746710078
0.188811013597703
0.189057218571699
0.18873569268977433
0.1884152585765489
0.18809591068065645
0.1877776434883034
0.18788274882024883
0.18756591450520624
0.1872501469723692
0.18721555288782177
0.1877403590071375
0.1875933902315812
0.18727968891012373
0.18696703500543235
0.1868637566137566
0.1882167287325357
0.18894228233929228
0.19028732001368814
0.1899722747818774
0.18982356027810574
0.189510320079627
0.1908455584320494
0.19151850981620716
0.19284606562931683
0.19252992453812123
0.19221481827864806
0.19190074177819275
0.19158768999715164
0.19290432242386638
0.19259065685894952
0.19260268501339928
0.1939112706130534
0.19481109056351772
0.1944963715157576
0.1946665386584741
0.19435306597142343
0.1945765069157352
0.19450495554026853
0.19483427452177451
0.19612253968253968
0.19580924489071452
0.19549694944431786
0.1951856485694065
0.19487533752239633
0.1945660115898211
0.19425766608809397
0.19418763813542295
0.1941968203816545
0.19538893896149415
0.19523872015998
0.19493174104023162
0.19462572574817472
0.19432066975170423
0.19558151377400204
0.19683841765873017
0.19809139984647006
0.19778284626415468
0.197475252413044
0.19872140885339643
0.19996370124277102
0.19965415990957786
0.19973197419101593
0.19942374583578287
0.20065729938611296
0.200502442002442
0.20019445054007265
0.20142114616807869
0.20149553951238483
0.20118744235716712
0.20088028595662183
0.2005740660085172
0.20026877823681477
0.20057232112703238
0.20064732519209
0.20117664742664745
0.20087229546382346
0.20056886299333432
0.2007942493236611
0.20199787244214956
0.20169411624298844
0.20184172267505598
0.2015391113966826
0.20168650793650794
0.2015345101667972
0.20123371239042884
0.20130638942114357
0.20100682634164777
0.20070815349418616
0.20041036691630162
0.2015949441504997
0.20144465577157883
0.2026242057630536
0.20262033525307863
0.2026901138462258
0.2023920401493931
0.2033430063165746
0.2045111250756412
0.20567582328197262
0.20683711593799314
0.2079950179585216
0.20805624971076866
0.209209006261408
0.20890492340346992
0.2100531020342341
0.20974867724867724
0.2094451335768268
0.2105875539040279
0.21100517648136696
0.21070113444032754
0.2118368162612767
0.21153245301952198
0.21122896312996745
0.21235900759539728
0.21205520357880872
0.21175226757369614
0.21145019586531713
0.21114898476009586
0.2115598681388155
0.21125935696248196
0.21095969830012384
0.21080253158865056
0.2105043667632069
0.2102070442112815
0.21047473526316968
0.21053040465012296
0.2102343000022325
0.20993902710897092
0.20964458247066942
0.20935096260726513
0.20926795426795428
0.20967400461115546
0.20938157224768103
0.20915959234204357
0.20886868887564297
0.20857859347442678
0.20828930277612662
0.2080008134371015
0.20771312213220924
0.2083240156099272
0.20803667214012042
0.20775012025012024
0.20746435667343507
0.20855300453514738
0.20826692359614168
0.20798162644053053
0.2076971098516926
0.20741337063058374
0.20726683124363887
0.20698445136456034
0.20670283986610516
0.2064899283988958
0.20756660420839526
0.20728534864713727
0.2070048542646648
0.20672511797511797
0.20712090054195317
0.2068417618619775
0.20676525881774874
0.20693537719747399
0.2070602961542559
0.2078551214945317
0.2075768683198402
0.20729935913759445
0.20702259096785133
0.20721322751322752
0.2069373110984296
0.2075264902060115
0.20738369274225849
0.20744021304366134
0.20848996110585516
0.20828031830015958
0.2080051791742677
0.20773076600913015
0.20745707593533683
0.2078420008354219
0.20756888388294434
0.20729648377286175
0.2080077596787951
0.2077354982132469
0.20746394854237993
0.2071931078784865
0.2069229734483972
0.20665354249338622
0.20768520238611266
0.20761028653885796
0.2086380293578737
0.20836777284316144
0.20809821556910818
0.20782935482547885
0.20756118791602662
0.20806690803469152
0.20844262629976915
0.208335373566736
0.20806793406279925
0.20780118030118028
0.20753510964778568
0.20726971948199568
0.20751586287984755
0.20852668448331713
0.2095349307451218
0.21009531887394478
0.20982836167080127
0.20956208202401092
0.20929647735731383
0.20903154510749444
0.2095890273513535
0.20953483245149915
0.20927060189355273
0.20900703690376238
0.20874413497055008
0.20848189359495894
0.2089103981199339
0.20864860564108684
0.20838746846256234
0.20812698412698413
0.20786715018924756
0.20760796421644304
0.20734942378777996
0.20709152649451157
0.20683426993986
0.20657765173894208
0.2065281957475266
0.20639635392110642
0.20645025212392334
0.20619537526944937
0.2066193020570333
0.20636484478849015
0.20611101349108732
0.2058578058578059
0.20683221345798036
0.20657874260815437
0.20632589225000486
0.2066849070516552
0.20643254452778262
0.2066076267905536
0.20635597316474294
0.20646989533850849
0.20640128064186386
0.20615079365079364
0.2059009139009139
0.20601483531265613
0.20576572426632886
0.2055172149375048
0.2052693051486779
0.2050219927328361
0.20489561247683993
0.20545062576312578
0.20580422645248578
0.2055574587948689
0.2057104837943161
0.20599605073289284
0.20574993836642583
0.20556407925143008
0.20591501598652967
0.20566987906273618
0.20542532510427872
0.2051813520340836
0.20493795778493284
0.2051690739486948
0.20492627031088567
0.20468404067694848
0.20444238301381157
0.2042012952979934
0.20419634677585208
0.20407376283846873
0.20383395818178426
0.20359471644682914
0.2035318855951916
0.20393758596334707
0.2036990624709923
0.20346109627651687
0.203223685429053
0.20298682798682802
0.2027505220171111
0.20251476559616097
0.20247313017347862
0.20229624719183883
0.20217771156357486
0.2019437095825985
0.20171024864666484
0.20147732688148395
0.20136028267516157
0.20112830078267868
0.202047600781778
0.2029647874475461
0.20336322052739964
0.20389453181884376
0.20366097565410282
0.20428607751262215
0.2040526077097506
0.20396236500688558
0.20372979674576028
0.20349775825288355
0.2034558571247991
0.20322465728715733
0.20327775075221163
0.20361417053593928
0.2034402020528861
0.2036059936795231
0.20337593040982874
0.20314638647031424
0.2029173601045078
0.20347713785213786
0.2035294695305944
0.203862582486178
0.20391436409954927
0.2036857605523525
0.20351366003661636
0.20395715706118392
0.20410171144808018
0.20420874078798187
0.20398108332890943
0.2041436879131757
0.20502895633596413
0.20480114638447974
0.20512878107217733
0.20573285115968046
0.20561576051609276
0.20557267523528586
0.20534552310795404
0.20511887242019694
0.20530617245060465
0.20508006433116566
0.20534339148200537
0.20525510204081635
0.20502979457425125
0.2048049812030075
0.20458066030355185
0.20435683025945606
0.2041334894613583
0.20439583766548833
0.20417294144120754
0.20395053082961578
0.2037286042454704
0.20350716011042097
0.20328619685297208
0.2030657129084461
0.20338741852826359
0.20316730227444513
0.20294766194766195
0.2034844355308718
0.20326492697042858
0.2030458914887794
0.20282732755822097
0.20278844512715483
0.2025706272483931
0.20259171265072554
0.20344638391262188
0.20322856123177324
0.20301120448179275
0.20279431216931218
0.20311150073690096
0.2030015737638339
0.2030516253359704
0.20319022289766972
0.20297429279894744
0.20275882115054092
0.20254380649396558
0.20303546206618245
0.20292642983119175
0.20271191986308265
0.20249786292552924
0.2024424854329918
0.2032829043103016
0.2034197994987469
0.20320589855290172
0.20299244697879154
0.20347898865737274
0.20326569831286817
0.2040999750685615
0.20493250647539354
0.20508409215305767
0.20497440103390002
0.2047606633894434
0.204547371031746
0.20485481393389818
0.20557741807741808
0.20536394204618505
0.20515090891128235
0.20493831729583026
0.20489869860987872
0.20468680750480128
0.20447535419126328
0.20426433731387292
0.20405375552282767
0.20401525182678631
0.20380535959239662
0.20359589879117113
0.20338686809426026
0.20317826617826615
0.20297009172521466
0.20276234342252764
0.2025550199629954
0.2028588452745756
0.20367225461613214
0.2038723848356876
0.20376660847638442
0.20381364142808697
0.20360651374370886
0.20339980662315685
0.20319351878682507
0.2029876489602933
0.20379434162328897
0.20358828061052528
0.2036856661856662
0.2039846715679208
0.20377904185867896
0.2039095094231046
0.20380497269330267
0.20375089734386218
0.20354632816982215
0.20334216936523858
0.20313841969653593
0.20293507793507795
0.20273214285714283
0.20252961324389893
0.20232748788138008
0.20212576556046144
0.2019244450768355
0.20172352523098788
0.20152300482817379
0.20215042322788104
0.20194987717309149
0.20174972863278118
0.20249057048562
0.20327940276011494
0.20312794089968003
0.20292741973393505
0.20272729407344794
0.20311869575416372
0.20306641357330335
0.20385002575268063
0.20463209841893537
0.20455395111921118
0.20435340802987864
0.20415325777715593
0.20395349920790234
0.20375413117348604
0.20355515252976192
0.20399070847851336
0.20379188712522045
0.20393425140260585
0.2037358717806189
0.20353787773612847
0.2033402681460934
0.2031430418918295
0.20294619785898857
0.20274973493753748
0.2026503638205766
0.2028772716816195
0.20268144419930134
0.20267885842861735
0.20248359941279015
0.2026255786241349
0.20275125915750916
0.20332498513334246
0.20312985558906863
0.2031747934072958
0.2036985723408137
0.20364718614718616
0.20397830738413913
0.20378348569609314
0.20373216557615415
0.2035379499750329
0.20339172335600905
0.2034360699560509
0.2032426896614159
0.20304967666078777
0.2028570299087377
0.2026647483638005
0.20294631583694084
0.20332195792224173
0.20312978215861013
0.20293796933315345
0.202982367475292
0.20279105515910414
0.2026471841090485
0.2030837029073153
0.20289283476548514
0.20270232506148
0.20251217278656305
0.202322376935779
0.2021329365079365
0.2022556684039378
0.20206664441477526
0.20187797341158686
0.2017829379886283
0.20190553854346957
0.2019503192338388
0.2017624584717608
0.20157494689325545
0.20138778352566652
0.20212861118473363
0.20217297762478484
0.20198578042328041
0.20272399894277784
0.20253663850013204
0.20262663237039968
0.20267033473906168
0.2024835418038183
0.2022970928702973
0.20231542325608565
0.20249711863912231
0.20267848032999547
0.20318061016455513
0.20313186533397348
0.20317478487121346
0.20298889760234684
0.20284905400307596
0.20266380372544757
0.20247889149577109
0.20284126260653154
0.20270206291381154
0.20251762063636494
0.2023335137085137
0.2021497412164987
0.20196630224987755
0.2017831959015096
0.20160042126754082
0.2014179774473892
0.20214002267573697
0.20204775526591245
0.2018654016961779
0.20204406228977914
0.2018620406120406
0.20168034660608916
0.20149897938791822
0.20131793807669818
0.20113722179476218
0.20095682966759199
0.20077676082380383
0.20059701439513436
0.20041758951642671
0.2002384853256167
0.2000597009637188
0.19988123557481274
0.1997476515858869
0.1995697819050446
0.19961464864712197
0.19943721340388007
0.19926009332092814
0.19921638427627777
0.1990397740065293
0.19948349431298942
0.19930696024722572
0.20001491165284266
0.20001489848000448
0.19983836282379971
0.1998825970717505
0.19970648905670932
0.19970674742901856
0.19953110385168432
0.1993997056936424
0.19922464010479812
0.19904988164856585
0.19887542951741022
0.1987012829066244
0.19852744101431766
0.19835390304140302
0.19818066819158522
0.19800773567134822
0.1978351046899434
0.19766277445937724
0.19749074419439955
0.19731901311249136
0.19714758043385322
0.1969764453813933
0.1968056071807156
0.19689503039806333
0.1967245585102728
0.19655438155654417
0.19638449877213923
0.1962149093949612
0.19604561266554363
0.1967386767925561
0.19656922056792858
0.19704549490478923
0.19734898115164667
0.19803854388261605
