218
MAX PATTERN LENGTH : 6
MEAN PATTERN LENGTH : 3.77981651376
1.0
0.75
0.5499999999999999
0.5791666666666666
0.6633333333333333
0.7194444444444444
0.7238095238095238
0.6645833333333333
0.6462962962962963
0.5816666666666667
0.5787878787878787
0.5722222222222222
0.5397435897435897
0.5011904761904762
0.5094444444444445
0.5053819444444445
0.4756535947712419
0.454783950617284
0.43347953216374274
0.4218055555555556
0.40171957671957675
0.42891414141414147
0.4146135265700483
0.397337962962963
0.39544444444444443
0.4033119658119658
0.3883744855967078
0.3798611111111111
0.37883141762452105
0.399537037037037
0.38664874551971323
0.3933159722222222
0.3859427609427609
0.37459150326797386
0.3667460317460317
0.3662808641975308
0.36043543543543544
0.3591739766081871
0.3627849002849003
0.3682986111111111
0.3837059620596206
0.3948082010582011
0.3937661498708011
0.38708964646464655
0.38515432098765445
0.3767814009661837
0.39004137115839255
0.38365162037037037
0.3962301587301587
0.3933055555555556
0.4019335511982571
0.39805021367521365
0.3905398322851153
0.386085390946502
0.3872474747474747
0.38390376984126984
0.38506335282651066
0.37928639846743295
0.3889595103578154
0.38331018518518517
0.3868624772313297
0.38062275985663085
0.380136684303351
0.3804470486111111
0.37587606837606835
0.3701809764309764
0.37958126036484247
0.38870506535947713
0.38452093397745574
0.38188492063492063
0.37791471048513303
0.37474922839506175
0.36961567732115674
0.36597222222222225
0.36109259259259263
0.35634137426900586
0.35171356421356426
0.3523326210826211
0.34787271448663853
0.35039930555555554
0.3460733882030178
0.3430724932249322
0.33893908969210174
0.3360945767195767
0.33998366013071896
0.34184431524547804
0.33848978288633463
0.3352114898989899
0.3314450686641698
0.33887345679012343
0.3351495726495726
0.3369414251207729
0.3440710872162485
0.35104905437352246
0.35524853801169587
0.35258969907407406
0.34895475372279494
0.3479450113378685
0.35049102132435467
0.34798611111111116
0.34454070407040704
0.3411628540305011
0.3378505933117584
0.34421741452991456
0.3409391534391535
0.33772274633123694
0.3345664589823469
0.331468621399177
0.3307212028542304
0.33226010101010106
0.3337712712712713
0.33079117063492064
0.3322885939036382
0.3293737816764133
0.3265096618357488
0.3236949233716475
0.3243471035137702
0.32583568738229757
0.32897992530345477
0.32665509259259257
0.3267102846648301
0.3301798724954462
0.3327800361336946
0.33211245519713256
0.33065555555555554
0.3293540564373897
0.33266622922134725
0.33202039930555555
0.33526055124892334
0.33306623931623935
0.3305237489397795
0.33559553872053877
0.3387113617376776
0.3429000829187396
0.34221193415637857
0.3396956699346405
0.33758110300081107
0.33694645732689216
0.3354216626698642
0.3344543650793651
0.33208234830575256
0.3300958528951487
0.32813714063714067
0.3314139660493827
0.32912835249042144
0.3268740487062405
0.3246504157218443
0.3224568318318318
0.32029269202087995
0.3248240740740741
0.3226729212656365
0.3231816520467836
0.32324800290486566
0.3276424963924964
0.32552867383512546
0.3266470797720798
0.32775123849964616
0.3269426863572433
0.32645877009084556
0.32598090277777775
0.3247325741890959
0.32890089163237307
0.32780334014996587
0.32580453929539294
0.32989057239057235
0.33392737617135204
0.33192781104457747
0.3299520502645502
0.3309582511505588
0.3298937908496732
0.327964587394412
0.33070897932816534
0.32937540141297367
0.3274824393358876
0.3270396825396825
0.33086332070707064
0.3304064657878217
0.3327637328339575
0.33183581626319053
0.32999228395061725
0.32927409453652545
0.33213522588522587
0.335784760170006
0.3342617753623189
0.332454954954955
0.33281810035842296
0.3363859180035651
0.33486258865248225
0.3337522045855379
0.3355043859649123
0.3372382198952879
0.3354817708333333
0.33685233160621764
0.3376932989690722
0.3359615384615385
0.33424744897959185
0.3361040609137056
0.3344065656565657
0.33272613065326634
0.3313125
0.3319029850746269
0.3310849834983498
0.33191707717569785
0.33029003267973855
0.3311178861788618
0.33072411003236246
0.32912640901771334
0.32802483974358976
0.3266945773524721
0.3251388888888889
0.32833728278041074
0.3286753144654088
0.3271322378716745
0.328173676012461
0.32897286821705424
0.32744984567901236
0.3259408602150538
0.3244457186544343
0.32296423135464236
0.3230113636363636
0.32154977375565613
0.3223536036036036
0.3220291479820628
0.32126116071428573
0.3242777777777778
0.32394911504424784
0.3229625550660793
0.3237390350877193
0.32363537117903934
0.32222826086956524
0.32083333333333336
0.31945043103448273
0.3180793991416309
0.31672008547008546
0.3196276595744681
0.3182733050847458
0.31956751054852317
0.32242647058823526
0.3210774058577406
0.3211284722222222
0.31979598893499306
0.3184745179063361
0.3180784179240969
0.3208731785063752
0.32228458049886616
0.3209744805781391
0.3237235717498875
0.32645049283154115
0.3251394466755912
0.32583888888888884
0.327727976980965
0.3277502204585538
0.32645476504172155
0.3253663604549431
0.327619825708061
0.3263400607638889
0.32766428880242104
0.32697566752799306
0.32571321321321317
0.3244604700854701
0.3232173265219242
0.3219836726039016
0.3213931136459653
0.32270096801346804
0.3237473794549266
0.32417502088554717
0.3267062005826051
0.32828565505804314
0.3272511358942586
0.32696502057613175
0.32631201312013114
0.32621527777777776
0.32666870166870166
0.32730129764801297
0.32611111111111113
0.32492954911433175
0.3237565182511031
0.3233113509192646
0.3228693747510952
0.3217162698412699
0.3234183471727956
0.32227147360126085
0.3211327051433059
0.32017801251956185
0.3190545808966862
0.321435508935509
0.3208962446767325
0.32099729938271604
0.31988658208381393
0.3192145593869732
0.3181176021382207
0.3170281582952816
0.3176526355707243
0.3196334089191232
0.32193973634651596
0.3208521021021021
0.3197717919940142
0.3188665175242356
0.3189149015235972
0.31785185185185183
0.3179032853451458
0.3193340691685062
0.31828016134946824
0.31723318713450294
0.3161930783242259
0.31515976761074804
0.31413318856315603
0.31365440115440113
0.3126393383674937
0.3132437275985663
0.3135226866738121
0.3125178062678063
0.3131167909123181
0.3129157820240623
0.31208112874779537
0.31315049226441627
0.3121626358219418
0.3113906359189378
0.312138627655869
0.31389756944444447
0.3129196953963309
0.31401828847481017
0.31511007911936706
0.31490912208504807
0.3142820512820513
0.31469836400817996
0.31373598369011213
0.31354166666666666
0.31471631205673756
0.31527777777777777
0.3145140986908358
0.3135667670682731
0.3126251251251251
0.311689121756487
0.3110572139303482
0.3101314484126984
0.3096562809099901
0.30874013806706113
0.30782940019665683
0.3069240196078431
0.3060239491691104
0.3054215399610136
0.3045310981535471
0.30364583333333334
0.30276570048309176
0.3022519267822736
0.30138088376561
0.30051484674329504
0.2996537726838586
0.29879761904761903
0.2979463437796771
0.29709990530303027
0.29625826251180354
0.29542137476459507
0.29740610328638495
0.29797518726591754
0.29714052287581694
0.29631052141527
0.2954851439182915
0.2946643518518518
0.2938481071098799
0.29303637200736643
0.2922291092745638
0.291426282051282
0.2906278538812785
0.2898337887067395
0.2890440508628519
0.2882586050724638
0.28761291779584464
0.2873761261261262
0.28828616352201264
0.28751120071684594
0.28942135835567473
0.28864750445632803
0.2878777777777778
0.28711214539007096
0.2863505747126437
0.2855930335097002
0.2861587510993844
0.28657529239766083
0.2858231262758822
0.28507489819662596
0.284330577313606
0.2835901331018518
0.28285353535353536
0.28212075417386295
0.2813917599770313
0.28066652348224513
0.2825157097972008
0.28320156695156695
0.2843954248366013
0.28366992630385485
0.28294811987560076
0.28286449520586576
0.2846800281293952
0.28396113916947247
0.2857647635040582
0.2869311836962591
0.28696393762183237
0.2862465277777778
0.2857820725962871
0.2856930624654505
0.285604494072236
0.28526883938393843
0.28493484224965704
0.2844793377120963
0.28550027300027303
0.28553581154684093
0.28495992936701986
0.28578929539295395
0.2859049743173831
0.28763821467098166
0.2870628194780737
0.2868525228126677
0.2876673360107095
0.28793736645299145
0.28724686917132963
0.28655967570441254
0.2858757623972421
0.2851951058201058
0.2845176827659013
0.2862131384939442
0.28593052272130287
0.2876146488469602
0.28776143790849673
0.28802490871152847
0.28758456934686444
0.28796404465212877
0.28764245014245016
0.28836886304909565
0.2879318123227636
0.2872653034979424
0.2868328201180395
0.2873239887352791
0.28666347381864626
0.28772617227319064
0.2893560894991101
0.28869545915778794
0.28826562895469504
0.2898832070707071
0.28956601158982115
0.28958961789844145
0.28972598444946074
0.29031218718718715
0.29022159800249686
0.29035563029397116
0.29194320159085263
0.2918495783730159
0.29119957931205154
0.2908858024691358
0.2902408228627741
0.2900411750245821
0.28962165808192303
0.2903603768967205
0.28994200244200247
0.2914991471734893
0.29086129345976175
0.2902262251334304
0.2907921810699588
0.2923339371980676
0.29386900457941667
0.2953974266474267
0.2969192464602832
0.29735692049808427
0.2987604540023895
0.29822663328564614
0.29972935998096595
0.30015728869895536
0.29983712390428807
0.29919917257683215
0.29941318707242276
0.3008974811676083
0.30131841672539345
0.30226500234411624
0.30162865497076025
0.3030958216619981
0.30361344048450967
0.3029782659228266
0.3037375318951519
0.305083912037037
0.3044496419496419
0.3041292070078377
0.3034995399125834
0.30452536730945823
0.303897479954181
0.3035808184727937
0.3036419119324663
0.30506887522768666
0.30546750738468526
0.3068849206349206
0.30625990042996154
0.30563742095754287
0.30704586432274056
0.3070316014394962
0.3075224466891133
0.3085825492831541
0.3079616588419405
0.30734326193663536
0.3070613449120463
0.30778055555555556
0.3091622310933688
0.3105384019477645
0.3119091009498564
0.31184138007054674
0.3132040704070407
0.3125850900307422
0.31275750602673674
0.31214184164479436
0.31182329185767294
0.3112118736383442
0.3110920852359208
0.31146104600694446
0.3116336365605371
0.31190283182014694
0.3112971952535059
0.3111784022394487
0.311543627767032
0.3124865937365937
0.3119808392207236
0.3121020299145299
0.31198283216037537
0.3113851638995317
0.31174580412152114
0.3111508693808312
0.31055820105820103
0.3115520701309675
0.3121942863166772
0.31191866582491584
0.3132193866834699
0.31319444444444444
0.3126046243984097
0.31323882623224725
0.3131201792787158
0.3134701414898044
0.31288421599169264
0.312487043946932
0.3130224498241258
0.3124406237092111
0.3118609565038137
0.3129501028806584
0.3124640583281988
0.312810065600656
0.31223398813177816
0.31294679330065356
0.31237257900101933
0.3123499185999186
0.31269297176518385
0.31212236415247363
0.31228243270593
0.3129267676767677
0.31235884250857027
0.31278935185185186
0.3122237291541089
0.3124724227837946
0.31235985985985987
0.3124275579536371
0.3118666467185318
0.3125622262046993
0.31379198966408267
0.31323164682539684
0.3135645672410378
0.3134514630288652
0.3128947108742846
0.31322645784081954
0.31444198623402164
0.3152998625834315
0.31492014501273763
0.31524598982785607
0.31469195469634836
0.31501705653021445
0.3144653629110722
0.31566385003885006
0.31581103354663564
0.31700300038714674
0.3181908212560387
0.3176384066358025
0.31857342301449754
0.3196658565386939
0.3193728239712696
0.3205463191023536
0.3199946042674098
0.3211629984181531
0.32146975142258166
0.321561412807132
0.3218664360331027
0.32302366054499165
0.32360908304264346
0.32433423766331926
0.32378358530735435
0.3232347995695453
0.32268787097467294
0.3228184657872158
0.32227408388875506
0.3217315349259794
0.32231125783646786
0.32260939330989663
0.32232026534790353
0.32178126824865955
0.32124407080584044
0.3223753306878307
0.3235028259778676
0.32369219005431626
0.32481376187843847
0.3251038053190371
0.32481437754165027
0.3243608884697994
0.32547396773096937
0.3264189118629908
0.32752495634269035
0.3286273744470466
0.32972618398150316
0.32975931113186013
0.32930293378906755
0.3303952742877824
0.32985804619950965
0.330134250669965
0.3307337089346814
0.3308727590280989
0.3303382311459856
0.33053123399897594
0.33040155407305166
0.33121012606543154
0.3314810568422126
0.3317511192511192
0.33222031746031744
0.33208897510015717
0.3322770309612415
0.33182754524315033
0.33129999747646804
0.33093285462333083
0.3312007898774935
0.3321007886276873
0.331576142832067
0.3326304391367483
0.33368141482314706
0.33315675851053206
0.3342036081832
0.33367977807632976
0.3347225327272275
0.33576202876984124
0.3367982814550677
0.3373640162191564
0.33691710484089954
0.33794673666568076
0.33897317583364095
0.33844844955526066
0.33947094035965747
0.33902422594552223
0.34004267860200066
0.34105799755799754
0.34207019725452903
0.343079292044016
0.34301332069325946
0.34371207708363677
0.3439506845995396
0.3435788085559427
0.34305585755357443
0.34273713031311814
0.34373449430353825
0.34389550264550267
0.34337523713469253
0.34436711744113563
0.3453560056501233
0.34634191528016833
0.3458211003699726
0.34665320081986756
0.34632088717545995
0.34647609542819124
0.3464066244335303
0.3468224354418385
0.3472370070730727
0.3476131424792139
0.34717092384254344
0.34665583345108564
0.3476237507348618
0.34755330139945523
0.34851703359827435
0.34933043030388156
0.3496259672253781
0.34929563492063487
0.34929666923058994
0.35025077968626356
0.3512020962606614
0.3521506312076488
0.3530963967095354
0.35323765560646025
0.3541790855109632
0.3551177787006275
0.3560537470914829
0.3559725097768576
0.35581914869179704
0.3567500458757684
0.35724535605487984
0.35687468551301404
0.35780004567774354
0.3580761950374019
0.3575624558766596
0.35848285350434345
0.35797000249789945
0.35817290249433104
0.3583038969272921
0.35779349251571474
0.35799577773261987
0.35784237463924967
0.35776032871777547
0.3581034443994784
0.357596933162704
0.35744496009326515
0.3576460250296639
0.35756483344511514
0.3572377380394258
0.356735999643303
0.3562356686480109
0.3558767951625094
0.35537906537906533
0.3555810499246253
0.35578247105443755
0.3552869522925233
0.35534914011965474
0.35485559964726626
0.3543634282191841
0.3543343006639405
0.35384421172802916
0.3547366920985705
0.35459222769567594
0.3543792907429271
0.35457959433200154
0.3554661608233036
0.3556644239771811
0.35620460969776035
0.357016915293249
0.35661456978055334
0.356946609930921
0.3565284265386445
0.3560433538494763
0.3569182949447896
0.3577908617087722
0.3579835570181099
0.35776977683269967
0.357624141999142
0.3580187113081849
0.35787313353014155
0.35779524236792076
0.3579863777948456
0.35810988601257066
0.35789794246563683
0.3587575168398462
0.3582778944911298
0.357799552842944
0.3583224867724868
0.3584445606915648
0.3590317354778791
0.35868773582917013
0.35854358763841526
0.35939319878061604
0.3589839485176787
0.3585757794971797
0.35816868743979563
0.35769679193592235
0.35821298036758564
0.3578736729032393
0.35760087280756575
0.3575909109821299
0.3577773103133051
0.3573749870318498
0.357343601060964
0.3581162951925664
0.35797551876653433
0.35881040105682493
0.35847428365285505
0.359306353323863
0.35948859898017926
0.35941164089611694
0.35927028218694884
0.3599034818228366
0.3602128845524464
0.3603927907499336
0.36025089770269714
0.36043029321270653
0.36073743386243384
0.3604889437635916
0.3600279604595461
0.3603344381601086
0.3607251680434078
0.3611149024365585
0.3615460539601761
0.36146785058792685
0.36100913504149545
0.3613965336874082
0.3612555254169178
0.3612412959284009
0.36141649631232964
0.36152820312656375
0.3610728779337092
0.3612476290306479
0.3614219410544787
0.3619722272012109
0.36151862791900385
0.3618171027276159
0.3614898313492063
0.3611009551552623
0.3607546114871552
0.3603053529423393
0.3606656696675354
0.3610872029971409
0.3606392039859782
0.3614314726303574
0.36160296833254757
0.3611559930935704
0.3613274054477758
0.3616833519268785
0.3612379290796779
0.3616136101837209
0.361783618033618
0.36256670561885285
0.3624287562247121
0.36198514697596706
0.36215386929017734
0.3624442797061845
0.36261203058459157
0.3631447808518454
0.363554580388522
0.36353811066751524
0.3632182828633071
0.36277801827801825
0.3625204177716284
0.3623238997332105
0.36273172111034435
0.3622941677676298
0.36225927519602213
0.36278603900445056
0.3627506391178266
0.3623151641609025
0.36212054166190855
0.3620860659633115
0.3624503968253968
0.3630129809789308
0.363176449975376
0.36333952929602514
0.36300618858654576
0.362634005246966
0.36220332353052065
0.3620702235026078
0.3621744057022493
0.362337512914436
0.361909217981913
0.36148193437154474
0.36223490378855944
0.3629272066109522
0.3628531746031746
0.362485544550762
0.36299905916983377
0.36304243659167457
0.3632613564551504
0.3630119279680683
0.36258784861296545
0.36333162008482894
0.3640736578236578
0.36458113901361866
0.3644479051310447
0.36402462068838376
0.3642983740286524
0.36428180580845704
0.36482468952087005
0.3644029268740251
0.3639821382748634
0.3638506709873492
0.3637771103064882
0.3645092425155716
0.36523969166210546
0.36596846354309037
0.3655487749381098
0.36513004781905123
0.3655704024554139
0.3654954648526077
0.36600574400231933
0.36558840563971695
0.3651720179339769
0.3656098199613558
0.36542162698412695
0.3656311370556546
0.36578348270525135
0.36644510956515486
0.36665275084392723
0.3670859115774369
0.3673770110000358
0.36696283173171557
0.36683111683111685
0.3665590908279322
0.36648430533261994
0.3665640086936383
0.3661530624955513
0.36585501875255516
0.36617285430204893
0.3661361620998492
0.36606234941893423
0.3657099945143424
0.36535842436454913
0.3655081925243216
0.3651020723104057
0.36580673149763054
0.3663712473163693
0.3660762625463623
0.36585567671021213
0.36589340524423397
0.3657102999404324
0.3657205421676205
0.3653728323194182
0.3650931164545026
0.3655847723704867
0.3653481260780932
0.36494752506265665
0.36454780159599437
0.3641489527977493
0.36429742388758785
0.3640210196159978
0.3647145626698517
0.36468037832416916
0.36428355527920275
0.36479339199447897
0.36475923340744193
0.3646889956271735
0.3645647388605135
0.3641701882773311
0.36377649077649077
0.3643555658404471
0.3639625177651068
0.3639744116037219
0.36465904625215706
0.36444615122034474
0.36405469455952805
0.36390251379521765
0.36458429030776296
0.364515142245335
0.36428571428571427
0.36411019536019534
0.3647888397621588
0.364506548888212
0.3642781074090978
0.36389057750759873
0.3635038712615758
0.36311798604792234
0.36273291925465834
0.36340799031476995
0.3630234315948601
0.36263968589549983
0.3630487252979333
0.3627185051235684
0.36233629384314314
0.3619548872180451
0.36157428270992936
0.36119447779111646
0.36081546994453606
0.36043725666367177
0.36005983545250564
0.3598924088463837
0.35951634572324226
0.35950641216820756
0.3591315358260092
0.3597991071428571
0.3602051434517615
0.3608702108702109
0.3610146862483311
0.36064018968583283
0.36026646928201334
0.36006605540767034
0.35969370167922393
0.35932211727666274
0.35895129981817286
0.3588389788905253
0.35881271149036337
0.35844356261022925
0.3586404345911026
0.35827222059254915
0.3584175824175824
0.3580503512880562
0.35773504898376957
0.3575737657026001
0.3582299722749161
0.3588338192419825
0.358926751128586
0.3586121617689846
0.3588068594681006
0.35849303135888505
0.35838288614938363
0.3580194146624167
0.35765667969315385
0.3583068247541932
0.3585512061245125
0.3588961038961039
0.35873576473980107
0.3593822004608295
0.35935596796623986
0.35904474465842673
0.35913615697535295
0.35877557850449415
0.3588336437885084
0.3584740910392213
0.35811525811525813
0.3577571428571429
0.35759954331382904
0.35724265754205875
0.3568864834069221
0.3565310187820148
0.35687277896233116
0.35651803464924736
0.3561639948928926
0.35581065759637187
0.35545802067110294
0.3555516265912306
0.356189063162357
0.35583709768492383
0.3564729939359752
0.35612144265990425
0.35636171710063336
0.3560109673790776
0.3566441915999438
0.35727617176536625
0.35692555726903125
0.3565756302521008
0.3563243318875053
0.35597567794240986
0.3556277056277056
0.3555733816964286
0.35571428571428576
0.35536758563074355
0.3550215607177633
0.35501667593107283
0.35481743717895325
0.3549098474341193
0.3545656089788001
0.35427048726467336
0.35392753422763107
0.35426222713456756
0.35440303657694966
0.3540609487038059
0.3537677366028379
0.35342691990090835
0.35356799120033
0.35386904761904764
0.35434563835140204
0.3540055753587424
0.3537860110487148
0.3540697409231892
0.3542093871041239
0.3542531639806974
0.35429685723381993
0.3541496274082152
0.35381202051840754
0.35361791383219954
0.3536144714784106
0.3532783360492486
0.3529428390539502
0.3527977319960242
0.3524633265628526
0.3526030393217894
0.35321552462044425
0.35307070843460253
0.3527373083322092
0.35245170709793355
0.3521195188725821
0.3517879562371088
0.3519273843121445
0.3515966254923022
0.3512664878157836
0.3509369695345306
0.350608068907038
0.35027978419832356
0.3499521136798967
0.34962505562972856
0.34939197901382774
0.3494858297796731
0.35009208716105267
0.3505808282344595
0.35025470653377627
0.3499291910072579
0.3503470840518194
0.35048590864917395
0.3502074230989894
0.3498831569664903
0.3504845601515352
0.3505072176745005
0.3507837576397133
0.35092141099982427
0.35059798112793505
0.350275146891169
0.3501573429126327
0.3498355071195145
0.35043253603859664
0.35102846949177224
0.35084420874979994
0.3506602854817141
0.3503394617987482
0.3501106323089869
0.34979089657171847
0.34947174429382455
0.3498368566508949
0.3498825425737994
0.3495641781128587
0.34992821067821067
0.34961038305724956
0.3492931322559272
0.3495657586092763
0.3492491229583621
0.34938554909143144
0.34997380808863626
0.34983833039388595
0.3495677181823391
0.3494328509883064
0.3491630916630917
0.34929885845727426
0.34898474077880554
0.34900811477630883
0.3486948220341398
0.3483820912520464
0.34815952665415034
0.34844467181083116
0.34858023113837067
0.3486708654268976
0.3488059807256236
0.348494824632202
0.348496166143225
0.3483639344725721
0.34842470202790493
0.34818906525573196
0.34787983873241424
0.3481922789819862
0.34801657660700214
0.3477083245462342
0.34748911363955615
0.3480660463419084
0.3478027371136912
0.3474957620588689
0.34740978696005154
0.34710369904202504
0.34679815001117814
0.346493138445645
0.3468916506262728
0.3465870925484622
0.3462830687830688
0.34597957792523965
0.34567661857504245
0.34554916746517794
0.345247113997114
0.34507659250017336
0.3447754785451121
0.34447488963618
0.3441748244013053
0.34387528147319274
0.34357625948930304
0.3439293643898336
0.3436308145943563
0.34333278266495965
0.34333856014965203
0.34304129732701166
0.3430328994342835
0.34273641464652704
0.3424404419223072
0.34214497993617926
0.342712096332786
0.34258917463051836
0.3431549326557933
0.34290286478592585
0.3434673812251132
