225
MAX PATTERN LENGTH : 8
MEAN PATTERN LENGTH : 4.01777777778
0.0
0.25
0.16666666666666666
0.1375
0.18
0.15
0.16428571428571428
0.14375
0.21666666666666667
0.195
0.2681818181818182
0.28750000000000003
0.3269230769230769
0.31071428571428567
0.35666666666666663
0.384375
0.42058823529411765
0.39722222222222225
0.3763157894736842
0.395
0.4238095238095238
0.45
0.46304347826086956
0.4854166666666666
0.49999999999999994
0.5153846153846153
0.5111111111111111
0.4928571428571428
0.49741379310344824
0.48416666666666663
0.5008064516129032
0.51328125
0.5280303030303031
0.5288398692810459
0.5244444444444445
0.5112654320987655
0.4974474474474475
0.504093567251462
0.5168091168091169
0.5288888888888889
0.5220867208672086
0.5167989417989418
0.5280361757105944
0.5160353535353536
0.5267901234567901
0.5218599033816426
0.5107565011820331
0.5001157407407407
0.5103174603174603
0.5201111111111111
0.5115468409586057
0.519017094017094
0.520545073375262
0.5118312757201646
0.5085858585858586
0.517361111111111
0.5117933723196881
0.5124521072796935
0.5207156308851224
0.5203703703703704
0.5282331511839709
0.5197132616487455
0.5167548500881834
0.5141493055555555
0.517008547008547
0.515993265993266
0.5172470978441128
0.5096405228758171
0.5073268921095009
0.5093650793650794
0.5068857589984351
0.5040123456790124
0.49710806697108073
0.49489489489489497
0.496962962962963
0.4904239766081872
0.49704184704184706
0.49323361823361833
0.4952180028129396
0.5015277777777778
0.5045953360768175
0.5106368563685637
0.516532797858099
0.5157407407407407
0.5096732026143791
0.5037467700258398
0.49910600255427845
0.4934343434343434
0.4946317103620474
0.49469135802469133
0.4947496947496947
0.49317632850241544
0.4932497013142174
0.4906619385342789
0.4960233918128655
0.4934606481481481
0.4945589919816724
0.4895124716553288
0.48709315375982043
0.4862222222222222
0.4833883388338834
0.48845315904139436
0.4861380798274002
0.48547008547008547
0.48084656084656086
0.4772536687631027
0.4727933541017653
0.47304526748971193
0.47329255861365954
0.4762626262626262
0.474974974974975
0.4712921626984126
0.47597099311701074
0.4717958089668615
0.46769323671497576
0.4653855363984674
0.4671058879392212
0.46408898305084745
0.4654411764705882
0.46156250000000004
0.45898760330578514
0.4552254098360656
0.45965447154471545
0.4640120967741936
0.4611
0.45744047619047623
0.4565944881889764
