2577
MAX PATTERN LENGTH : 5
MEAN PATTERN LENGTH : 4.78773767947
1.0
0.95
0.6333333333333333
0.6499999999999999
0.5199999999999999
0.6
0.6571428571428571
0.69375
0.7277777777777777
0.7216666666666667
0.746969696969697
0.7680555555555556
0.7602564102564102
0.7773809523809524
0.7722222222222221
0.7864583333333333
0.7754901960784313
0.7879629629629629
0.7991228070175438
0.7924999999999999
0.8023809523809523
0.8113636363636363
0.8195652173913043
0.8229166666666666
0.816
0.823076923076923
0.8296296296296296
0.8357142857142856
0.8413793103448275
0.8466666666666666
0.8516129032258064
0.825
0.8303030303030302
0.8352941176470587
0.8304761904761905
0.8212962962962963
0.8261261261261261
0.8109649122807018
0.7987179487179487
0.80375
0.8085365853658536
0.7976190476190477
0.8011627906976745
0.8
0.8044444444444445
0.8086956521739131
0.8127659574468086
0.8166666666666665
0.810204081632653
0.8039999999999999
0.8068627450980392
0.7913461538461538
0.7773584905660377
0.7814814814814814
0.7854545454545454
0.7741071428571429
0.7780701754385965
0.781896551724138
0.7799435028248587
0.7669444444444444
0.7707650273224044
0.7744623655913978
0.7621693121693122
0.7658854166666667
0.754102564102564
0.7426767676767677
0.7465174129353234
0.740686274509804
0.7444444444444445
0.7480952380952381
0.7375586854460094
0.7384259259259259
0.7420091324200913
0.7373873873873873
0.7328888888888888
0.7364035087719297
0.7398268398268397
0.7303418803418803
0.7253164556962025
0.72875
0.7320987654320987
0.7353658536585366
0.7385542168674698
0.7351190476190477
0.7382352941176471
0.7412790697674418
0.7442528735632183
0.7471590909090909
0.75
0.7516666666666667
0.7543956043956045
0.7570652173913044
0.7596774193548388
0.7622340425531916
0.7647368421052633
0.7648726851851851
0.7569873997709049
0.7492630385487529
0.7427048260381593
0.7452777777777777
0.7378987898789878
0.7404684095860565
0.7365156418554476
0.7390491452991453
0.7351851851851852
0.7376834381551363
0.740134994807892
0.7425411522633745
0.7357288481141692
0.7381313131313131
0.7314814814814815
0.7249503968253969
0.7269419862340216
0.729337231968811
0.7316908212560387
0.7253831417624521
0.727730294396961
0.7283427495291902
0.7260037348272642
0.728287037037037
0.7305325987144169
0.7327413479052823
0.734914182475158
0.7370519713261648
0.7391555555555556
0.7412257495590829
0.7380139982502187
0.736154513888889
0.7304478897502154
0.7325213675213675
0.7345631891433418
0.736574074074074
0.7385547201336675
0.7397595356550579
0.7416872427983539
0.7428513071895424
0.739514540609431
0.7362261329652633
0.7352460888432112
0.7371371882086167
0.7390014634695485
0.73580930024592
0.7376567876567875
0.7384865520282187
0.7368418171866448
0.7386442704935855
0.7404222006262823
0.7401490776490778
0.7358527751145202
0.73094708994709
0.7327288972984338
0.7344872598162072
0.7362226372030294
0.7379354772211916
0.7396262160778291
0.7412952787952788
0.7394398948539076
0.7410890094434398
0.7427173804532294
0.7443253968253968
0.7459134378389036
0.7474818734077993
0.7490310643684877
0.7505613627564847
0.752073112073112
0.7514582138076115
0.7520482843836137
0.753524187452759
0.7549826242133935
0.7564239028944912
0.7578483245149913
0.755186415651532
0.7551564363703093
0.7565635832877212
0.7522403628117914
0.7498602092352094
0.7456237108779482
0.7470527911539149
0.7484659040524964
0.7498633156966491
0.7501403139524686
0.7515131693703122
0.7517781247289443
0.751224982746722
0.7510682110682112
0.7524065540194573
0.753730583142348
0.7497213779128674
0.7510456034265559
0.7523558897243109
0.7510346546995763
0.7497271825396825
0.7498725224113825
0.7465226640484371
0.744118844118844
0.7454243602202785
0.7457013939247441
0.7469857303190636
0.7432320331817819
0.744515873015873
0.7457869383242517
0.747045418827597
0.7447728516694034
0.7460239651416123
0.7472628726287264
0.7484897518878102
0.7480944712828771
0.7454594017094016
0.7466772993088782
0.7478835978835978
0.7490784623486044
0.7502620545073375
0.7514345331246739
0.7495586708203531
0.7460723514211887
0.7453960905349795
0.7455453149001536
0.7467125382262997
0.747869101978691
0.744469696969697
0.7456259426847662
0.7424924924924924
0.7436472346786247
0.7433035714285714
0.7424444444444445
0.7435840707964603
0.7403083700440529
0.737061403508772
0.7382096069868996
0.7371739130434783
0.7383116883116884
0.7370450191570882
0.7381735813066286
0.7380104463437798
0.7391252955082743
0.7385357815442561
0.737740271917487
0.7388422035480858
0.7357508135750813
0.7368518518518518
0.7379437528815121
0.7390266299357208
0.7374256973022406
0.7382969034608379
0.737936507936508
0.7390018066847336
0.7400584795321637
0.7370743727598567
0.7373772869254797
0.7384277777777777
0.7394698981850375
0.7377259700176366
0.7387626262626262
0.7358541119860017
0.7368899782135075
0.7379177517361112
0.7389375270211845
0.7380114125753661
0.7385939510939512
0.7380608974358974
0.7381066411238826
0.7391062340966922
0.7371408956485002
0.7371896043771043
0.7359171907756813
0.7369099832915622
0.7353984602580108
0.7363857794361526
0.7373657579512598
0.7375977366255144
0.7385660106601066
0.7378931781045752
0.7373880748880749
0.7383465125709651
0.7392979797979797
0.7402425523349436
0.74118030485359
0.742111310951239
0.7421395858223815
0.7394890873015872
0.7404161724001581
0.7400955476753349
0.739247153513938
0.7401652973395931
0.7399074074074073
0.7408168220668221
0.7417198993418506
0.7426167052469136
0.7404315647827758
0.7383955938697317
0.7392945780832378
0.7391600076103502
0.7383437618505878
0.73583238851096
0.7365583804143127
0.7340700075075075
0.7315983913206136
0.7294789336316182
0.7303836863619473
0.7291157407407407
0.7266934293097084
0.7267706033848418
0.7260221855518885
0.7236339546783626
0.723556466302368
0.7239696804647785
0.7240544697792255
0.7246257215007216
0.7252472132326502
0.7261335125448029
0.7270141121829224
0.727889066951567
0.7287584309549165
0.728560686482661
0.7287874779541447
0.7279052390998594
0.7287635821941816
0.7264718728162125
0.7261537791710206
0.7270095486111111
0.7278599861543786
0.7274629054520358
0.725984692122463
0.7268304183813443
0.7271581196581196
0.727995057941377
0.7288268773360517
0.7290438685636855
0.7268279297534616
0.7272011784511785
0.7278742866733803
0.7283174364123159
0.7286828495161828
0.7294951763140386
0.7303026533996683
0.7297660383597885
0.7305679195515992
0.7309212689020381
0.728765158964274
0.7283864379084968
0.7284498207885305
0.7292438271604939
0.7274092970521542
0.728201711886305
0.7289895330112722
0.7268826268464997
0.7276697086135128
0.7270154853128992
0.7277976758993951
0.728575396825397
0.7290637860082305
0.7298334911616162
0.7305988353792887
0.7313598556183303
0.7301447574334899
0.729357833957553
0.7296957671957671
0.7304508069522035
0.7312016403590219
0.7304205246913581
0.7311672822406895
0.7305286985880909
0.7286539638812366
0.7293994200244199
0.7274010654490106
0.7255843958712811
0.7263321223130487
0.7257170893719808
0.7260538994278831
0.7240915915915916
0.7248352800239592
0.7254405615292714
0.7261766458147156
0.7266414141414143
0.7261851851851853
0.7269134160756502
0.7273725316828766
0.7280937683715463
0.7281515684549986
0.7288669590643276
0.7287911927675708
0.72923938336242
0.7299463301421526
0.7283058449074075
0.7290115440115441
0.7271229130685091
0.7252440424921046
0.7259521764032074
0.7258854612967722
0.7258190883190884
0.7257530548451264
0.7258149092970521
0.7256644048628782
0.7263606880992668
0.724521800281294
0.7234497755331089
0.7241463755947383
0.7223269123394751
0.72302283486494
0.7235902777777777
0.7242795788307009
0.7239704256495301
0.7245312930796801
0.724965621562156
0.7252743484224965
0.7251299945265463
0.7258053508053508
0.7264773965141612
0.7271461559358869
0.7253726287262873
0.7244187618275209
0.7238740560949298
0.7221213344094699
0.7209809447128287
0.7193641231593039
0.7200387286324786
0.7207100985877964
0.7212586390217969
0.7219238928666135
0.7209193121693122
0.721582211665347
0.7217680358083202
0.7213619648016811
0.7204468029350105
0.7211045751633987
0.7194118414188837
0.7200689565443663
0.7207230010384216
0.7213739963739964
0.7220219638242894
0.7226669244650683
0.7231931584362141
0.7215229663843984
0.7213965693804404
0.722037037037037
0.7226745667686034
0.7210208492245106
0.719945459157788
0.7198240951657808
0.7204608585858586
0.7195074326026708
0.720142031171443
0.7207737647353901
0.7214026526526527
0.7220287141073659
0.7208582461385152
0.7199167288093463
0.7195374503968254
0.7196052957188814
0.7194506172839507
0.7200726779995072
0.7206919862340216
0.7202048074564631
0.7186184532550172
0.7192368742368743
0.7198525828460038
0.7204655968879162
0.7210759340126152
0.7212478818687968
0.7218538647342995
0.722348758737045
0.7229497354497354
0.7230081593472522
0.7234973659003832
0.7240919952210275
0.7246840724845017
0.7252736140851773
0.7252196106362774
0.7246061359867331
0.7251920803782507
0.725563222458127
0.7261446563088513
0.7246094667606297
0.7251904594467886
0.7247163742690059
0.7238941409897294
0.7244729792685769
0.7233757554625757
0.7239532591046162
0.7224450231481482
0.7227102102102102
0.7232855002305211
0.7238584080975385
0.724428948576676
0.7249971363115694
0.7245341792409694
0.7250998174766142
0.7256631375227687
0.7262241536014542
0.7267828798185941
0.7273393301651958
0.7278935185185186
0.7284454586432274
0.7277805892937472
0.7283305274971942
0.7288782482078853
0.7294237648110887
0.7286618697010264
0.7290052326875974
0.7276472222222222
0.7281908405411399
0.7275702744577247
0.7275154627788821
0.727460868606702
0.727406490649065
0.7279452129995609
0.7284818102125795
0.7277039588801401
0.7280424579786074
0.7285757080610024
0.729106871058926
0.7296359592013888
0.730162984622049
0.7287424340683095
0.7292691477885653
0.7291478251507322
0.7296717171717172
0.7289065851565851
0.7285618711196746
0.7290838675213676
0.7291240136489657
0.7277272243507876
0.7263357765030806
0.7268580364715861
0.7270925925925926
0.7272311998310097
0.7277487876871178
0.7274121422558921
0.7279274312119302
0.7284407756813416
0.7289521866499267
0.7294616750208854
0.7293125912028351
0.7298194964627549
0.7303245067497404
0.7298947968490879
0.7303977860542106
0.7307130318050393
0.7312126365697794
0.7317103909465021
0.7307275621277469
0.7307631201312013
0.730706466134643
0.7312014910130719
0.7316946992864424
0.7311787749287749
0.7302991062360349
0.7307912611516626
0.7312816231532079
0.7305580808080807
0.7310470861060697
0.7315343196457327
0.7307539682539682
0.7312399719213798
0.7317242242242242
0.7322067346123101
0.7326875124675842
0.7331665671047392
0.7318549990061618
0.7323338293650793
0.7319196870667458
0.7315070185844207
0.7319839155318729
0.7324591213553979
0.7329326450344149
0.7316377110325873
0.7321110131295316
0.7317023669796556
0.7318809802772895
0.7305969785575048
0.7299985405720957
0.7304705710955711
0.7309409540430483
0.730887049941928
0.7301956521739129
0.7292751736111112
0.7297443674176777
0.730211937716263
