249
MAX PATTERN LENGTH : 5
MEAN PATTERN LENGTH : 3.90361445783
1.0
1.0
0.6666666666666666
0.7
0.76
0.7999999999999999
0.8285714285714285
0.84375
0.8611111111111112
0.8083333333333333
0.8257575757575758
0.8152777777777778
0.8294871794871794
0.805952380952381
0.8188888888888889
0.7677083333333333
0.7813725490196078
0.7935185185185185
0.8043859649122806
0.7975
0.8071428571428572
0.8159090909090909
0.8239130434782609
0.8229166666666666
0.818
0.825
0.8314814814814815
0.8053571428571429
0.8120689655172414
0.8183333333333334
0.8096774193548387
0.784375
0.790909090909091
0.7970588235294118
0.8028571428571429
0.7944444444444445
0.8
0.7960526315789473
0.8012820512820513
0.78125
0.7621951219512195
0.7678571428571429
0.7732558139534884
0.7556818181818182
0.7611111111111111
0.7663043478260869
0.7712765957446809
0.7604166666666666
0.7653061224489796
0.77
0.7745098039215687
0.7596153846153846
0.7575471698113208
0.7592592592592593
0.7599999999999999
0.7562499999999999
0.7605263157894736
0.764655172413793
0.7686440677966101
0.7613888888888888
0.7653005464480874
0.7690860215053763
0.7727513227513227
0.7763020833333333
0.7643589743589743
0.7679292929292929
0.7713930348258706
0.7747549019607842
0.7780193236714975
0.7811904761904761
0.77018779342723
0.7733796296296296
0.7764840182648401
0.7768018018018017
0.7664444444444444
0.7616228070175438
0.7647186147186146
0.7549145299145298
0.7495780590717299
0.7527083333333333
0.755761316872428
0.7526422764227643
0.7550200803212852
0.751388888888889
0.7543137254901962
0.751937984496124
0.7547892720306514
0.7575757575757577
0.7602996254681649
0.7629629629629631
0.7637362637362637
0.7663043478260869
0.7688172043010753
0.7641843971631205
0.7666666666666666
0.7690972222222222
0.7714776632302405
0.7636054421768707
0.7609427609427609
0.7583333333333333
0.7508250825082508
0.7532679738562091
0.7556634304207119
0.7580128205128205
0.7507936507936508
0.7531446540880503
0.7554517133956385
0.757716049382716
0.7599388379204892
0.7607575757575756
0.7569069069069068
0.7501488095238095
0.7519174041297936
0.754093567251462
0.756231884057971
0.7525862068965516
0.7461538461538462
0.7483050847457627
0.7420168067226891
0.7370833333333332
0.7392561983471073
0.7331967213114753
0.7353658536585365
0.7374999999999999
0.7395999999999999
0.7337301587301587
0.7279527559055117
0.724609375
0.7189922480620154
0.7184615384615384
0.7206106870229007
0.7227272727272727
0.7244360902255639
0.7264925373134328
0.7285185185185185
0.7279411764705882
0.7299270072992701
0.7318840579710145
0.7323741007194243
0.7342857142857142
0.7361702127659573
0.7380281690140844
0.7398601398601398
0.7416666666666666
0.7434482758620689
0.7452054794520547
0.7469387755102039
0.7425675675675675
0.7409395973154362
0.7382222222222221
0.7399558498896246
0.7416666666666666
0.743355119825708
0.7450216450216449
0.7466666666666666
0.7482905982905982
0.7498938428874734
0.7514767932489451
0.7530398322851152
0.7545833333333334
0.7561076604554865
0.7576131687242799
0.7591002044989775
0.760569105691057
0.762020202020202
0.7622489959839357
0.7636726546906187
0.765079365079365
0.7664694280078895
0.7678431372549019
0.7692007797270956
0.7705426356589147
0.771868978805395
0.7731800766283525
0.7701904761904762
0.7714962121212122
0.7727871939736348
0.7740636704119852
0.7753258845437618
0.7765740740740742
0.7767034990791898
0.7779304029304029
0.7791438979963571
0.7803442028985508
0.7797297297297298
0.7809139784946236
0.7820855614973262
0.7787234042553194
0.7798941798941801
0.7810526315789476
0.7821989528795813
0.7833333333333332
0.7821531375935521
0.7830183276059566
0.782991452991453
0.7835884353741496
0.7846869712351945
0.7857744107744107
0.7818257956448911
0.7829166666666666
0.7839966832504145
0.780115511551155
0.7776800375322543
0.7787698412698413
0.7798490127758421
0.7809177068885806
0.7787554635380722
0.7769345238095238
0.7780018227386648
0.7790589569160997
0.7801060708643647
0.7811433063791554
0.7821708025933377
0.782254116599911
0.7832668881506091
0.7826499118165784
0.7831394923560823
0.7841342653269259
0.7835978835978835
0.7845815295815296
0.7825396825396825
0.7823931073931074
0.7822478468218379
0.7832199546485261
0.7841834215167549
0.7836634358758253
0.7802111740437733
0.7767891952102479
0.777763914881819
0.7765562456866806
0.7775235346663919
0.7760878489326765
0.7770488452891885
0.7780016280016279
0.7789463019250252
0.7792473769168684
0.7799678521197508
0.780892356942777
0.7782526399681211
0.7791765873015872
0.7800928670223276
0.7768693427784337
0.77490691749951
0.7723458235753318
0.7722546161321672
0.7731804103755324
0.7740987083092347
0.7709773425499232
0.771897112258558
0.7728095238095237
0.7737146651489281
0.7742157974300831
0.7747129681912289
0.771662917135358
0.7725583566760036
0.7734468005952381
0.7704372799703538
0.7711332595053526
0.771373414230557
0.7707142857142858
0.771592775041051
0.772464558342421
0.7703723821594545
0.7687800625300625
0.7696525905959868
0.7705185583005132
0.7682569407288509
0.765390310352997
0.7662624653330973
0.763424456202234
0.7642974286885726
0.7651639822595705
0.7645589859875574
0.7650532962576758
0.7622712842712843
0.7631326201978376
0.7639877370924303
0.7648367020669179
0.7638874665756387
0.7611592970521542
0.7620092639665593
0.7628532027468198
0.7636911772954176
0.7645232506148
0.7647646895015316
0.7626734376734376
0.7635003594933909
0.7643215388007054
0.762445762618773
0.762575259989053
0.7633911525664102
0.7624891280713197
0.7615932607400183
0.760703487744304
0.7610061877858487
0.7584352209352209
0.7592485703596814
0.7567007563651859
0.7575144662101183
0.7571560846560845
0.7546406159362969
0.7521418059497529
0.7503195557651002
0.7478513993316624
0.7460551652354931
0.7455778607739392
0.7464065973837961
0.7472299525870955
0.7480479786305029
0.7488607270865335
0.7496682488643903
0.7504705942205943
0.7512678127694102
0.7513522394095642
0.7521415973796926
0.7515019087803897
0.7522858144309248
0.7499201357691923
0.7507040851868437
0.7493998015873016
0.7501804875636652
0.750956324558809
0.7486313823775125
0.7475553595923966
0.7452551892551892
0.74603661505502
0.7465074510946071
0.7472802942315138
0.7463767067110533
0.7462361712361713
0.7445859109001104
0.74347270032511
0.7440929024262358
0.7441105883471154
0.7423868751480691
0.7401773904006047
0.7409483773727097
0.7387562224100686
0.7381994193941097
0.7380870681605975
0.7388551412744961
0.7396187227327577
0.7377539451154611
0.7359000092284975
0.735699332873246
0.7335730342233232
0.7330440053062531
0.7329490512680168
0.7337142402328649
0.7333321995464852
0.7340919368697145
0.7335847312409812
0.7343394487162193
0.7336774728723882
0.733864296892466
0.7346118690922062
0.7353552532123961
0.7360944843486743
0.7368295972056418
0.734782848324515
0.7352405135646133
0.7359718933613961
0.735184092002274
0.7359116082330369
0.7338954120460971
0.7339394136525286
0.7346643743782709
0.7331209023464459
0.7328956424484879
0.7324013299013299
0.7331226201172294
0.7338400324287423
0.7345535980254481
0.7352633477633479
0.7356730158730158
0.7341597011144885
0.7348648477958823
0.7329207608969515
0.7336254554592286
0.7330106516290728
0.7334489438820148
0.7333613812016954
0.7340575655849807
0.7330574156746031
0.7333611626468769
0.7334762315979932
0.733303597063287
0.733990958926526
0.7346747867956095
0.7345858770858771
0.7350089311086753
0.7345369695497246
0.7352124479987076
0.735038473934413
0.7331776170383766
0.7314524210357544
0.7321288633001479
0.7315456249501476
0.7322184429327286
0.7320128968253968
0.7304368048133635
0.7302367132591013
0.7309061010673914
0.731324650322175
0.7319880462473054
0.7326481742122135
0.7333050583050582
0.73395872237784
0.7342016920867777
0.7338743708865659
0.7337108484918704
0.731929996917861
0.7301577693224183
0.7308095621501418
0.7296509848919487
0.7303008623321123
0.7309476228540976
0.7312324371534898
0.7318738871841498
0.7304884731670446
0.7311286430645101
0.7317657789814188
0.7315724792675147
0.730633235998802
0.7312670401493931
0.7295504508532678
0.7301838221627449
0.7284777851950749
0.7291107041107041
0.7297406792174235
0.7300197031635547
0.7306446575543797
0.7303429377909747
0.7290441445395363
0.7296670315635834
0.7302870613077036
0.7286159238676402
0.7292355222149743
0.7298522977907944
0.7304662698412697
0.7300570492747362
0.7306677799324858
0.7312757533412161
0.7318809881309881
0.7324835027644016
0.7308411630721047
0.7309958808280954
0.7300338364512472
0.7295215116484605
0.7293447971781305
0.7299449195790658
0.7305423865711476
0.7302542135323592
0.7308483672470456
0.7303410081981511
0.730932365636313
0.7310834983154458
0.7316706522492549
0.7311659231593872
0.7295764320220842
0.7295122749027304
0.7300977461691748
0.7300327402379237
0.730075773125342
0.7306562553336746
0.7312342462020573
0.7318097617348153
0.7315281169447835
0.7310344535824279
0.7316067207024652
0.7316457722508677
0.7322143193435565
0.7327804624316251
0.732816790569955
0.7333792815371761
0.7318385687608375
0.73240075205484
0.7323329680547254
0.732787387745634
0.7333440806878306
0.7337945087945087
0.7343468023447276
0.7348968089651319
0.7354445428309064
0.7359900180003273
0.7355044418316022
0.7360475538606955
0.7353589318240956
0.7346731262375433
0.7351125688370586
0.7356520544402417
0.7343600787198348
0.7348989020895714
0.7341197545144914
0.732636684303351
0.7324700780849974
0.7330083676663154
0.7333436922292343
0.7336776728059293
0.7335103174603176
0.7320462250102969
0.7319159868462657
0.7323495534728139
0.7328806059460821
0.7333105453402484
0.7338375995984693
0.7343625747471902
0.734885483064617
0.7342275548071227
0.7347486772486773
0.7342892864908521
0.7348082527281745
0.7353251957053126
0.7358401272311778
0.7363530590229619
0.7362180078749847
0.736728224494182
0.7372364711650427
0.7377427592745512
0.7372855616605617
0.7375978734424032
0.736184850696345
0.735733254423503
0.7362375802738398
0.7362637944066516
0.7362899088659545
0.7348927743140267
0.7343532046657046
0.7343827827287185
0.7348839472896077
0.7353832242250321
0.7358806241794964
0.7357194973048631
0.735090809107663
0.7355859664738169
0.7351464404169629
0.7356396500251249
0.735480468519502
0.7357856995612096
0.736274985302763
0.7367624622245693
0.7355876237333802
0.734509193487094
0.7349972280578898
0.7354834716761323
0.734960608174894
0.7354451408838978
0.7359279052253505
0.7364089108624627
0.7352215007215008
0.7357020424624782
0.7361808431101909
0.7366579121099917
0.737133258839035
0.7376068926068926
0.7380788226561608
0.7385490581630617
0.7390176082380383
0.7394844819263424
0.7399496882086168
0.7404132360014714
0.7408751341580524
0.7413353914686065
0.7417940166610381
0.7404811068970362
0.7396145325032252
0.7400737661319673
0.7405313827408898
0.7409873908555807
0.7396874129768868
0.7396568259527979
0.7401119713619714
0.7404782680960692
0.7409303965488635
0.7399316770186335
0.7403831845238096
0.7408331270116365
0.741281512605042
