11089
MAX PATTERN LENGTH : 5
MEAN PATTERN LENGTH : 4.9030570836
1.0
0.625
0.45
0.5041666666666667
0.6033333333333333
0.6694444444444444
0.6452380952380953
0.5770833333333334
0.5796296296296296
0.5216666666666667
0.5242424242424243
0.4930555555555556
0.48589743589743595
0.45119047619047625
0.4544444444444445
0.45381944444444444
0.42712418300653593
0.40339506172839507
0.3847953216374269
0.37805555555555553
0.36005291005291007
0.34368686868686865
0.3330917874396135
0.319212962962963
0.30844444444444447
0.31004273504273505
0.29855967078189305
0.28789682539682543
0.27796934865900386
0.2703703703703704
0.2616487455197133
0.25659722222222225
0.2533670033670034
0.2459150326797386
0.23888888888888893
0.25308641975308643
0.25030030030030037
0.24535818713450297
0.24163105413105418
0.2543402777777778
0.25301490514905145
0.26722883597883595
0.2633397932816537
0.2596275252525252
0.2760802469135802
0.2700785024154589
0.28560874704491723
0.2796585648148148
0.28415532879818595
0.2824722222222222
0.2949074074074074
0.2930822649572649
0.28755241090146744
0.282227366255144
0.2780050505050505
0.2730406746031746
0.2770224171539961
0.2722461685823755
0.26763182674199626
0.2690046296296297
0.27770947176684885
0.2837141577060932
0.27921075837742504
0.2748480902777778
0.27061965811965816
0.2665193602693603
0.27746683250414594
0.28809232026143794
0.2839170692431562
0.2798611111111111
0.2773278560250392
0.2748649691358025
0.27109969558599695
0.26878753753753754
0.2652037037037037
0.2617141812865497
0.25831529581529583
0.25628561253561255
0.2530414908579466
0.2517534722222222
0.2486454046639232
0.25414972899729
0.2510876840696118
0.24988425925925925
0.2508660130718954
0.24794896640826872
0.24797254150702425
0.247427398989899
0.24464731585518104
0.241929012345679
0.23927045177045178
0.23848128019323675
0.23591696535244924
0.24404550827423171
0.2488450292397661
0.24677372685185184
0.2483533791523482
0.2496456916099773
0.25722502805836134
0.25765277777777773
0.26005225522552256
0.25750272331154683
0.2550026968716289
0.26216613247863246
0.25966931216931216
0.2572196016771488
0.2548156801661474
0.2524562757201646
0.2533511722731906
0.25559343434343434
0.2544169169169169
0.25393105158730156
0.25168387413962634
0.2494761208576998
0.24730676328502416
0.24517480842911876
0.2430792972459639
0.24101930320150658
0.2389939309056956
0.23908564814814814
0.24399678604224057
0.2452755009107468
0.24328139114724479
0.24131944444444442
0.24218888888888887
0.2429122574955908
0.24847987751531056
0.24653862847222222
0.24734065460809648
0.24620726495726494
0.2443278201865988
0.25005260942760943
0.2519319131161236
0.2507980928689884
0.24986625514403293
0.24802900326797386
0.246948499594485
0.24624597423510466
0.2444744204636291
0.24344246031746034
0.2417159180457053
0.2449432707355243
0.24323038073038075
0.24674961419753083
0.2450478927203065
0.2433694824961948
0.24171390778533633
0.2400807057057057
0.23846942580164054
0.2368796296296296
0.23531089036055922
0.2337627923976608
0.2322349310094408
0.23072691197691195
0.22923835125448028
0.23417913105413107
0.23427990092002834
0.2384933192686357
0.23699336128581408
0.23863715277777775
0.2371549344375431
0.2356910150891632
0.23424505794137693
0.23281673441734416
0.2314057239057239
0.23151773761713518
0.23013140385894873
0.22876157407407405
0.22740795529257066
0.22607026143790848
0.22474821312540608
0.22838339793281656
0.2305314707771355
0.2292065772669221
0.22961111111111113
0.22925347222222223
0.22795825486503452
0.22892478152309612
0.22764587212911236
0.22638117283950618
0.2289978514426028
0.23323412698412696
0.23742410443230114
0.23643568840579707
0.24056306306306305
0.23926971326164873
0.24155525846702317
0.24186613475177304
0.24190917107583773
0.242390350877193
0.24286649214659686
0.2416015625
0.24086787564766837
0.24220360824742265
0.24096153846153845
0.23973214285714284
0.24130710659898477
0.24059343434343436
0.23938442211055277
0.23818750000000002
0.23700248756218906
0.2358292079207921
0.23565270935960592
0.23474264705882356
0.23359756097560977
0.23343446601941747
0.23230676328502414
0.23143028846153843
0.2305622009569378
0.2294642857142857
0.23311611374407584
0.23295990566037733
0.23186619718309856
0.23475467289719626
0.2336627906976744
0.2325810185185185
0.23150921658986173
0.230447247706422
0.22939497716894977
0.2298674242424242
0.22882730015082953
0.22779654654654652
0.22924140508221225
0.23134300595238094
0.23327777777777778
0.23357300884955753
0.23320484581497797
0.23382675438596492
0.23477074235807863
0.2346195652173913
0.23396464646464646
0.23295617816091954
0.23195636623748211
0.2309650997150997
0.2342375886524823
0.23324505649717514
0.23331575246132208
0.23233543417366948
0.23136331938633195
0.23178819444444443
0.23082641770401105
0.22987258953168044
0.22892661179698215
0.22921789617486338
0.2299829931972789
0.22945460704607049
0.23257422402159247
0.23566868279569889
0.2347222222222222
0.23511666666666667
0.23457835325365203
0.2349702380952381
0.23404150197628457
0.23312007874015747
0.23612745098039217
0.235791015625
0.2387645914396887
0.23803294573643408
0.2390444015444015
0.23812499999999998
0.2372126436781609
0.23630725190839694
0.23540874524714828
0.23641098484848483
0.23665094339622642
0.23670112781954886
0.23581460674157304
0.2349347014925373
0.23461895910780667
0.23374999999999999
0.23491697416974167
0.2340533088235294
0.23667582417582417
0.23581204379562043
0.23495454545454544
0.2341032608695652
0.2332581227436823
0.23565647482014385
0.23839605734767022
0.23754464285714286
0.23972419928825628
0.23887411347517734
0.2380300353356891
0.23772007042253523
0.2368859649122807
0.23838869463869466
0.23871951219512197
0.23893229166666666
0.2392589388696655
0.238433908045977
0.23990549828178695
0.23908390410958905
0.23997440273037543
0.2396683673469388
0.24224576271186443
0.24142736486486488
0.24061447811447814
0.24215604026845636
0.24357580824972128
0.2427638888888889
0.24195736434108528
0.24446743929359824
0.24366061606160616
0.2440104166666667
0.24321038251366123
0.24350490196078428
0.2438517915309446
0.2452245670995671
0.2444309600862999
0.2444489247311828
0.2444667738478028
0.2436832264957265
0.24432463613773514
0.24450194621372964
0.24610670194003526
0.247226617440225
0.24676218016123375
0.24598619846261352
0.2467824799721351
0.2491362847222222
0.24836015922464522
0.25069444444444444
0.2509502923976608
0.25017575445816187
0.2494059829059829
0.2494078050443081
0.2486450900441726
0.2495638550135501
0.24941320499831138
0.25168771043771043
0.2511161463578382
0.25035977242302543
0.25065899232565897
0.24990851630073183
0.2502072968490879
0.24946263227513227
0.2487223870755028
0.24798652202498356
0.24725499836119305
0.24652777777777776
0.24580482241772564
0.24552469135802465
0.2448088759313249
0.2440972222222222
0.24338969404186792
0.24340879897238277
0.24270733269292344
0.24258461047254148
0.24284463546641194
0.24257936507936506
0.24188825577714465
0.2412010732323232
0.2413676424299654
0.24068581293157565
0.2428247261345853
0.24214263420724097
0.24342514783691252
0.24274518932340158
0.24206901887960383
0.2413966049382716
0.24072791628193288
0.24061540822590546
0.24270737679828588
0.2420405982905983
0.2430213089802131
0.24235731633272617
0.24333181955797759
0.24470863526570047
0.2467554953327311
0.24825075075075073
0.24994010182689427
0.24926821983273595
0.2485999404229967
0.24793523469994058
0.24727407407407406
0.24794621749408982
0.2472885352195697
0.24663433274544386
0.24730284374083847
0.24665204678362573
0.24600466608340624
0.24536067481093657
0.24472004641717435
0.2440827546296296
0.24344877344877344
0.24281807714450201
0.24219064025265574
0.24401489117983963
0.24595829762924878
0.24532763532763532
0.24470019892014777
0.24407596371882087
0.24345490528696637
0.2432177100958827
0.2438677918424754
0.24325196408529742
0.24515813042261406
0.24517029592406478
0.24480646059593428
0.24444444444444444
0.24383485730119145
0.24322830292979544
0.24361731458505653
0.24363311331133114
0.24327846364883401
0.24341817186644774
0.24282009282009284
0.24222494553376908
0.24187720728063025
0.2418970189701897
0.24232224925655585
0.24416127292340886
0.24357008340059189
0.24298174986580784
0.24390227576974566
0.24439770299145297
0.24381161737276844
0.24322833599149388
0.24264783876955712
0.2420701058201058
0.2414951174452362
0.2427001053185887
0.2425203572366693
0.2434224318658281
0.24320261437908497
0.24392279603547207
0.24335154826958103
0.2438343717549325
0.24326599326599327
0.2435142118863049
0.24294921371487496
0.24238683127572017
0.24321272773928662
0.2438044034818228
0.24324393358876115
0.2438328236493374
0.24556318332062038
0.24500253678335868
0.24467223487724624
0.24525252525252525
0.24605694129503652
0.24674459527400702
0.2469776774517181
0.24720970970970974
0.24665418227215982
0.247446437468859
0.248011434253045
0.24801587301587302
0.24746349913387777
0.24702469135802468
0.2464769647696477
0.24593166175024583
0.24571989207750794
0.24572931962799802
0.24518925518925516
0.244651559454191
0.24411621687332846
0.24358321203299368
0.24337932703945775
0.24339371980676328
0.2450349481802844
0.24634439634439634
0.24797216222702181
0.24851532567049806
0.25013142174432496
0.2495946590367191
0.2512015227218653
0.25173314339981007
0.25183605780620705
0.25130023640661936
0.2518282613824015
0.2512947269303202
0.2518205308902983
0.25276605719643697
0.252233918128655
0.2538048552754435
0.2551595620778011
0.2546257554625756
0.25451171421943863
0.25533564814814813
0.2548048048048048
0.2543798985707699
0.25385323211410166
0.2533287419651056
0.25280641466208476
0.2522862368541381
0.2517681953000228
0.25125227686703094
0.2507384685298796
0.25022675736961447
0.2497171305725277
0.2499717705510388
0.2514931259860266
0.2519961763382816
0.2528002244668911
0.25363463261648744
0.25362731947238987
0.2551260597947345
0.25645179247383654
0.25727222222222224
0.258754712796629
0.2592352810978309
0.258968411751712
0.2588955026455026
0.26036303630363034
0.25984848484848483
0.2608152531229454
0.2603018372703412
0.25979043876882774
0.25928104575163397
0.25909980430528373
0.26054687499999996
0.2610136452241715
0.2606031128404669
0.26009708737864073
0.2600775193798449
0.26005802707930364
0.26003861003861
0.25973025048169557
0.2599519230769231
0.25945297504798465
0.25895593869731803
0.2594168260038241
0.2589217557251909
0.25842857142857145
0.25857097591888467
0.2590290955091714
0.2601167929292929
0.2615154379332073
0.26111635220125784
0.2615662272441933
0.2617324561403509
0.2616166353971232
0.2611267166042447
0.2606386292834891
0.2602456467661692
0.2609714463066418
0.2604863692688971
0.26000309214594924
0.2609104938271605
0.2604282193468884
0.260870233702337
0.26038980969920195
0.26101409313725493
0.26053516819571865
0.2603327228327228
0.26031383302864103
0.259838807785888
0.2593655130540376
0.25980303030303026
0.25942226255293405
0.25994867149758455
0.2594786015672092
0.2598225030084236
0.25935435435435433
0.2588878896882494
0.25976959904248953
0.26082735961768216
0.2612552176505665
0.2607886904761905
0.2612150920974451
0.26137307236061685
0.26135287152161046
0.26148049645390076
0.2610176991150443
0.2615282685512368
0.2615079365079366
0.26163438967136154
0.2629320445225542
0.26247076023391813
0.2620110916520724
0.26330128205128206
0.26415066899360096
0.2654326364692219
0.26671014492753625
0.26650752314814813
0.26753115457621524
0.2679333498105124
0.26755695369685006
0.2670956486042693
0.26663593148102616
0.2678960072001309
0.2682941272563914
0.2684768427919113
0.2688726088726089
0.2684137818950106
0.2690922365539061
0.26948493683187563
0.2691122968712103
0.26893866020984664
0.26848360325517684
0.26845238095238094
0.2679996787922589
0.26754850088183424
0.2682192877150861
0.26860818152764465
0.2683257557629417
0.26787705048574617
0.26742984338977666
0.26781746031746034
0.2690357340939704
0.2695232162632495
0.2707346205480534
0.2702863844213182
0.2700875639512003
0.2699719079050762
0.27117459009963124
0.27204436873433585
0.2732396981781218
0.27306498829039816
0.2726180734159458
0.2721726190476191
0.27172861803775344
0.27291472778036296
0.27247096399535425
0.27292149814471245
0.274099907385969
0.2743305979349669
0.2738874144164936
0.27384888632872506
0.2734079058354421
0.27377220180676776
0.274055071466789
0.2744171626984127
0.27557809523809523
0.27513787463867334
0.27469905825168983
0.27426163936912346
0.27382561132561134
0.27339096749811037
0.27295770130556185
0.2733169454490657
0.27351707665688707
0.27466294877572484
0.2749390701162355
0.27450677598083256
0.2756456978395754
0.2752136512912375
0.2763479022281839
0.27747860863095236
0.2786057870886264
0.2791842827473669
0.2788278530696882
0.2799476855959775
0.2810640457733481
0.28062896211116023
0.2801952233752852
0.2800714653145209
0.2811807542739746
0.2810558608058608
0.2806241313729793
0.2817274685947999
0.28175545103186755
0.28193625309451
0.2815058160668848
0.28107669134727065
0.2806488729433935
0.28022235489940656
0.2810869643760387
0.28187319624819623
0.28144676176068006
0.2810216155948784
0.2813518997342527
0.28243420109007455
0.28200948800572856
0.2824869512369512
0.28206343256942956
0.2822399843170801
0.2821170545946331
0.28188255152807395
0.2823939039102974
0.28249450821995464
0.28207475412155947
0.28165624558428715
0.28272045855379185
0.282672055508594
0.2837316241119786
0.28419809664278695
0.2848104705799846
0.28439163165266107
0.2854424515768128
0.2864901899176093
0.2875348602105557
0.28857647591200225
0.28961505039972196
0.289630188810218
0.290664206002634
0.2902417289590255
0.29127185707374387
0.29084972394755004
0.2904288126249053
0.29145420451417564
0.2916108362536934
0.2911906477288322
0.29221051730044534
0.29193435276409413
0.2915155086424814
0.2925305294037386
0.2921120307922883
0.29169472789115647
0.2918492289925956
0.291433489350156
0.2913745512429723
0.29096066693722944
0.29182455251604184
0.29254434776743554
0.29213056509732604
0.2917179513048157
0.2919411982000134
0.2919525486250838
0.2915419261938249
0.29113245719636166
0.29072413677953646
0.2905970721621982
0.29054029304029305
0.2908328345304602
0.2905666799495251
0.2901619909802361
0.2901756738856878
0.28977265211640213
0.2898561851925236
0.28945472233214614
0.2890543700191003
0.29003633912128385
0.2896362889983579
0.28923734094188636
0.2888394904041396
0.2898163592360021
0.2895559801423999
0.28915932811480755
0.28876376131848086
0.2883692753057507
0.28811229130124083
0.287856007525626
0.2883487204405572
0.2889080292443064
0.28987287588033855
0.289480094205704
0.28908837553966105
0.28869771557271556
0.2889828738512949
0.2885934090617379
0.2885414663846696
0.2890496991807476
0.2888630552892298
0.2887439359121665
0.2883573978453497
0.28797189330277567
0.2875874181448281
0.28767063492063494
0.28748731849597364
0.2881688513171226
0.2883173654587997
0.2882665466717191
0.2892092399873857
0.2889589632149156
0.2885772472793609
0.28819653850986304
0.28781683292552857
0.2884249686716792
0.2880459608284838
0.287799181352331
0.28774964114086005
0.2873730054849165
0.28699735449735453
0.2866226843217705
0.2862489911218725
0.2858762710813492
0.2868049105207753
0.2867571119356834
0.28768219998764744
0.2873095546508759
0.2869378734676276
0.2865671527008736
0.28651996927803375
0.28698837137947963
0.2872625176196605
0.28705395397233446
0.28700638792102207
0.2867025335775335
0.2863354368636058
0.28596927901595415
0.2868811956455634
0.28779078595724006
0.28869805884137095
0.28915773052223437
0.28879031282144374
0.2884238276528886
0.28932569859375945
0.2889594635322484
0.2897951658539522
0.29069188912938915
0.2911449888908905
0.29077830754468037
0.2904125486672657
0.2900477087820053
0.2906875485451395
0.2903232784341807
0.28995992013826805
0.28959747023809523
0.28923592533143094
0.2888752820330127
0.2885155369744411
0.28884076640606493
0.2889167406092872
0.28855828311473475
0.2886137664483389
0.28844221475719
0.28839469656836775
0.28803865373309817
0.2885466208678293
0.28819126788646493
0.2878367890821765
0.2877288814788815
0.28860283377154544
0.28824915382819793
0.28789633968642536
0.28815563511468156
0.2879665968951683
0.2879812717770035
0.2876305028710632
0.28813216892596455
0.2882680958166985
0.28791825589459086
0.2875692640692641
0.2875843133863715
0.2872365693556746
0.28713121118012425
0.286784852662416
0.28643932874354566
0.2865158157125666
0.2865720867673992
0.28664823072085976
0.2868440961516501
0.28689977188480176
0.2872211304777094
0.28687797500521517
0.2871322972307459
0.2873860132054411
0.2874407123960695
0.2870989279580243
0.2867579553594993
0.286417791711386
0.2867300929060408
0.2863907673523058
0.28605224398664114
0.2857145199677667
0.28596721510931417
0.285807065268196
0.2858825863678805
0.28554664913360567
0.28532887137640656
0.28546330411805204
0.28583161406639157
0.28555578761719114
0.28522219440735797
0.28508385656868734
0.284751591001591
0.2852932073100874
0.2849614710225175
0.2848240786829637
0.28472567487938716
0.28474337398149685
0.28479961236037626
0.2844703642536012
0.2841418765350636
0.2838718167005364
0.28354477543705653
0.2843692348439184
0.28519179894179897
0.28601247425874293
0.28683126729284986
0.2865027091401662
0.28674698521666486
0.28641927437641723
0.2866630879901428
0.28709638739570326
0.2867693983439997
0.28701198150856855
0.28668583152958155
0.28692795884907124
0.28716953712702015
0.28701419223786157
0.28725512640953815
0.28693054434579857
0.2868888620158372
0.2865654247418622
0.2865805537680538
0.28639879836449017
0.2864702603887997
0.28642932855895814
0.2861082194462239
0.28584382054426843
0.28625115407833523
0.2863037598652124
0.2860958315617914
0.28583262550653854
0.2855143263690034
0.28630908240196334
0.2859909611992945
0.2862284851047337
0.2867426442121564
0.28670195468368226
0.28675353806714426
0.28643668332894856
0.286120528049336
0.2862185208519277
0.28590330221662824
0.28583324602301496
0.2855878248735391
0.28527433659157037
0.28496153578390415
0.28464942019158884
0.28433798756555867
0.2840272356665799
0.2839597629444791
0.28365010126187884
0.28340163225784143
0.2830932518092475
0.28351017943409246
0.2832023507919273
0.2828951898908515
0.2829949784175136
0.2826887067958496
0.28238309738309736
0.2830500702800918
0.28274473039845205
0.28244004857690197
0.2821360226903822
0.2820118620925073
0.281708949243858
0.2815259043531576
0.2822959730516001
0.2822078617314163
0.2819060351413293
0.2816048534798534
0.28183793261167855
0.2815374657325616
0.2816103757797048
0.2813107902735562
0.2810118415059966
0.2807135274491962
0.28041584608392667
0.28082501008878125
0.280527840765936
0.2802312997080439
0.2803577714084578
0.28022026321076954
0.28097872447187516
0.2810338345864662
0.280738320564819
0.2804434273709484
0.28084869834607507
0.28055430767694917
0.28026053353278485
0.28069959155210206
0.2807720057720058
0.2810530370812208
0.280759968220865
0.28046750992063496
0.28043580595609735
0.2811837936837937
0.2808918063590961
0.2806004248172298
0.2803096471749322
0.28019200433796704
0.27990225045550793
0.27961309523809524
0.27932453683227676
0.27903657339224347
0.27874920307979006
0.2784624240642759
0.278176234522586
0.2778906326390926
0.2776056166056166
0.2773211846213895
0.2770373348930155
0.2767540656344337
0.2773906804805681
0.2781280369290573
0.27835420610649964
0.2780707496848026
0.2783473816790195
0.27806450832365465
0.27778220933043263
0.27760190283009756
0.2773206445698847
0.2780521014073646
0.2779731811834946
0.2782984607984608
0.27862308394599006
0.2793502784178188
0.2794046420179351
0.2791235508287822
0.2792952859535774
0.27901486899980876
0.27873501456751204
0.278455720965741
0.27817698651031986
0.27809880952380955
0.2778209885352743
0.2775437220796503
0.2772670084983146
0.27699084613925257
0.2767152333570244
0.2767383792483196
0.2774566132311912
0.27718135865457294
0.2769066496767191
0.2776225836869401
0.278337101408318
0.27806206474684736
0.278116626709914
0.2778423499577346
0.27801196340605205
0.2783780933633295
0.2790876527602191
0.2797958181307886
0.27964390859385946
0.2793697478991596
0.2790961242479361
0.2788230360637405
0.27855048177628816
0.27847377232142856
0.27873867595818813
0.27846700083542186
0.27834191125330365
0.278071150639244
0.2779466888796334
0.27777392510402216
0.27750450325620063
0.27733250276854926
0.27706402987138706
0.2769894998618403
0.2769634230503796
0.27669608383894095
0.27700785232125635
0.27674098541150566
0.2769558641550942
0.2770100732600733
0.27765655733955447
0.2773900923133169
0.2776035246313291
0.2781039043970079
0.2780770107085897
0.278241373031048
0.2780711329421931
0.2779966375863323
0.27773162649235106
0.27746712018140596
0.2781070182592542
0.2778426579757378
0.277578799801022
0.2774103189662962
0.2771473707966599
0.2773584054834055
0.2776163445510655
0.27735394724997753
0.27709204550564326
0.27716082659478886
0.27689960055652796
0.2767801094072281
0.27699009989696727
0.2767297708557107
0.2764699306952828
0.27621057803984633
0.27595171151872183
0.27569332976636346
0.27574724932068245
0.27548954161103695
0.2752323151482815
0.27539534470504623
0.2757599964496516
0.2757360113505365
0.27547951273532667
0.2752234908833422
0.2749679444665517
0.27517669405424505
0.27501434308663225
0.27475970017636686
0.2754305977710233
0.27517604084147523
0.2749219540078266
0.2751295905816201
0.2748760149220979
0.27462290625274055
0.2745746995517005
0.27468998015873014
0.2749887037765826
0.27542449395660407
0.27517204254142846
0.2750574161288447
0.2748057625001815
0.27469168045036424
0.27444082046821777
0.2741904182597613
0.27480647074995296
0.2748749530170295
0.27462483932001674
0.2743751803751804
0.2741259749434136
0.27387722179010743
0.27362891968513003
0.27338106740280654
0.273133663721899
0.27333878699158987
0.2731822027214981
0.2729356483869119
0.2731403953225414
0.27302945802945805
0.2727837069421228
0.27253839785314604
0.272518147720304
0.27227351742612066
0.2720293259306712
0.27209919212607386
0.2721540123062057
0.27235781014850785
0.2721144162162929
0.27187145691609976
0.2716289310847741
0.2714314008431656
0.27132326958684927
0.27137843868270917
0.2711372134038801
0.2708964165891342
0.27078914381487584
0.27054908251716764
0.2711951860756112
0.2709551903357213
0.2715997922894475
0.27162488081215996
0.2713851412880539
0.2712340080064948
0.2709950353122159
0.2707564833445115
0.2705183509932851
0.2706760677323068
0.27043842412586927
0.27020119743803955
0.269964386572625
0.2697279904372724
0.2698419641989196
0.26960608835608835
0.26937062452346294
0.26913557162248264
0.26890092857834796
0.26866669432000445
0.26843286778012626
0.26848930296756385
0.26838635830816543
0.26815338403880074
0.2679208138878564
0.2679486121427196
0.26771662200233626
0.26762920854616357
0.26739789548778314
0.2671669819338213
0.26693646685018557
0.26756841817186644
0.26733795441805774
0.26796847252957406
0.26773806111725285
0.2683671521300387
