2577
MAX PATTERN LENGTH : 5
MEAN PATTERN LENGTH : 4.78773767947
0.75
0.85
0.5666666666666667
0.5375
0.46333333333333326
0.41944444444444445
0.3880952380952381
0.33958333333333335
0.3574074074074074
0.33166666666666667
0.3106060606060606
0.30972222222222223
0.2858974358974359
0.27976190476190477
0.27111111111111114
0.31666666666666665
0.2980392156862745
0.29537037037037034
0.3114035087719298
0.2958333333333333
0.28174603174603174
0.2689393939393939
0.25942028985507243
0.2569444444444444
0.2866666666666666
0.2891025641025641
0.2876543209876543
0.27738095238095234
0.27816091954022987
0.2688888888888889
0.26666666666666666
0.2895833333333333
0.2808080808080808
0.2740196078431372
0.2733333333333333
0.26712962962962966
0.26891891891891895
0.26184210526315793
0.27179487179487183
0.265
0.2682926829268293
0.261904761904762
0.25581395348837216
0.26250000000000007
0.25777777777777783
0.2521739130434783
0.24680851063829795
0.2427083333333333
0.25136054421768705
0.2463333333333333
0.24885620915032675
0.24503205128205124
0.2432389937106918
0.23873456790123454
0.23893939393939392
0.2507440476190476
0.24897660818713452
0.26192528735632187
0.2634180790960452
0.2590277777777778
0.25478142076502736
0.25147849462365596
0.2522486772486773
0.24830729166666668
0.2475641025641026
0.24381313131313134
0.2409203980099503
0.2373774509803922
0.23393719806763288
0.23059523809523813
0.2280516431924883
0.2255787037037037
0.22248858447488584
0.22792792792792793
0.2248888888888889
0.22324561403508775
0.22748917748917752
0.23354700854700858
0.23438818565400849
0.23895833333333333
0.2360082304526749
0.23495934959349593
0.23634538152610443
0.23353174603174603
0.23666666666666666
0.23972868217054263
0.2438697318007663
0.24734848484848485
0.250187265917603
0.2474074074074074
0.24853479853479854
0.24583333333333335
0.24372759856630827
0.24113475177304966
0.2385964912280702
0.23819444444444446
0.23573883161512027
0.24098639455782314
0.2417087542087542
0.23929166666666668
0.23692244224422443
0.2358251633986928
0.23790453074433657
0.23561698717948718
0.23527777777777778
0.24013364779874213
0.24676791277258567
0.24448302469135802
0.25049694189602445
0.2495833333333333
0.25048798798798794
0.24825148809523806
0.2460545722713864
0.24389619883040933
0.24177536231884056
0.23969109195402297
0.2376424501424501
0.2356285310734463
0.23448879551820728
0.2346180555555555
0.2354338842975206
0.23637295081967208
0.23485772357723575
0.235383064516129
0.24149999999999996
0.2403769841269841
0.2416338582677165
0.23974609375
0.2378875968992248
0.24086538461538462
0.24666030534351144
0.24479166666666666
0.24295112781954886
0.24113805970149255
0.23935185185185184
0.2379595588235294
0.23622262773722624
0.23451086956521738
0.23282374100719422
0.2358035714285714
0.237322695035461
0.2356514084507042
0.23505244755244753
0.23550347222222223
0.235948275862069
0.23433219178082196
0.23613945578231296
0.23454391891891896
0.23464765100671145
0.2334166666666667
0.23187086092715234
0.23264802631578946
0.23112745098039214
0.23222402597402594
0.23491935483870965
0.2382211538461538
0.23893312101910824
0.24121835443037973
0.24158805031446537
0.24125000000000002
0.24192546583850932
0.24043209876543212
0.24110429447852763
0.24024390243902444
0.24030303030303032
0.23885542168674703
0.2383233532934132
0.2425595238095238
0.24526627218934913
0.2497058823529412
0.2497076023391813
0.2520348837209302
0.2505780346820809
0.24913793103448273
0.25057142857142856
0.24914772727272727
0.24774011299435028
0.24747191011235953
0.24748603351955306
0.24888888888888888
0.24751381215469612
0.24615384615384614
0.24480874316939888
0.2483695652173913
0.2483783783783784
0.2470430107526882
0.2463903743315508
0.2469414893617021
0.24880952380952384
0.24750000000000003
0.2462041884816754
0.24778645833333335
0.24650259067357513
0.24652061855670104
0.24525641025641026
0.24400510204081635
0.2444585448392555
0.2432239057239057
0.24200167504187603
0.24579166666666666
0.2455638474295191
0.24434818481848186
0.24388341543513953
0.242687908496732
0.24174796747967478
0.2405744336569579
0.2406199677938808
0.24306891025641028
0.24190590111642746
0.24075396825396828
0.2405608214849921
0.24001572327044024
0.23888888888888887
0.2394080996884735
0.23875968992248064
0.2376543209876543
0.238863287250384
0.2377675840978593
0.23668188736681886
0.2356060606060606
0.23476621417797888
0.2370870870870871
0.2360239162929746
0.23630952380952383
0.23525925925925928
0.23421828908554573
0.23318649045521295
0.2321637426900585
0.2346433770014556
0.2336231884057971
0.2336940836940837
0.2352729885057471
0.23426323319027179
0.2343304843304843
0.23439716312056735
0.23481638418079095
0.23382559774964837
0.23473389355742294
0.23375174337517432
0.23298611111111106
0.2320193637621023
0.23436639118457298
0.23484224965706446
0.23531420765027322
0.23680272108843536
0.23761856368563686
0.23827597840755735
0.23731518817204297
0.23636211512717537
0.23641666666666666
0.2376660026560425
0.2367228835978836
0.2359848484848485
0.23505577427821522
0.23413398692810458
0.23321940104166666
0.23231193255512322
0.2352874677002584
0.23437902187902188
0.2363621794871795
0.23813856960408686
0.2372296437659033
0.23632762991128012
0.23543244949494951
0.23699685534591194
0.2398652882205514
0.2399032459425718
0.24012748756218907
0.24090768277571253
0.24131172839506174
0.24152829028290282
0.24064031862745097
0.2403083028083028
0.23979622871046227
0.23946969696969694
0.23896437198067633
0.23990673886883274
0.23904376498800958
0.23818697729988053
0.23787202380952377
0.23898279952550416
0.2381353427895981
0.23729387514723205
0.23821889671361504
0.23878654970760232
0.24074883449883447
0.2403455284552845
0.23951099537037035
0.24110438292964248
0.2409626436781609
0.24013459335624282
0.24136700913242007
0.24259101251422074
0.243296485260771
0.24281073446327683
0.2419904279279279
0.241175645342312
0.240925615212528
0.2409559643255296
0.2419861111111111
0.24118217054263566
0.24270143487858725
0.24239548954895487
0.24307839912280702
0.24474043715846994
0.24524782135076248
0.24461183496199781
0.24690205627705625
0.2477211434735706
0.24692204301075266
0.2461280814576634
0.24533920940170942
0.24455537806176783
0.24377653927813164
0.24395502645502645
0.24429061181434597
0.24509726603575183
0.2449554507337526
0.24528474399164055
0.24608072916666668
0.2453141225337487
0.24455227743271224
0.24534313725490198
0.2464377572016461
0.2473717948717949
0.24661298568507162
0.24815239551478085
0.2481580284552846
0.25044326241134757
0.25059343434343434
0.25134692849949647
0.251593875502008
0.25083833833833835
0.2509855289421158
0.25098258706467663
0.2503844246031746
0.25038328387734915
0.24964250493096646
0.251413470993117
0.25126225490196075
0.2519916911045943
0.251254873294347
0.25227162293488825
0.25284641472868213
0.25211352657004826
0.2536970134874759
0.25411863592699324
0.2536757662835249
0.2539517669531996
0.25322619047619044
0.2529320987654321
0.25302522997835497
0.2523084446243086
0.25272565240785577
0.2525771294433266
0.2536934858212948
0.25344971321862075
0.25320730247406226
0.2525019896538003
0.2518005952380952
0.2511030866640285
0.25133024204156806
0.2525662468844287
0.2525591967556253
0.2518672537508154
0.2514523158990372
0.25076715972492536
0.25117268374741203
0.2504919989676087
0.25008526383526386
0.2511632011295084
0.25093605990783413
0.2529442742244351
0.25494174942704356
0.25692857142857145
0.2569101443768997
0.2566265630920803
0.2572704081632653
0.2565915944214097
0.25591635338345864
0.25642575928009
0.25575448765893793
0.25537682871233786
0.25666490988756613
0.2585956503813647
0.25792571346327825
0.2586804273819778
0.25801372524955
0.257350450891582
0.25912647537647543
0.25884737953152276
0.26073807499190155
0.2604562987196575
0.26169879542341473
0.26344133011854537
0.26277607423440763
0.2626179481028348
0.26208373215282765
0.2625547002426702
0.2623983134920635
0.26348958951826784
0.2644510582010582
0.26416706053802824
0.26351318167531035
0.26335635900450716
0.26430868324341233
0.26458065208065207
0.2639321700902583
0.26377585671595455
0.26313250096786683
0.26249227590468466
0.26185515873015874
0.26170538837003726
0.261073249750786
0.2606851214381335
0.2600584745115995
0.2603940656998211
0.2597711133895344
0.2591511345986286
0.2585341080876795
0.2579200128190627
0.25730882795456256
0.2576461593305565
0.2577460504642109
0.25792390289449113
0.2575531895074149
0.2580038846139549
0.2574010717994363
0.25680106930106933
0.25620385751199704
0.25676950981475344
0.2561751359494415
0.256045401224385
0.2559674676322142
0.25595374931581827
0.2553666994320664
0.255354418655334
0.25522803870406613
0.25487444408287235
0.2564542748917749
0.25587274592376635
0.25529384830855417
0.2566363001182414
0.2568090411840412
0.25791733547351525
0.2584601217168482
0.2586649089165868
0.2586455676020408
0.25884902958956413
0.2588293650793651
0.25847719353816917
0.2586796776232617
0.2581086408073163
0.25891677155443676
0.25889717425431713
0.25942590852130326
0.2588582369490466
0.2590208463297983
0.2606351799979251
0.2600685817805383
0.26026366077884516
0.2605120078334364
0.26027332099146355
0.26078997331691295
0.2605517153097798
0.26095825669323525
0.2603994595696951
0.25984305046805045
0.26046172200223366
0.2602266970618034
0.25967419876655545
0.25912404156577884
0.26069037551595686
0.2605623367490456
0.26001378446115286
0.2594675370148059
0.259762154337626
0.26131076907750544
0.2628529177850681
0.2643886408730159
0.26591797841797843
0.26588495356648884
0.26543798678891845
0.26643914797323887
0.26774545900834557
0.26770894571820497
0.2684939376161142
0.26825112217017955
0.26770255136819554
0.2672837706511176
0.26704490350111526
0.26660375532326747
0.2670771756978653
0.2669413919413919
0.2676647426647426
0.2672259024577573
0.26799607166810385
0.26795993497800724
0.26892594713235995
0.2689880952380952
0.2692495960460032
0.26931085183077214
0.2687754425825996
0.2685397770219199
0.2685030645921735
0.26797242612460004
0.2674438809054194
0.2673111173603299
0.26776826644213675
0.2672432306255835
0.26720948653433974
0.26693173363095235
0.2680683189455119
0.2675467852510654
0.2688719371243643
0.2701919527500923
0.2696693377544441
0.269148740577312
0.269208184237086
0.2689789377289377
0.2702860798830089
0.2707261448640759
0.271260129290722
0.2715058160668848
0.2719410430839002
0.2730400144848814
0.27280654197162735
0.27257395382395383
0.27347646052750024
0.27390386343216533
0.273388036947359
0.27287414965986395
0.2723621906548736
