11089
MAX PATTERN LENGTH : 5
MEAN PATTERN LENGTH : 4.9030570836
0.0
0.3
0.19999999999999998
0.2125
0.26
0.2833333333333334
0.24285714285714288
0.21250000000000002
0.2833333333333334
0.32
0.343939393939394
0.35694444444444445
0.35641025641025637
0.3345238095238095
0.37888888888888883
0.38645833333333335
0.36372549019607847
0.34351851851851856
0.3254385964912281
0.33
0.31428571428571433
0.34545454545454546
0.36304347826086963
0.37083333333333335
0.38800000000000007
0.40192307692307694
0.3981481481481482
0.38750000000000007
0.39137931034482765
0.3816666666666667
0.3951612903225807
0.403125
0.39090909090909093
0.37941176470588234
0.38285714285714284
0.3736111111111111
0.3675675675675676
0.3763157894736842
0.3923076923076923
0.39499999999999996
0.398780487804878
0.38928571428571423
0.4034883720930232
0.3943181818181818
0.40777777777777774
0.41195652173913044
0.4031914893617021
0.3947916666666667
0.4071428571428572
0.403
0.4147058823529412
0.42403846153846153
0.4226415094339623
0.4157407407407408
0.41424242424242425
0.40684523809523815
0.40935672514619886
0.4195402298850575
0.4180790960451978
0.41111111111111115
0.41347905282331515
0.40681003584229397
0.40211640211640215
0.39973958333333337
0.4051282051282052
0.40429292929292937
0.3997512437810946
0.39387254901960794
0.3896135265700484
0.3904761904761906
0.39906103286384986
0.39560185185185187
0.3901826484018265
0.3849099099099099
0.3864444444444445
0.381359649122807
0.3764069264069264
0.3747863247863248
0.3706751054852321
0.37854166666666667
0.3738683127572016
0.36930894308943085
0.37389558232931724
0.37063492063492065
0.3680392156862745
0.3637596899224806
0.36015325670498083
0.35890151515151514
0.35936329588014976
0.3575925925925926
0.35366300366300363
0.3547101449275362
0.36164874551971327
0.36843971631205674
0.3698245614035088
0.3670138888888889
0.36323024054982816
0.3595238095238095
0.3558922558922559
0.3543333333333334
0.3537953795379538
0.36013071895424836
0.36634304207119744
0.36762820512820515
0.36603174603174604
0.3635220125786164
0.3601246105919004
0.3567901234567902
0.3535168195718655
0.35030303030303034
0.3561561561561562
0.3540922619047619
0.35095870206489677
0.3478801169590643
0.3448550724637681
0.34231321839080453
0.3479344729344729
0.34592749529190203
0.3514239028944911
0.34849537037037037
0.3460284664830119
0.34319216757741344
0.3485320686540198
0.35378584229390675
0.35175555555555554
0.3489638447971781
0.3497594050743657
