1014
MAX PATTERN LENGTH : 5
MEAN PATTERN LENGTH : 4.483234714
1.0
0.925
0.6166666666666667
0.6875
0.75
0.7916666666666666
0.8214285714285714
0.8375
0.8555555555555556
0.77
0.7909090909090909
0.8083333333333332
0.7717948717948718
0.7880952380952381
0.8022222222222222
0.8145833333333333
0.8137254901960784
0.8240740740740741
0.8333333333333334
0.8083333333333333
0.8174603174603176
0.8257575757575758
0.8333333333333334
0.8277777777777778
0.8226666666666667
0.8294871794871794
0.8358024691358025
0.805952380952381
0.8126436781609195
0.8188888888888889
0.8166666666666667
0.7911458333333333
0.7974747474747474
0.7990196078431373
0.8047619047619048
0.8101851851851852
0.8153153153153153
0.8109649122807018
0.8158119658119658
0.7954166666666667
0.7760162601626016
0.7813492063492062
0.7864341085271317
0.7685606060606059
0.7737037037037037
0.778623188405797
0.7620567375886524
0.7545138888888889
0.7595238095238096
0.7443333333333334
0.7493464052287582
0.7349358974358975
0.729559748427673
0.7345679012345679
0.7393939393939395
0.7440476190476192
0.7485380116959065
0.7528735632183909
0.748587570621469
0.7527777777777779
0.7568306010928962
0.7607526881720431
0.7645502645502646
0.7666666666666666
0.7548717948717948
0.7585858585858585
0.7621890547263681
0.7656862745098039
0.7690821256038647
0.7723809523809523
0.7615023474178403
0.7620370370370371
0.765296803652968
0.7677927927927929
0.7615555555555555
0.7646929824561404
0.7677489177489177
0.7643162393162394
0.7672995780590718
0.7702083333333334
0.773045267489712
0.7758130081300814
0.7785140562248997
0.7746031746031747
0.7772549019607844
0.7757751937984498
0.7783524904214562
0.7808712121212121
0.7833333333333333
0.7846296296296297
0.7833333333333334
0.7856884057971015
0.7879928315412188
0.7902482269503548
0.7924561403508773
0.7946180555555555
0.7967353951890034
0.7920068027210884
0.7875420875420874
0.7811666666666666
0.7734323432343234
0.7756535947712417
0.7778317152103559
0.7799679487179488
0.7725396825396826
0.7690251572327045
0.771183800623053
0.7733024691358026
0.775382262996942
0.7765151515151517
0.7695195195195197
0.7626488095238095
0.7647492625368733
0.7668128654970761
0.768840579710145
0.7708333333333334
0.7642450142450142
0.7662429378531074
0.7598039215686275
0.7618055555555556
0.7637741046831956
0.7657103825136612
0.7676151761517616
0.769489247311828
0.7713333333333334
0.7731481481481481
0.7670603674540682
0.7610677083333334
0.7551679586563307
0.7512820512820512
0.7531806615776081
0.755050505050505
0.7546365914786968
0.7564676616915423
0.7582716049382716
0.7560049019607843
0.7557003823427182
0.75540027605245
0.7542822884549504
0.7560374149659864
0.7577676460655185
0.7574614352783366
0.7591575091575091
0.7608300264550265
0.7624794745484401
0.7641063274624919
0.7657110463232912
0.7612129987129987
0.7561041866410995
0.7510634920634921
0.7527120782087671
0.7543389724310777
0.7559446000622472
0.7575293753865183
0.7590937019969278
0.7606379731379732
0.7621625720351836
0.763667872212176
0.7651542377957473
0.7666220238095238
0.7680715764566697
0.7695032333921223
0.7709173239848087
0.7723141695702672
0.7736940836940838
0.7729489386115893
0.7731109210151126
0.7744614512471655
0.7728374189912651
0.7741736694677871
0.7754942912837649
0.7727297895902547
0.7740434902284614
0.7753420908593323
0.7709115646258504
0.7722132034632035
0.7735001345170838
0.7747726056714821
0.7760308592710828
0.7772751322751323
0.7774006840305184
0.7786237571951858
0.7798334634400209
0.7793995859213251
0.7805920205920206
0.7817716333845367
0.7829386299974536
0.7793059777102329
0.7804736709498613
0.7816290726817041
0.7793692346048366
0.7779141865079365
0.7773377744880337
0.7748772704958272
0.7746072446072446
0.7757572076449628
0.7751188461848361
0.776254609587943
0.7723538326553403
0.7734920634920636
0.7746189686488194
0.7757347163287758
0.7733208225819064
0.7744319950202303
0.7755323267518389
0.7766219756511019
0.7744804846254122
0.7714781746031747
0.7725715804663174
0.7736545729402873
0.7747273000827504
0.7757899071578318
0.7768425367016917
0.7753152351283192
0.7763602805463271
0.7743863903586126
0.7754260844122596
0.7764562399883501
0.7774769877509604
0.778488455988456
0.7779824750412986
0.7774059774059775
0.7779557263862197
0.7785749716553289
0.7795590828924164
0.780534485180503
0.7770960072722188
0.7747841826789196
0.7757676578637278
0.7741338854382332
0.7751116608259465
0.7746442255062945
0.7756114176715035
0.77657034323701
0.7775211077338737
0.7784638149044929
0.7793985667403389
0.7803254635187409
0.7778973235040181
0.7788227513227514
0.7797404992425739
0.7806506624688443
0.7790841988372852
0.7763010668748374
0.7757855523161645
0.7766969931604077
0.7776010539168433
0.7748687916026626
0.7755219289857844
0.7764198412698413
0.777310598874344
0.7764085726883346
0.776501819436602
0.7734447256592926
0.7743331777155307
0.7750193762400794
0.7720037366438144
0.7703680632459702
0.7682516700373843
0.7674122405372406
0.7677286687344157
0.7686152005331394
0.766537660691653
0.7651492604617605
0.7656581311769991
0.7665391156462584
0.7649166220795434
0.7657937988628287
0.7666644538856434
0.765491622574956
0.7663569671411
0.7651734652194211
0.7634695331123902
0.7634203742324179
0.7642806637806637
0.7651347193466758
0.7659826084465073
0.7668243976247573
0.7676601524719804
0.7649185090702947
0.7657550980059876
0.7665857536868175
0.7674105390094789
0.7682295159847976
0.769042745753272
0.7675192862692862
0.7677486035064433
0.7685550319664903
0.7674335420442687
0.7661665298303229
0.766970081274205
0.7646859371602522
0.7637825721870091
0.7611846722816111
0.760807775087436
0.7582374785499785
0.7566945914168136
0.7541553478214552
0.7549775707384403
0.7547943121693121
0.7522866898697463
0.7503475507200673
0.7498513541830374
0.7473847378863826
0.7464097059588863
0.7459312428675174
0.7464330954966135
0.747256364667079
0.7480743052344995
0.7488869687660011
0.7496944061654673
0.7504966676841678
0.7512938029311832
0.7510242897583662
0.7511797682035778
0.7510178069117943
0.7518032396975615
0.7494390785664371
0.7502245360003981
0.7503106398809525
0.7510884883548435
0.751861505471754
0.7495337608727702
0.7503068048206938
0.7479981684981686
0.7487711802512417
0.7495394641036844
0.7503030632984902
0.7486304096106529
0.7492406204906206
0.7495450294921595
0.7495463998852554
0.7502985127985129
0.7502976190476192
0.751042999289268
0.7508910856009071
0.7516302811925958
0.7494065229642153
0.7482283326309875
0.7486747198879552
0.7494117441698087
0.7501444583681426
0.7486863112591976
0.7479633859357697
0.7486939268461008
0.7465300715661988
0.7452432413887746
0.745113232074439
0.7448884568153911
0.7444744897959183
0.7452024827024827
0.7452950261544011
0.7460165699896578
0.7448978791139809
0.7451939414263359
0.7456287899054753
0.7463413143034993
0.7470498581182939
0.7477544546137862
0.7456773589065256
0.7463818537572001
0.7470824563711305
0.7465395294940749
0.7472358494679923
0.7451886279626005
0.7445187136785497
0.7452148479737035
0.7447749525534852
0.7454666193487333
0.744668060918061
0.7453562871689557
0.7460408132787166
0.746721669007192
0.7473988837959428
0.7474798941798941
0.7472649653833164
0.7466090901435729
0.7446339338204419
0.7450438706705199
0.7449253341687553
0.7452011206932467
0.745475463309233
0.7461400182353186
0.7441969452711641
0.7447314986600702
0.7439535529237601
0.74203119232189
0.742696060382916
0.7433575100991553
0.743246336996337
0.7419848374132262
0.7416226311953352
0.7422800799709196
0.7420881677544114
0.7402094635322484
0.7383402477152478
0.7389993402902723
0.7371425580282365
0.7378013486096193
0.7384568452380953
0.7387350077187983
0.7383898957592987
0.7389149828665957
0.7395612329090051
0.7399573780129336
0.7405978770818673
0.7412352287352287
0.7418694561157797
0.7425005821399465
0.7406896051103369
0.740509500637238
0.7399257397133612
0.7384973480917791
0.7391289970094318
0.7373479632816983
0.7379793383699634
0.7386076852803471
0.7386349396217817
0.7392587225821117
0.73749858276644
0.7381221015722204
0.7383872150756038
0.7379418552290893
0.7369875898472598
0.7376064425770309
0.7358749720545495
0.7364935318389652
0.7371092011570984
0.7377220002220003
0.7383319490586933
0.738939067506353
0.7395433752204587
0.739336577587155
0.7380170616633751
0.7386193212917351
0.7392188182612495
0.7375272420180887
0.7366424766253533
0.7372423798676646
0.7363622835497836
0.7368467228161107
0.7373289700495582
0.7379219069117489
0.738174335049335
0.7387627073301231
0.7371062887038223
0.7365758495792053
0.7359361713435375
0.7355220596033514
0.7352208994708995
0.735697128075177
0.7362818689422672
0.7350980237569642
0.7356815082861339
0.7351635269492413
0.7357443086883877
0.7358849119516516
0.7364615824495737
0.736055348065152
0.7344552277432713
0.7350312467720278
0.7356047722119151
0.7357438547773321
0.7352357861247948
0.735805171530978
0.7347626711628858
0.735330631181809
0.7341867623117624
0.7339539547162149
0.7345200101317123
0.7348713476898191
0.735433060936239
0.7345829558038861
0.734509995981515
0.7350689223057645
0.7356255002000801
0.7361797444344614
0.7364178621239291
0.7368637538522717
0.7374119543650793
0.7379578754578754
0.7385015313179213
0.7388358966775116
0.7393754919323101
0.7393973981345116
0.7389048108955517
0.7394409406473061
0.7399748731459798
0.7405066218716526
0.7410362001943636
0.7415636213752304
0.7400563782423539
0.7405836472520043
0.74009663582032
0.7392748917748918
0.7389940956221197
0.7395192584075884
0.740042312105565
0.7405632693959346
0.7399821428571429
0.7405011405759909
0.739856051982546
0.7400750260342706
0.7397970993953137
0.7403123526638379
0.7408255693581781
0.7413367615290692
0.7418459411323585
0.7423531200299374
0.7428583099906629
0.7433615226912683
0.743862769717262
0.7436798013552399
0.7441784787845099
0.7446752196024041
0.7445240402362496
0.7450181910288294
0.7448669332597905
0.7451658409028351
0.7454635989010989
0.7455682752947629
0.7447785531837255
0.7433545024128198
0.7438442838967648
0.7433798185941043
0.7436775755929749
0.7423612993584531
0.7428492514430015
0.7423901791340355
0.7428762353998204
0.7433604609452068
0.743842866093806
0.7434791834182077
0.7439595594792223
0.7437839341344015
0.7434223969438523
0.743900195087346
0.7435397858027969
0.7440155932502871
0.7444896384479718
0.7443149810756094
0.744417720962924
0.7444280014031396
0.7448978028711484
0.745365880297073
0.7453743676957962
0.745565639418473
0.7460299356969063
0.7464925405499175
0.7451352813852813
0.7455978307838561
0.7460587042788128
0.7456137518298458
0.7460729327832215
0.7465304590304589
0.7469863394998286
0.7474405830554842
0.7478931984980371
0.7470025129908849
0.747454294217687
0.7479044648162295
0.7483530333841721
0.7488000084580901
0.7492453985140155
0.749689211967973
0.7483646727242134
0.7488084740068867
0.7481943745808182
0.7486369152230312
0.7473235171261486
0.7471822616962722
0.7476242507492508
0.7480646970830217
0.7485036087605774
0.7477815734989648
0.7475250082671958
0.7479625732442023
0.7483986241555446
