2577
MAX PATTERN LENGTH : 5
MEAN PATTERN LENGTH : 4.78773767947
1.0
0.625
0.4666666666666666
0.35
0.48
0.5666666666666667
0.5750000000000001
0.515625
0.5249999999999999
0.4725
0.4795454545454545
0.48124999999999996
0.4711538461538461
0.43749999999999994
0.4416666666666666
0.42795138888888895
0.40277777777777785
0.3804012345679013
0.36827485380116964
0.3648611111111112
0.34748677248677257
0.35441919191919197
0.34770531400966187
0.3353009259259259
0.3338888888888889
0.33643162393162396
0.3239711934156379
0.3124007936507937
0.3085249042145594
0.3065740740740741
0.2966845878136201
0.2921006944444444
0.29688552188552186
0.2881535947712418
0.2799206349206349
0.2943672839506173
0.29316816816816815
0.29203216374269003
0.28710826210826207
0.29868055555555556
0.2987127371273713
0.3154100529100529
0.3185400516795866
0.3135732323232323
0.32771604938271603
0.32059178743961353
0.33504728132387707
0.32806712962962964
0.33157596371882087
0.3289444444444445
0.3372004357298475
0.3345619658119658
0.3282494758909853
0.32217078189300413
0.31813131313131315
0.31334325396825397
0.31661793372319685
0.3111590038314176
0.3058851224105461
0.3174537037037037
0.32372495446265936
0.32898745519713257
0.32376543209876535
0.3187065972222222
0.3138034188034188
0.3090488215488216
0.3193615257048093
0.31466503267973855
0.3101046698872786
0.30567460317460315
0.3027777777777778
0.3013503086419753
0.29790715372907156
0.29523273273273276
0.29129629629629633
0.28746345029239767
0.2837301587301588
0.28137464387464395
0.27781293952180036
0.27684027777777775
0.2734224965706447
0.27862466124661245
0.2752677376171352
0.273776455026455
0.276437908496732
0.2732235142118863
0.2723818646232439
0.27155934343434346
0.26850811485642945
0.2655246913580247
0.2626068376068376
0.26518719806763286
0.2623357228195938
0.27018321513002364
0.2747076023391813
0.2728877314814815
0.2757445589919817
0.27548185941043085
0.2822951739618406
0.28247222222222224
0.28462596259625966
0.28183551198257084
0.2790992448759439
0.2860309829059829
0.2833068783068783
0.2806341719077568
0.2780114226375908
0.2754372427983539
0.27612130479102953
0.27815656565656566
0.27565065065065064
0.27452876984126984
0.27209931170108165
0.2697124756335283
0.26823671497584545
0.26592432950191575
0.2636514719848053
0.26141713747645956
0.2592203548085901
0.2603935185185185
0.26650596877869603
0.26760018214936243
0.2698961156278229
0.26812275985663075
0.2699777777777777
0.2704805996472663
0.27583114610673665
0.2736762152777778
0.27426787252368645
0.2729273504273504
0.27084393553859204
0.2763678451178451
0.27804928989139516
0.2759742951907131
0.27485596707818927
0.2728349673202614
0.271573398215734
0.2699677938808374
0.26802557953637096
0.2671825396825397
0.2652876280535855
0.2690532081377152
0.2671717171717172
0.2705246913580247
0.2686590038314176
0.26681887366818874
0.2650037792894936
0.2635510510510511
0.26178225205070843
0.26003703703703707
0.25831493745401035
0.2579312865497076
0.2562454611474219
0.2545815295815296
0.25293906810035843
0.25772792022792024
0.2576786978060863
0.2617440225035162
0.2600978336827393
0.2615972222222222
0.25997239475500344
0.2583676268861454
0.25770279481935926
0.2561314363143632
0.2545791245791246
0.25455153949129855
0.2530272787757818
0.25152116402116403
0.2500328731097962
0.248562091503268
0.24710851202079276
0.2514857881136951
0.25494540783558123
0.2537675606641124
0.25346031746031744
0.25391414141414137
0.2524795982423101
0.2533083645443196
0.25189323401613906
0.25049382716049384
0.2543585021485574
0.2584554334554334
0.26250758955676984
0.26108091787439613
0.2650750750750751
0.2636499402628435
0.26580510992275697
0.2659869976359338
0.2659024103468548
0.26625730994152047
0.27009889470622456
0.26869212962962963
0.268077144502015
0.2692726231386025
0.26789173789173787
0.26652494331065757
0.2682177100958827
0.267368125701459
0.2710496929089894
0.26969444444444446
0.2683526810392482
0.26702420242024205
0.26694033935413247
0.2658769063180828
0.26457994579945804
0.26426645091693635
0.2629898013955985
0.261965811965812
0.26095162147793727
0.2597089947089947
0.2632174828857293
0.2636268343815513
0.26238914971309335
0.26513499480789204
0.26390180878552977
0.26268004115226334
0.2614695340501792
0.2602701325178389
0.2590816844241502
0.25941919191919194
0.25824534942182004
0.2570820820820821
0.2588440458395615
0.26059027777777777
0.26239506172839505
0.2625614552605703
0.26206558981889383
0.26256091617933724
0.2633794274623969
0.26310386473429953
0.2626863876863877
0.26176963601532566
0.2606461611826419
0.25953228869895534
0.26268321513002363
0.2615701506591337
0.2615213314580403
0.26462418300653595
0.2635169688516969
0.2638078703703704
0.2627132319041033
0.26162764003673095
0.2610082304526749
0.2617827868852459
0.2627551020408163
0.2620934959349594
0.26508097165991906
0.26804435483870964
0.26696787148594375
0.2672333333333333
0.26676626826029215
0.26703042328042326
0.26597496706192353
0.26492782152230965
0.2678104575163398
0.2675455729166667
0.2703955901426719
0.26954134366925064
0.27043114543114544
0.2693910256410257
0.2683588761174968
0.2673346055979644
0.2669518377693283
0.2684659090909091
0.2685849056603774
0.268515037593985
0.27125468164794014
0.2702425373134329
0.26979553903345727
0.2691049382716049
0.2701414514145142
0.26914828431372545
0.2716422466422466
0.27065085158150853
0.26966666666666667
0.26868961352657006
0.267719614921781
0.270173860911271
0.27278972520908007
0.2718154761904762
0.27440688018979836
0.2734338061465721
0.2724676089517079
0.272212441314554
0.2712573099415205
0.27263986013986014
0.2728513356562137
0.2729456018518518
0.2731545559400231
0.2722126436781609
0.2735681557846506
0.27263127853881275
0.2734072810011376
0.27298752834467116
0.2754519774011299
0.2745213963963964
0.27359708193041526
0.27553131991051455
0.2779542920847269
0.27702777777777776
0.27610741971207087
0.2785044150110375
0.2775852585258526
0.2778234649122807
0.27691256830601096
0.27709694989106753
0.2773344191096634
0.2785984848484849
0.2776968716289105
0.27760752688172047
0.27751875669882103
0.2766292735042735
0.27787539936102235
0.2779458598726115
0.2796031746031746
0.27998417721518987
0.27957413249211355
0.2786949685534591
0.2793887147335423
0.281640625
0.2807632398753894
0.2819616977225673
0.2821207430340557
0.28125
0.2803846153846154
0.2802914110429448
0.279434250764526
0.2810213414634146
0.28107902735562307
0.28174242424242424
0.28126888217522655
0.2804216867469879
0.28063063063063065
0.27979041916167663
0.28014925373134325
0.2793154761904762
0.27848664688427305
0.27766272189349117
0.2768436578171092
0.2760294117647059
0.27521994134897365
0.27485380116959063
0.27405247813411077
0.27325581395348836
0.27246376811594203
0.2727601156069364
0.2719740634005764
0.27176724137931035
0.2728987583572111
0.2741190476190476
0.273338081671415
0.272561553030303
0.2726392823418319
0.2718691148775894
0.2739201877934272
0.2731507490636704
0.2742063492063492
0.27358007448789573
0.27560352831940577
0.274837962962963
0.2740766389658356
0.2735957642725598
0.27559687786960513
0.27483974358974356
0.2762785388127854
0.275523679417122
0.27668029064486827
0.27830615942028986
0.2802619692863595
0.2816666666666667
0.2836028751123091
0.2828405017921147
0.28342269883824844
0.28266488413547236
0.2819111111111111
0.28249113475177307
0.28174182139699383
0.2809964726631393
0.28157431838170627
0.2808333333333333
0.28009623797025374
0.2793630017452007
0.27863359442993907
0.2779079861111111
0.2771861471861472
0.27646804835924005
0.27575366063738155
0.27762027491408936
0.27947729220222794
0.27876068376068375
0.2786871270247229
0.2779761904761905
0.2772688719253605
0.27707275803722503
0.2776371308016878
0.2769360269360269
0.27875734676742236
0.2796901172529313
0.27936507936507937
0.2787916666666667
0.27834580216126353
0.2776533996683251
0.2779569892473119
0.27788778877887793
0.2774485596707819
0.27676518883415435
0.2760851760851761
0.27540849673202616
0.2754686226568867
0.27540650406504064
0.2755474452554745
0.27730582524271846
0.27663438256658596
0.27596618357487923
0.2768072289156627
0.27770432692307695
0.2770383693045564
0.2769736842105263
0.2763126491646778
0.2756547619047619
0.275
0.276718009478673
0.27645784081954294
0.2775746855345912
0.2772745098039216
0.277914710485133
0.277263856362217
0.27766744548286604
0.2771367521367521
0.2776550387596899
0.27701082753286926
0.2763695987654321
0.2773479599692071
0.27786098310291857
0.2772222222222222
0.27773318042813455
0.2793859649122807
0.27874809741248097
0.27834092634776003
0.27827651515151514
0.27855253212396064
0.2795060331825038
0.2796651617757712
0.2798235735735735
0.2791947565543071
0.2799140508221225
0.28040641312453385
0.28033854166666666
0.2797141796585003
0.2792037037037037
0.27869549150036954
0.2780789085545723
0.2777961736571008
0.27828560939794417
0.27877289377289377
0.2781615497076023
0.27755288110867976
0.2769468704512372
0.2772149600580973
0.2776992753623188
0.2792660882140275
0.2805014430014429
0.2813354931605471
0.28072916666666664
0.28227598566308243
0.28167024320457795
0.28320842255531764
0.28367165242165243
0.28434612651030566
0.2837411347517731
0.284518754423213
0.28391596045197737
0.28463706835799857
0.2850914205344585
0.2844912280701754
0.2859943977591036
0.2872816212438854
0.2887726638772664
0.28886569241475296
0.2896180555555556
0.289015939015939
0.28862378976486863
0.2880262249827467
0.287534435261708
0.2869415807560138
0.28635116598079563
0.28576317590691314
0.2862021857923497
0.2856169052488071
0.2850340136054422
0.2844534962661236
0.284129403794038
0.28558147396889794
0.28581309041835357
0.28664983164983165
0.2874159946236559
0.2873407109322602
0.2867637215528782
0.2868570474281897
0.2872833333333333
0.2887059214903526
0.2891268260292164
0.2888005301524188
0.288668430335097
0.29007700770077005
0.28950373298199383
0.29041200964277886
0.28984033245844265
0.28927090154987994
0.2887037037037037
0.28846488367036316
0.28985460069444446
0.2902642408490362
0.2896995244271509
0.2891370010787487
0.2890611541774333
0.2889856006877284
0.2889103389103389
0.28864268893170625
0.28904914529914527
0.2889741949242909
0.2884206045125585
0.2888251540259188
0.28827396098388464
0.2877248677248677
0.28876214617659485
0.2893527303394476
0.29038299663299666
0.29172442764125184
0.2911740041928721
0.29137894957104
0.2914891395154553
0.29122368146758393
0.29067831876820643
0.290134994807892
0.28968698175787727
0.2903579557210842
0.28981825691862867
0.2892805607091321
0.2903189300411522
0.2900595604846991
0.2904469044690447
0.2899120114589728
0.2904820261437908
0.28994903160040775
0.28987586487586486
0.2898029656713386
0.2892741281427413
0.28874721716251767
0.28913131313131313
0.2890602944141964
0.28953301127214165
0.28900944343982315
0.29029281989570793
0.2897697697697697
0.28924860111910466
0.2900758029124276
0.290989645559538
0.29136354601470876
0.29084325396825395
0.291216082392553
0.2913206801107157
0.2912472863627393
0.29073089046493306
0.29021632251720747
0.2905869650569297
0.2903390162649422
0.290414710485133
0.2911345440343683
0.2906237816764133
0.2901148083284686
0.29135586635586636
0.29215629241807256
0.2933894696089818
0.2946183574879227
0.29454089506172837
0.2955159417897719
0.29656176195968575
0.29604956547961725
0.2955391351943075
0.2950304619839903
0.2962417498499972
0.29659124942143805
0.296725510980648
0.2970729887396554
0.2965660382469256
0.29776439252589165
0.29810833063384085
0.2976870940792842
0.2974650255582459
0.2969617006419037
0.29688237344487345
0.2963817286329934
0.2958827694938806
0.2960857676403895
0.2964279056141472
0.2960988806466194
0.29560373201677553
0.2951102366377826
0.29545171957671956
0.296624012888572
0.29706566735221224
0.29823139593040093
0.2977376353411122
0.29749344090253177
0.2970025276337157
0.2981606783295416
0.29898607195071014
0.30013716214455133
0.299918358053604
0.2994274933104721
0.2990199320468928
0.2985321344415961
0.2996745902486945
0.29972931991224677
0.29997326582148015
0.30110783103084565
0.3015645066009144
0.3010773264610098
0.3009949436763953
0.30051024972522555
0.30109892563670704
0.3014984458202757
0.3018165572853073
0.3029336507936508
0.3024497312236929
0.30196735525682894
0.30148651551915884
0.30100720468367526
0.30052941546989165
0.30005314064347344
0.30044862618043
0.3006848842749317
0.3017879049621952
0.30233627046619177
0.30186089897174806
0.30295687872218485
0.30248202468030055
0.303573602106466
0.3046617683531746
0.305746539385385
0.3052702986698314
0.30487329976054706
0.30595268904663314
0.3070287313891965
0.3065534547152194
0.3060796472117956
0.3061474255339996
0.3072165358182307
0.30720543345543344
0.30826963401848195
0.3093305701626254
0.3093162813874912
0.3096078467064705
0.3091351629710408
0.3086639203445606
0.30819411224662363
0.30772573213682636
0.3085486065948888
0.3092174723424723
0.30874966981245344
0.3082832805831295
0.3086478608537432
0.30968905383438516
0.3092233560090703
0.30965995757662423
0.30919569976916306
0.3094064846497481
0.3092429473034854
0.3089679578298981
0.3094389444799281
0.3094248984315949
0.3089651288945494
0.30850672365880083
0.3095311581422693
0.3094430942988635
0.3104631192703571
0.3110376574425247
0.31146322790284503
0.31100519374416435
0.31201693354777055
0.31302570637248056
0.31403152525041256
0.31503440313747333
0.31603435291391496
0.31601097922162064
0.3170065964279938
0.3169495777962348
0.31794094270509365
0.3174801587301587
0.317020708428089
0.3180076727222681
0.31827028791314504
0.3178116851928091
0.31879325111339496
0.3189817665571976
0.31852411696385874
0.3195004434438532
0.3190433612643913
0.31858758503401363
0.31870372257319474
0.3182497286663953
0.3181526451263293
0.31770072375541125
0.3186685241472475
0.31963358289491434
0.31918148447497807
0.3187306631692225
0.31877476660621934
0.31874832327297115
0.31830001339495007
0.3178529628143392
0.3174071662325519
0.31738278644791246
0.3174284049284049
0.3169850691673317
0.31668244006110113
0.3162413781668656
0.3163578713822107
0.31591848544973544
0.3162431477445347
0.3160359781031526
0.3155988605677402
0.31647510523546435
0.31603858784893263
0.3156032729896366
0.31516915569529047
0.31610985740450026
0.3159505846234241
0.31551777560339206
0.3150861507393655
0.31465570517824615
0.31443107256545183
0.31413893213961336
0.314595885973437
0.31532333721532085
0.31625234218517795
0.3165013227513227
0.31607303949996773
0.3156459137709137
0.31589470471049413
0.3154689706071107
0.31538085624559375
0.3158530145929339
0.3157646212847555
0.3156094408272692
0.31518693822910687
0.31476556531703587
0.3143453175662788
0.31439285714285714
0.31417395853148183
0.31488649316109424
0.314999525706697
0.3149133194391815
0.3158207190160832
0.3155352418745276
0.3151184185695414
0.3147026950621937
0.3142880670054583
0.3148613721804511
0.31444762530504977
0.31416619797525314
0.3140165699307246
0.3136055534779357
0.31319561157796455
0.3127867400223797
0.31237893462469735
0.3119721912202381
0.3128668957830206
0.31278525046382194
0.31367657958124884
0.31327026276831976
0.3128649972278692
0.3124607788851975
0.31238018433179726
0.31287969440353464
0.3131205184776613
0.31287871832537645
0.3129263708050614
0.3126533882783883
0.31225306383757084
0.3118537632444282
0.3127326217843459
0.31360923833819243
0.31448362147406733
0.31491048709560165
0.3145103467053912
0.3141112218999275
0.31498053594061204
0.31458182640144666
0.3154483474805852
0.3163126803751804
0.31698567825617
0.3165864519611371
0.3161882300089847
0.31585382268485285
0.3165867538985481
0.31619002864303614
0.31579429644198104
0.3154620535714286
0.3150682182985554
0.3146753651585323
0.3142834904821206
0.3145766702203269
0.3146206743566992
0.31423032612548746
0.31425399775771523
0.31405071310702504
0.3141260521513921
0.3137382422104645
0.3142145205801187
0.31382755688482294
0.31344154512973704
0.3134250321750322
0.31426745544843715
0.3138823237628384
0.31349813487206385
0.31372613226219576
0.3135058724344439
0.3134894018583043
0.3131684647062235
0.31363906268103353
0.31392625701556437
0.31354527854831254
0.3135288600288601
0.3136335466389946
0.31325430414003574
0.31329868299977
0.3129207593773336
0.3125437464142284
0.31264898859664203
0.3126738495879121
0.3128987309209398
0.3132429770469338
0.3132670373538637
0.31329104010025066
0.31331498549240483
0.3135974258438459
0.31381959816107613
0.313842828798186
0.31346965064265897
0.3130973588960525
0.31272595040388634
0.3130070807944031
0.31263665821358133
0.3122671113362603
0.31189843706077475
0.31212025494159923
0.3121648718380167
0.3120917366946779
0.31172500139891446
0.3114178124301364
0.31140442695249254
0.3117423608787777
0.31143622946254523
0.3110724020916778
0.31090390065010837
0.3105415417915418
0.31116954930982865
0.31080772425249165
0.31064031303578343
0.3105119600044194
0.31049977928599015
0.310526207010582
0.3101672171758877
0.30980905641702405
0.30945172186521663
0.3090952106649111
0.30989026795988817
0.3106834975369458
0.3114749056913236
0.312264498689384
0.31190680739649806
0.31212201699901926
0.3121081632653061
0.31232265166340506
0.31272669272954334
0.31237051198611565
0.31258396987919174
0.31222876082251083
0.3124418950327009
0.3126545459453623
0.31275346491937656
0.31296528226675285
0.3126116491794458
0.3128231484467376
0.31247047296934555
0.31251273595023593
0.31230181048797473
0.31240034777956127
0.3123303137192026
0.3119801676275891
0.311686796779182
0.31206522318099494
0.3120889864325619
0.3118522799744898
0.3116161012900143
0.3112690900413618
0.31203519783886857
0.3116884920634921
0.3120824744992336
0.31270655157850274
0.3126371091072087
0.31284436894226714
0.31249868455669555
0.3121537632713129
0.3122230534992387
0.3118791955108034
0.3117805629769326
0.3117813535670678
0.31143911278378894
0.31109762252854356
0.31075688033519355
0.31041688374839355
0.3100776303235319
0.30998171830595406
0.3096436793546935
0.3095484490092333
0.3092116171822374
0.30960015527950313
0.30926399875911276
0.30909126123334363
0.30916266831759787
0.3088280766852195
0.30849420849420844
0.30913298364702246
0.30879950685775925
0.3084667487684729
0.3081347070582808
0.3078929851510497
0.30756227302951256
0.3073514885210164
0.3080938770649381
0.3082458108154039
0.3079161361514302
0.30758716592049923
0.3077925157967847
0.3075709885944427
0.30777591831904927
0.3074484971293482
0.3071217718401565
0.30679574023523065
0.30647040010772775
0.30685196394942155
0.3065272528764592
0.30646749890935937
0.3065662660699619
0.30634836916482483
0.3070792981751886
0.30710693400167083
0.3067840034717006
0.30646175136721354
0.3068397208481154
0.30651808592060165
0.30619712457408793
0.30681825728896855
0.3068633792771724
0.30711717533220667
0.30679692801694886
0.3064773478835979
0.30667872421254316
0.3073994323994324
0.30708022218925646
0.3067616742409274
0.3064437864956
0.30629908968418285
0.3059823377817173
0.3056662403253312
0.30535079528887576
0.3050360006545573
0.30489349876579536
0.3045798223267359
0.3046778903407886
0.3043650793650794
0.3040529100529101
0.3037413804319542
0.3034304885379604
0.303120232414711
0.3037809880506509
0.30449141561386456
0.30469071080691873
0.3044313516309443
0.30468116714301857
0.30437153181055615
0.3040625251792764
0.30385556521459156
0.3035477074990753
0.30425261872630294
0.30414720657390026
0.3044460477793811
0.3047442858744574
0.3054451484895033
0.30547323326779524
0.3051659161317109
0.3053114780250459
0.30500494039650666
0.3046990176879846
0.30439370805102267
0.3040890096445652
0.3039849206349206
0.3036812393955251
0.303378164306308
0.30307569355425784
0.30277382533358627
0.30247255784569216
0.30247010003471236
0.3031627811667534
0.3028620244394054
0.302561863860179
0.3032523966682383
0.3039415634371124
0.30364122592383463
0.3033414813770194
0.30304232804232806
0.30318711392603015
0.303528465191851
0.30421329462627394
0.30489677861976483
0.30472023614810656
0.30442149081854963
0.30412333069042174
0.30382575404591056
0.3035287591739204
0.3034764849950397
0.303716995741386
0.30342097527770046
0.30327158776525864
0.3029765764931135
0.3029736838045876
0.3027766219756511
0.30248294920942836
0.3022867448012797
0.3019941148450345
0.3018954745018575
0.3018453339467832
0.3015539774468346
0.3021310710076381
0.30184000061167693
0.3020307224590189
0.30238133394383393
0.3030514767546468
0.30276064040459433
0.30294974813191494
0.30342584990573496
0.30347041847041845
0.3036105041124162
0.303559300192538
0.3034604840664001
0.3031711985715799
0.30288246409674985
0.30354575385498317
0.30325721226386626
0.30296921870995946
0.3027766482937261
0.3024896562100353
0.3026766925204425
0.30295798230992177
0.3026716326101959
0.30238582370310413
0.30243074273734655
0.3021456996244932
0.3020024362538487
0.30218869924890623
0.302217970521542
0.3019341977792682
0.3016509574436404
0.3013682480177326
0.30108606801022536
0.30111623383372677
0.3008348167927607
0.3005539252738132
0.30069333392561004
0.30103440879302945
0.30133605273270075
0.30105574012550756
0.30077594854546524
0.30049667654124473
0.3006817445592955
0.30044941671447695
0.30017122281011166
0.2998935436030718
0.29973190446850334
0.2996398159140541
0.2998246500322146
0.2995483139492356
0.29927248677248675
0.29920160336443685
0.299110425420168
0.2995703791158337
0.29998361730013107
0.29980031425952597
0.2996631344845631
0.29938896876225335
0.29925241577435363
0.29897912589693415
0.2987063347236705
0.2993456179189999
0.2994372885766328
0.29916482516573506
0.2993474025974026
0.29907551576488905
0.2988041223749028
0.29853322108535163
0.2982628105590062
0.2979928894634777
0.29858240764660293
0.2983578526261453
0.298088576585869
0.29818047146721627
0.29800193050193047
0.29773370194162274
0.29746595580678314
0.29742330894622
0.2971563221338805
0.2968898142216528
0.296623783922171
0.2966566483352517
0.29683852968736685
0.2965732584365292
0.29630846088435375
0.29604413576313665
0.29586940836940834
0.29573951575287283
0.29584710218607013
0.29558412698412695
0.29532161887845726
0.29519267334262894
0.294930977710233
0.2955111982791345
0.29524968394437423
0.295872805355564
0.29583228167592124
0.2955711763964191
0.29539871504157217
0.2951384518565135
0.29487864688128773
0.29461929890689786
0.294887647501883
0.2946287470211965
0.2943703007518797
0.294112307499687
0.2938547660745559
0.2939476315460568
0.29369068431568435
0.29343418590143483
0.2931781351283969
0.29292253082575664
0.29266737182677954
0.29241265696879276
0.2926897860593513
0.29273957773088966
0.29248546351410937
0.29223179008521594
0.29223852163626857
0.29198550127121553
0.2918770939748448
0.29162482336639634
0.29137298845848064
0.2911215881233137
0.29173269020251774
0.29148141312223996
0.2920911537305685
0.29184000054593345
0.2924483854251895
