397
MAX PATTERN LENGTH : 5
MEAN PATTERN LENGTH : 4.35264483627
1.0
0.625
0.5166666666666667
0.5541666666666667
0.6433333333333333
0.7027777777777778
0.6738095238095239
0.6083333333333334
0.6074074074074074
0.5466666666666666
0.546969696969697
0.5597222222222222
0.532051282051282
0.49404761904761907
0.4861111111111111
0.4904513888888889
0.4616013071895425
0.4359567901234568
0.4288011695906433
0.41986111111111113
0.39986772486772487
0.3816919191919192
0.3933574879227053
0.38113425925925926
0.3738888888888889
0.38066239316239314
0.3665637860082305
0.35347222222222224
0.35680076628352486
0.3532407407407407
0.3418458781362007
0.34210069444444446
0.3468855218855219
0.33668300653594774
0.32706349206349206
0.3415895061728395
0.33776276276276274
0.34367690058479533
0.33614672364672366
0.34649305555555554
0.3538956639566395
0.3657076719576719
0.3618540051679586
0.3536300505050505
0.3679938271604938
0.35999396135265693
0.37361111111111106
0.36582754629629627
0.3685657596371882
0.3651944444444444
0.3776416122004357
0.3742254273504273
0.3671645702306079
0.3603652263374485
0.3556313131313131
0.35106646825396826
0.3536793372319688
0.35016762452107275
0.34423258003766477
0.35016203703703697
0.3558970856102003
0.36064068100358415
0.354916225749559
0.3524956597222222
0.3496367521367521
0.3443392255892256
0.3541252072968491
0.3636233660130719
0.3590780998389694
0.3539484126984127
0.35107589984350546
0.3468942901234568
0.3421423135464231
0.33887012012012013
0.33435185185185184
0.32995248538011696
0.32566738816738816
0.32662037037037034
0.322485935302391
0.32220486111111113
0.3182270233196159
0.32288279132791325
0.3189926372155288
0.31638558201058203
0.3165849673202614
0.3129037467700258
0.3098818646232439
0.3074968434343434
0.30404182272159797
0.30066358024691353
0.29735958485958486
0.29956219806763285
0.2963410991636798
0.3038268321513002
0.30799707602339177
0.30687210648148144
0.3083476517754868
0.3077522675736961
0.3107042648709315
0.3095972222222222
0.30900715071507145
0.30597766884531585
0.30300701186623513
0.30970886752136756
0.3067592592592593
0.30386530398322853
0.3010254413291797
0.2982381687242799
0.2987130479102957
0.30054292929292936
0.30233983983983986
0.30142609126984127
0.29875860373647983
0.2961379142300195
0.29443236714975846
0.2918941570881226
0.2893993352326686
0.2954213747645951
0.2929388422035481
0.2917476851851852
0.29622359963269057
0.2970742258652095
0.2991305329719964
0.29833109318996415
0.29994444444444446
0.29888668430335097
0.3040135608048994
0.30163845486111107
0.3016257536606373
0.30007478632478635
0.297784139100933
0.30310395622895625
0.3045843776106934
0.30231135986733004
0.3023868312757202
0.30016339869281045
0.2987023519870235
0.29653784219001605
0.29440447641886486
0.2923015873015873
0.29022852639873914
0.29276212832550863
0.2907148407148407
0.294945987654321
0.29291187739463603
0.2909056316590563
0.28892668178382463
0.28731231231231236
0.2853840417598807
0.29014814814814816
0.28822663723325975
0.28896198830409353
0.28707334785766153
0.2852092352092352
0.2833691756272401
0.2879629629629629
0.28772116065109693
0.29159634317862165
0.2897624039133473
0.2879513888888889
0.28616287094547965
0.2905692729766804
0.29001363326516705
0.28824525745257457
0.2925589225589226
0.2968206157965194
0.29504324683965405
0.29328703703703707
0.29451019066403683
0.2933660130718954
0.29165042235217675
0.29518733850129203
0.2978163134232499
0.29610472541507027
0.29555555555555557
0.2976641414141414
0.29598242310106715
0.2974094881398252
0.295747982619491
0.2941049382716049
0.2974524248004911
0.3013125763125763
0.305130540376442
0.303774154589372
0.30753753753753754
0.305884109916368
0.3095959595959596
0.3095449172576832
0.3092298647854203
0.3093567251461988
0.3129726585223967
0.31134259259259256
0.3110247553252734
0.31199885452462767
0.3103988603988604
0.3088151927437641
0.3097856739988719
0.3089786756453423
0.3124511446119486
0.3108888888888888
0.3095909342177998
0.308058305830583
0.3070333880678708
0.30626361655773415
0.3047696476964769
0.3042610571736785
0.3027911969940955
0.30181623931623935
0.30061137692716644
0.2991798941798942
0.3025013164823592
0.3022536687631027
0.3008346374543558
0.30340083073727936
0.30245478036175716
0.30105452674897115
0.2996671786994367
0.30058613659531086
0.29921359715880264
0.2993686868686869
0.2980140774258421
0.2966716716716717
0.2982561036372696
0.2993799603174603
0.2995308641975309
0.300196656833825
0.2995349975526187
0.299317738791423
0.2988840368753033
0.29845410628019325
0.2978835978835979
0.29681513409961685
0.29554124940391036
0.2964150047483381
0.29940898345153666
0.2981403013182674
0.29688232536333803
0.29983660130718953
0.2985820548582055
0.30081018518518526
0.29956201014292305
0.29832415059687795
0.2977823502514861
0.2996357012750456
0.30045351473922904
0.29963866305329717
0.30247413405308143
0.30528673835125447
0.3040606871932173
0.30417777777777777
0.30396193005754757
0.30473985890652555
0.3035353535353535
0.30234033245844266
0.3050762527233115
0.3046657986111111
0.3073713791612624
0.30637381567614125
0.3071214071214071
0.3059401709401709
0.305193699446573
0.30402883799830366
0.3035065483734685
0.30488215488215487
0.3048637316561845
0.30465747702589807
0.30726175613816065
0.3061152570480929
0.30553490293267244
0.30440329218106993
0.3034645346453464
0.30308415032679736
0.30453805453805455
0.30403487429034876
0.3037373737373737
0.3028180354267311
0.3017248295226635
0.30297761790567546
0.3054759060135404
0.30572420634920633
0.30819493871095294
0.30887509850275807
0.30778366705928545
0.3074041471048513
0.30632553606237817
0.30875097125097123
0.30825590398761127
0.30805362654320984
0.31044790465205685
0.30980842911877393
0.31160748377243225
0.3118245814307458
0.3124668183541904
0.3122543461829176
0.31458568738229753
0.3143674924924925
0.31330901608679385
0.3151099925428784
0.3174005945745076
0.3180092592592592
0.31695275009228496
0.3183866813833701
0.317542170883755
0.3181423611111111
0.32037795992714024
0.3215096223674655
0.3217652913499819
0.322885101010101
0.32184016540812654
0.3216084229390681
0.32137817077527686
0.3203481125356125
0.32056709265175715
0.32050159235668785
0.3217063492063492
0.32274525316455693
0.32220031545741323
0.32160639412997905
0.322008881922675
0.32412760416666664
0.3231178608515057
0.32418478260869565
0.32524509803921564
0.3242412551440329
0.32358547008547006
0.3238198704839809
0.3228295956506966
0.3242843834688347
0.32481847348868625
0.3253493265993266
0.3245552198724404
0.3235776439089692
0.323656990323657
0.3226879574184964
0.32232172470978443
0.3213624338624339
0.32040883613583915
0.31946088099934256
0.31851851851851853
0.31758169934640523
0.3166503747148909
0.31601689408706957
0.3150955620343376
0.3141795865633075
0.3132689210950081
0.31236351958895314
0.31146333653538266
0.3105683269476373
0.3125437758675581
0.31307936507936507
0.31218740107629
0.31130050505050505
0.31126849228832226
0.3103892027620841
0.3123317683881064
0.31285892634207235
0.3139433551198257
0.3132060831781502
0.31511915815536984
0.3142438271604938
0.3133733456448138
0.31278391651319826
0.3144015916743189
0.3145680708180708
0.31493911719939116
0.314078627808136
0.31540266424462604
0.31726298309178746
0.31870671484492624
0.31906156156156157
0.3205600479185385
0.3196983273596177
0.32018170985999406
0.3193256090314914
0.3184740740740741
0.31895685579196215
0.31811081638667843
0.3172692533803645
0.3177513925535034
0.3169152046783626
0.31608340624088654
0.31525596276905177
0.3144328401508558
0.31361400462962963
0.3127994227994228
0.3119890616004606
0.3111828883146713
0.31282932416953035
0.3145958297629249
0.3137891737891738
0.31394572321682296
0.3131448412698412
0.3123480350579587
0.31206288776085733
0.31253867791842477
0.3117494388327722
0.3134830674503219
0.31432858738135117
0.3139167362851573
0.3131319444444444
0.3123510667775007
0.31157407407407406
0.31179349324510613
0.31151677667766775
0.31099451303155007
0.3104748221127531
0.30995768495768494
0.3091979847494553
0.3086864982341755
0.3086957994579945
0.30855298729386316
0.31023125674217905
0.30948009147161687
0.3087325550187869
0.30949464524765724
0.31043336004273503
0.3096889155342393
0.3097853535353536
0.3090460090161761
0.30831018518518527
0.3075778569543416
0.3092186677198526
0.30888166535329653
0.30992203878406704
0.30978104575163395
0.3101101982263955
0.3093839448347646
0.3095956645898235
0.30887399637399643
0.3104812661498708
0.30976089198246975
0.30904385288065844
0.31040864767770077
0.3108454941116231
0.31013090676883776
0.31113978083588173
0.31271612001017035
0.31200215626585487
0.3114053404201468
0.3112657828282828
0.31158037288989665
0.3131378833584716
0.3132210935540507
0.31330392892892894
0.312599875156055
0.3130200548081714
0.3134383544618444
0.31329675099206344
0.31259898539965353
0.3120154320987654
0.3115453313624045
0.31085607177974434
0.3105009811135639
0.31009238864415073
0.310509768009768
0.30982882553606234
0.30915086311694623
0.30847586123241144
0.30911099007504234
0.30952596618357486
0.31102374066040006
0.31229858104858105
0.31378389728821693
0.3131076388888889
0.3140471923536439
0.31337327134000953
0.314843564120866
0.31523919753086416
0.31637941246150203
0.31570626477541375
0.31630986081623025
0.3166990348399247
0.31735083392060137
0.3178416549460853
0.317172514619883
0.31860702614379083
0.31961623573258796
0.31894758251975824
0.3189776154024588
0.3196672453703704
0.3190026565026565
0.31906696634393733
0.31861341154819417
0.3181617309458219
0.3177348224513173
0.3170810470964792
0.3167721879990874
0.3181722449908926
0.31752158600318114
0.31687358276643995
0.3164318850418647
0.316550925925926
0.31793723236421007
0.3181033513270356
0.31867283950617287
0.3193744399641577
0.3190336463223787
0.32040104863900043
0.3209279670452015
0.3212861111111111
0.3226408294522067
0.32299413457281984
0.3226005080627347
0.32240134479717814
0.32374312431243124
0.32310331576635926
0.3230577470962086
0.3224218066491688
0.3217883649858109
0.3211574074074074
0.3208550771906936
0.32071668836805556
0.321066168507689
0.3223870514483355
0.32176105717367853
0.32162198535745046
0.3219670105308403
0.32182807807807806
0.3215933418968101
0.321696047008547
0.3210785881851141
0.32046349510429967
0.32080677714042916
0.3206716497031382
0.32006084656084655
0.31976922264469787
0.320016339869281
0.31972590488215485
0.32101186725477837
0.32078354297693923
0.32093272651182253
0.32032946950710106
0.3200099020220971
0.32034696213067
0.3197481827622014
0.3192449212271973
0.3197677426029381
0.3191733787691037
0.3204365079365079
0.3214171810699588
0.32119275005134523
0.32244516195161954
0.32185134029056683
0.32236264297385614
0.32299439347604486
0.32276912901912896
0.32263609587649805
0.3220473438767234
0.3214607366929771
0.3217853535353535
0.3219273038919137
0.32234047906602253
0.3217575848904963
0.32298184917769757
0.32285035035035037
0.3222696842525979
0.3230376022341911
0.323802767821585
0.3232235142118863
0.3226463293650794
0.32385373341255697
0.32372232107552396
0.3240354253009671
0.32375640267927497
0.32318338249754175
0.3234957793482528
0.3233661571624534
0.32279685054773083
0.322844659246241
0.32227826510721247
0.32171385483557113
0.3228996697746698
0.3236450455691294
0.32482336430507164
0.3259975845410628
0.3257788387345679
0.3266997469120519
0.3278646262426539
0.3275574334512158
0.32871681718664475
0.32815103953227875
0.3293054191894398
0.329598205777451
0.3297829691237225
0.3309286392619726
0.332070399263232
0.33320826911116513
0.3334919285174387
0.3331803972296332
0.33261568469195585
0.33205288319501514
0.3319987398112398
0.3314388768435986
0.3308808989364545
0.33088502067493664
0.33116877064024713
0.33078155326899045
0.33022840685884164
0.32967710734822586
0.3296484788359788
0.33076387238200883
0.33114881611559355
0.3322580220590171
0.33170792599600546
0.331324937688574
0.33077819686730575
0.3318807039564865
0.3326506370091896
0.3337464487710793
0.3340189955763726
0.3334723196425324
0.333009129577757
0.332547450736684
0.3336345070058425
0.3336340172925538
0.33382292310863737
0.33490262663682435
0.3349000873272718
0.33435905326050724
0.33430363543266767
0.33376530429670526
0.33430051549022605
0.33456648577033804
0.3347514753764753
0.335815873015873
0.335279425934378
0.3347446900078479
0.33421165706197553
0.3336803189744366
0.3331506676744772
0.332622695142505
0.3331248744223428
0.33323052233004835
0.33420334485003256
0.3343857017872766
0.33385993810522113
0.3341207545289178
0.3335970542867095
0.3330749931688899
0.3341170634920635
0.33515588242577327
0.3354126489640509
0.33496877237157174
0.33444863452627427
0.3354804971084041
0.3349611774534375
0.33560265940482326
0.33562487752302567
0.3365715264020349
0.3365921855921856
0.33761124521493185
0.3386271788879151
0.3387977345098325
0.3390442211543129
0.3389082757785048
0.33839164730933025
0.33787659152955957
0.3373631012688763
0.3381410024809114
0.3386135161135161
0.33810124150517495
0.33759051455426076
0.3378354760707702
0.33883271179957924
0.33832318892469265
0.33879117212450544
0.3382832393327146
0.3381510787947914
0.338243528602273
0.33811182184316513
0.33853937501478487
0.3384076199924414
0.33790478549022385
0.3374034430785173
0.33690358612580834
0.33677503052503055
0.33627757848585027
0.33659280329634317
0.33675982420459594
0.3362645891690009
0.3372392373493695
0.3367447516641065
0.33771584280369055
0.33722210619140447
0.3381896651604681
0.33813399509463654
0.33909740994893833
0.33916978128460684
0.3386775174511023
0.3381866804692891
0.3376972641444421
0.3372092623176438
0.337732769875627
0.33724612323315495
0.3367608770126756
0.3369235769020252
0.3364401858304298
0.33739084458998503
0.3369081681313441
0.33642687074829936
0.33658888662455
0.33610941527608196
0.33598692677640046
0.33550967261904757
0.33638129010469436
0.3373212599487387
0.3368441435980333
0.33636837503362926
0.3366696890321714
0.33661804158283026
0.33614459848637057
0.3356724852862494
0.3352016963868297
0.3351523942910497
0.3351731601731602
0.3354033652567172
0.335075048150362
0.3346083698103197
0.3349079409232399
0.33444279100529095
0.33404827950597715
0.3342781295343622
0.33381578080748203
0.33459780320968163
0.33413628899835796
0.3336760461760462
0.33390482740551514
0.3348197933019361
0.3346348553138676
0.3344504240052185
0.3341980978437887
0.33374154306531356
0.3335590852985123
0.33324088490982223
0.3336038224813735
0.33444131728778465
0.335344381986173
0.3355674925796877
0.33531638636510086
0.3348632561132561
0.33495115995116
0.3344997432935438
0.3343860155098379
0.3348326292882745
0.3347187599872164
0.3345381718370995
0.3340903295722573
0.3336436847466259
0.3331982325640537
0.333220634920635
0.3331098218248685
0.33359770770010133
0.3336858913552141
0.3335749021093849
0.33445758435824663
0.3340813177122701
0.33370604516575453
0.33326579972358333
0.33282671434845346
0.33337562656641606
0.3329375508416244
0.33282870891138605
0.3332443986769019
0.3328082149090002
0.3323731714908185
0.33237442496580877
0.3325929719997517
0.332159908234127
0.3330283608892192
0.3329205318491033
0.33378574516706816
0.3333533802121886
0.3329221339247213
0.33249200196874623
0.33257910906298005
0.333052589592538
0.33326745112459394
0.333080089362223
0.3328450699920534
0.3324824481074481
0.33205673434546673
0.3316321093654853
0.332485708204099
0.333337129494655
0.334186381558993
0.33490624621349807
0.3346077630543958
0.3341831339134639
0.3350270082684531
0.33460292344786013
0.3354441334055746
0.33628321909571907
0.3371201885546148
0.3366956039342689
0.33627208745133275
0.3364777757836803
0.3369338889884687
0.3365116660699368
0.3360905000297992
0.3358578869047619
0.3354385886689258
0.3350203360646004
0.334603125185317
0.3346222755271263
0.3345792664892044
0.33416415573673636
0.3341631262170296
0.33387332036775097
0.3340786685502383
0.333666225749559
0.33362471375726616
0.33321384588318087
0.3328039887541733
0.332702263952264
0.3335210341805434
0.3331123074229692
0.3327045812204931
0.3329090988473629
0.332665416593988
0.33262558072009285
0.3324031378690331
0.3328503359981462
0.33299268066886534
0.332649242949607
0.33224603174603173
0.33220699296667816
0.331805291645074
0.3318272659305268
0.3314269917858579
0.33102768215720024
0.3311106813363131
0.33111335279304027
0.3312560738581147
0.3313984526664383
0.3314007698887938
0.3318018056504899
0.3322018831427434
0.33252145130128424
0.3327210681650491
0.33272179705215416
0.33232617065851305
0.33193148399502315
0.331537733717449
0.33173733355901597
0.3313447449985911
0.33095308454351
0.3305623489065047
0.3307621574573225
0.33090260250154246
0.3309250700280112
0.3305362039057691
0.3303243069528281
0.33017152347457157
0.3304874818779971
0.3301594263436369
0.32977372607921673
0.32997235650386175
0.32958777333777334
0.3303682299462276
0.3302747785160576
0.3298911841159228
0.32974049828748203
0.32976397395574686
0.3297681051587302
0.32938687035507846
0.32900651600131975
0.3287423793046631
0.3283636438446347
0.3291365280289332
0.32990763546798035
0.33067697228144993
0.3314445445609437
0.33106488299787273
0.33125817260542667
0.33122244897959185
0.3314151174168298
0.33103722104577293
0.3306601854864953
0.33094764071726535
0.33057156385281383
0.3306503702502568
0.330842376633193
0.3310905732621474
0.3310554029304029
0.33124630078019907
0.3318600182736752
0.331542250496591
0.33145042363792365
0.33121819593979324
0.3311269395398609
0.3310358879803324
0.33066477151398677
0.33040646829840564
0.33076395547033133
0.33076682628358606
0.3305092740221088
0.3302522960131655
0.3299402110510128
0.33068555008210176
0.3303181216931217
0.3305064478621637
0.3309715183190793
0.3312140747771977
0.33158515065318156
0.3312187582215206
0.33085317460317454
0.3309018480600619
0.3305374187119781
0.3304182600799762
0.33039856968428394
0.3300358928789225
0.32967401141743247
0.3293129226864167
0.3289526240839151
0.3285931130193426
0.3284769875927081
0.3281187793183431
0.3281244596604074
0.3277674145465223
0.3279546238785369
0.3275985385105906
0.3274059153668698
0.327592907874598
0.32723837009551293
0.32688459888459886
0.3275035140045939
0.3271502200304789
0.32679768746579085
0.3264459138517265
0.3262741082095921
0.3259236526690877
0.32569316710947616
0.32641589683390326
0.32633408109853507
0.3259850606909431
0.32563678605345275
0.32582287272788873
0.3255821233966223
0.3256081275250604
0.32561634582911175
0.32527031358062175
0.32492501600781853
0.3245804507734518
0.32494283023944043
0.32459897539262617
0.3244672640021477
0.3245470240190409
0.3242046748375862
0.3249167879304865
0.32492564745196323
0.32458398010448486
0.32424303054555154
0.3246023418111561
0.3242620877841004
0.3239225463309233
0.32431593278873616
0.3243427708944951
0.32457832123802893
0.3242398662628068
0.3239021164021164
0.32356506945476765
0.32426822426822427
0.32393149714021985
0.32463281301455577
0.32429640595443704
0.3241332281704953
0.3237980335188195
0.3234635314180769
0.323129719724147
0.32279659630175095
0.322635803377307
0.3223038735384415
0.3225378880569014
0.3222067403278902
0.3218762718762719
0.32154648061410357
0.32121736446199084
0.320888921349044
0.3215315271495047
0.3222238419177195
0.3223540928433895
0.32217857951055506
0.3225120702740235
0.32218431410504583
0.3218572234308275
0.3216322161048328
0.321306347598141
0.32199328449328457
0.3218699343572954
0.32210036876703546
0.32222942994890524
0.32291266641065025
0.3229231605364536
0.32264858995241286
0.3230278376007019
0.32270351246254864
0.32237983792647784
0.322056812036772
0.321734432845544
0.32161269841269835
0.32154115725544297
0.32188559389158194
0.3215646710661666
0.3212443875292481
0.3213725025665324
0.3212518539556313
0.32192588389212023
0.3216065129755606
0.3212877751034342
0.32186075750432186
0.32253151837721566
0.3222128113432461
0.3218947335433021
0.3215772831157446
0.32155602470873407
0.32163323334583177
0.3223002606483433
0.32296597748464156
0.3227717027275418
0.3224552598817305
0.32213943690437324
0.3218242319758954
0.32150964328383685
0.32153746589781745
0.3218579171506
0.321544215476964
0.32147455217075466
0.3211618337347909
0.32128704089345483
0.32112074279550007
0.3208092774775607
0.3205953149993847
0.3202849613546612
0.3202169875042215
0.32014914500421743
0.31984012073297785
0.3203995805972662
0.3200909104810839
0.32026406648639566
0.32027663308913307
0.3209295854108534
0.3206215915668891
0.32079357470057374
0.32086944292404057
0.3209451659451659
0.3210685453276275
0.3212394445202468
0.321123758027384
0.32081763433050375
0.32051209372637945
0.32096831437935147
0.3206632114189148
0.32035868795128053
0.32005474232703834
0.3197513729030316
0.3199220628908129
0.32013973359763337
0.31993166201578294
0.31962955468621185
0.31961103623839476
0.3193098005774726
0.31919745613248435
0.3195243321536831
0.31922402733023036
0.3189242864594978
0.31862510795437626
0.31832649023370674
0.318028431722252
0.3180427487490162
0.3177455125352321
0.31744883138440555
0.3177590470267709
0.31839487270521755
0.3186803523395702
0.3183839055001846
0.318088009677229
0.31779266333583883
0.31842550873163117
0.3181767362490254
0.3178821281599059
0.3185131345168348
0.31868086729454564
0.31857128200618506
0.318738651672231
0.31844488332967597
0.3181516559969598
0.31806340444794906
0.31777106676003736
0.3182138848805515
0.31838066113295466
0.3180888365123012
0.31788912146055
0.31759828054430067
0.3174907866863991
0.31720084076248456
0.31691142393697136
0.31753411179117647
0.31751814265475464
0.3172292271473345
0.31739538239538234
0.3171071032106454
0.31681934721862126
0.3168040984904085
0.3165171382562687
0.31668318609495083
0.31730101323229715
0.3170595489023673
0.31686364678241935
0.31684844060858486
0.31660803660803666
0.3167731058820168
0.31648823798104375
0.3162600365093627
0.3159761406058534
0.31569275393266427
0.31540987512089663
0.31542592118912616
0.31603824147428794
0.3157558123040696
0.31569710175736965
0.3154154807923764
0.3152234883852531
0.3149873143083295
0.31507777636558776
0.31479770723104056
0.3145181355549917
0.3145052534471346
0.3142264367330857
0.314789566549974
0.31451099171231917
0.31504340168133277
0.3148092644006955
0.3145314097984001
0.3144745037932869
0.31419743374589193
0.3139648655823832
0.3136887311359607
0.3135448921806567
0.3132696113271179
0.312994813422445
0.3127204971968337
0.31244666138492755
0.3125232609812662
0.3122500763125763
0.31197736882234695
0.31170513726141996
0.31143338038499324
0.31116209695260216
0.3108912857281003
0.31120065562456867
0.3112343648725056
0.31096419615299825
0.3106944960696045
0.3105985736293362
0.31032965711537136
0.3103495564892624
0.3100813200532302
0.30981354689256246
0.3095462358080995
0.3101414545703339
0.30987432153452826
0.31046823347813024
0.3102442711105652
0.3108368447608138
