1014
MAX PATTERN LENGTH : 5
MEAN PATTERN LENGTH : 4.483234714
0.0
0.35
0.2333333333333333
0.175
0.25
0.375
0.32142857142857145
0.28125
0.35
0.38499999999999995
0.38030303030303025
0.3902777777777777
0.38333333333333325
0.3559523809523809
0.39888888888888885
0.3927083333333333
0.3990196078431372
0.38796296296296295
0.3675438596491228
0.37
0.3523809523809524
0.38181818181818183
0.3978260869565218
0.42291666666666666
0.442
0.44615384615384623
0.43703703703703706
0.4321428571428572
0.4258620689655173
0.42000000000000004
0.40645161290322585
0.4203125
0.40757575757575754
0.39558823529411763
0.3985714285714286
0.39166666666666666
0.3891891891891892
0.39342105263157895
0.38846153846153847
0.39125
0.4024390243902439
0.39285714285714285
0.4069767441860465
0.3977272727272727
0.4111111111111111
0.41739130434782606
0.4085106382978723
0.4010416666666667
0.413265306122449
0.405
0.4166666666666667
0.42788461538461536
0.4235849056603773
0.4175925925925926
0.4160606060606061
0.4086309523809524
0.4076023391812866
0.41781609195402303
0.41073446327683616
0.4038888888888889
0.39726775956284155
0.39408602150537636
0.3895943562610229
0.3944444444444445
0.40222222222222226
0.40143097643097647
0.39543946932006635
0.389624183006536
0.3839774557165862
0.38063492063492066
0.37996870109546166
0.3760802469135803
0.37092846270928465
0.36591591591591593
0.37303703703703706
0.36812865497076025
0.36334776334776336
0.35997150997151
0.36300984528832636
0.3709722222222222
0.3715363511659808
0.36700542005420056
0.36860776439089693
0.3648148148148148
0.36640522875816994
0.3627260981912145
0.35855683269476374
0.3590277777777777
0.3589263420724095
0.3599382716049383
0.355982905982906
0.3586352657004831
0.36553166069295107
0.3722813238770686
0.3683625730994152
0.3645254629629629
0.3607674684994272
0.3570861678004535
0.35600448933782264
0.3534444444444444
0.34994499449944994
0.356318082788671
0.3625674217907227
0.365491452991453
0.36629629629629634
0.3628406708595388
0.35944963655244033
0.36538065843621403
0.3712028542303772
0.3678282828282829
0.3735235235235236
0.3718625992063492
0.3685717797443461
0.365338693957115
0.36216183574879224
0.3590397509578544
0.3645180436847103
0.36425376647834273
0.3695961718020542
0.3665162037037037
0.36472681359044995
0.3617372495446266
0.3669263775971093
0.3720318100358423
0.36945555555555554
0.3665233686067019
0.3671806649168854
