66
MAX PATTERN LENGTH : 5
MEAN PATTERN LENGTH : 2.83333333333
0.0
0.3
0.19999999999999998
0.15
0.21000000000000002
0.19999999999999998
0.24285714285714285
0.21250000000000002
0.30000000000000004
0.31500000000000006
0.3166666666666667
0.2902777777777778
0.3025641025641026
0.280952380952381
0.26222222222222225
0.27708333333333335
0.30000000000000004
0.2833333333333334
0.26842105263157895
0.2758333333333334
0.26269841269841276
0.2507575757575758
0.2724637681159421
0.2611111111111111
0.2846666666666666
0.30256410256410254
0.32098765432098764
0.3220238095238095
0.3195402298850574
0.3122222222222222
0.31505376344086017
0.3364583333333333
0.3414141414141414
0.33137254901960783
0.33619047619047615
0.32685185185185184
0.3342342342342342
0.3399122807017544
0.3311965811965812
0.33541666666666664
0.3516260162601626
0.34325396825396826
0.3585271317829457
0.35037878787878785
0.34259259259259256
0.35688405797101447
0.34929078014184395
0.34201388888888884
0.3350340136054421
0.33233333333333326
0.3405228758169934
0.34358974358974353
0.3522012578616352
0.3484567901234567
0.3481818181818181
0.3419642857142858
0.3456140350877194
0.356896551724138
0.3508474576271187
0.34500000000000003
0.3411657559198543
0.33566308243727605
0.3338624338624339
0.3411458333333333
0.35128205128205126
0.35353535353535354
0.34825870646766166
0.3431372549019608
0.33816425120772947
0.3383333333333333
0.3335680751173709
0.32893518518518516
0.3244292237442922
0.320045045045045
0.3251111111111111
0.3208333333333333
0.3231601731601731
0.3215811965811965
0.3175105485232067
0.32354166666666667
0.3236625514403292
0.31971544715447153
0.32791164658634536
0.32638888888888884
0.3284313725490196
0.32461240310077516
0.321455938697318
0.32234848484848483
0.32322097378277154
0.32074074074074077
0.3172161172161172
0.31974637681159424
0.3216845878136201
0.31826241134751776
0.3149122807017544
0.3116319444444444
0.30841924398625425
0.3052721088435374
0.3122895622895623
0.30916666666666665
0.3070957095709571
0.3040849673202614
0.30841423948220065
0.3054487179487179
0.30253968253968255
0.29968553459119496
0.2968847352024922
0.2941358024691358
0.2960244648318043
0.29333333333333333
0.2996996996996997
0.29981398809523807
0.2971607669616519
0.29455409356725143
0.2919927536231884
0.2894755747126437
0.29554843304843303
0.29681026365348395
0.302719421101774
0.30019675925925926
0.3010215794306703
0.29855418943533696
0.30425700090334235
0.3098678315412186
0.3073888888888889
0.3049492945326278
0.3080599300087489
