397
MAX PATTERN LENGTH : 5
MEAN PATTERN LENGTH : 4.35264483627
1.0
0.975
0.65
0.6
0.5133333333333333
0.4527777777777777
0.41666666666666663
0.3645833333333333
0.4018518518518518
0.36166666666666664
0.33333333333333326
0.34722222222222215
0.3205128205128205
0.31190476190476185
0.3044444444444444
0.34791666666666665
0.32745098039215687
0.32314814814814813
0.3350877192982456
0.3183333333333333
0.30317460317460315
0.28939393939393937
0.30072463768115937
0.3131944444444445
0.3406666666666667
0.3391025641025642
0.33580246913580253
0.3238095238095239
0.3195402298850575
0.30888888888888894
0.3053763440860215
0.32708333333333334
0.31717171717171716
0.3093137254901961
0.3076190476190476
0.300462962962963
0.2923423423423424
0.2846491228070176
0.29145299145299153
0.2891666666666667
0.28577235772357723
0.278968253968254
0.27248062015503877
0.2799242424242424
0.27481481481481485
0.2688405797101449
0.2631205673758865
0.2576388888888889
0.25578231292517006
0.25066666666666665
0.24820261437908497
0.24439102564102566
0.2426100628930818
0.23904320987654323
0.236969696969697
0.2488095238095238
0.24444444444444444
0.2517241379310345
0.25254237288135595
0.24833333333333335
0.24426229508196723
0.242741935483871
0.24365079365079367
0.23984375
0.2423076923076923
0.23863636363636365
0.23582089552238808
0.2323529411764706
0.2289855072463768
0.22571428571428573
0.22323943661971832
0.22083333333333333
0.21780821917808219
0.22331081081081078
0.22033333333333333
0.21875
0.22305194805194806
0.22724358974358977
0.22753164556962027
0.23093749999999996
0.22808641975308638
0.22713414634146337
0.22801204819277104
0.23482142857142854
0.2379411764705882
0.2386627906976744
0.2439655172413793
0.24630681818181818
0.24915730337078654
0.2463888888888889
0.246978021978022
0.24429347826086958
0.242741935483871
0.24015957446808514
0.24815789473684213
0.24765625
0.24510309278350514
0.2517857142857143
0.25050505050505045
0.24799999999999997
0.2455445544554455
0.24313725490196075
0.24514563106796114
0.24278846153846156
0.24190476190476193
0.24433962264150946
0.25000000000000006
0.24768518518518523
0.2509174311926606
0.2522727272727273
0.2513513513513514
0.24910714285714283
0.24690265486725663
0.24473684210526314
0.2426086956521739
0.24159482758620687
0.2395299145299145
0.2375
0.23718487394957982
0.23604166666666668
0.23684573002754822
0.2373633879781421
0.24071815718157183
0.24684139784946238
0.24486666666666668
0.24371693121693125
0.2449475065616798
0.24303385416666667
0.2411498708010336
0.24410256410256412
0.24223918575063613
0.2404040404040404
0.2385964912280702
0.23681592039800994
0.23506172839506173
0.23370098039215684
0.23199513381995132
0.23031400966183574
0.22865707434052757
0.23059523809523808
0.23215130023640657
0.2315727699530516
0.23100233100233095
0.2318287037037037
0.23298850574712643
0.23139269406392693
0.2335600907029478
0.23198198198198194
0.2321029082774049
0.2308888888888889
0.2293598233995585
0.23015350877192983
0.2286492374727669
0.22813852813852814
0.23118279569892475
0.23098290598290597
0.23142250530785563
0.23343881856540083
0.23542976939203356
0.23552083333333335
0.23592132505175983
0.2344650205761317
0.2357873210633947
0.23465447154471544
0.23474747474747476
0.23333333333333334
0.23193612774451097
0.2359126984126984
0.23865877712031555
0.24313725490196075
0.2428849902534113
0.24292635658914727
0.24152215799614643
0.24013409961685822
0.24019047619047618
0.23882575757575755
0.2374764595103578
0.23754681647940074
0.2366852886405959
0.23759259259259258
0.23627992633517494
0.23498168498168498
0.23369763205828778
0.2348731884057971
0.23495495495495497
0.23369175627240144
0.23377896613190732
0.23386524822695037
0.23421516754850089
0.23324561403508773
0.23202443280977314
0.23394097222222224
0.2327288428324698
0.23307560137457045
0.2318803418803419
0.23069727891156463
0.23121827411167512
0.23005050505050503
0.22889447236180904
0.23024999999999998
0.2300995024875622
0.22896039603960397
0.22857142857142856
0.22745098039215686
0.22634146341463415
0.22524271844660193
0.2253623188405797
0.22764423076923082
0.22894736842105268
0.2278571428571429
0.22677725118483416
0.22747641509433966
0.22640845070422538
0.22815420560747665
0.22709302325581396
0.22604166666666667
0.2273041474654378
0.22626146788990828
0.22522831050228312
0.22420454545454546
0.223868778280543
0.22533783783783787
0.2243273542600897
0.2246651785714286
0.22366666666666668
0.22267699115044248
0.22169603524229076
0.22072368421052632
0.22237991266375545
0.22249999999999998
0.22175324675324676
0.22338362068965517
0.22242489270386268
0.22254273504273506
0.22265957446808513
0.22312853107344632
0.22640646976090012
0.22608543417366944
0.22723152022315202
0.22649305555555557
0.22576071922544952
0.22834022038567495
0.228840877914952
0.22831284153005468
0.23044217687074833
0.23153794037940384
0.23282726045883945
0.23188844086021507
0.2309571619812584
0.23083333333333333
0.23290172642762286
0.23197751322751323
0.2312582345191041
0.2317257217847769
0.2308169934640523
0.22991536458333334
0.2290207522697795
0.22910206718346254
0.22821750321750323
0.23022435897435897
0.2316411238825032
0.23075699745547074
0.22987959442332068
0.2290088383838384
0.23059748427672958
0.23273809523809524
0.2337390761548065
0.23379975124378108
0.2336741016109046
0.23317901234567903
0.23361008610086104
0.23275122549019606
0.2326312576312576
0.23178223844282236
0.2314848484848485
0.23100845410628015
0.2319795427196149
0.23114508393285368
0.23031660692951011
0.22967261904761907
0.23081257413997627
0.22999408983451536
0.22918138987043582
0.2283744131455399
0.2288011695906433
0.23044871794871793
0.22964576074332171
0.22884837962962962
0.23047866205305653
0.23054597701149426
0.22975372279495992
0.23016552511415528
0.22989192263936292
0.22979024943310658
0.2293502824858757
0.22857545045045044
0.22780583613916947
0.2270413870246085
0.22795429208472687
0.22802777777777777
0.2272702104097453
0.2278421633554084
0.22725522552255226
0.22782346491228067
0.22707650273224042
0.22829520697167757
0.2275515743756786
0.2284361471861472
0.22859582883854732
0.22785842293906813
0.2271257591997142
0.226397792022792
0.22567447639332622
0.22495576786978058
0.22551146384479717
0.22590541490857946
0.22598142306344196
0.22589972047519216
0.22534831069313827
0.2256857638888889
0.2249826929733472
0.22428398895790203
0.2251375988992088
0.22629458161865573
0.22652136752136756
0.22582651670074985
0.22697077811756713
0.2270409891598916
0.22787065180682203
0.2271801346801347
0.2281554212823095
0.22780287817938422
0.2271187854521188
0.22703759148369926
0.227106135986733
0.22747189153439148
0.22724200461589183
0.22656969099276789
0.2284087184529662
0.22773692810457513
0.2285353535353535
0.22786712150747235
0.2280774214447684
0.22915859173126613
0.22863929146537842
0.23043513166345536
0.2297710534742235
0.22911079182630906
0.22902737981534543
0.22837301587301587
0.22829218106995885
0.2276436237373737
0.22699874095058228
0.22734620213433773
0.2267057902973396
0.22831616729088638
0.2290771864301276
0.22890285536933583
0.22826524295883627
0.22763117283950618
0.2270006155740228
0.22729435236341314
0.22859657177838996
0.22961691086691086
0.22898782343987822
0.23054796599878563
0.2299197699061459
0.23011020531400966
0.22962210177657333
0.22981231231231233
0.2310796645702306
0.23135454002389488
0.23341525171283886
0.2329248366013072
0.2323037037037037
0.23235076832151302
0.2321323312702623
0.23284097589653144
0.23244649662855468
0.23183479532163745
0.23253864100320795
0.2319299011052938
0.23161444734551787
0.23101128472222224
0.23185425685425684
0.23125359815774324
0.23194803330462244
0.23135022909507444
0.23204084547272208
0.2338817663817664
0.23379511224779767
0.23489937641723357
0.2345561210065027
0.2352298364354202
0.2367862165963432
0.2361882716049383
0.2360971172684019
0.2355039084310441
0.23604149262044
0.2359513888888889
0.23673455250761985
0.23738944168048645
0.23680038599393438
0.23621424642464248
0.23563100137174212
0.23640530925013684
0.23705296205296206
0.23647194989106754
0.23613827764194512
0.23556233062330623
0.23498918626655851
0.23441882416396978
0.23445655098197468
0.23389023081052066
0.2334471218206158
0.23288595085470087
0.23316679989341862
0.23260898458266882
0.2320538318748343
0.2315013227513228
0.23095143837424126
0.2304041600842549
0.23068689256632524
0.23049659329140465
0.2299542483660131
0.22941444966092855
0.2296968514181629
0.22916017653167187
0.22862600362600363
0.22809431524547805
0.22872518690384122
0.2281957304526749
0.22813061329227613
0.22760496671786998
0.2276564495530013
0.22724898063200819
0.22798754131706078
0.22975012683916796
0.22945456846368012
0.23097853535353535
0.23045477450239357
0.2299333836098542
0.23144594933533988
0.23167542542542544
0.23284019975031212
0.2331028898854011
0.23336440467312952
0.2335875496031746
0.2337354615194259
0.23321604938271606
0.2329206701157921
0.23284783677482795
0.2323338238901153
0.23319872736172298
0.23312576312576314
0.23371101364522417
0.23319961098954534
0.23341824357108198
0.23508835633018638
0.23457729468599034
0.23482766931790794
0.23513107263107264
0.23505519558435325
0.23519516283524905
0.2350119474313023
0.2357951835956128
0.23529026885557935
0.2347875118708452
0.2346067282634447
0.23410756501182034
0.23361052134937488
0.23311558380414316
0.2326227390180879
0.23255391467416783
0.2320643274853801
0.23157679738562092
0.23234917307244352
0.23385053463505348
0.23423219670610068
0.23478587962962963
0.2349214599214599
0.23484900875979714
0.2343627789279963
0.23511822773186408
0.2363860252004582
0.23631115683584822
0.23603125712981976
0.23585496357012753
0.23537264258123156
0.2350198412698413
0.23484668477031
0.23447098012646791
0.2350095785440613
0.23483749437696808
0.23486812570145904
0.2344954077060932
0.23583445115135257
0.23576249442213298
0.23589122689824094
0.23631944444444447
0.23644655134176093
0.23776837096060202
0.23749447757897063
0.23771770282186952
0.23764301430143014
0.237173364075538
0.2370342976112207
0.2370598206474191
0.23769919231608821
0.23723311546840958
0.23725809958686672
0.23703884548611112
0.2378438379900368
0.23738110678772156
0.2383764832793959
0.2397555986218777
0.23929185471738662
0.23882990132990134
0.2385624063369728
0.23944978632478633
0.24071763702281937
0.24111856108982546
0.24180475886976843
0.24248833757421542
0.2428835978835979
0.24413286861005493
0.24404912502635462
0.24387100168350168
0.24407162360848564
0.24424004192872117
0.24378007951454278
0.2433218462823726
0.24286533249947884
