1014
MAX PATTERN LENGTH : 5
MEAN PATTERN LENGTH : 4.483234714
0.4
0.47500000000000003
0.3166666666666667
0.23750000000000002
0.19
0.16666666666666666
0.16428571428571428
0.14375000000000002
0.13333333333333336
0.12000000000000002
0.10909090909090911
0.12500000000000003
0.1153846153846154
0.11071428571428574
0.10333333333333335
0.159375
0.15
0.14166666666666666
0.13421052631578947
0.1275
0.12142857142857141
0.1159090909090909
0.11739130434782608
0.12083333333333335
0.13
0.12500000000000003
0.12037037037037039
0.11607142857142859
0.11551724137931037
0.11166666666666668
0.10806451612903227
0.12291666666666667
0.1191919191919192
0.11568627450980393
0.11238095238095239
0.10925925925925926
0.10630630630630632
0.10350877192982456
0.11752136752136753
0.11458333333333334
0.11178861788617887
0.10912698412698414
0.10658914728682171
0.10416666666666669
0.10185185185185186
0.0996376811594203
0.09751773049645392
0.09548611111111112
0.10374149659863947
0.10166666666666668
0.09967320261437909
0.09775641025641027
0.0959119496855346
0.09413580246913582
0.09242424242424244
0.1050595238095238
0.10321637426900584
0.107183908045977
0.10536723163841806
0.1036111111111111
0.10191256830601092
0.10026881720430106
0.09867724867724867
0.09713541666666667
0.09564102564102564
0.09419191919191919
0.0927860696517413
0.09142156862745099
0.09009661835748792
0.08880952380952381
0.0875586854460094
0.0863425925925926
0.08515981735159818
0.0856981981981982
0.08455555555555555
0.08344298245614035
0.0856060606060606
0.08579059829059829
0.08470464135021097
0.08364583333333334
0.08261316872427983
0.08160569105691057
0.08062248995983935
0.07966269841269841
0.07872549019607843
0.07781007751937984
0.07978927203065134
0.08285984848484848
0.08192883895131085
0.08101851851851852
0.08012820512820512
0.07925724637681159
0.0810931899641577
0.08023049645390071
0.08991228070175437
0.08897569444444443
0.08805841924398625
0.0886904761904762
0.08779461279461279
0.08691666666666667
0.08605610561056105
0.08643790849673202
0.08559870550161812
0.08477564102564103
0.08396825396825397
0.08317610062893081
0.09080996884735203
0.08996913580246914
0.08914373088685015
0.08833333333333333
0.08753753753753754
0.08675595238095236
0.08598820058997049
0.08523391812865495
0.0844927536231884
0.08376436781609194
0.08304843304843304
0.08234463276836157
0.08165266106442576
0.08138888888888889
0.08209366391184572
0.08142076502732239
0.08401084010840107
0.08333333333333333
0.08266666666666665
0.082010582010582
0.08451443569553806
0.08385416666666666
0.08320413436692507
0.08544871794871796
0.08479643765903308
0.08415404040404041
0.08352130325814537
0.08289800995024876
0.08228395061728395
0.08167892156862745
0.08108272506082725
0.08049516908212562
0.07991606714628298
0.07934523809523811
0.08197399527186762
0.08139671361502347
0.08187645687645688
0.08165509259259258
0.08316091954022989
0.08259132420091324
0.0861111111111111
0.08552927927927927
0.0849552572706935
0.08438888888888887
0.08383002207505517
0.08327850877192983
0.08273420479302832
0.0821969696969697
0.0836021505376344
0.08563034188034188
0.08699575371549893
0.08644514767932489
0.0859014675052411
0.08536458333333333
0.08514492753623187
0.084619341563786
0.0841002044989775
0.08358739837398373
0.08308080808080807
0.08258032128514055
0.08208582834331336
0.0851686507936508
0.08525641025641024
0.08681372549019607
0.08630604288499025
0.08958333333333333
0.0890655105973025
0.08855363984674329
0.08876190476190476
0.08825757575757576
0.08775894538606403
0.08726591760299625
0.08677839851024209
0.0862962962962963
0.0858195211786372
0.08534798534798535
0.0848816029143898
0.08469202898550725
0.08423423423423423
0.08378136200716846
0.08333333333333334
0.08395390070921986
0.08641975308641976
0.08596491228070177
0.0855148342059337
0.0861111111111111
0.0856649395509499
0.08599656357388315
0.08555555555555554
0.08511904761904761
0.08637901861252115
0.08594276094276093
0.0855108877721943
0.08508333333333333
0.08466003316749585
0.08424092409240924
0.08382594417077176
0.08341503267973856
0.08300813008130081
0.0826051779935275
0.08311191626409017
0.08271233974358974
0.08231658692185008
0.08192460317460316
0.08248420221169035
0.08297955974842766
0.08258998435054772
0.08243769470404984
0.08251937984496124
0.08213734567901235
0.08175883256528418
0.08138379204892966
0.08101217656012177
0.08064393939393939
0.0802790346907994
0.0823948948948949
0.08202541106128551
0.08165922619047618
0.08129629629629628
0.08093657817109144
0.08058002936857561
0.0802266081871345
0.08205967976710334
0.08170289855072463
0.08134920634920634
0.08186063218390804
0.08150929899856939
0.08116096866096867
0.08081560283687944
0.08047316384180792
0.08013361462728552
0.08105742296918766
0.08071827057182705
0.08038194444444444
0.08004840940525587
0.0803374655647383
0.08000685871056241
0.07967896174863388
0.0795578231292517
0.07923441734417344
0.07911605937921729
0.07879704301075267
0.07848058902275769
0.07856666666666666
0.08044488711819389
0.08012566137566138
0.07980895915678524
0.07949475065616798
0.07918300653594772
0.07887369791666665
0.07856679636835279
0.07981266149870801
0.07950450450450451
0.08112179487179488
0.0808109833971903
0.08050254452926209
0.08019645120405577
0.07989267676767678
0.07977987421383648
0.08173558897243108
0.08217852684144819
0.08187189054726368
0.08156753407682775
0.08274691358024693
0.08244157441574416
0.08213848039215688
0.08183760683760684
0.0815389294403893
0.08124242424242425
0.08112922705314009
0.08173886883273164
0.08144484412470024
0.08115292712066906
0.08086309523809523
0.0825326215895611
0.08223995271867612
0.08194935217903415
0.08254107981220657
0.08277777777777778
0.0831876456876457
0.08333333333333334
0.08304398148148148
0.0839677047289504
0.08367816091954022
0.0833906071019473
0.08396118721461186
0.08418657565415245
0.08390022675736962
0.08361581920903956
0.08333333333333333
0.08305274971941638
0.08277404921700222
0.08249721293199554
0.08288888888888889
0.08261351052048727
0.08267108167770419
0.0823982398239824
0.08212719298245615
0.08202185792349727
0.08387799564270151
0.08360477741585233
0.0847943722943723
0.08613807982740022
0.08586021505376344
0.08558413719185423
0.08530982905982906
0.08503727369542066
0.08476645435244161
0.0844973544973545
0.08422995780590717
0.08396424815983176
0.08385744234800838
0.08359456635318703
0.08333333333333333
0.08307372793354101
0.08281573498964803
0.08410732714138286
0.08415637860082305
0.08435897435897435
0.0841002044989775
0.08384301732925585
0.08358739837398373
0.08546099290780142
0.08535353535353535
0.08539778449144007
0.08530789825970549
0.08505171838505172
0.08479707252162343
0.08529021558872306
0.08503637566137566
0.08478404220243983
0.08453320184089415
0.08516879711569977
0.0852124183006536
0.08642880417073966
0.08617608836907083
0.08607061872367995
0.0858204134366925
0.08557165861513688
0.08561335902376366
0.08536663464617356
0.0851213282247765
0.08502069404648202
0.08477777777777779
0.08453624564735676
0.08429608585858586
0.08405728674850488
0.0843848085373509
0.08485133020344288
0.08517478152309613
0.08540305010893245
0.08516449410304158
0.08492726709996905
0.08469135802469135
0.08445675592489997
0.08422344996930632
0.08591980410162228
0.08568376068376068
0.0854490106544901
0.08535215543412264
0.08511958825310323
0.08556763285024153
0.08533574224631135
0.0851051051051051
0.08487571129080562
0.08464755077658304
0.08710157879058683
0.08726975638740346
0.08970370370370372
0.08946513002364068
0.08922782198644269
0.09031452087007644
0.09007622398123719
0.08983918128654972
0.08986585010207059
0.08963059918557302
0.08939657673339137
0.0905960648148148
0.09036075036075035
0.09012665515256188
0.09118575940281365
0.09095074455899196
0.09071693801770922
0.09227920227920228
0.0920431940892299
0.09265873015873016
0.0924229573084535
0.09409193457416808
0.09625879043600562
0.09601571268237934
0.09577385950181919
0.09553322166387491
0.09529379003063213
0.09530555555555555
0.09531726239955667
0.09582642343836374
0.09583677970774744
0.09559955995599559
0.09536351165980796
0.09623700054734538
0.0963076713076713
0.09607162309368192
0.09583672914968759
0.0956029810298103
0.09537037037037037
0.09513888888888888
0.09490852838310465
0.09467928073000537
0.09445113788487283
0.09422409188034188
0.09399813482547295
0.09377325890483786
0.09354945637761868
0.09332671957671958
0.09310504090789126
0.09288441284886782
0.09325584449697925
0.0933896750524109
0.09316993464052288
0.09295122587376109
0.0927335415040333
0.0925168743509865
0.0923012173012173
0.09208656330749354
0.09264630059293633
0.09243184156378602
0.09221837310751861
0.09200588837685612
0.0923690932311622
0.0921572375127421
0.09228960081362828
0.09207889396245561
0.0918691470513794
0.09166035353535354
0.0914525069286974
0.09124560080442433
0.09273263105091548
0.09327452452452453
0.0935143570536829
0.09408943697060289
0.09421451652995277
0.09400421626984126
0.093794852759218
0.09358641975308642
0.09337891106183789
0.09350417895771877
0.09329776796664213
0.09474424865394028
0.09497557997557997
0.09586379142300194
0.09565402382689035
0.096172974284328
0.09803316388283707
0.09782004830917874
0.09760785731501566
0.0982082732082732
0.09799616030717542
0.098647030651341
0.09843488649940263
0.09822365283738675
0.09801332381632168
0.09780389363722698
0.09759535655058044
0.09738770685579197
0.09718093890068413
0.09697504708097929
0.09769497298567066
0.09748886544772621
0.09728362573099415
0.09707924836601307
0.09687572792918706
0.09813749418874941
0.09932440269079101
0.09911747685185185
0.10026276276276275
0.10005474873213462
0.09984759604324821
0.1003644398530762
0.10026059564719357
0.10046582075903063
0.10077287246178417
0.10066882969034607
0.10046296296296296
0.1002579365079365
0.10005374519121973
0.09985038392050588
0.10015494703628577
0.10025584795321638
0.10106341189674523
0.10096046146953404
0.1014615470601386
0.10326584114234716
0.1031590959697172
0.10305277777777777
0.10284708361055667
0.10333942009738822
0.10313397393417274
0.1029293430335097
0.10272552255225523
0.10252250768555117
0.10232029366644751
0.1022173009623797
0.1020164811176599
0.10181644880174291
0.10210643618177864
0.10190700954861111
0.1030728828243448
0.10287235192390833
0.10315803667745414
0.10460540482342807
0.104403073286052
0.10420152295152295
0.1040007493042175
0.10399305555555555
0.10552089997867348
0.10675553426990207
0.10779424261737836
0.10863814673452077
0.1088121693121693
0.11003115758343894
0.1108660130718954
0.11075073653198654
0.11054137786179374
0.11064727463312371
0.11043889935132874
0.11023130743525482
0.110024494475714
