2577
MAX PATTERN LENGTH : 5
MEAN PATTERN LENGTH : 4.78773767947
0.0
0.3
0.19999999999999998
0.2125
0.26
0.31666666666666665
0.2714285714285714
0.2375
0.3111111111111111
0.355
0.38333333333333336
0.3513888888888889
0.3474358974358974
0.32976190476190476
0.3744444444444444
0.3729166666666667
0.3803921568627451
0.3592592592592593
0.34035087719298246
0.3525
0.3357142857142857
0.36590909090909096
0.3826086956521739
0.3770833333333334
0.38800000000000007
0.40192307692307694
0.4055555555555556
0.3946428571428572
0.40689655172413797
0.3983333333333334
0.417741935483871
0.4296875
0.44696969696969696
0.4338235294117647
0.45
0.44027777777777777
0.4351351351351352
0.4355263157894737
0.45
0.45125000000000004
0.4573170731707317
0.44642857142857145
0.45930232558139533
0.44886363636363635
0.46111111111111114
0.4706521739130434
0.4606382978723404
0.4510416666666666
0.46224489795918366
0.45299999999999996
0.4637254901960784
0.4701923076923077
0.4669811320754717
0.45925925925925926
0.45696969696969697
0.4488095238095238
0.4584795321637427
0.46781609195402296
0.46553672316384176
0.45777777777777773
0.46120218579234973
0.45376344086021503
0.44832451499118164
0.4467881944444444
0.452991452991453
0.4514309764309764
0.44543946932006634
0.4388888888888889
0.4339774557165862
0.4342063492063492
0.43278560250391235
0.43719135802469133
0.4312024353120243
0.42537537537537534
0.4283703703703703
0.4227339181286549
0.4172438672438672
0.41574074074074063
0.4187060478199717
0.4259722222222223
0.4279149519890262
0.42269647696476975
0.4296519410977243
0.42691798941798953
0.42836601307189554
0.4233850129198967
0.41966794380587497
0.42001262626262625
0.41978776529338324
0.41734567901234565
0.41275946275946274
0.4191425120772947
0.42538829151732377
0.4315011820330969
0.43222222222222223
0.42928240740740736
0.42485681557846505
0.4205215419501134
0.426374859708193
0.4241111111111111
0.4233773377337734
0.4290305010893246
0.43457389428263216
0.4352029914529914
0.43296296296296294
0.4298218029350105
0.4258047767393562
0.43112139917695474
0.43175331294597347
0.42782828282828284
0.432982982982983
0.43302331349206347
0.42919124877089476
0.42586500974658864
0.42216183574879224
0.41895354406130264
0.4239197530864197
0.4212688323917137
0.42613211951447244
0.42258101851851854
0.42074150596877874
0.4172928051001822
0.4220302619692864
0.42669130824372764
0.42487777777777785
0.42150573192239865
0.42173009623797036
