397
MAX PATTERN LENGTH : 5
MEAN PATTERN LENGTH : 4.35264483627
1.0
1.0
0.7037037037037037
0.7777777777777778
0.8222222222222222
0.8518518518518517
0.8730158730158729
0.851388888888889
0.8679012345679014
0.7811111111111112
0.8010101010101011
0.8175925925925926
0.8316239316239317
0.8436507936507937
0.8107407407407408
0.8225694444444445
0.8241830065359477
0.8339506172839506
0.8426900584795323
0.8255555555555556
0.833862433862434
0.8414141414141415
0.8483091787439614
0.8546296296296297
0.8444444444444446
0.8504273504273505
0.8559670781893005
0.8611111111111113
0.8659003831417625
0.8703703703703705
0.874551971326165
0.8472222222222222
0.8518518518518519
0.8562091503267973
0.8507936507936508
0.8410493827160495
0.8453453453453453
0.8296783625730995
0.834045584045584
0.8131944444444444
0.8177506775067751
0.8220899470899471
0.8262273901808785
0.8074494949494949
0.8117283950617284
0.8158212560386474
0.8197399527186762
0.821412037037037
0.8199546485260771
0.8035555555555556
0.8074074074074074
0.7918803418803418
0.7958071278825996
0.7995884773662552
0.8032323232323232
0.789781746031746
0.7934697855750487
0.7970306513409962
0.7990583804143125
0.7857407407407406
0.7837887067395263
0.7792114695340501
0.7827160493827159
0.7775173611111111
0.7655555555555555
0.7691077441077442
0.7725538971807628
0.7758986928104575
0.77914653784219
0.7815873015873016
0.7705790297339594
0.773070987654321
0.776179604261796
0.7765015015015014
0.770148148148148
0.7705409356725145
0.7735209235209234
0.7764245014245014
0.7792545710267228
0.7820138888888889
0.7847050754458161
0.7873306233062329
0.7898929049531458
0.7894179894179894
0.7918954248366012
0.788501291989664
0.7909323116219668
0.7933080808080807
0.7911360799001247
0.7934567901234566
0.7938949938949937
0.7961352657004829
0.798327359617682
0.7933806146572101
0.7955555555555553
0.7976851851851853
0.7894616265750287
0.7916099773242631
0.7836139169472504
0.7822777777777778
0.7745324532453246
0.7767429193899783
0.7735167206040994
0.7756944444444446
0.7714814814814815
0.7736373165618449
0.7757528556593978
0.7778292181069959
0.772986748216106
0.7750505050505051
0.7745745745745747
0.769890873015873
0.7714847590953786
0.7734892787524367
0.7754589371980676
0.7687739463601533
0.7622032288698956
0.7642184557438795
0.757796451914099
0.7548148148148148
0.7568411386593206
0.7522768670309654
0.7542908762420958
0.7562724014336918
0.7582222222222222
0.7549823633156967
0.7569116360454944
0.7588107638888889
0.7555124892334194
0.7573931623931623
0.759245122985581
0.7610690235690235
0.7628654970760234
0.7646351575456053
0.7663786008230452
0.7673611111111112
0.7669736994554512
0.7665919024614676
0.7646739751056297
0.7663548752834467
0.7680119329055498
0.7676335792532976
0.7692585192585193
0.7708608906525574
0.7724411603721949
0.7739997825614264
0.7755371990065868
0.7763781638781639
0.7755299882816661
0.7703597883597884
0.7718805844633659
0.7733813700918963
0.7748625376076356
0.776324469181612
0.7777675371223758
0.7791921041921042
0.7805985239106258
0.7819871408479003
0.7833582909054607
0.7847123015873017
0.7860494922606724
0.7873701744072115
0.788674651864836
0.7899632210607821
0.7912361712361713
0.7912889653853509
0.7922393308620854
0.7934760015117158
0.7946980370057294
0.795905695611578
0.7970992295553699
0.7982788851974899
0.798481512065327
0.7993523079729977
0.800498866213152
0.8016323953823953
0.8027531163124383
0.8038612448724807
0.80495699210783
0.8060405643738976
0.8049022187143733
0.805974184545613
0.8045754185098445
0.805637508626639
0.8057872157872158
0.8068313705410479
0.8078643578643578
0.8040991219182706
0.8051356345007137
0.8061612364243941
0.8042965179090832
0.8027116402116402
0.8031581544534913
0.8036573392243496
0.8021001221001222
0.8031098153547134
0.8041092579163646
0.8050986050986051
0.8010528834649439
0.8020476190476191
0.8030324567638001
0.8015322960867516
0.7989913206661975
0.7999766573295986
0.800952380952381
0.801918631530282
0.8028755463538072
0.8002174908424908
0.8011733880154933
0.8014058956916101
0.8023470999774318
0.8032794249775383
0.8042029957522916
0.8051179350244771
0.8060243632336657
0.8062279541446208
0.8066088801111844
0.8074959953400321
0.8068529390447199
0.8062157287157287
0.804075989370107
0.80495852995853
0.8056089401380883
0.8064767573696144
0.807336860670194
0.8081893524371401
0.8090343332634081
0.8054859370648844
0.8063353434532473
0.805655624568668
0.8064969422112279
0.8049363711001642
0.8057735540568159
0.8066035816035817
0.8074265450861197
0.8073950766747376
0.8060980510347598
0.8069127651060424
0.8035365610679418
0.8041468253968255
0.8049594941711125
0.8057654466745376
0.8043013913384284
0.8040788446526151
0.8038581146744412
0.8046554394115369
0.805446308077887
0.8048195084485408
0.804850353796137
0.8046309523809524
0.8054093151204705
0.806181500377929
0.8069475814041032
0.807707630296213
0.8084617180205416
0.8088192894345239
0.8095631832499537
0.8103013104466593
0.8110337378194522
0.8109913003663004
0.8117154716292648
0.8124341148673211
0.8106124388919066
0.8105722402597403
0.8112870619946092
0.8119965091299678
0.8102037631532013
0.8097925550817342
0.8104996459550363
0.810460758377425
0.8111601651730803
0.8089949521475257
0.8084125530554103
0.8083818503070328
0.8090786435786436
0.8097703876236485
0.8104571371268122
0.8111389459860683
0.81181586732662
0.8089165249433107
0.8095965373100604
0.8102717268940673
0.8109421448202366
0.8116078414934048
0.811099275967697
0.811759768009768
0.8124156573198384
0.8095947696208113
0.8071778711484593
0.8049117405582923
0.8052385043364425
0.8059054957599479
0.8065679343409718
0.807225866537091
0.8078793381759484
0.8051500160875161
0.8036175244508578
0.8009208213486737
0.8015866379996814
0.8022480158730159
0.8029049992089858
0.8035576316619363
0.8012356592802137
0.8002447525062656
0.8004078844652616
0.8010601462807345
0.801708158833566
0.8023519635126778
0.8029916011712128
0.8036271121351767
0.8042585362119125
0.8048859126984127
0.8055092803894721
0.8043593923769083
0.8043455530360292
0.8044900291340165
0.8051067798307546
0.804147324548268
0.8047612827785241
0.8053714037698413
0.8059777233842654
0.804561643497979
0.8036187281930317
0.803298917303547
0.8008272283272284
0.8014381877495375
0.8018925052181933
0.8020391744096013
0.7999053167366239
0.8005116642616644
0.8006611758499976
0.8012615939950277
0.8018584060250727
0.8009546383423629
0.8005537787254206
0.8009985591458806
0.8015890678724508
0.7995133605710528
0.7977448845811679
0.7974573996265173
0.7976114834985802
0.798203262786596
0.7961676847609792
0.7967602205610926
0.7973493213710605
0.7979350169740344
0.7972205068386625
0.796510103083379
0.79709316869059
0.7976729024943311
0.7982493329715553
0.7988224882756132
0.7993923962408381
0.799535355573491
0.7988324390789178
0.7981334715534153
0.7984188119692319
0.798981887913452
0.7995418269443337
0.7978764329805996
0.7984363320582156
0.7976119223011487
0.7966543136997681
0.7972129556950984
0.796398673624701
0.7942227209645242
0.7947834219973183
0.7946617279158039
0.7952182001978749
0.7957716645216645
0.7963221452102853
0.7966008491210105
0.7971461551555385
0.7976885451150157
0.7970428571428572
0.7975826367781155
0.7981195528609322
0.7965960149491894
0.7971327009255768
0.7976665622389305
0.7967540515768862
0.795977208509931
0.796509905093456
0.7954773272156085
0.7957488146773862
0.7957022575869726
0.7942921742340346
0.7948223490427099
0.7953497980168931
0.7938232600732602
0.7942226890756303
0.7946200801749271
0.795142675390767
0.7952396059946821
0.7932263411693792
0.7937484968734969
0.794268022070289
0.7935286551806652
0.794046127222819
0.794561011904762
0.7925795629972688
0.7919761312485193
0.7924923195084486
0.7930059523809524
0.7935170487948265
0.7917678278207836
0.7922794547794549
0.7927885737628386
0.7912577133542904
0.7917668408826946
0.7906514308886573
0.789945966250578
0.788033264153119
0.7876998504715896
0.7864041881812966
0.7865169986263736
0.7870289482699555
0.78705997949419
0.7863748721445619
0.7845025510204082
0.7826391245334239
0.7816139133378469
0.7821301925025329
0.7810717093441151
0.780998599439776
0.7815126872345183
0.7820243671238988
0.7819495438362262
0.78245781995782
0.7829637320044297
0.7825392221853938
0.7830426036155202
0.7830817661937755
0.7835815777924072
0.7840790914066776
0.7845743228484054
0.7827789582652283
0.7832748967166775
0.7837685757674369
0.7842600108225108
0.7835020516142965
0.7839918659771601
0.7844794689884983
0.7841765873015872
0.7846615837346174
0.7840233290625667
0.7839472142324491
0.7835366177721088
0.7840187188461131
0.7844986772486772
0.7849765072326048
0.7854522229245681
0.7852635866708715
0.7857365743654291
0.7851085818942962
0.7853605367585631
0.7858302073564656
0.7861886566853814
0.7861098142960887
0.7865747929606624
0.7870377543642184
0.7874987116058544
0.786877764064589
0.7872293206075534
0.7876868919610854
0.788142499489066
0.7885961558070765
0.7876589845339845
0.7859795410701594
0.7864349037487336
0.7863575472651906
0.7868101795803067
0.787260898016712
0.7877097146875628
0.78815664160401
0.7873762004801922
0.7878219526804433
0.7873244172145847
0.787768416343573
0.7871688988095239
0.7869876744876746
0.7874296087729699
0.7878697131026324
0.7862418831168831
0.7866826215022091
0.7860927395649618
0.7865319741859783
0.7869694086651055
0.7861780601811277
0.7862062682215744
0.7866416933372127
0.7866688443670151
0.7871015647638366
0.7872288895315211
0.7876587301587301
0.7880868375576037
0.7885132221902845
0.7889378944348824
0.789260664185514
0.7896821428571429
0.7881059309951526
0.7885280307342061
0.7887496449872196
0.7882759353741496
0.7886951909476662
0.7891127893845284
0.7895287404902789
0.7899430539932508
0.7903557395453269
0.7907668067226891
0.7909805703103159
0.7913888113839286
0.7917954608744082
0.7922005280711506
0.7926040221914008
0.7923599575489111
0.792761582389242
0.7918746552675124
0.7921793283787504
0.7925789835164835
0.7927851658897723
0.7931821291735084
0.7916655285441135
0.7920631134133042
0.7923639455782313
0.7926636338946225
0.7912544049878016
0.7916497564935066
0.7920436132865245
0.7924359838274933
0.7928268765133172
0.79312231471536
0.7928537925489145
0.7924926431246656
0.7928805073431242
0.7929870735607677
0.7933725724926842
0.7931060807222519
0.7933971640604294
0.7935945767195768
0.7924049379456035
0.7922344491302056
0.7922487503288609
0.7926306460084034
0.7920937090432504
0.7919250392464678
0.7905686863410812
0.7909508602711157
0.791331641946396
0.7904989177489177
0.7908791374989197
0.7912579796411318
0.7906408766038061
0.7910187811586729
0.791395323895324
0.7917705121616992
0.792144353252971
0.7925168544120158
0.7928880228298834
0.7932578656462584
0.7927351243527714
0.7931039230638874
0.7934714116552481
0.7938375970955758
0.7933175305520438
0.7930201497560154
0.7933851935836063
0.792692614017438
0.7930569503724161
0.7916656223893066
0.79047375809635
0.7908400627150627
0.7912050887836228
0.7913075189425364
0.7908008971704624
0.7911640900573192
0.791526024043355
0.7918867056626572
