249
MAX PATTERN LENGTH : 5
MEAN PATTERN LENGTH : 3.90361445783
0.5
0.45
0.3
0.225
0.18
0.15
0.15714285714285717
0.1375
0.15555555555555556
0.14
0.1272727272727273
0.17500000000000002
0.16153846153846155
0.15
0.14
0.19375
0.1823529411764706
0.17222222222222222
0.1631578947368421
0.155
0.14761904761904762
0.1409090909090909
0.13695652173913042
0.15416666666666667
0.182
0.175
0.1685185185185185
0.1625
0.16379310344827586
0.15833333333333333
0.1532258064516129
0.15364583333333334
0.148989898989899
0.14460784313725492
0.14047619047619048
0.13657407407407407
0.13288288288288289
0.12938596491228072
0.13760683760683762
0.13416666666666668
0.13089430894308945
0.1277777777777778
0.1248062015503876
0.12196969696969698
0.11925925925925927
0.11666666666666668
0.11418439716312058
0.11180555555555556
0.11292517006802723
0.11066666666666668
0.10849673202614381
0.10641025641025642
0.10440251572327046
0.10246913580246915
0.10060606060606062
0.11666666666666668
0.11461988304093569
0.11551724137931037
0.11355932203389832
0.11166666666666668
0.10983606557377051
0.10806451612903227
0.10634920634920636
0.1046875
0.10307692307692308
0.10151515151515152
0.10074626865671642
0.09926470588235294
0.09782608695652174
0.09642857142857143
0.09507042253521127
0.09375
0.09246575342465753
0.0929054054054054
0.09166666666666666
0.09111842105263157
0.09642857142857143
0.09711538461538462
0.09778481012658229
0.09656250000000001
0.09537037037037038
0.09420731707317073
0.0930722891566265
0.09196428571428572
0.09088235294117648
0.08982558139534884
0.09166666666666667
0.09460227272727272
0.09353932584269663
0.0925
0.09148351648351648
0.0904891304347826
0.08951612903225806
0.08856382978723404
0.08763157894736841
0.08671875
0.08582474226804122
0.08647959183673469
0.0856060606060606
0.08474999999999999
0.0839108910891089
0.08308823529411764
0.08228155339805825
0.08149038461538462
0.08071428571428571
0.07995283018867924
0.08574766355140186
0.0849537037037037
0.08417431192660549
0.08386363636363636
0.0831081081081081
0.08236607142857143
0.08163716814159291
0.08092105263157895
0.08021739130434782
0.07952586206896552
0.07884615384615384
0.07817796610169492
0.07752100840336135
0.076875
0.07715794306703397
0.07652550091074681
0.0767163504968383
0.07609767025089605
0.07548888888888888
0.07488977072310404
0.0782370953630796
0.07762586805555555
0.07847760551248924
0.08268162393162393
0.08395886344359627
0.08332281144781144
0.08269632414369256
0.08207918739635156
0.08147119341563785
0.08234272875816995
0.08174168694241689
0.08114935587761676
0.08056554756195045
0.07999007936507938
0.08332348305752561
0.0827366979655712
0.08320707070707072
0.08297646604938272
0.08550766283524905
0.08492199391171995
0.08944633408919124
0.08917980480480481
0.08858128262490679
0.08799074074074074
0.08740802060338485
0.08814875730994153
0.0875726216412491
0.08700396825396826
0.09192652329749103
0.09133725071225071
0.09330325548478416
0.0942950070323488
0.09370195667365479
0.09350694444444445
0.09292615596963423
0.09235253772290809
0.09178595773687799
0.09122628726287263
0.09067340067340068
0.09012717536813923
0.08958749168330007
0.09232804232804234
0.09178172255095333
0.0927124183006536
0.09333983105912931
0.09657622739018087
0.0960179833012203
0.09546615581098339
0.09706349206349206
0.09651199494949494
0.09596672944130571
0.09542759051186017
0.09489447548106766
0.09436728395061728
0.09384591774094536
0.09333028083028083
0.09282027929568913
0.09367451690821256
0.09316816816816817
0.09266726403823178
0.09217171717171717
0.0930112293144208
0.09569370958259846
0.09519005847953214
0.0946916812100058
0.09419849537037035
0.0937104202648244
0.09322737686139747
0.09274928774928774
0.09227607709750565
0.09265369430344049
0.09218574635241301
0.09172250139586823
0.09251388888888888
0.09205362078496407
0.09159790979097909
0.09163929939792007
0.09119008714596948
0.09074525745257452
0.09030474649406686
0.08986849168008587
0.09184027777777776
0.09140085061137691
0.09096560846560844
0.09053449183780936
0.09069706498951781
0.09027125717266561
0.09008307372793355
0.08966408268733851
0.08924897119341564
0.08883768561187916
0.08843017329255862
0.0880263825469305
0.08762626262626264
0.08722976370035194
0.08706206206206206
0.08667164922770303
0.08695436507936509
0.08656790123456792
0.08618485742379549
0.08580518844836027
0.08542884990253413
0.08636584182435711
0.08635265700483093
0.08597883597883599
0.08647030651340995
0.08609918931807344
0.0857312440645774
0.08536643026004728
0.08500470809792843
0.0846460384435068
0.08513071895424837
0.08477452347745236
0.0844212962962963
0.08407100046104196
0.08372359963269055
0.0833790580704161
0.08303734061930784
0.08392290249433106
0.0835817524841915
0.08344579397210977
0.08310931899641578
0.08277554663096831
0.08244444444444445
0.08430721558211599
0.0839726631393298
0.08364075537988581
0.08331146106736657
0.0829847494553377
0.08266059027777778
0.08233895373973195
0.08337639965546942
0.08305448305448304
0.08465811965811965
0.08433375904640272
0.08401187446988972
0.08369243768483312
0.08337542087542087
0.0830607966457023
0.08500417710944026
0.08599667082813149
0.08586235489220563
0.08554316398182568
0.08522633744855966
0.08546535465354653
0.08515114379084968
0.08483923483923483
0.08452960259529603
0.0845858585858586
0.08464170692431564
0.08433614119534698
0.08403277378097523
0.08373158104340901
0.08343253968253969
0.08509292210359826
0.08479117415287628
0.0844915586965057
0.08419405320813772
0.08424951267056531
0.08605283605283605
0.08575300038714673
0.08545524691358025
0.08619761630142253
0.08590038314176246
0.08560519282168767
0.08651065449010654
0.08672734167614714
0.08677248677248678
0.0864783427495292
0.08618618618618619
0.08589599700710812
0.08560775540641313
0.08532144184318098
0.0852037037037037
0.08492063492063491
0.08463944076526858
0.08436010267693436
0.08408260233918129
0.0849544626593807
0.08500363108206246
0.08472674629026421
0.08656204906204906
0.08790003595828838
0.08761648745519714
0.08733476241514827
0.08705484330484331
0.08677671281505148
0.08650035385704176
0.0862257495590829
0.08595288326300984
0.08568173852085524
0.08541229909154438
0.08514454893765239
0.0859201388888889
0.08565247490481136
0.0853864734299517
0.08558651530787754
0.08717421124828532
0.08690598290598292
0.08663940013633266
0.08637444784233776
0.08611111111111112
0.0867612293144208
0.08649831649831649
0.08699227928835179
0.08673025435073628
0.0864698031364698
0.08621091151031271
0.08625207296849088
0.08599537037037037
0.08574019122980547
0.08548652202498357
0.08670927564732875
0.0866013071895425
0.0878136200716846
0.08755685510071476
0.08759313249109167
0.08777454780361758
0.08752012882447666
0.08726718047527296
0.08701569004162665
0.08690932311621967
0.08694683221903854
0.0866984126984127
0.08687875910098133
0.08663194444444446
0.08638652817123073
0.0875549278091651
0.08801251956181534
0.08846754057428216
0.0882197323373794
0.08797330850403477
0.08772825750541628
0.08748456790123457
0.08724222837796246
0.0870012277470841
0.0886899295990205
0.08844627594627594
0.08820395738203957
0.08796296296296297
0.08772328186497123
0.08816425120772946
0.08792532369768141
0.08768768768768768
0.0883947289607667
0.08815710872162486
0.08792076258564194
0.08795306001188355
0.08771851851851852
0.08748522458628842
0.08725316828765105
0.08808054085831862
0.08784813837584284
0.08761695906432747
0.08896179644211141
0.08872891215823153
0.0884972439802727
0.08930844907407408
0.08907647907647907
0.08884571099597006
0.0908125179443009
0.09057846506300114
0.09034561553841759
0.09254985754985755
0.09231315714691674
0.0929280045351474
0.0926915465083404
0.09372532430908065
0.09526019690576651
0.09501964085297418
0.09478029666946543
0.09454215522054717
0.09430520746310218
0.09431944444444444
0.09433361041839844
0.09484521835268105
0.0949820788530466
0.09474697469746975
0.09451303155006859
0.09514230979748221
0.09506210756210756
0.09482911220043573
0.09459725618038577
0.09436653116531166
0.09413692889970263
0.0939084412081985
0.09368105999461933
0.09345477724100913
0.09322958500669344
0.09300547542735041
0.0930222488675726
0.09279970760233917
0.0925782285865818
0.09235780423280422
0.09213842702560042
0.09192008952080041
0.09205739427370632
0.09219405136268342
0.09197712418300652
0.0917612154407929
0.09201470205568565
0.09179971443406022
0.09158572908572908
0.09137273901808785
0.0923208301108533
0.0921071244855967
0.0918944059532974
0.0916826676907322
0.09377075351213282
0.09355568297655453
0.09471459445715738
0.09449835109081683
0.09428309288787648
0.09406881313131313
0.09385550516502897
0.0936431623931624
0.09546338098821168
0.09599912412412412
0.09600811485642946
0.0965776033881415
0.09748011434253046
0.09744853670634922
0.09789965355110121
0.0976820987654321
0.09746550874599655
0.0980242133726647
0.09780782438067206
0.09869371023005385
0.09891636141636143
0.09913803606237817
0.0989211038171651
0.10016072295002428
0.10212115710481724
0.10189915458937199
0.1018950349481803
0.10248617123617125
0.10226481881449485
0.10258321360153257
0.1023626045400239
0.1021429422985217
0.10192422079467048
0.10170643399810067
0.10148957592987444
0.10127364066193853
0.1010586223165841
0.10084451506591337
0.10234907211651398
0.10223863103609938
0.10265497076023392
0.10243930905695611
0.10306312601910086
0.10483496048349605
0.10600788680120622
0.10601851851851853
0.10777315777315777
0.10754956201014292
0.1073268921095008
0.10793158861340679
0.10822451317296677
0.10851623228166438
0.10829340634268765
0.1082764116575592
0.10805498750284026
0.10783446712018141
0.10761484498755375
0.1078026196928636
0.10859815190443994
0.1083783175888439
0.10916947250280584
0.10894937275985664
0.10953498770400179
0.10931503792949576
0.10919617011801382
0.10907777777777779
0.10895985806165448
0.11033643204957946
0.11021647890435168
0.11009700176366845
0.10987898789878987
0.10966183574879226
0.10944554021477099
0.10932852143482065
0.10911373062650077
0.10929193899782134
0.1095672972385301
0.10935329861111111
0.11060212259042668
0.11038694336359706
0.11114347357065803
0.11276916451335056
0.11255104233827638
0.11233376233376234
0.1121173196317705
0.11344017094017093
0.11514182128385583
0.11616645381013196
0.1177607818143191
0.11791772688719253
0.11769312169312168
0.11918039712716517
0.11904912502635462
0.11882365319865318
0.1185990338164251
0.11837526205450732
0.11815233312408452
0.11793024227234752
0.1177089847821555
