11089
MAX PATTERN LENGTH : 5
MEAN PATTERN LENGTH : 4.9030570836
0.8
0.875
0.5833333333333334
0.55
0.47333333333333333
0.49444444444444446
0.45238095238095244
0.39583333333333337
0.40740740740740744
0.3816666666666667
0.3560606060606061
0.3513888888888889
0.3243589743589744
0.3154761904761905
0.3011111111111111
0.34479166666666666
0.32450980392156864
0.32037037037037036
0.3350877192982456
0.3183333333333333
0.30317460317460315
0.28939393939393937
0.2833333333333333
0.2798611111111111
0.30866666666666664
0.30833333333333335
0.30617283950617286
0.29523809523809524
0.2885057471264368
0.2838888888888889
0.28118279569892474
0.29322916666666665
0.28434343434343434
0.2774509803921569
0.27666666666666667
0.27037037037037037
0.2630630630630631
0.256140350877193
0.2700854700854701
0.2658333333333333
0.2727642276422764
0.26626984126984127
0.26007751937984497
0.26666666666666666
0.2607407407407408
0.255072463768116
0.249645390070922
0.2454861111111111
0.2523809523809524
0.24733333333333335
0.24493464052287583
0.24022435897435898
0.23946540880503145
0.23503086419753086
0.2353030303030303
0.24895833333333334
0.2445906432748538
0.2576149425287356
0.2600282485875706
0.25569444444444445
0.2515027322404372
0.24825268817204302
0.2522486772486773
0.24830729166666665
0.2529487179487179
0.24911616161616162
0.2461442786069652
0.24252450980392157
0.2390096618357488
0.2355952380952381
0.232981220657277
0.23043981481481485
0.22728310502283108
0.2326576576576577
0.22955555555555557
0.2278508771929825
0.23398268398268401
0.23931623931623933
0.23691983122362872
0.24145833333333339
0.23847736625514407
0.23739837398373986
0.23875502008032132
0.23888888888888893
0.24196078431372553
0.2478682170542636
0.2519157088122606
0.25416666666666665
0.25692883895131086
0.2574074074074074
0.2556776556776557
0.2528985507246377
0.2512544802867384
0.248581560283688
0.2564912280701755
0.25590277777777776
0.25326460481099655
0.2583333333333333
0.2595117845117845
0.2569166666666667
0.2543729372937294
0.2531045751633987
0.25501618122977343
0.25256410256410255
0.25206349206349205
0.25676100628930815
0.2627725856697819
0.26033950617283946
0.26437308868501525
0.2628787878787879
0.2623123123123123
0.2599702380952381
0.25877581120943954
0.2565058479532164
0.25427536231884057
0.2520833333333333
0.24992877492877494
0.24781073446327684
0.24614845938375352
0.24493055555555554
0.2452020202020202
0.2456511839708561
0.244873532068654
0.2509632616487455
0.24895555555555554
0.24697971781305114
0.24818460192475938
0.24819878472222223
0.24627476313522823
0.24822649572649574
0.2520568278201866
0.2501473063973064
0.24826649958228905
0.24641376451077945
0.24458847736625516
0.24279003267973856
0.24101784266017845
0.23927133655394525
0.23790967226219023
0.24013888888888885
0.24127265563435776
0.2395735524256651
0.23964646464646466
0.23971836419753087
0.24013409961685822
0.23848934550989345
0.24026832955404384
0.23864489489489488
0.23704325130499626
0.23546296296296296
0.2339036055923473
0.23466739766081876
0.23313362381989838
0.23324314574314578
0.23399641577060934
0.23730413105413106
0.23770346779900925
0.2399964838255978
0.23943046820405314
0.23871527777777782
0.2397170462387854
0.23823731138545956
0.23892297205180643
0.2383807588075881
0.2381481481481482
0.23671352074966537
0.23619427811044577
0.2404431216931217
0.2431623931623932
0.24761437908496733
0.2487979207277453
0.2511304909560723
0.25025690430314707
0.24881864623243932
0.25025396825396823
0.2488320707070707
0.24742623979912115
0.24744069912609237
0.24838609559279948
0.24978395061728392
0.2484039287906691
0.24703907203907202
0.2456891317547055
0.24870169082125604
0.24870870870870873
0.2473715651135006
0.24671717171717172
0.24779846335697397
0.24992651381540273
0.24861111111111112
0.24730948225712626
0.24914641203703702
0.24785549798503165
0.24786655211912942
0.24659544159544158
0.24533730158730158
0.2474760293288212
0.24622615039281706
0.2456169737576773
0.2443888888888889
0.2441680486456606
0.24295929592959298
0.24274767378215653
0.24155773420479304
0.24062330623306236
0.2394552319309601
0.2395061728395062
0.2422008547008547
0.24104199893673578
0.2398941798941799
0.23970510795155348
0.2403432914046122
0.23921491914449663
0.23926531671858778
0.2390826873385013
0.2379758230452675
0.23918330773169483
0.23831549439347607
0.23722729578893964
0.23614898989898991
0.23508044243338364
0.236498998998999
0.2354384653712008
0.23528025793650795
0.2342345679012346
0.2331981317600787
0.2321708272148801
0.23115253411306044
0.233418243571082
0.2324033816425121
0.23334535834535836
0.2344947318007663
0.23348831664282307
0.23249050332383667
0.23256501182033099
0.23299199623352168
0.23200890764181906
0.23229458450046686
0.23132264063226407
0.2305671296296296
0.22961041954817887
0.23072773186409548
0.23121856424325563
0.23109061930783242
0.23239229024943314
0.23170167118337853
0.23177575348627982
0.23084117383512545
0.22991410084783578
0.22999444444444445
0.2314685701637893
0.23055004409171076
0.22983640755379886
0.22893153980752404
0.22803376906318082
0.22714301215277777
0.22625918720276697
0.22925818260120584
0.22837301587301587
0.22941773504273502
0.2310291613452533
0.23014737065309585
0.22927228559357837
0.22878261784511783
0.2303721174004193
0.2321376357560568
0.2327663337494798
0.2333903399668325
0.23438145394465099
0.23555041152263376
0.2356037310373104
0.23473754084967322
0.23442714692714692
0.23430150040551503
0.2349040404040404
0.23441525764895332
0.23537404733253112
0.23452737809752203
0.23458283552369577
0.23410218253968254
0.23558224594701466
0.23494385342789598
0.23411366313309775
0.23504988262910798
0.23562865497076024
0.23760198135198135
0.23720963995354238
0.23638599537037036
0.2379901960784314
0.23785919540229883
0.23704180985108816
0.23845605022831048
0.23968998862343568
0.24074546485260773
0.2402683615819209
0.23945664414414414
0.23865039281705946
0.23952740492170022
0.2410674470457079
0.2420972222222222
0.24129291251384274
0.24231512141280356
0.24234048404840486
0.24302357456140355
0.24271857923497267
0.24241557734204797
0.24195168295331163
0.24425054112554115
0.24507820927723842
0.24428763440860216
0.2435021436227224
0.24288194444444444
0.2424254526091587
0.24165339702760089
0.24167989417989422
0.24202267932489457
0.2428364879074659
0.24395964360587005
0.24460553814002095
0.24540364583333335
0.24495067497403944
0.2441899585921325
0.24498194014447883
0.24623199588477368
0.24762820512820513
0.246868609406953
0.2484072375127421
0.24841209349593496
0.25054457953394127
0.2505429292929293
0.25159869083585096
0.25251422356091036
0.251755922589256
0.2519003659347971
0.2518946932006634
0.2511450066137566
0.25114160896801846
0.25039858645627877
0.25216732218944604
0.25216094771241826
0.2528877484522646
0.25214831059129306
0.2522878198898607
0.25242651808785527
0.2516948470209339
0.25371307000642257
0.2544228306115914
0.25397908684546616
0.25368115249920403
0.2529563492063492
0.2526630262741374
0.2527569218975469
0.2520408966230496
0.25231761725405794
0.25442376481108875
0.2555349340110576
0.25621971010626476
0.2559695619402323
0.2552565548039086
0.25454750881834215
0.25384239106538276
0.254061979303692
0.2552904586995496
0.25541328710971567
0.2547135246792781
0.2563399904588429
0.2556415163703992
0.2560337948585231
0.2553399363358713
0.2549200986700987
0.2559850040645189
0.25529687233316267
0.2572933954636368
0.2574075842458195
0.25938783068783067
0.25936286305302264
0.25907277588312067
0.2597101494918955
0.2592447753067806
0.25856255221386804
0.259065012706745
0.258386832045209
0.2580023001367649
0.25993458581349205
0.2604138321995465
0.2597391849658689
0.2610060087773266
0.260333312878416
0.25966407557024523
0.26117775742775745
0.261021292575001
0.2616309321347587
0.2613468839613878
0.2619526025300137
0.2633147478400643
0.26264981160814493
0.26249200351845187
0.2619581040121241
0.2624293869594621
0.2622733134920635
0.2637389660768713
0.2648241925294164
0.2646633384536611
0.2640082311802609
0.263850186165001
0.26480129408085074
0.26461136461136464
0.2639628073451603
0.2638064190631428
0.26316298877274485
0.2625226895299888
0.261885498535984
0.2616145893385603
0.2609826700406411
0.2605947599923503
0.2599683302808303
0.26018423356552856
0.25956178324599377
0.25894230404970264
0.2583257747543462
0.25771217433925275
0.2571014819829986
0.2573211002289017
0.2574217580113807
0.25720821661998133
0.25707392503167154
0.2572915504999814
0.25669040201750487
0.2560920560920561
0.2554964931709118
0.2560637866902368
0.2554710464432687
0.25488104402654055
0.2550618096701046
0.2550501733260354
0.25480923256152616
0.25525589335657983
0.2546731173443502
0.2544346819973244
0.25578823953823954
0.2553215995392866
0.25474394886159596
0.25597477516213407
0.25614900614900615
0.2571464241127163
0.2576909388568582
0.2577855900003551
0.2577682114512472
0.25797362746137803
0.2576225749559083
0.25749480871432096
0.2575888467481388
0.2570202179473703
0.25769308090343335
0.2576761730333159
0.25820758493455864
0.2576425792782467
0.25780784293338876
0.25942481931044026
0.2588608523119393
0.25905855111386566
0.2593095066309352
0.25907341698378417
0.25894610358511216
0.25871181088923023
0.2591223005654336
0.25856743482546485
0.258014940306607
0.25767802145733915
0.2573425363053023
0.25679616149361373
0.25625210182943237
0.25782450753380987
0.25770251490188195
0.2571599832915622
0.25661973122582366
0.25650103157964793
0.2577426612206947
0.25929225900520264
0.25956225198412697
0.2605818730818731
0.26055991898834224
0.2600204574583457
0.2610328118850846
0.2623502700049092
0.2623248579267098
0.26301823604185
0.26278664129586254
0.2622492453013925
0.26184159378036925
0.2615119774997575
0.26108207510646536
0.26156669564377477
0.2615432812801234
0.2621512746512747
0.2620259696620584
0.262806601513845
0.26428690954293366
0.2646590800648917
0.26472976190476194
0.2648001615815987
0.2657666951242648
0.26553654264886867
0.26580333522297805
0.2663661008958038
0.2661361283643892
0.2656112050342819
0.2654820491188601
0.26594279165497237
0.2654213352007469
0.265391156462585
0.26511695498511906
0.2662570778798849
0.26671183064665555
0.26803860379103095
0.26926333517903284
0.26874251634889934
0.2682237084022798
0.2679959170566107
0.26930746336996336
0.27070994424641254
0.27124498266739644
0.2721603842301739
0.273549391130498
0.2735045351473923
0.2746005341300018
0.27445897713924283
0.27422325937950937
0.2742719866774687
0.27501235399820306
0.2744944399605416
0.2739784729681346
0.27346444206200304
