11089
MAX PATTERN LENGTH : 5
MEAN PATTERN LENGTH : 4.9030570836
1.0
0.925
0.9500000000000001
0.8875
0.9099999999999999
0.9249999999999999
0.9357142857142857
0.94375
0.9500000000000001
0.9550000000000001
0.8681818181818183
0.8791666666666668
0.8884615384615385
0.8964285714285715
0.8833333333333333
0.890625
0.8764705882352941
0.8833333333333333
0.8894736842105262
0.8783333333333333
0.8841269841269841
0.8893939393939394
0.8942028985507247
0.8986111111111111
0.8846666666666667
0.8891025641025642
0.8932098765432099
0.8970238095238096
0.9005747126436782
0.9038888888888889
0.903763440860215
0.8755208333333333
0.8792929292929292
0.8828431372549019
0.8861904761904762
0.8893518518518518
0.8923423423423423
0.875438596491228
0.87008547008547
0.8733333333333334
0.8520325203252034
0.8555555555555556
0.8589147286821707
0.8621212121212122
0.8651851851851853
0.8681159420289856
0.8709219858156029
0.8736111111111112
0.8761904761904763
0.8786666666666667
0.881045751633987
0.8641025641025641
0.8506289308176102
0.8533950617283951
0.8551515151515152
0.8425595238095239
0.8453216374269007
0.8479885057471265
0.842090395480226
0.8280555555555557
0.8308743169398908
0.8336021505376344
0.8362433862433863
0.8388020833333334
0.8258974358974359
0.8285353535353536
0.8310945273631841
0.8299019607843138
0.8323671497584542
0.8333333333333334
0.8215962441314554
0.8240740740740741
0.8264840182648402
0.8213963963963965
0.8157777777777778
0.818201754385965
0.8205627705627706
0.810042735042735
0.8124472573839663
0.8147916666666667
0.8170781893004115
0.8071138211382114
0.8094377510040162
0.8051587301587302
0.8074509803921569
0.8096899224806202
0.8118773946360154
0.8140151515151516
0.8161048689138578
0.8175925925925926
0.8195970695970697
0.8215579710144929
0.8234767025089607
0.8253546099290782
0.8271929824561405
0.8289930555555557
0.8307560137457045
0.832482993197279
0.8240740740740742
0.8258333333333334
0.8176567656765678
0.8161764705882354
0.8114886731391586
0.8133012820512822
0.8055555555555557
0.8064465408805033
0.8082554517133957
0.810030864197531
0.8025993883792051
0.8043939393939395
0.7971471471471473
0.7900297619047619
0.7918879056047198
0.7937134502923977
0.7955072463768116
0.7886494252873564
0.7904558404558405
0.7918079096045199
0.7851540616246498
0.7869444444444444
0.7887052341597797
0.7904371584699453
0.7921409214092141
0.7938172043010753
0.7954666666666667
0.7970899470899471
0.7986876640419948
0.8002604166666667
0.7979328165374677
0.7994871794871795
0.8010178117048347
0.8025252525252525
0.8040100250626566
0.8054726368159204
0.8069135802469136
0.8072303921568628
0.8034237052485228
0.7996721877156661
0.7978759849263446
0.7993197278911565
0.8007429922323539
0.7971160295103957
0.7985347985347986
0.798941798941799
0.800328407224959
0.8016960208741031
0.8030450275348234
0.8023487773487774
0.8003195909236178
0.794984126984127
0.7963418479974772
0.7976817042606517
0.7990040460628697
0.8003092145949289
0.8015975422427035
0.8028693528693529
0.8041249620867456
0.8053646775165763
0.8065887990416293
0.807797619047619
0.808991422656019
0.8101704879482657
0.811335086181712
0.8124854819976771
0.8136219336219337
0.8141422834193919
0.814357000285144
0.8154620181405896
0.8135953789799945
0.8146918767507003
0.8157755499860764
0.8127768549280177
0.8138590696394163
0.8149288451012588
0.8159863945578231
0.8170319264069263
0.8180656443368307
0.819087747458534
0.820098430433626
0.8210978835978835
0.8209813207050776
0.8219649398220826
0.8174733281290658
0.8168348861283643
0.8163234663234663
0.817310974569039
0.8182879212290977
0.813935325903411
0.8149197950785252
0.8158939014202172
0.8163342474860801
0.8146866732804233
0.8150711407188092
0.8121584028800524
0.80998778998779
0.8109572400388727
0.8119168479574571
0.8128667628667628
0.8087820052644173
0.8097380952380954
0.8106846718787019
0.8116218764733617
0.810086793338025
0.8110177404295053
0.8119396051103369
0.8128525196486363
0.8137566137566139
0.810084706959707
0.8109933925723399
0.8118934240362812
0.8127849243962988
0.8136680143755616
0.8145428124301364
0.8154094348019582
0.8162679955703211
0.8161926807760141
0.8160156535732573
0.8168596184651231
0.817695875915054
0.818524531024531
0.8163290957408605
0.8155798655798656
0.8164068616983415
0.8172264739229025
0.8180388007054674
0.8188439387554431
0.8163380183203972
0.8127575884154832
0.8135752408678173
0.8122118702553485
0.8130248058819487
0.8114360974274768
0.8122453845629811
0.812620404287071
0.8134177642688282
0.8135727737422653
0.8143593865112853
0.815139389088969
0.8117287640300193
0.8125132275132275
0.8132911809260357
0.8140627049717959
0.8121529819060683
0.8123080926359615
0.8116456106252025
0.8124112788746936
0.8131707473812737
0.810899897593446
0.8109063237075286
0.8116626984126984
0.8124130462277873
0.8113717246157722
0.8121172909216386
0.8089199787526559
0.8096693121693121
0.8092409164186508
0.809983169662158
0.8085878860588164
0.8088979285407857
0.808671398046398
0.8094044578239981
0.8101319217254331
0.8078965236284628
0.8078666125541126
0.8084029649595688
0.8091232545649839
0.8073412698412699
0.8080601457000711
0.8087736767569481
0.8087411816578483
0.8094469337550518
0.8076965161064426
0.8065694226408512
0.8067279283976364
0.8074307359307359
0.8081284506556246
0.8088211277290699
0.8095088215142172
0.8092955282471411
0.8064051870748299
0.8070941365870191
0.8061824552516043
0.8068673229008918
0.8075473675385647
0.8082226399331662
0.8083104395604395
0.8089783474365355
0.809641617063492
0.8072245564892624
0.8051306787082649
0.8058003327333224
0.8049243041965646
0.8038836069126172
0.8045506694741389
0.8052132095776164
0.8058712730587732
0.8046730532841644
0.8024761638436134
0.8031367786802569
0.802959656084656
0.8021192585561356
0.8022226164196362
0.8018852480486144
0.799247467627402
0.7989220660941972
0.7992523861396411
0.7995805542629647
0.799744253762111
0.8001226434478862
0.8007674091141833
0.8014080283774818
0.8020445411070412
0.8026769866626097
0.8033054039025377
0.8032949105568153
0.8031262557765723
0.8037473085974663
0.801219801337726
0.8018429367567299
0.8024621775793651
0.8030775602037284
0.8029127230602386
0.8019749127721264
0.8025861013129533
0.8031935286935288
0.8037972295257572
0.8043972379981554
0.8046887098335269
0.8022428474936073
0.8022360509860512
0.802078238143193
0.8019213759801112
0.800113804280471
0.8007122659443019
0.8013071547026771
0.8010056453136811
0.8015961330130471
0.8011476237437777
0.7987843564170999
0.7967291083099908
0.7964454452357678
0.7970406339923883
0.7950084455550928
0.7956043512366187
0.7961968023924545
0.7938956555647307
0.793480970678377
0.7923502782338989
0.7929452631100196
0.7935368480725624
0.7941250621806177
0.7934473079004328
0.7940324430055308
0.7937668146354586
0.7942069081153588
0.7930995853397539
0.7936791383219954
0.7942554535780793
0.7948285581642127
0.793870701058201
0.7944416963461285
0.7939736253617469
0.7931637806637807
0.7937320120355834
0.7915574037834312
0.7893946786364819
0.7899685350979628
0.7894070263975155
0.7899777390631049
0.787842664092664
0.7884145167500962
0.7888488863287251
0.7894149751053237
0.7899780366692132
0.7890566137566138
0.7896176334008782
0.7901756768136079
0.7907307676156884
0.7906232985718474
0.7911742898913953
0.7914599216764572
0.791220497797723
0.7917656139914625
0.7897037243716931
0.7902499484642341
0.7882026688050005
0.7868119642344449
0.7869748199967271
0.7875224425674296
0.7872980260480261
0.7878420208663176
0.7877454850988015
0.787437396502282
0.787976895495931
0.7859820172794856
0.7851335778419112
0.785674803086642
0.7862133086065247
0.7867491148506186
0.787157242063492
0.7876880220084709
0.7875942707099424
0.7879972625940368
0.7885220218450416
0.7884269057417206
0.7889480217374306
0.789466576966577
0.7899825902583255
0.7904960802576939
0.790275358110724
0.7891635770285406
0.7884617236862383
0.7865526153964411
0.7868266428954837
0.7850511570089883
0.785567860958486
0.7860820867115831
0.7864742348294981
0.7869838428609313
0.7858243575207862
0.7863330882630171
0.7861285074851427
0.7855702840631918
0.784503687481282
0.7850107376283848
0.7831679894179895
0.7836757927214603
0.784181223112298
0.7846842971842973
0.785185031376892
0.7856834419769456
0.7861795451205175
0.786673356794604
0.787164892838856
0.7876541689472725
0.7881412006698705
0.7863376738948823
0.7860264006668117
0.7865138120548144
0.786999007936508
0.7861214591656769
0.786605347267112
0.7870870507721524
0.7875665844415844
0.7880439629035134
0.7870618015517119
0.7863077483043928
0.7856686685090704
0.785589228267402
0.7856212522045856
0.7860965931087883
0.7853530165753617
0.7845023476645993
0.7849770120970562
0.7849001395429966
0.7853718497632971
0.7858414956062658
0.7857632390656408
0.7860121208977419
0.7864773119392685
0.7847712874014393
0.7830726482512197
0.7830012170454935
0.7834688868363437
0.7839345451442226
0.7843982049185912
0.7848598789979947
0.7840375288291955
0.7844980031813721
0.7849565180682202
0.7849884575203047
0.785443990449287
0.7858975972348066
0.7863492900676445
0.7857464494569758
0.7846209317060158
0.7846531729393366
0.7834300491465763
0.7838821784802996
0.7822490906084656
0.7824938949938951
0.7829451524731609
0.7833945413914359
0.7822924865538503
0.7827413680248733
0.7821595956626822
0.7826069065545452
0.7830523842050481
0.7834960398610705
0.7839378846776806
0.7843779297190703
0.7836982997806168
0.7841370456228468
0.7827521528179423
0.783191037357704
0.7836281522017409
0.7840635080323209
0.7844971154459106
0.7847285841524319
0.784759126984127
0.7851887494851566
0.7844546417504585
0.7844855470352488
0.7848139487276392
0.7850420399182775
0.7854668580212059
0.7858900003130772
0.7856553087114111
0.7854870271618798
0.7859076408341115
0.7863266082688783
0.7867439391121032
0.7871596429344967
0.7875737292322895
0.787986207427955
0.7877510920388827
0.7881616315126954
0.7872835846050131
0.7870190690277395
0.7873324938949939
0.7876447155957713
0.786135817673174
0.7846326899147167
0.7850436962316734
0.7848817082388511
0.7852906783752791
0.7856980964428782
0.7852516985329485
0.7856576499534912
0.7860620694818808
0.7864649657728754
0.7868663474161595
0.7870786056761667
0.7869155371262112
0.7866596202343866
0.7860315239279791
0.7864299754662883
0.7866410721661651
0.7870369143328326
0.7874312904174015
0.786715151248423
0.7871086657295144
0.7875007308018358
0.78789135445845
0.7882805446337556
0.7876609831966974
0.7864952409970691
0.786884848221527
0.7872730361118339
0.7864476911976912
0.7868352634459713
0.787221431446975
0.7864307959470709
0.7868162999255057
0.7872004147004148
0.7875831477675004
0.7879645065686359
0.788344498492348
0.7869342221086407
0.7873146967120181
0.7868025493025492
0.7862922244817262
0.7866718120048493
0.7870500534729258
0.7874269560331507
0.7878025267822087
0.7881767727667198
0.7879335038005812
0.7883062041453958
0.7873618072960178
0.7871504322686459
0.7875225468975469
0.7878933626970276
0.7875660223438969
0.7864861973775017
0.7856416032848325
0.786013108305136
0.7863833278409403
0.7867522685527867
0.7871199370552819
0.785765169521624
0.7854459853815524
0.7840987366930763
0.7827561018699717
0.7814180572513906
0.7806534075518716
0.7810270814742705
0.7813994843969333
0.7817706227935429
0.7821405030938928
0.7819169151021943
0.7805961095023596
0.7809660991996575
0.7799038667094224
0.77859310390823
0.7784053078725898
0.7771014463853659
0.7773905744014441
0.7777622095026102
0.7781326058201059
0.7785017695375434
0.7777622870853769
0.7781308405064624
0.7784981735519816
0.7786990030171849
0.7774140211640211
0.7777807196464528
0.7775294355680868
0.7771558240154299
0.7768654046317981
0.7772306003688984
0.7775946026558772
0.7779574173334369
0.7783190502042294
0.7776225964640598
0.7779835987425273
0.7783434308353271
0.7787020984229722
0.7790596071492679
0.7778030593958013
0.778160864453135
0.7777940463430817
0.7781507172157253
0.778506244912495
0.778860634920635
0.7792138926923272
0.7795660236449711
0.77991703316146
0.780266926590456
0.7806157092466617
0.7809633864110885
0.7797276848503114
0.7800756663908323
0.7804225501977868
0.7807683414573179
0.780798579914146
0.7796513293962274
0.7799967034880828
0.7803409965968652
0.7806842137896826
0.7800903226605255
0.780432861098749
0.7807743340985954
0.7811147466232871
0.7814541036052665
0.7802444223303356
0.7801203969480631
0.7804597173231432
0.7801046176046176
0.7804429181929182
0.7807801794552947
0.7811164061739215
0.7799202095335327
0.7802567229746129
0.7803632012601479
0.7806980134533489
0.7810318064313498
0.7813645848410287
0.7816963533010575
0.780511964886965
0.7806927334726125
0.7801931976214452
0.7805247312600253
0.78070466389367
0.7802825516171381
0.7806124576957911
0.7809413745508199
0.7812693066248456
0.7814467815028353
0.7816983534707415
0.7820236912450026
0.7823480607520787
0.7826714663081678
0.782993912203853
0.7833154027042917
0.7828962970789894
0.7832169820168344
0.782061794727724
0.7823827641022045
0.781232201213819
0.7815534461459572
0.7804074733510218
0.7807289851030701
0.7795875684581826
0.7799093384312363
0.7802301702994123
0.7805500681592386
0.7808690360834255
0.7811870781210403
0.7815041982976765
0.780735017113454
0.7803293306725387
0.7792033143223619
0.7788010040711769
0.7783998515473335
0.7779998517606276
0.7783183598642709
0.7779196229590212
0.7782373345141584
0.7779112811791383
0.7782280981817359
0.7771195111472889
0.7774365530944478
0.7763322398088023
0.7766494990431161
0.775549428931157
0.7758668979142812
0.7761834700923684
0.7764991492600801
0.7768139391906997
0.7771278436362825
0.7765045367397896
0.7768179946125249
0.7771305744520031
0.77744227994228
0.77775311474683
0.7766683823692193
0.775586671530265
0.775898790206857
0.7762100418871253
0.7760349932853399
0.7763451941256649
0.7764470679927112
0.7767558427606771
0.7761442255062945
0.775832732082732
0.7761410777057268
0.7756930817198674
0.7760007729657935
0.7763076212220048
0.7766136299481032
0.7755526823662069
0.7758588860737564
0.7748018576186151
0.7743599503293381
0.774666526483782
0.7741581594193534
0.7744641781735278
0.7747693687308032
0.7750737344487344
0.7753772786667523
0.7752756920378214
0.7755781473648231
0.7758797896398701
0.7755094811974006
0.7758104068258223
0.7761105267631371
0.7764098442407265
0.7767083624727149
0.7770060846560846
0.7773030139707902
0.7775991535798717
0.7778945066295665
0.7774522651677825
0.7777470303794808
0.7767182644662805
0.7770132205237886
0.7759881371194037
0.7762832779137128
0.7765776420217211
0.7768712325052668
0.7762891617714452
0.7765823607730554
0.7768747922380121
0.777166459176263
0.7774573645820382
0.777747511433952
0.7780369026951058
0.7783255413131875
0.7783248299319728
0.7786123463652647
0.7788343510979521
0.7791204644859236
0.7789751753414543
0.7790453149001536
0.7793300503190966
0.7796140528283385
0.779897325254009
0.7801798704077266
0.7799488705738705
0.7802306261813304
0.7805116611862136
0.7807919783494496
0.7804976008260446
0.7801402790415528
0.7801019326305585
0.7797460216615235
0.779391014019821
0.7796706198322167
0.7797596443640747
0.7800380771777737
0.7800001503126505
0.7802775776136432
0.7805543061053137
0.780138514525307
0.780414722421632
0.7806902371990202
0.7809650614631818
0.7803005244651052
0.7805751488095238
0.7808490874502111
0.779875460159126
0.7801495878550673
0.7804230336413173
0.7794535640343094
0.7797271948481626
0.7797523160441377
0.7800248998114098
0.7802968097003945
0.7805680482069371
0.7801604427220951
0.7804311810931269
0.7807012534411059
0.7809706622206622
0.7812394098743792
0.7815074988328665
0.7817749315148336
0.7820417103271626
0.7823078376649806
0.7825733159117305
0.7820261295748507
0.7822913045996989
0.7822520685066251
0.7825163257050394
0.7827799422799423
0.7830429205580538
0.7833052628548397
0.7823592420059812
0.7826217760928256
0.782100545037292
0.7823627585811701
0.7826243418040293
0.7816848167838564
0.7807475448212858
0.7810101226119189
0.7812720722260196
0.7815333959151163
0.7817940959199908
0.7820541744707418
0.78171839569161
0.7819779457561858
0.7822368793122949
0.7824951985539174
0.7827529056646355
0.7820895557434019
0.7823471331006793
0.7826041022469594
0.7828604653339325
0.7831162245031504
0.7833713818860879
0.7832342435603307
0.7834886634622551
0.7834494035988762
0.782532015538456
0.7821430892044927
0.7823975949414034
0.7826515067326036
0.7823220760720762
0.7822262412920156
0.7824794665928387
0.7827321036815811
0.7829841546053844
0.7825114035571742
0.7827631264697238
0.7830142673639784
0.7832648282561678
0.7835148111532195
0.7830601729939287
0.7825618298719564
0.7828117588031381
0.7830611138446959
0.7833098969710208
0.7825844560810197
0.7828332152845883
0.7830814058956916
0.783329029861564
0.7824358382653708
0.7826836334381893
0.7829308647994655
0.7827987463924965
0.7830452858404051
0.7823464438685528
0.7825929371371048
0.7828388727285787
0.7819543090305803
0.7813539091332545
0.7816004097993952
0.7818463552838553
0.782091747460139
0.7823365881933297
0.7818326563696935
0.7810807263862197
0.7813258767486092
0.7813467650296511
0.7806972155715173
0.780941973143424
0.7811861849905327
0.7814298529359776
0.7809314140932607
0.781174823633157
0.781417692863309
0.7811056998556999
0.7813481077185397
0.781589979280798
0.7818313163202667
0.7820721206068889
0.7823123939028019
0.7818179235717782
0.7820579478582779
0.7811985435199721
0.7803410259090829
0.7805818800473405
0.7808222065752186
0.7810620072244798
0.7813012837193165
0.7804483347196229
0.7806877585639854
0.780926660787772
0.7804396169058845
0.7803521825396825
0.7805906709408338
0.7803405725992494
0.7805785568109512
0.7808160259053116
0.7810529815529816
0.7812894254173952
0.781525359154809
0.7817607844143404
0.7814574897056059
0.7806709762758149
0.7809065606192351
0.781141639416854
0.7813762142942207
0.7814496872981884
0.7816834309481369
0.7819166751458418
0.7821494214904033
0.7823816715741023
0.781548464256132
0.7816035545423843
0.7818356442825093
0.7818018484817847
0.7820332357050278
0.782264132701103
0.7814363399680859
0.7806102973254135
0.779785999228977
0.7791216680061617
0.7793544165119508
0.7795866750208856
0.7798184450786975
0.7800497282246233
0.7802805259914389
0.780510839905494
0.7798244411202526
0.7790087251776583
0.7785865635003566
0.7785045315969117
0.7787354966317428
0.7787055638227514
0.7789358389904697
0.7791656354156355
0.7793949545896587
0.7785864535994205
0.7788158976889548
0.7781822028328239
0.7773774642569885
0.7776074462154007
0.7778369534948482
0.7780659875634102
0.7782945498831183
0.7785226419099875
0.7787502650940471
0.7789774208793715
0.7789761904761905
0.7792026492974239
0.7794286445386752
0.779654177621969
0.7798792499635196
0.7801038629737609
0.7803280180573758
0.7805517166133256
0.7807749600348787
0.78099774970964
0.7809944807026026
0.7807602063814031
0.7809823338318779
0.7812040116316432
0.7814252411446547
0.781646023729357
0.7818159066519309
0.7820358502944189
0.7822553509487045
0.7818037191402382
0.7820230118848209
0.7822418642825268
0.7824602776583719
0.7826782533320609
0.7828957926180148
0.7831128968253968
0.7833295672581386
0.7835458052149669
0.7837616119894285
0.7829809729336621
0.7831969122640764
0.7834124222916469
0.7830689144244258
0.783284123834719
0.7834989066654081
0.7837132641835611
0.7839271976512332
0.7841407083254909
0.7838602140428399
0.7840733696502927
0.7839576980217374
0.7841703380827397
0.7843825599725305
0.7845943649234416
0.7848057541629672
0.7850167289137877
0.7852272903937938
0.7854374398161091
0.7846696612825645
0.7848799448164683
0.784894696089818
0.7851043503821281
0.7853135963895458
0.7855224353035637
0.7857308683110432
0.7859388965942363
0.7861465213308084
0.7857077488618186
0.7859151953779253
0.7851551226551227
0.7853627022467602
0.7855698811055954
0.7857766603909323
0.7859830412576078
0.7861890248560124
0.7863946123321124
0.7865998048274705
0.7868046034792676
0.786577561673439
0.7861434196922703
0.7858695982380193
0.7860743118152296
0.7862786343445369
0.7857669180903913
0.7859711440979316
0.7852226001511716
0.7854269554317128
0.7856309222041161
0.7858345015752424
0.7858005029968977
0.7860035356954789
0.7862061838624339
0.7864084485891487
0.7866103309628829
0.7868118320667896
0.786069556753519
0.786271187708511
0.786263190147371
0.7862761128283235
0.7855371315192744
0.7857385051047023
0.7859395008785253
0.7861401199030065
0.7863403632364306
0.7865402319331225
0.7867397270434654
0.7869388496139197
0.7864379738213694
0.7866370064645927
0.786509783925985
0.7865921004060539
0.7860469404614386
0.786245596969831
0.7864438849132727
0.7865491269105727
0.7867467666078777
0.7869440406443182
0.7871409500337412
0.7873374957862492
0.78725692614069
0.7874530027064589
0.78764871817358
0.7873840919379097
0.7866603933239963
0.7868562974623581
0.786593126547255
0.7863304380719597
0.7865261061689633
0.7862639596857347
0.7864593308377587
0.7857411031383634
0.7859365948325803
0.7861317301153218
0.7860988232572933
0.7862934558111992
0.7855786435786436
0.7852435736631921
0.7854384524529714
0.7856329778813912
0.7858271509086727
0.7860209724915608
0.7862144435833406
0.7858053368893478
0.7859986533722997
0.7858910501381196
0.7857686257686257
0.785961453288186
0.7861539339956606
0.7863460688258532
0.7865378587102106
0.7867293045768382
0.7869204073505148
0.78643972659192
0.7866307465144674
0.7868214250251784
0.7870117630385488
0.7863097008056865
0.7865001556178026
0.7863786060580361
0.7865686606789809
0.7867583774250441
0.7869477571964251
0.7871368008901283
0.7864389845772825
0.7860376509623631
0.7862269981739008
0.7863607497228187
0.7865494769757138
0.7867378710825312
0.7869259329246102
0.7870696105167472
0.7872570492398838
0.787444158255504
0.7871036976594974
0.787290612762518
0.7874771999443052
0.7874881752291919
0.7876742626414255
0.7878600244413893
0.7880454614829615
0.7882305746170375
0.7884153646915427
0.7885998325514455
0.78878397903877
0.7889678049926092
0.7888614561766736
0.7890448953980665
0.7892280161485891
0.789410819256873
0.7887267544221617
0.7887365148079434
0.7889192686878673
0.7891017066578865
0.7892838295364202
0.7894656381390636
0.7896471332785988
0.7895699178321917
0.7897510108461054
0.7899317924360916
0.7892531568755795
0.7891336262688194
0.7888856557488634
0.7890665592143742
0.7885336825940421
0.7887145776474261
0.7888951634784968
0.7890754408794545
0.7884021683189771
0.7883931108675354
0.7885733552364728
0.7887532928064842
0.7889329243602202
0.7882626330056236
0.7884423761015441
0.7886218142897532
0.7888009483454398
0.7886975323575662
0.7888762992506647
0.7890547639174013
0.7892329271235521
0.7894107896323086
0.7890824500120454
0.7892601396076544
0.7892270923520924
0.7894043614081462
0.7895813325330133
0.7897580064771501
0.7898504913710451
0.7900266435157467
0.7902025005982293
0.7902525403466826
0.7899053392259914
0.7900808569041652
0.7898387192940616
0.789179971404742
0.7893556547619047
0.7895310455572737
0.7897061445210364
0.7895900130625816
0.7892664333175131
0.7890263781861293
0.7887867211561242
0.7881332110308913
0.7877567210659098
0.7871051439599827
0.7869505116096025
0.7871264401714443
0.7868895371680025
0.7870652259254898
0.7872406252451557
0.7873334313149127
0.787508321585213
0.787354247368627
0.7875288333724294
0.7874296847533107
0.7875219555035129
0.7876959751959752
0.7876242108954876
0.7877978623992525
0.787426567849362
0.7876000971817299
0.7877733434319895
0.7879463072922731
0.7876711067163022
0.7878438722926112
0.7880163569492838
0.7880260918339717
0.788198148577613
0.788099582898853
0.788271301227136
0.7879164256795836
0.7880880143319464
0.7882593255572237
0.7884303600276944
0.7886011184134671
0.7887716013824885
0.7887403591573616
0.7889104554865425
0.7890802781289508
0.7884459692237024
0.7886158921399885
0.7879829740885118
0.7881529957612556
0.787922103937729
0.7880919020931031
0.7882614285714286
0.7883507479730502
0.7885197968963943
0.7880900125413294
0.787860275689223
0.7880293113261241
0.7881980777979982
0.788366575747244
0.7881373495344084
0.7875907749914899
0.7869657029478458
0.7868570862127563
0.7862335861444419
0.785927779662934
0.786097140596745
0.7856733483907397
0.7858426427443015
0.7856170368699966
0.7857861086074809
0.7859549138804458
0.7861234533183352
0.7858983365179274
0.7860666554357592
0.786234709909101
0.7862847611572101
0.7859948646125117
0.7854964360352292
0.7854033821829437
0.7855712981593264
0.7851916489817194
0.7853594680059525
0.7854099289989219
0.7855773159497809
0.785744441970085
0.7851324914701083
0.7845214934222716
0.7846890505813523
0.7848563473563474
0.7850233843537415
0.7851901621781373
0.785124123292728
0.7852905647154292
0.7854567484888693
0.7855453356903473
0.7853246669610657
