249
MAX PATTERN LENGTH : 5
MEAN PATTERN LENGTH : 3.90361445783
1.0
0.75
0.5499999999999999
0.5791666666666666
0.6633333333333333
0.7194444444444444
0.7238095238095238
0.6645833333333333
0.6462962962962963
0.5816666666666667
0.5787878787878787
0.5722222222222222
0.5397435897435897
0.5011904761904762
0.5094444444444445
0.5053819444444445
0.4756535947712419
0.454783950617284
0.43347953216374274
0.4218055555555556
0.40171957671957675
0.42891414141414147
0.4146135265700483
0.397337962962963
0.39544444444444443
0.4033119658119658
0.3883744855967078
0.3798611111111111
0.37883141762452105
0.399537037037037
0.38664874551971323
0.3964409722222222
0.39048821548821544
0.37900326797385614
0.371031746031746
0.3787808641975308
0.3725975975975976
0.3644371345029239
0.36150284900284896
0.3670486111111111
0.38248644986449865
0.3936177248677249
0.39260335917312666
0.3859532828282829
0.3840432098765433
0.37569444444444455
0.3889775413711585
0.3826099537037037
0.3952097505668934
0.3923055555555555
0.4009531590413943
0.3970886752136752
0.38959643605870015
0.3851594650205761
0.38633838383838376
0.38301091269841275
0.3850633528265108
0.379286398467433
0.38895951035781545
0.3899768518518519
0.3934198542805101
0.3870743727598567
0.3864858906525574
0.3866970486111111
0.38202991452991447
0.37624158249158246
0.38555140961857376
0.3945874183006536
0.39031803542673105
0.3875992063492063
0.38284428794992176
0.3803047839506173
0.3750951293759513
0.3713776276276276
0.36642592592592593
0.36160453216374266
0.3569083694083694
0.3574608262108262
0.352936005625879
0.3553993055555556
0.3510116598079561
0.34856029810298106
0.3443607764390897
0.3414517195767196
0.34527777777777785
0.347076873385013
0.3436621966794381
0.3403251262626263
0.33650124843945073
0.3438734567901235
0.3400946275946276
0.34183272946859905
0.34890979689366786
0.3558362884160757
0.36156432748538014
0.3593605324074074
0.3577176403207331
0.3566184807256236
0.35907687991021325
0.35648611111111117
0.3529565456545655
0.3494961873638345
0.34610302049622443
0.35239049145299145
0.34903439153439153
0.34574161425576516
0.34251038421599167
0.3393389917695473
0.3394367991845056
0.3408964646464646
0.34232982982982985
0.33927331349206347
0.34069567354965585
0.3377071150097466
0.3347705314009662
0.3318845785440613
0.33246676163342825
0.33388653483992464
0.33696311858076566
0.33457175925925925
0.3345615243342516
0.3379667577413479
0.340503613369467
0.33977374551971323
0.33825555555555553
0.33689373897707225
0.3409339457567804
0.3402235243055556
0.3434000861326443
0.3411431623931624
0.338539016115352
0.3435500841750842
0.3447263993316625
0.348870232172471
0.3481378600823045
0.34557802287581696
0.34342051905920523
0.34274355877616747
0.34117705835331735
0.3401686507936508
0.3377561071710008
0.3357296557120501
0.3337315462315462
0.33696952160493826
0.3346455938697318
0.332353500761035
0.33009259259259255
0.32786223723723723
0.32566181953765844
0.3301574074074074
0.3279709345106696
0.33107638888888885
0.33109114015976754
0.3354347041847041
0.3332706093189963
0.3343393874643874
0.33539455060155693
0.33580344585091415
0.33526380153738644
0.3331684027777778
0.3318754313319531
0.3359996570644719
0.33547205180640766
0.33342649051490514
0.33746632996632997
0.3414574966532798
0.33941284098469726
0.3373925264550265
0.3383547008547009
0.3372467320261438
0.3352745289148798
0.33797642118863047
0.3368898522800257
0.33495370370370375
0.33446825396825397
0.3382496843434344
0.33775109855618335
0.34006710362047443
0.33909838609559284
0.33721450617283955
0.3364564149785145
0.33927808302808304
0.34288858530661814
0.3413269927536232
0.339481981981982
0.3406137992831541
0.34413992869875215
0.34337322695035466
0.3422178130511464
0.3439254385964912
0.34561518324607327
0.3438151041666666
0.3451424870466321
0.34594072164948453
0.3441666666666667
0.3424107142857143
0.3442258883248731
0.34248737373737376
0.34076633165829145
0.3390625
0.3393656716417911
0.33851072607260724
0.339059934318555
0.3373978758169935
0.3381910569105691
0.33776294498381876
0.33613123993558774
0.33499599358974363
0.3336323763955342
0.3320436507936507
0.3352093206951026
0.3355149371069182
0.33393974960876366
0.33494937694704047
0.33571705426356585
0.3341628086419753
0.3326228878648233
0.33109709480122324
0.3295852359208523
0.32960227272727266
0.32811085972850673
0.32888513513513506
0.32808295964125556
0.32728794642857145
0.3302777777777778
0.32992256637168144
0.32868942731277534
0.3294407894736842
0.3282205240174672
0.3267934782608695
0.3253787878787879
0.3239762931034483
0.3225858369098712
0.3212072649572649
0.32409574468085106
0.3227224576271186
0.32399789029535864
0.3268382352941176
0.3254707112970711
0.32550347222222226
0.32415283540802214
0.3228133608815427
0.3223994055784179
0.3251764571948998
0.3265702947845805
0.32524277326106593
0.32797458389563655
0.3306843637992832
0.3293563141454708
0.3300388888888889
0.33191124391323595
0.33191688712522044
0.33060496267018
0.3295002187226596
0.331541394335512
0.3302463107638889
0.3315553393860787
0.33085163652024113
0.3295742170742171
0.3283066239316239
0.3270487441464453
0.32580046649703137
0.32519539501478667
0.3264888468013468
0.327520964360587
0.3279344193817878
0.330451518934665
0.3320169983416252
0.3313403552251136
0.33103909465020576
0.3303710537105371
0.33025939542483657
0.3305148555148555
0.32991686942416865
0.3287171717171717
0.3275261674718196
0.3263437625350982
0.32588928856914473
0.32525886101154916
0.3240972222222222
0.3257908264136022
0.3246355397951142
0.3234884177463683
0.3225254303599374
0.3213937621832359
0.3237665112665113
0.32321912504839334
0.3231385030864197
0.3231737793156478
0.32249042145593865
0.3213822069492172
0.3202815829528158
0.3208949563898369
0.3215041572184429
0.323804143126177
0.3227102102102102
0.32162364384586606
0.3205443698732289
0.3205871423262728
0.31951851851851854
0.3195644149132521
0.32098969830757906
0.3199303263659699
0.3188779239766082
0.31783242258652095
0.31679375453885256
0.31576185305827
0.31527777777777777
0.31425746134484
0.31485663082437276
0.3151304037156127
0.3141203703703703
0.3147142350017749
0.3145081387119603
0.31366843033509695
0.31473277074542894
0.31373992288818786
0.31296296296296294
0.3137060257749913
0.3146788194444444
0.3136985115957079
0.31479468599033816
0.3158840729274166
0.3156807270233197
0.3150512820512821
0.31531186094069524
0.31434760448521915
0.31415142276422764
0.31532421479229994
0.31588383838383843
0.3151183282980866
0.3141691767068273
0.31337587587587584
0.31243762475049897
0.3118034825870647
0.310875496031746
0.31039812067260136
0.3094797830374753
0.3085668633235005
0.30765931372549016
0.30675708699902243
0.3061525341130604
0.3052599611273081
0.3043725775193799
0.30349033816425125
0.3029744701348748
0.3021013448607109
0.3012332375478928
0.30037010506208217
0.2995119047619048
0.2986585944919279
0.29781013257575756
0.296966477809254
0.29612758945386064
0.2981103286384976
0.29867743445692885
0.2978408029878618
0.2970088454376164
0.2961815227483751
0.2953587962962963
0.2945406278855032
0.2937269797421731
0.29388200183654734
0.2930746336996337
0.2922716894977169
0.29147313296903465
0.29067892824704816
0.2898890398550725
0.2895099367660343
0.28926801801801805
0.2901729559748428
0.2893929211469534
0.29129803395889187
0.2905191622103387
0.28974444444444447
0.2889738475177305
0.2882073386383731
0.28744488536155205
0.28800571679859277
0.2884173976608187
0.2876603966170895
0.2869073589296102
0.28615825355381486
0.2854130497685185
0.28467171717171713
0.2839342256764536
0.283200545506747
0.2824706471935853
0.28431519565838326
0.2849964387464387
0.28618570616652456
0.2854556405895691
0.2847292903590613
0.2847680485053581
0.28657876230661034
0.28585507856341186
0.28765393226980124
0.2888156058068118
0.2888436368699526
0.2881215277777778
0.2876523967858132
0.2875587341072416
0.28746553625585886
0.2871252750275028
0.2867866941015089
0.28632662835249045
0.2873430248430249
0.2873740468409586
0.2867936701983157
0.2876185636856369
0.28772979183563124
0.28885180690399137
0.28827347323110036
0.28806025228126675
0.28887215528781796
0.2891392895299145
0.2884459099387157
0.2877558479532164
0.2870690798196765
0.28650462962962964
0.285824096067564
0.2875164560294892
0.2870337536117678
0.2887152777777778
0.2887418300653595
0.28900299947835156
0.28856036950299246
0.28893756490135
0.2886137011137011
0.2894541343669251
0.28901456560969324
0.2883455504115226
0.2876796253528355
0.2881688428059396
0.28750638569604087
0.2885671508664628
0.29019514365624205
0.2895325976661593
0.289100860541635
0.2907165404040404
0.2905108339632149
0.2906454248366013
0.2907794080762478
0.2917010760760761
0.2916073657927591
0.2917382909815645
0.29332276907780264
0.29322606646825394
0.2925730017322445
0.29214506172839505
0.2914972899728997
0.29118424287118977
0.2905414520480746
0.29127814488497306
0.2916269841269842
0.2931804337231969
0.29253890104546565
0.2919001698204755
0.292462478818688
0.2940006038647343
0.2955320559170885
0.2970568783068783
0.2985751139908807
0.299009219348659
0.3004091995221027
0.299979136862184
0.30147811087318577
0.3019023029439696
0.30147180762852405
0.300830378250591
0.3010409294644963
0.302521774952919
0.30267500587268026
0.3036187294889826
0.3029795321637426
0.3044438608776844
0.30506347542511064
0.3044252673175267
0.30518151241011365
0.3065248842592593
0.3058876183876184
0.30556420009220836
0.30493156199677934
0.3062643480257117
0.30563287514318443
0.3053126428898034
0.3053701802418435
0.306793602003643
0.30718870711202
0.30860260770975056
0.30797408916044355
0.30734812556458896
0.3087530989407257
0.3089378092667566
0.30942480359147023
0.31048107078853043
0.3098563603845294
0.3092341588576528
0.30894845246047653
0.3096638888888889
0.31104180527833225
0.31241423196104473
0.313781201678816
0.313709766313933
0.3150687568756876
0.31444609134826523
0.31461483673022134
0.31399551618547683
0.3136733246016154
0.3130582788671024
0.3129348771472059
0.3133002387152778
0.31346924409789906
0.3137348681366191
0.3131256742179072
0.3130033376399656
0.31336503331184185
0.314304483054483
0.31379522586169983
0.31391292735042736
0.31379025378545533
0.31318912303107704
0.3135463140004249
0.3129479431721798
0.3123518518518518
0.31334231094212084
0.3139811300864432
0.31370212542087544
0.31499947490023106
0.31497117400419283
0.31437800795145426
0.31500887635756053
0.3147930998540755
0.3151399292550978
0.3145508826583593
0.3145237354892206
0.31505534864473417
0.3144697439074763
0.31388631210059786
0.31515689300411526
0.31494403368248103
0.31528546535465357
0.3147048291385308
0.31541309232026143
0.31483435270132515
0.3148071835571835
0.31514574446475724
0.3145706609894566
0.31472626998583286
0.3153661616161616
0.314793809235733
0.31521990740740735
0.3146498894916616
0.31489420377055755
0.3147772772772773
0.31484062749800157
0.3142753840015958
0.31496664675428115
0.31619210892466704
0.3156274801587301
0.3159561299267181
0.3158387702649268
0.31527777777777777
0.3156052994483845
0.31681661750245815
0.31767029839026306
0.317462766999804
0.31778413536776207
0.3172256395235305
0.31754629629629627
0.3169901731854446
0.3181842463092463
0.3183270312197014
0.31951461478900506
0.32069806763285025
0.320141300154321
0.32107197876262
0.32172756357444937
0.3214309702004003
0.32260091680350306
0.3220456656558206
0.3232105356461027
0.32351377657981434
0.3236019379212873
0.3239034730701398
0.3250572214096105
0.32563917957870253
0.32678605172227615
0.3262312366938852
0.32567830239440404
0.3256912550694277
0.3258167765980266
0.3252673385261918
0.3247197504141948
0.32529445111377886
0.32558758122935977
0.3252934646778868
0.3247494956734087
0.32420734292604075
0.325333664021164
0.3264562369595647
0.3268483362337183
0.32796467398457446
0.3282495006832755
0.3279548734094188
0.3274962020011525
0.3286041160011506
0.3295439118629908
0.33064482497980036
0.33174212854540724
0.3328358402826488
0.3328638862952588
0.3324024443926564
0.33348973682849903
0.33294747709381856
0.3332186662543805
0.33389416274343336
0.3340280988339241
0.3334884734723184
0.3336763952892985
0.3335416506914091
0.33434517429694277
0.3346110728935769
0.3348761192511192
0.3353403174603174
0.3352039910745981
0.3353870788081314
0.3349326407845516
0.33440015645897997
0.3340280927185689
0.33429112268256483
0.335186231665662
0.3346567115524461
0.33570614891592804
0.33675228096487936
0.33622279624638113
0.3372648326729959
0.3367362044086182
0.3377741759197158
0.3388089037698413
0.33984040313993513
0.34040139939672653
0.3399497642499198
0.3409746869762398
0.34199643164759447
0.3414670254066539
0.3424848507151444
0.3420334852047815
0.34304730109814857
0.3440579975579976
0.3450655889595982
0.3460700895900283
0.3459995381511461
0.34677018105917184
0.3470041197140434
0.3467038085559427
0.34617610108477687
0.34564999758768755
0.34664294144567287
0.3466480278980279
0.34612359820377975
0.3471113269073994
0.3480960760372525
0.34907785905526867
0.34855292994390735
0.3493809285475952
0.34904452535636943
0.3491956563064348
0.34912212019835337
0.3495338782279081
0.3503169872022331
0.3505397297808012
0.35009316257458906
0.3495737365173567
0.3505373309817754
0.3504625716164177
0.3514220065180183
0.35208362597743126
0.35237510811884887
0.3520407329598506
0.3520377362888376
0.3529878275846018
0.3539351367682261
0.35487967604195675
0.355821457536786
0.3559587440418344
0.35689621311892056
0.3578309569952012
0.35876298753657243
0.3588227513227513
0.3586652654308226
0.35959204972933295
0.35993895874848253
0.35949236082521385
0.36041395455064523
0.3608300264550265
0.3603123363166405
0.36122879428753357
0.3607120148965643
0.3609109977324263
0.36110941285691645
0.36059501198390087
0.3607933121091016
0.36063593524531024
0.3610463807272317
0.3619514141822923
0.3614394602725578
0.3612820599049412
0.3614777128528891
0.36139112452492733
0.3610586475565378
0.36055154271446405
0.3600458603263652
0.35968165043795297
0.3591785991785992
0.3593752771127073
0.3592227313984636
0.3587224211876022
0.35954478221515773
0.3590454144620811
0.3585474319177509
0.3585125093435343
0.3580166414191311
0.35890335876523727
0.3587531472359059
0.35853447898902446
0.35872906705093777
0.3596099337170766
0.35932240294380213
0.35999456403565994
0.3607332855622869
0.36024048052736574
0.3605675740055004
0.36014445741966183
0.35965446496058745
0.3605244996549345
0.36139217333247187
0.3615799888157612
0.3613613420108684
0.3612108537108537
0.3616005826532142
0.36145017755529885
0.3613674720673375
0.3615538061102577
0.36160541173963995
0.36138878250138307
0.36224368372962756
0.361759400729989
0.36127641087587686
0.36126137566137567
0.36137953627966946
0.36196280817291454
0.36161491599738615
0.36146688560481666
0.36231262482918114
0.36183337532543886
0.3614214422008345
0.3610105959710182
0.36053495618713016
0.3610474101921471
0.360704378115679
0.36042786318376874
0.3604141962595436
0.36059690019114105
0.36032161012553177
0.36028637738820507
0.36105523478404833
0.36091063161375664
0.3617416971123083
0.36140177283034425
0.36223004549852794
0.36240850398881486
0.3623277685373416
0.3620534432549936
0.36268305171530973
0.362988872524955
0.36316520602234886
0.3630197494593382
0.36293885119302316
0.3632427757427757
0.3629910777798101
0.3625268948158973
0.3628301810294147
0.3632177275672173
0.3636042867253058
0.3640322710933398
0.3639509086141869
0.3634890419788897
0.3638732975234877
0.363729154108901
0.363395741777537
0.36356822190155524
0.3638663704237475
0.36340810043580823
0.3635799141459519
0.3637512961633565
0.3642986596562506
0.3638421450451525
0.3641377118223176
0.3638700396825397
0.36360303588768006
0.3632535724181609
0.3628012018422977
0.3631584142778173
0.3635768510302672
0.3631257631257631
0.3639149505320509
0.3640833726229766
0.36363333137127946
0.36380168528316675
0.36415458086234903
0.36370611462975994
0.3640787598352174
0.3641843141843142
0.3649644561301003
0.3648235683162154
0.36437702784092013
0.36454282609539335
0.3649931197550245
0.36515776229190866
0.36568741178972597
0.3660941181014174
0.36601380933094174
0.36593369548466637
0.36549013949013953
0.3652292555440255
0.3650294620064874
0.3654340157963346
0.3649932027495357
0.36495505832855235
0.3649972303401906
0.3649591727716727
0.3645210465138436
0.3643237790719805
0.3642866647657067
0.36464836333257383
0.3652083214807229
0.3652498389968557
0.36541044705526227
0.3650746409674981
0.3646999981126021
0.3642668627229197
0.3641313148430586
0.3642330549913488
0.36380200995585604
0.36337198393935977
0.3629429733325837
0.3636942198262953
0.36438480378409716
0.3644855275443511
0.3641159793333707
0.3646275802965944
0.3646690485494706
0.3648860637151036
0.3646347349856122
0.3642087598279188
0.3649506399214684
0.36569079069079075
0.3664292181754348
0.3662938353636029
0.3658684069833896
0.3656759842374691
0.36565781971343964
0.36626341122868905
0.36583998531975415
0.3654175372997544
0.3652267442924882
0.3651515982737181
0.36588214879354125
0.3663236635650429
0.36705119093178795
0.3666302606669579
0.3662102947326315
0.36664941338854384
0.3665732426303855
0.36708229144016813
0.3666637255434291
0.36624611309975774
0.3666826931758672
0.36649328102453105
0.36670157468965636
0.36685270669114206
0.36751312265185426
0.36771955577102633
0.36815151107523986
0.3684414077896019
0.3680260285249011
0.36789311633061633
0.3676198957273198
0.36743155876582845
0.3675101989916805
0.3670981920421383
0.36679908992339
0.3671158694648628
0.3670781236144365
0.3670032596371882
0.3666498557802905
0.36629723901438827
0.36644596288645237
0.3660388007054674
0.3667424202385357
0.3673058987083378
0.3670098788869553
0.3667882602893665
0.36682495834429535
0.36658563719821996
0.36659491433471586
0.3662462415215719
0.36596556481044934
0.3664562619919763
0.3662186590699214
0.36581710352269564
0.3654164276152228
0.3650166284602827
0.36516415127070867
0.3648868007901851
0.36557939969881087
0.3655442732648615
0.3651465101818747
0.3652930900621118
0.36513774710028785
0.36506709878456084
0.36494243237200985
0.36454747302961593
0.3641533676533677
0.3646240443621653
0.36423070666598173
0.3646464063355227
0.36533031763117874
0.36511670080218467
0.36472452389477095
0.36445240649908034
0.36513359363037823
0.3650638574487611
0.36483384262796026
0.36444406288156284
0.36512235096813533
0.36489300944258307
0.36455766012475277
0.36416983282674775
0.36378282981630483
0.36339664846830455
0.3630112861687623
0.3636860623486683
0.36330120937263793
0.36291717003926305
0.3633259164278172
0.3629426612417119
0.3625602137588439
0.36217857142857146
0.36179773171098095
0.3614176920768307
0.3610384500074951
0.3606600029949087
0.36028234854151087
0.3599054841601913
0.35952940737423494
0.35931069191768567
0.35893601966333977
0.35960379464285713
0.36001003419057526
0.36067530442530443
0.3608199821984869
0.36044568761114404
0.3600721687638786
0.35987195602878835
0.3594998030235879
0.3591284189295553
0.3587578013661605
0.35864567992145313
0.35861961159335
0.35825066137566136
0.35803663191895463
0.3576690378410091
0.35781501831501833
0.35744840456674476
0.35713371837988006
0.3569730499561788
0.3575787976068875
0.3580812682215743
0.3581749672346003
0.3578611434390457
0.3580566051446011
0.3580484175377468
0.3579387237128354
0.35757570269487104
0.35721341728180633
0.357864010989011
0.35810884009822336
0.3584541847041847
0.35849610782759117
0.3591427851382488
0.3591167937467031
0.35890641467854745
0.3589979660205791
0.3586375262956588
0.35877931413287484
0.35841981582212046
0.3580610372277039
0.3577029761904762
0.3575953808096665
0.357238499192092
0.3568823292028676
0.35652686871561373
0.3568686330253494
0.3565138928334753
0.3561598571901451
0.3558065239984883
0.35545389116994663
0.3555475011786893
0.3561849418303424
0.3558329804253717
0.3564688807408452
0.35611733352117964
0.35635761201032135
0.35600686632920886
0.35664009458257245
0.35727207877256995
0.3569214682929109
0.3565715452847806
0.3563202509211324
0.35597160096915476
0.35562363263976166
0.3555693126860119
0.3557590011614402
0.35541225749559086
0.35506618908517645
0.3551585371502686
0.3549591605349623
0.35505143319463706
0.35470705741074315
0.3544117986341824
0.3540687088000738
0.3544032651745418
0.3545439383482862
0.3542017144695716
0.3539083666253387
0.35356741444169193
0.35370835052018884
0.35400927197802196
0.35448572800878275
0.35414553057307374
0.35392583207779754
0.35416153530377664
0.3543010936431989
0.3543447828462169
0.3545794105607859
0.3543842011995638
0.3540463706931772
0.3537091836734694
0.3538483756966155
0.3535120179250407
0.3531762990096323
0.3530309704526972
0.35269634394041977
0.352835836038961
0.3534481010947425
0.35330306508236564
0.35296944556859566
0.3526836253369272
0.3523512185269961
0.35201943771859023
0.3521586480311786
0.35182767185821695
0.35149731723675387
0.3511675824175824
0.35083846565805327
0.35050996522204386
0.35018207937992785
0.3498548064085447
0.3496215152727758
0.34990171908315565
0.3505075888696578
0.3509959430699654
0.35066943521594685
0.35034353425385023
0.35076104257859136
0.3508994831698914
0.3506206143254336
0.3502959656084656
0.35089698691687593
0.3509192632690784
0.3511954227674449
0.3513326963626779
0.3510088874259381
0.35068567482241514
0.35056749317328895
0.3502452804038282
0.3508419330389027
0.35143749089850007
0.3512986847656875
0.35111434531077385
0.3507931062025298
0.3505638620469516
0.35024371240124663
0.3499241469702236
0.35042558348164543
0.35042519588284615
0.3501063376518335
0.35046987734487733
0.3501515577469256
0.3498338158614928
0.3500152901898142
0.3496982473544973
0.34983426704014936
0.35042212032492315
0.35015073629572274
0.34987984212939083
0.3497446934890578
0.3494746532246532
0.34961013958538706
0.34929574197784624
0.34931883654929474
0.3490052648827334
0.3486922556765606
0.3484694131535529
0.34875428088274996
0.3488895632790981
0.3488905556264805
0.3492486890589569
0.3489371380428472
0.34893808533514414
0.3488054601478466
0.34886583488674233
0.3485557319223986
0.3482461797626096
0.3487357572428557
0.3485595730609028
0.348250840046677
0.3480311490377862
0.3486076024869128
0.3483879844635145
0.34808049286204623
0.3479940021276
0.34768739948255367
0.3473813366308965
0.3470758121483715
0.3474738123134432
0.34716874311913815
0.34686420913394594
0.34656020895065587
0.3462567411669863
0.34630376064103097
0.34600104756354755
0.3457861994870728
0.3454844663287071
0.3451832592961625
0.3448825770145456
0.3445824181137497
0.34428278122843337
0.34472215326906896
0.34442291528880076
0.34412419636834213
0.3440859604962725
0.3437880505737649
0.34377900670071954
0.3434818770492928
0.34318526057515697
0.34288915594998426
0.34345563081554464
0.34341820133163803
0.3439832459088053
0.3437304658177401
0.3442942712594774
