397
MAX PATTERN LENGTH : 5
MEAN PATTERN LENGTH : 4.35264483627
0.0
0.3
0.19999999999999998
0.175
0.22999999999999998
0.19166666666666665
0.2357142857142857
0.2125
0.29444444444444445
0.265
0.3318181818181818
0.3458333333333334
0.3423076923076923
0.325
0.37
0.35624999999999996
0.39411764705882346
0.3722222222222222
0.3526315789473684
0.37249999999999994
0.3547619047619047
0.38409090909090904
0.38913043478260867
0.41458333333333336
0.426
0.4461538461538461
0.44074074074074077
0.42857142857142855
0.4353448275862069
0.42916666666666664
0.4475806451612903
0.46171874999999996
0.47803030303030297
0.4737745098039215
0.4709523809523809
0.46064814814814814
0.4509009009009009
0.46140350877192987
0.47521367521367525
0.4883333333333333
0.482520325203252
0.47103174603174597
0.4833333333333333
0.4723484848484848
0.48407407407407405
0.4811594202898551
0.47092198581560285
0.4611111111111111
0.47210884353741495
0.48266666666666663
0.4748366013071895
0.48301282051282046
0.4795597484276729
0.4725308641975308
0.47
0.4616071428571429
0.4614035087719298
0.46293103448275863
0.4663841807909605
0.4669444444444445
0.4756830601092897
0.4680107526881721
0.4641093474426808
0.4631076388888889
0.465982905982906
0.46574074074074073
0.4677446102819237
0.4608660130718954
0.4556360708534622
0.456984126984127
0.45524256651017214
0.4530864197530864
0.4468797564687975
0.4408408408408408
0.4462962962962963
0.4404239766081871
0.4476911976911977
0.44836182336182334
0.45091420534458504
0.45777777777777773
0.46138545953360766
0.45575880758807585
0.4623159303882195
0.46038359788359784
0.46084967320261433
0.45549095607235135
0.45140485312899103
0.44627525252525246
0.44800249687890137
0.4485802469135802
0.44365079365079363
0.44263285024154586
0.4432497013142174
0.44119385342789597
0.441812865497076
0.4403356481481482
0.4388888888888889
0.43441043083900227
0.43254769921436587
0.43222222222222223
0.43091309130913086
0.43649237472766883
0.43468176914778855
0.43450854700854696
0.4303703703703703
0.42725366876310267
0.42326064382139145
0.4239711934156378
0.42466870540265034
0.42580808080808075
0.42497497497497494
0.4217385912698412
0.4268559488692232
0.42311159844054574
0.4194323671497584
0.4175407088122605
0.4196699905033238
0.4170550847457627
0.4188025210084034
0.4153124999999999
0.41477272727272724
0.41137295081967207
0.4161585365853658
0.4208669354838709
0.41829999999999995
0.4149801587301587
0.41564960629921255
