1014
MAX PATTERN LENGTH : 5
MEAN PATTERN LENGTH : 4.483234714
1.0
0.875
0.7666666666666666
0.6583333333333333
0.7266666666666667
0.7166666666666667
0.7392857142857142
0.678125
0.6083333333333333
0.5475
0.5477272727272727
0.54375
0.5134615384615384
0.47678571428571426
0.5033333333333333
0.47881944444444446
0.5094771241830065
0.48117283950617284
0.45847953216374276
0.45055555555555565
0.4291005291005292
0.45505050505050515
0.4396135265700484
0.4483796296296296
0.43044444444444435
0.4311965811965811
0.4152263374485596
0.4057539682539682
0.40727969348658993
0.4203703703703703
0.40681003584229386
0.40347222222222223
0.3942760942760943
0.3826797385620915
0.37174603174603177
0.38641975308641974
0.38003003003003005
0.3700292397660819
0.3643874643874644
0.36569444444444443
0.36775067750677504
0.3792328042328042
0.3704134366925064
0.3756313131313131
0.388395061728395
0.37995169082125596
0.39314420803782496
0.3849537037037037
0.3975056689342404
0.39455555555555555
0.4031590413943355
0.3992521367521367
0.3917190775681341
0.3872427983539094
0.382020202020202
0.3787698412698413
0.38089668615984407
0.37519157088122607
0.38408662900188323
0.3901851851851852
0.39362477231329696
0.38727598566308247
0.3866843033509701
0.38220486111111107
0.3788888888888889
0.3731481481481481
0.38250414593698173
0.39158496732026143
0.38735909822866343
0.38396825396825396
0.379264475743349
0.3774691358024691
0.37229832572298327
0.3686186186186186
0.3637037037037037
0.3648391812865497
0.3601010101010101
0.3606125356125356
0.35604781997187057
0.3634722222222222
0.35898491083676265
0.3570460704607046
0.3527443105756358
0.34973544973544973
0.3534640522875817
0.3551679586563308
0.3528097062579821
0.34936868686868683
0.34544319600499374
0.352716049382716
0.34884004884004877
0.3510869565217391
0.35806451612903223
0.36489361702127654
0.37052631578947365
0.3682291666666666
0.36855670103092775
0.3660714285714285
0.3684343434343434
0.36674999999999996
0.367079207920792
0.36446078431372547
0.36092233009708735
0.36706730769230766
0.36357142857142855
0.3601415094339622
0.3567757009345794
0.3534722222222222
0.35344036697247705
0.35477272727272724
0.36058558558558557
0.3631696428571428
0.36880530973451325
0.36995614035087715
0.36673913043478257
0.3635775862068965
0.3677350427350427
0.3688559322033898
0.36953781512605044
0.3697916666666667
0.36673553719008267
0.3698770491803279
0.3733739837398374
0.3719758064516129
0.3702
0.3699074074074074
0.3729002624671916
0.3719401041666667
0.3748708010335917
0.3719871794871795
0.36914758269720105
0.3739267676767677
0.37487468671679197
0.3784203980099502
0.3774691358024691
0.37469362745098034
0.37232360097323597
0.37071256038647343
0.3680455635491607
0.36684523809523806
0.36424349881796686
0.3616784037558685
0.35949883449883446
0.3601273148148148
0.3576436781609195
0.35519406392694064
0.3527777777777778
0.35039414414414416
0.34804250559284117
0.3523888888888889
0.3500551876379691
0.353015350877193
0.3528867102396514
0.35059523809523807
0.34833333333333333
0.34770299145299144
0.34867303609341826
0.3483649789029536
0.34617400419287214
0.3455729166666667
0.3434265010351967
0.34747942386831276
0.34657464212678935
0.3444613821138211
0.3454040404040404
0.3493473895582329
0.34875249500998
0.3526289682539682
0.350542406311637
0.3511274509803921
0.34907407407407404
0.3511143410852713
0.34966281310211944
0.3479406130268199
0.34709523809523807
0.3479640151515151
0.3479755178907721
0.34882958801498126
0.34874301675977654
0.34680555555555553
0.34544198895027617
0.34848901098901097
0.35204918032786886
0.3510416666666667
0.34914414414414413
0.3494175627240143
0.3511140819964349
0.3508421985815602
0.3489858906525572
0.35065789473684206
0.34882198952879573
0.3470052083333333
0.3477979274611399
0.3485824742268041
0.3467948717948718
0.3450255102040816
0.34606598984771575
0.3443181818181818
0.34258793969849244
0.340875
0.3401741293532338
0.33931518151815176
0.3398604269293925
0.33819444444444446
0.33806910569105697
0.33764158576051784
0.3360104669887279
0.3348758012820513
0.33375199362041463
0.3321626984126984
0.33532780410742496
0.3358687106918239
0.33429186228482005
0.33576713395638624
0.3360658914728682
0.3345100308641975
0.332968509984639
0.33144113149847093
0.329927701674277
0.32994318181818183
0.3284502262443439
0.329222972972973
0.3279708520179372
0.32717633928571427
0.33016666666666666
0.330033185840708
0.3287995594713656
0.3295504385964912
0.32832969432314413
0.3269021739130435
0.325487012987013
0.32408405172413796
0.3226931330472103
0.3213141025641026
0.32420212765957446
0.3228283898305085
0.32146624472573837
0.3243172268907563
0.3229602510460251
0.32439236111111114
0.3230463347164592
0.32171143250688705
0.3208447645176041
0.3230134335154828
0.3237358276643992
0.32241982836495037
0.3251630679262259
0.32788418458781365
0.32656738063364565
0.32726111111111106
0.3295429393536963
0.32955798059964725
0.3282553798858146
0.3269630358705161
0.3272494553376906
0.32597113715277776
0.3285938175529615
0.3275139965546942
0.32624946374946373
0.3249946581196581
0.3241751809280545
0.322937871077184
0.32170997042670046
0.32301662457912456
0.32292976939203355
0.3240653717627402
0.32285164377861003
0.32257980928689883
0.3221241222635275
0.32093106995884774
0.3219608446084461
0.32114481209150325
0.32125050875050876
0.321294606650446
0.320530303030303
0.31936896135265697
0.3182160048134777
0.3192296163069544
0.3180854241338112
0.31694940476190475
0.3165332147093713
0.315410756501182
0.31429623085983505
0.3137177230046948
0.31261695906432746
0.31268939393939393
0.3127613240418118
0.31219618055555554
0.3122693194925029
0.3111925287356322
0.31012313860252005
0.30906107305936076
0.30920079635949943
0.3084892290249433
0.3108333333333333
0.30978322072072073
0.3087401795735129
0.3077041387024609
0.30890468227424756
0.30787500000000007
0.3079595791805094
0.309423289183223
0.30840209020902093
0.30738760964912276
0.306379781420765
0.3053785403050109
0.3043838219326818
0.30556006493506493
0.30457119741100325
0.3052016129032258
0.305024115755627
0.30404647435897436
0.30431753638622644
0.30430378627034677
0.30333774250440915
0.30411831926863575
0.3031589554854539
0.3032538434661076
0.30434082201323576
0.3045616319444444
0.30361284181377635
0.3047403381642512
0.30586085311317507
0.3056884430727023
0.30474786324786324
0.30473329925017045
0.30380139313625554
0.303637364498645
0.30438618709895304
0.30649410774410774
0.3057569654246391
0.30483601070950467
0.30467133800467133
0.3037591483699268
0.3028524046434494
0.30195105820105816
0.3010550609957138
0.3001643655489809
0.29927892494264174
0.2983986928104575
0.2975236233300749
0.2973846653671215
0.29651765468091995
0.2956556847545219
0.2947987117552335
0.29430796403339754
0.29345981428113993
0.2926165389527458
0.29177809614772365
0.29094444444444445
0.29011554289332064
0.289291351010101
0.2884718287692792
0.28765693659761454
0.2896635367762128
0.2902543695380774
0.2894413320883909
0.28863283674736184
0.28782884555865057
0.2870293209876543
0.28623422591566633
0.28544352363413134
0.2856213651668197
0.2848366910866911
0.28405631659056313
0.2832802064359441
0.2825083257644565
0.28174064009661837
0.2819256248118037
0.28183933933933936
0.282764300688829
0.2820041816009558
0.2839291033661007
0.2831699346405229
0.28241481481481484
0.2816637115839244
0.28091659298555854
0.28017342739564965
0.28075344473761366
0.2808918128654971
0.28015456401283173
0.27942117510180337
0.2786916158978822
0.2779658564814815
0.27724386724386724
0.2765256188831319
0.2758110824002297
0.2751002290950745
0.2769637246501
0.277022792022792
0.2782324524012504
0.27752267573696143
0.2768165111676562
0.27662154540327133
0.2784528832630099
0.2777497194163861
0.2795689896445564
0.2810022333891681
0.2810498468393205
0.2803472222222222
0.28089498476032143
0.2801962410171365
0.2802453818582851
0.2802942794279428
0.2799725651577503
0.28174603174603174
0.28240513240513243
0.28195806100217863
0.28224667209997284
0.2826253387533875
0.2827487158691538
0.28206243257820923
0.28162160344363735
0.281303676865271
0.28213186077643904
0.28229500534188035
0.28161803890221154
0.2809443115364168
0.2802738000530363
0.2796064814814815
0.27894233306941146
0.2806510005265929
0.2799875229839769
0.28168566561844866
0.2816111111111111
0.2821237610850287
0.2814630497007546
0.2818568276220145
0.2816660191660192
0.28287144702842376
0.28244715132766174
0.28410815329218103
0.2834520143700282
0.2851030465949821
0.2845625798212005
0.2850567023445464
0.28669272819730485
0.28641869609335363
0.2861079473551
0.28659406565656564
0.28617094986142605
0.28608911513323276
0.2862333834963632
0.28716529029029025
0.28651997503121096
0.28733495266567016
0.2889292816306239
0.2888423859126984
0.28819908438505315
0.2877808641975308
0.28714276915496423
0.28650749754178956
0.2858750306597988
0.28717266275085657
0.2887393162393162
0.2881061159844054
0.287475686846584
0.28684801067442983
0.2869855967078189
0.2885356280193237
0.2900789346830562
0.29150733525733524
0.2930375569954403
0.29456118295019157
0.2960782556750298
0.29608667143538386
0.2975939804901261
0.2990948480531814
0.29888355839848374
0.29824763593380615
0.2986759849020995
0.2991025188323917
0.2987344373972281
0.3000029301453352
0.29937134502923973
0.30084325396825395
0.3020993477754484
0.3035593909809391
0.3043174437485502
0.30535011574074067
0.30471529221529214
0.30429057169202395
0.30366057050839657
0.3044794536271809
0.3043098510882016
0.30368369913123
0.30477127538215837
0.3061959244080145
0.3056720063621904
0.3070890022675737
0.30646356641774153
0.3068569331526648
0.3082629028622943
0.30844860548807923
0.3082295173961841
0.30928819444444444
0.30866588419405316
0.3100541053101294
0.311102761077711
0.3118138888888889
0.31318751386116656
0.3145556662239929
0.31542136072454163
0.3153466710758377
0.31670242024202416
0.31607652613087395
0.31673515231207544
0.3161116579177603
0.31558884523029906
0.31497004357298475
0.3146798217003696
0.3150417751736111
0.31540231752220055
0.3167342196281885
0.31611920172599783
0.3159910637381567
0.31634698044272513
0.31708762333762336
0.3165730036394776
0.3164449786324786
0.3163174450842397
0.3157114729672201
0.31606384108774166
0.31546066581849025
0.31485978835978834
0.3158454795099282
0.31638467214842925
0.31578545875420877
0.3170788699852972
0.31695230607966457
0.31635540908139775
0.3171705304928989
0.3168568897227434
0.3162635247607158
0.3156723779854621
0.3159229892205639
0.3164519966894268
0.31586379595208586
0.31527777777777777
0.3164531893004115
0.31651519819264734
0.31685373103731035
0.31627020667075917
0.31679176879084964
0.316210499490316
0.31590608465608466
0.31615122892545194
0.3155743106244931
0.3153637927545031
0.31600252525252526
0.31542901794716677
0.3158539653784219
0.31528280088406674
0.3157967308463698
0.3156781781781781
0.3155600519584332
0.3149935168561739
0.3157730983671843
0.3169971178692108
0.31643105158730156
0.3167582689641513
0.31663948200869907
0.31607706729820406
0.3158121552403468
0.31702310717797444
0.31805310168826073
0.3177567117381932
0.31837098982785605
0.3189538176137473
0.31839424951267054
0.3178366413699163
0.31902923465423466
0.3195195850300563
0.32070509097948124
0.32188647342995175
0.32132764274691356
0.3222562653021925
0.3216987285110122
0.32140218493845435
0.3208480432402846
0.32029580908668687
0.3214636857033764
0.32176992294916823
0.32196809088932377
0.3222724189390856
0.3234289506473807
0.324013682701928
0.3243129791599179
0.32384725253995206
0.3241458165186979
0.3244433701286493
0.32440208065208065
0.32385502823951395
0.32339399283843734
0.32411097772442315
0.32440609353361033
0.3241139560235038
0.32357195944152467
0.3230317725309378
0.32405588624338627
0.32518058526793975
0.3255748035648368
0.3266932533101688
0.3269801850099864
0.32660501115046575
0.3260660589868511
0.32717632907089256
0.32820071010860485
0.329303828811218
0.3304033307311996
0.3314992336268932
0.33144776429090156
0.33107019860690334
0.33215966082415593
0.33216156923473994
0.33243403421974843
0.33351598878341177
0.3336505368058766
0.33311152139908196
0.3329774705581157
0.3327633361449786
0.3333001582197724
0.3338085046752783
0.33407483719983716
0.3351403174603174
0.33500431056341595
0.3355066960330118
0.335052067536144
0.3345193933429228
0.33406777525825143
0.3339345458204412
0.3349884468555354
0.3344592391985757
0.33543012367933506
0.3364766904136983
0.3359476390136768
0.3369901073982707
0.33646190973777185
0.3375003105050054
0.33853546626984127
0.3395673922194983
0.339505760767443
0.3389777580290799
0.3400041900818298
0.3410274393995324
0.3404995331465919
0.34151885380633445
0.3409918185381148
0.34200723946486655
0.3424810744810745
0.34349108819154905
0.3444980037004577
0.3446595687790175
0.3453558079704868
0.3459735853628983
0.34628460123886956
0.3457575318305912
0.3452320644569885
0.3461497699737457
0.3466101491101491
0.34608577672117763
0.3458147508751738
0.34680145562498504
0.3477851883725378
0.3472622031268648
0.3479419896086563
0.34760774374717407
0.3481352770649178
0.3481380643936698
0.3485512911632315
0.349335864499799
0.3491880432728647
0.3487434845161443
0.3482260609486129
0.34919165196942975
0.3491188832534986
0.35008030292372977
0.35059640867162994
0.35118463192837274
0.35085200746965456
0.3508507563573643
0.3518025880929107
0.35275163261986103
0.35369790216281444
0.3546414088749855
0.3545617566754593
0.3555012592130496
0.356438030638612
0.3573720828437809
0.35699907982516677
0.35684423311051383
0.35777364895862
0.35805103186055565
0.3575351081835232
0.35845951809980586
0.35880655902207625
0.35829177199335016
0.35921112475553735
0.3586972318731975
0.3588990929705215
0.35910037814460066
0.35858883914439466
0.3587899930005193
0.35952324585137085
0.3600061916019363
0.3609126984126984
0.3604022136907568
0.3600697246883688
0.36026708755904807
0.360463894477979
0.36013272163061194
0.35962691724629925
0.3591225316681137
0.3589696989907074
0.35909701409701417
0.3599921299991133
0.3599084589670364
0.3594071937038511
0.3601590613064883
0.35965884038800705
0.35916000704488915
0.35912423602866816
0.3586275220092648
0.3595133955976498
0.35901751505199786
0.35900509423236693
0.35919903495556865
0.3600792560613989
0.36040836544951765
0.36101054577081976
0.36106388291750807
0.36057062624685576
0.36014692825743294
0.3597243847584447
0.35930299103768487
0.3601735032781228
0.36104165320583226
0.3612299436486428
0.3614177245097407
0.3610644573144573
0.3614543838228048
0.3611694048688658
0.36095248776944605
0.36113937958696024
0.3611244273995952
0.3609084429124644
0.3617639871655936
0.36261724386724387
0.3621331086951915
0.3623169312169312
0.3625668420941391
0.3628160883147586
0.36259986508990494
0.36245052839880426
0.36329496478503104
0.3628144158898127
0.36240118680673505
0.36192308497717474
0.3614462429679821
0.3616285505430243
0.3611533487683291
0.36067939424238643
0.3607309284570097
0.36058599268677805
0.3603107168793444
0.3598403373533922
0.36008826390182325
0.35994491980820104
0.3607772411088406
0.3604385693671408
0.3612680913264571
0.36144779587137105
0.36136830325058006
0.36096601862105737
0.36127444956477217
0.3617753845524464
0.3619532798104227
0.361889715183417
0.3614893432768914
0.36166692104192105
0.361203839196797
0.36074194170421797
0.3615583632346085
0.36237270205701333
0.363184966130826
0.36354987075406925
0.3630879268268086
0.362627155346064
0.36343497897680405
0.36329139039582076
0.3628321092448779
0.36363661415744747
0.3642499349466563
0.36379118187997284
0.36333358290905465
0.3631912040360533
0.3637392702794208
0.36328345665751677
0.36332940977809564
0.36312524801587304
0.362921596020847
0.3626768891263904
0.3622252367115381
0.36245878741214554
0.36287809326629206
0.3624278723069046
0.36301139828091505
0.36330470100581486
0.3628556222653874
0.362654565941603
0.36270061456559605
0.36225393893189456
0.36262837033132234
0.36273570648570647
0.3635176258642516
0.36337851112667285
0.3629337393872277
0.3631013020530135
0.36371615597806073
0.3636994289585753
0.36386544670649423
0.3642135422701116
0.36437853189068253
0.364239722992757
0.3637982202982203
0.3634788519927745
0.3632207155332911
0.36392938616670506
0.363490388113428
0.36385566073819087
0.36401949267472733
0.3643832512973138
0.36394581642180684
0.3635693825891667
0.36353317175173466
0.36349704754310014
0.3640583812178795
0.36386260749327576
0.3640248689861324
0.3635915060468632
0.36321862672932825
0.362787250688082
0.3626534579826394
0.3624607406153615
0.3620317929933315
0.3616038594318736
0.361176936339274
0.36193026542377954
0.36262292706639
0.3626080765639589
0.3622407345233432
0.3626958510321186
0.362387884032081
0.36260757035054453
0.3623589065255732
0.36193559004598724
0.36268012261302807
0.36277541902541904
0.3635172404235268
0.36338524363233665
0.3631567667717493
0.3629674897801348
0.3629524637201346
0.36349688602292773
0.36307665840902836
0.3626574012977016
0.36246979183830397
0.3621098035988589
0.3628438544577785
0.36328886152162015
0.36401987316166423
0.36474920816950634
0.36433139693448974
0.36477266535904984
0.3646986394557823
0.3652098282235268
0.36479339740457184
0.36437791517518164
0.3648166206186684
0.3646861471861472
0.36478298470352954
0.3649362919771083
0.36559887828291
0.3657509157509158
0.36595910680656446
0.36611039449639904
0.3656976432060987
0.36567996567996564
0.3654092345599657
0.3652233814874264
0.3650940623162845
0.36468476404014516
0.3643883645283421
0.36470784063065936
0.36467278531524344
0.3644331951530612
0.36430562191431753
0.36395561565383383
0.3641069442237406
0.3637023809523809
0.36440859362612965
0.36497465948685454
0.3648473342825502
0.3648124736620312
0.3648513549066035
0.36461421213076833
0.364625662834042
0.3642240927207887
0.36394564059580564
0.36423251351822783
0.3638326973672748
0.3634337580061264
0.36303569255376483
0.3626384981417804
0.36278862000173473
0.36251386289595894
0.36266379325267
0.3628133969637238
0.36241860545451404
0.36238699102829536
0.36223480344001513
0.3621673036532039
0.36218120689951677
0.36178923589637874
0.36139811239811237
0.36181776886420514
0.3614274584339309
0.36184617884510123
0.3625331043791754
0.3623224953063663
0.36193331969379233
0.36166419715239456
0.3623483727181476
0.36212101900003396
0.3617871997283762
0.36140067494234157
0.36208221104165605
0.3619094155074965
0.36152399546968234
0.3611393954745018
0.36075561290757885
0.36037264516563877
0.3599904896564493
0.3606684658326607
0.3602868060804568
0.3602230779556361
0.36058187090394056
0.3602015102806242
0.3598219512603074
0.35944319131161234
0.3590652279138083
0.358688058556756
0.35831168074085173
0.358512611893115
0.35813720601678717
0.3577625855084014
0.3573887479059893
0.35701569075786194
0.3566434116225565
0.3570010747354497
0.35714987694696326
0.35781812031812027
0.35822537045278474
0.3578537673714022
0.3574829344518463
0.3571128693023103
0.35674356954088077
0.3563750327954873
0.3560072567038511
0.35564023891343477
0.3556172657871937
0.35525140440263897
0.354989069968515
0.3546246048042762
0.35477370777370776
0.35441021012230023
0.3540986336533931
0.3538899438439315
0.35449884073479576
0.35490241334629086
0.3550503211818196
0.35468876280994405
0.35488745175927267
0.3548824848367531
0.3545221980501168
0.35416264206832154
0.35380381467007604
0.3544578593920699
0.3547061325372751
0.3548023889690556
0.3551002674867458
0.3557503680235535
0.3557277929634425
0.3554202197310849
0.35551527478663153
0.355158331739657
0.3550528569836493
0.35486409326589685
0.35450887395331837
0.35415436507936504
0.35405031476460047
0.35369697113709087
0.3533443320831157
0.35299239549737554
0.35308892047698015
0.3527379374546372
0.3523876515187339
0.3520380605946082
0.3516891626158226
0.3521330347320446
0.3527738526996687
0.3524252619361315
0.3520773594070731
0.3517301430762969
0.35187622175306904
0.3517267372828396
0.35236417411933635
0.3530003586241307
0.3527766094988862
0.3524307500778089
0.3524283693235701
0.3520835274749169
0.35173935980387594
0.35168883308531745
0.35188230739450255
0.35153934218261707
0.35124573035965445
0.35124451855969363
0.3512433091150292
0.3513391893974418
0.35099841423798744
0.350755198720315
0.3504156486731511
0.35070538208836083
0.3508496280960049
0.3505109701538273
0.3501729653610078
0.34983561182983147
0.3499801396336526
0.3502846459096459
0.35086074135065487
0.35052402278889805
0.3506673362857447
0.35085826795596914
0.3508574466469203
0.35076102461379705
0.35080805324358333
0.3505687325820913
0.35023453931938203
0.3499009826152683
0.3503768142207724
0.35004375641257773
0.34971133119281267
0.349569290081624
0.3492379447829685
0.34938071188071185
0.3498543346698503
0.34966543643292225
0.34933525188482695
0.3490528601377658
0.34872387534970006
0.348395510118674
0.3485381295823441
0.34821055615228547
0.3478835978835979
0.3475572530450579
0.3472315199119323
0.3469063967659473
0.3465818818952589
0.3462579735944222
0.346074726186771
0.34659144752428334
0.3472004023728162
0.34769183589015995
0.34736840162421556
0.34704556853720425
0.3470483117419051
0.34719019642489035
0.34691476528825926
0.34659354791299235
0.3471979942146455
0.347685796438107
0.34754942912837655
0.34769006618637616
0.34736961451247167
0.34704975298897955
0.34693491625414347
0.34679986577964517
0.3473996822481671
0.34753968253968254
0.3477252556995912
0.3477273387987674
0.34740919850709423
0.3471830475029744
0.3468659853591361
0.3465495017958522
0.3469628568534676
0.3470566976031457
0.34674090442971245
0.34710750360750364
0.34679223793665215
0.3464775444358022
0.3466620616212638
0.3463480561306648
0.34648710766357826
0.34707798731306866
0.3468096241808979
0.34654174545871297
0.3464096068243949
0.3462326612326613
0.3463710656779964
0.34605958090670325
0.34597327400561906
0.3456627055370323
0.3453526941419318
0.34504323832280825
0.3450327549700871
0.34517136610159865
0.3451309984822049
0.3457157029478458
0.34540730356965865
0.34541139688198513
0.34523738851432534
0.34530093769417614
0.34499400352733683
0.3446876145366376
0.3451359840002254
0.3449186648654734
0.3446131567477892
0.3443081893524372
0.34459321011045146
0.34446547759268603
0.3441614480449432
0.3440784132583074
0.3437752604712957
0.3434726414039795
0.34317055464812724
0.34335230284263674
0.3430508521816687
0.3427499303815093
0.34244953605163947
0.3421496678064104
0.34233151411629104
0.3420322732822733
0.34177722326193943
0.3414789883376271
0.34118127343933796
0.34088407720811903
0.34058739828974816
0.3402912353347136
0.3407775157557955
0.34048170194003524
0.3401864012445105
0.3401515776732414
0.3398570741427884
0.33985143076838575
0.339557695737471
0.3392644680209447
0.33897174630565485
0.3395415982484948
0.339550606346472
0.3401189793186351
0.3398265296373637
0.34039368897616323
