249
MAX PATTERN LENGTH : 5
MEAN PATTERN LENGTH : 3.90361445783
0.0
0.35
0.2333333333333333
0.175
0.22999999999999998
0.2916666666666667
0.2857142857142857
0.26249999999999996
0.33888888888888885
0.355
0.34545454545454546
0.35833333333333334
0.3538461538461538
0.32857142857142857
0.3733333333333333
0.35624999999999996
0.39411764705882346
0.4055555555555555
0.40263157894736834
0.39916666666666656
0.3801587301587301
0.4083333333333332
0.428623188405797
0.4524305555555556
0.4463333333333334
0.44839743589743597
0.44475308641975314
0.4377976190476191
0.4313218390804598
0.4252777777777778
0.4115591397849463
0.4268229166666666
0.44419191919191914
0.4311274509803921
0.43309523809523803
0.4280092592592592
0.4340090090090089
0.4383771929824561
0.4361111111111111
0.4377083333333333
0.43678861788617884
0.4299603174603174
0.44321705426356584
0.4376893939393938
0.4279629629629629
0.4317028985507246
0.42251773049645386
0.4137152777777778
0.42568027210884357
0.4171666666666667
0.4285947712418301
0.43862179487179487
0.43600628930817614
0.42978395061728397
0.421969696969697
0.41443452380952384
0.4133040935672515
0.41824712643678164
0.41115819209039556
0.4043055555555556
0.39767759562841537
0.394489247311828
0.39175485008818345
0.39500868055555555
0.40047008547008545
0.4004629629629629
0.3997097844112769
0.3938316993464052
0.38812399355877614
0.3897222222222222
0.38892801251956177
0.386304012345679
0.38101217656012176
0.3758633633633634
0.37818518518518524
0.3732090643274854
0.3683621933621934
0.36556267806267806
0.3628340365682138
0.37017361111111113
0.37486282578875174
0.3702913279132792
0.37185408299866135
0.3686177248677249
0.3666339869281046
0.3635335917312662
0.35935504469987234
0.360385101010101
0.35914481897627965
0.3590432098765432
0.3550976800976801
0.3610205314009662
0.36251493428912784
0.35865839243498815
0.3548830409356725
0.35118634259259257
0.34756586483390606
0.3440192743764172
0.3430695847362514
0.34163888888888894
0.3382563256325633
0.344744008714597
0.34867853290183387
0.35013354700854704
0.34679894179894183
0.34352725366876313
0.34031671858774665
0.3464248971193416
0.3478338430173293
0.34603535353535353
0.35192692692692695
0.34878472222222223
0.3456981317600787
0.3426656920077973
0.33968599033816427
0.33675766283524905
0.34242640075973413
0.3432909604519774
0.3488095238095238
0.34590277777777784
0.3455234159779615
0.34269125683060114
0.34803523035230355
0.3465725806451613
0.3458
0.34305555555555556
0.3431102362204725
