NUMBER OF PATTERNS : 86975
MAX PATTERN LENGTH : 13
MEAN PATTERN LENGTH : 7.99650474274
1.0
0.6875
0.4916666666666667
0.45208333333333334
0.5616666666666668
0.5791666666666667
0.55
0.54375
0.4833333333333333
0.43499999999999994
0.4454545454545454
0.43749999999999994
0.41153846153846146
0.38214285714285706
0.36499999999999994
0.35607638888888893
0.3351307189542484
0.3165123456790124
0.3051169590643275
0.2898611111111111
0.27605820105820106
0.3089646464646465
0.2955314009661836
0.28530092592592593
0.2838888888888889
0.29412393162393163
0.2832304526748971
0.27311507936507934
0.26369731800766283
0.2549074074074074
0.24668458781362007
0.23897569444444444
0.24082491582491583
0.23374183006535948
0.22706349206349205
0.22631172839506172
0.2201951951951952
0.21440058479532165
0.22172364672364672
0.22243055555555555
0.2206639566395664
0.2296957671957672
0.22435400516795864
0.2192550505050505
0.23660493827160495
0.23146135265700482
0.2478132387706856
0.24265046296296297
0.2376984126984127
0.23794444444444443
0.2463507625272331
0.24161324786324784
0.2379979035639413
0.23359053497942386
0.23025252525252526
0.22971230158730155
0.23094541910331381
0.22696360153256703
0.22311676082862522
0.2235648148148148
0.22973588342440798
0.22603046594982076
0.2224426807760141
0.21896701388888887
0.21559829059829058
0.21233164983164982
0.2091625207296849
0.2207924836601307
0.218317230273752
0.2151984126984127
0.2128716744913928
0.21199845679012344
0.20977929984779298
0.20897147147147146
0.2061851851851852
0.20347222222222222
0.20082972582972583
0.20338319088319087
0.20080872011251757
0.20017361111111107
0.19770233196159118
0.19651084010840106
0.1941432396251673
0.19183201058201055
0.19349673202614376
0.19124677002583976
0.1930715197956577
0.19655934343434342
0.19435081148564293
0.19219135802469134
0.19007936507936507
0.18801328502415457
0.1859916367980884
0.19465130023640662
0.19260233918128652
0.1905960648148148
0.188631156930126
0.18925736961451245
0.19744668911335578
0.19547222222222221
0.19353685368536852
0.19163943355119825
0.18977885652642934
0.19756944444444444
0.19568783068783066
0.19384171907756811
0.1920301142263759
0.1902520576131687
0.18942405708460755
0.1967929292929293
0.19727227227227226
0.1964037698412698
0.1946656833824975
0.19295808966861597
0.19128019323671497
0.18963122605363983
0.18801044634377967
0.1864171374764595
0.18485060690943042
0.18331018518518516
0.18179522497704315
0.18030510018214935
0.17883920505871723
0.1802195340501792
0.18197777777777777
0.18185626102292768
0.18436132983377077
0.18682725694444446
0.18964254952627047
0.1881837606837607
0.18674724342663274
0.19290824915824917
0.1952172096908939
0.19525290215588723
0.19473251028806585
0.19330065359477125
0.19225466342254663
0.19158615136876006
0.1902078337330136
0.18884920634920635
0.18750985027580774
0.18654147104851332
0.18523698523698526
0.1870756172839506
0.18578544061302682
0.18451293759512938
0.18325774754346183
0.18201951951951953
0.1807979120059657
0.1795925925925926
0.17840323767476085
0.1772295321637427
0.1760711692084241
0.17492784992784993
0.17379928315412188
0.1726851851851852
0.17317763623496107
0.17366385372714488
0.17257162823200559
0.17149305555555555
0.1704278812974465
0.17554869684499314
0.17569870483980912
0.17462737127371272
0.1796296296296296
0.18005354752342703
0.17897538256819692
0.17791005291005288
0.17685733070348453
0.17581699346405227
0.17478882391163092
0.1775516795865633
0.17912652536929993
0.1780970625798212
0.18050793650793648
0.1804292929292929
0.17940991839296921
0.18149188514357054
0.1804779639975171
0.1794753086419753
0.18235113566605277
0.18574481074481075
0.19019429265330906
0.18916062801932368
0.18813813813813815
0.18712664277180407
0.18612596553773025
0.18513593380614657
0.18415637860082307
0.18494152046783624
0.18920884235020358
0.18822337962962962
0.18776626367299945
0.1893757159221077
0.18840455840455844
0.1874433106575964
0.18902989283699947
0.18807519640852977
0.18713009491903967
0.18619444444444447
0.18576561636263128
0.18484598459845986
0.18393541324575807
0.185239651416122
0.1843360433604336
0.18514023732470336
0.1842458400429415
0.18384081196581198
0.18320042530568847
0.18232804232804234
0.18620326487625066
0.1855607966457023
0.18468961919666144
0.18499480789200415
0.1841343669250646
0.18328189300411524
0.1824372759856631
0.18160040774719674
0.18077118214104515
0.18146464646464647
0.18064353946706888
0.17982982982982984
0.17924763328350776
0.1817956349206349
0.1839506172839506
0.1835791543756146
0.183210964268233
0.18405214424951266
0.1852134885977681
0.1846256038647343
0.18382635882635884
0.18324952107279693
0.1824630424415832
0.1816832858499525
0.18516548463356972
0.18438088512241052
0.18571261134552272
0.18493230625583565
0.18415853091585307
0.1847800925925926
0.1840133702166897
0.18325298438934803
0.18249885688157294
0.18339025500910747
0.1829818594104308
0.18325429087624207
0.18251237067026538
0.1858086917562724
0.18506247211066484
0.18498888888888887
0.18445108455068612
0.18504188712522046
0.184310496267018
0.18358486439195099
0.18404139433551198
0.18351779513888888
0.18669476869865975
0.18635874246339362
0.18756971256971258
0.1868482905982906
0.18613239676458068
0.185421967769296
0.18535065483734683
0.1865425084175084
0.1860272536687631
0.18626775271512114
0.18557012068248024
0.18487769485903816
0.18419041718298224
0.1835082304526749
0.1835690856908569
0.18289419934640522
0.18405575905575905
0.18460056772100567
0.18392929292929294
0.18326288244766506
0.18278178900922584
0.18284372501998403
0.18451812027080844
0.18385912698412699
0.18676354290233294
0.18610126083530337
0.18544365920691008
0.18479068857589984
0.18414230019493177
0.18466394716394716
0.18518195896244677
0.18558063271604938
0.18493848519800077
0.1843007662835249
0.18395379915998475
0.18332382039573822
0.18321008722032614
0.18479780801209375
0.18756120527306971
0.18692755255255256
0.1862981668537224
0.18718307233407905
0.1865570419918246
0.1859351851851852
0.18531746031746033
0.18635945548197205
0.18574440777411075
0.18513340643274856
0.1845264116575592
0.18501270878721862
0.185875859572928
0.18527236652236653
0.1857515282272564
0.18515232974910395
0.18568238656663094
0.1850872507122507
0.1857383741569045
0.1851468506723284
0.18614638447971782
0.18777250351617442
0.187180161233789
0.18659154437456327
0.18804423545802854
0.18901909722222218
0.1884302526825891
0.19095065562456864
0.19139146886824904
0.19080075445816186
0.19021367521367522
0.1900903203817314
0.18950900441726126
0.19015074525745257
0.18957277946639647
0.190513468013468
0.19031554212823093
0.18974230254350735
0.1891725058391725
0.18860612109115102
